[35m[1mConsolidate compiler generated dependencies of target pointcloud_to_laserscan[0m
[35m[1mConsolidate compiler generated dependencies of target pointcloud_to_laserscan_node[0m
[35m[1mConsolidate compiler generated dependencies of target cloud_accumulation[0m
[ 33%] Built target pointcloud_to_laserscan
[ 66%] Built target pointcloud_to_laserscan_node
[100%] Built target cloud_accumulation
-- Install configuration: ""
-- Installing: /home/q/unitree_ws/unitree-go2-slam-toolbox/install/go2_perception/lib/go2_perception/pointcloud_to_laserscan_node
-- Set runtime path of "/home/q/unitree_ws/unitree-go2-slam-toolbox/install/go2_perception/lib/go2_perception/pointcloud_to_laserscan_node" to ""
-- Installing: /home/q/unitree_ws/unitree-go2-slam-toolbox/install/go2_perception/lib/libpointcloud_to_laserscan.so
-- Set runtime path of "/home/q/unitree_ws/unitree-go2-slam-toolbox/install/go2_perception/lib/libpointcloud_to_laserscan.so" to ""
-- Installing: /home/q/unitree_ws/unitree-go2-slam-toolbox/install/go2_perception/lib/go2_perception/cloud_accumulation
-- Set runtime path of "/home/q/unitree_ws/unitree-go2-slam-toolbox/install/go2_perception/lib/go2_perception/cloud_accumulation" to ""
-- Installing: /home/q/unitree_ws/unitree-go2-slam-toolbox/install/go2_perception/share/go2_perception/launch
-- Installing: /home/q/unitree_ws/unitree-go2-slam-toolbox/install/go2_perception/share/go2_perception/launch/go2_pointcloud.launch.py
-- Installing: /home/q/unitree_ws/unitree-go2-slam-toolbox/install/go2_perception/share/ament_index/resource_index/package_run_dependencies/go2_perception
-- Installing: /home/q/unitree_ws/unitree-go2-slam-toolbox/install/go2_perception/share/ament_index/resource_index/parent_prefix_path/go2_perception
-- Installing: /home/q/unitree_ws/unitree-go2-slam-toolbox/install/go2_perception/share/go2_perception/environment/ament_prefix_path.sh
-- Installing: /home/q/unitree_ws/unitree-go2-slam-toolbox/install/go2_perception/share/go2_perception/environment/ament_prefix_path.dsv
-- Installing: /home/q/unitree_ws/unitree-go2-slam-toolbox/install/go2_perception/share/go2_perception/environment/path.sh
-- Installing: /home/q/unitree_ws/unitree-go2-slam-toolbox/install/go2_perception/share/go2_perception/environment/path.dsv
-- Installing: /home/q/unitree_ws/unitree-go2-slam-toolbox/install/go2_perception/share/go2_perception/local_setup.bash
-- Installing: /home/q/unitree_ws/unitree-go2-slam-toolbox/install/go2_perception/share/go2_perception/local_setup.sh
-- Installing: /home/q/unitree_ws/unitree-go2-slam-toolbox/install/go2_perception/share/go2_perception/local_setup.zsh
-- Installing: /home/q/unitree_ws/unitree-go2-slam-toolbox/install/go2_perception/share/go2_perception/local_setup.dsv
-- Installing: /home/q/unitree_ws/unitree-go2-slam-toolbox/install/go2_perception/share/go2_perception/package.dsv
-- Installing: /home/q/unitree_ws/unitree-go2-slam-toolbox/install/go2_perception/share/ament_index/resource_index/packages/go2_perception
-- Installing: /home/q/unitree_ws/unitree-go2-slam-toolbox/install/go2_perception/share/ament_index/resource_index/rclcpp_components/go2_perception
-- Installing: /home/q/unitree_ws/unitree-go2-slam-toolbox/install/go2_perception/share/go2_perception/cmake/go2_perceptionConfig.cmake
-- Installing: /home/q/unitree_ws/unitree-go2-slam-toolbox/install/go2_perception/share/go2_perception/cmake/go2_perceptionConfig-version.cmake
-- Installing: /home/q/unitree_ws/unitree-go2-slam-toolbox/install/go2_perception/share/go2_perception/package.xml
