[0.040s] Invoking command in '/home/q/unitree_ws/unitree-go2-slam-toolbox/build/go2_perception': CMAKE_PREFIX_PATH=${CMAKE_PREFIX_PATH}:/home/q/ws_moveit2/install/moveit_configs_utils:/home/q/ws_moveit2/install/launch_param_builder:/opt/ros/humble /usr/bin/cmake --build /home/q/unitree_ws/unitree-go2-slam-toolbox/build/go2_perception -- -j20 -l20
[0.083s] [35m[1mConsolidate compiler generated dependencies of target pointcloud_to_laserscan[0m
[0.083s] [35m[1mConsolidate compiler generated dependencies of target pointcloud_to_laserscan_node[0m
[0.089s] [35m[1mConsolidate compiler generated dependencies of target cloud_accumulation[0m
[0.111s] [ 33%] Built target pointcloud_to_laserscan
[0.111s] [ 66%] Built target pointcloud_to_laserscan_node
[0.111s] [100%] Built target cloud_accumulation
[0.169s] Invoked command in '/home/q/unitree_ws/unitree-go2-slam-toolbox/build/go2_perception' returned '0': CMAKE_PREFIX_PATH=${CMAKE_PREFIX_PATH}:/home/q/ws_moveit2/install/moveit_configs_utils:/home/q/ws_moveit2/install/launch_param_builder:/opt/ros/humble /usr/bin/cmake --build /home/q/unitree_ws/unitree-go2-slam-toolbox/build/go2_perception -- -j20 -l20
[0.170s] Invoking command in '/home/q/unitree_ws/unitree-go2-slam-toolbox/build/go2_perception': CMAKE_PREFIX_PATH=${CMAKE_PREFIX_PATH}:/home/q/ws_moveit2/install/moveit_configs_utils:/home/q/ws_moveit2/install/launch_param_builder:/opt/ros/humble /usr/bin/cmake --install /home/q/unitree_ws/unitree-go2-slam-toolbox/build/go2_perception
[0.178s] -- Install configuration: ""
[0.178s] -- Installing: /home/q/unitree_ws/unitree-go2-slam-toolbox/install/go2_perception/lib/go2_perception/pointcloud_to_laserscan_node
[0.178s] -- Set runtime path of "/home/q/unitree_ws/unitree-go2-slam-toolbox/install/go2_perception/lib/go2_perception/pointcloud_to_laserscan_node" to ""
[0.179s] -- Installing: /home/q/unitree_ws/unitree-go2-slam-toolbox/install/go2_perception/lib/libpointcloud_to_laserscan.so
[0.182s] -- Set runtime path of "/home/q/unitree_ws/unitree-go2-slam-toolbox/install/go2_perception/lib/libpointcloud_to_laserscan.so" to ""
[0.182s] -- Installing: /home/q/unitree_ws/unitree-go2-slam-toolbox/install/go2_perception/lib/go2_perception/cloud_accumulation
[0.184s] -- Set runtime path of "/home/q/unitree_ws/unitree-go2-slam-toolbox/install/go2_perception/lib/go2_perception/cloud_accumulation" to ""
[0.184s] -- Installing: /home/q/unitree_ws/unitree-go2-slam-toolbox/install/go2_perception/share/go2_perception/launch
[0.185s] -- Installing: /home/q/unitree_ws/unitree-go2-slam-toolbox/install/go2_perception/share/go2_perception/launch/go2_pointcloud.launch.py
[0.185s] -- Installing: /home/q/unitree_ws/unitree-go2-slam-toolbox/install/go2_perception/share/ament_index/resource_index/package_run_dependencies/go2_perception
[0.185s] -- Installing: /home/q/unitree_ws/unitree-go2-slam-toolbox/install/go2_perception/share/ament_index/resource_index/parent_prefix_path/go2_perception
[0.185s] -- Installing: /home/q/unitree_ws/unitree-go2-slam-toolbox/install/go2_perception/share/go2_perception/environment/ament_prefix_path.sh
[0.185s] -- Installing: /home/q/unitree_ws/unitree-go2-slam-toolbox/install/go2_perception/share/go2_perception/environment/ament_prefix_path.dsv
[0.185s] -- Installing: /home/q/unitree_ws/unitree-go2-slam-toolbox/install/go2_perception/share/go2_perception/environment/path.sh
[0.185s] -- Installing: /home/q/unitree_ws/unitree-go2-slam-toolbox/install/go2_perception/share/go2_perception/environment/path.dsv
[0.185s] -- Installing: /home/q/unitree_ws/unitree-go2-slam-toolbox/install/go2_perception/share/go2_perception/local_setup.bash
[0.185s] -- Installing: /home/q/unitree_ws/unitree-go2-slam-toolbox/install/go2_perception/share/go2_perception/local_setup.sh
[0.186s] -- Installing: /home/q/unitree_ws/unitree-go2-slam-toolbox/install/go2_perception/share/go2_perception/local_setup.zsh
[0.186s] -- Installing: /home/q/unitree_ws/unitree-go2-slam-toolbox/install/go2_perception/share/go2_perception/local_setup.dsv
[0.186s] -- Installing: /home/q/unitree_ws/unitree-go2-slam-toolbox/install/go2_perception/share/go2_perception/package.dsv
[0.186s] -- Installing: /home/q/unitree_ws/unitree-go2-slam-toolbox/install/go2_perception/share/ament_index/resource_index/packages/go2_perception
[0.186s] -- Installing: /home/q/unitree_ws/unitree-go2-slam-toolbox/install/go2_perception/share/ament_index/resource_index/rclcpp_components/go2_perception
[0.186s] -- Installing: /home/q/unitree_ws/unitree-go2-slam-toolbox/install/go2_perception/share/go2_perception/cmake/go2_perceptionConfig.cmake
[0.186s] -- Installing: /home/q/unitree_ws/unitree-go2-slam-toolbox/install/go2_perception/share/go2_perception/cmake/go2_perceptionConfig-version.cmake
[0.186s] -- Installing: /home/q/unitree_ws/unitree-go2-slam-toolbox/install/go2_perception/share/go2_perception/package.xml
[0.197s] Invoked command in '/home/q/unitree_ws/unitree-go2-slam-toolbox/build/go2_perception' returned '0': CMAKE_PREFIX_PATH=${CMAKE_PREFIX_PATH}:/home/q/ws_moveit2/install/moveit_configs_utils:/home/q/ws_moveit2/install/launch_param_builder:/opt/ros/humble /usr/bin/cmake --install /home/q/unitree_ws/unitree-go2-slam-toolbox/build/go2_perception
