[0.028s] Invoking command in '/home/q/unitree_ws/unitree-go2-slam-toolbox/build/unitree_go2_nav_interfaces': CMAKE_PREFIX_PATH=${CMAKE_PREFIX_PATH}:/home/q/ws_moveit2/install/moveit_configs_utils:/home/q/ws_moveit2/install/launch_param_builder:/opt/ros/humble /usr/bin/cmake --build /home/q/unitree_ws/unitree-go2-slam-toolbox/build/unitree_go2_nav_interfaces -- -j20 -l20
[0.080s] [  3%] Built target unitree_go2_nav_interfaces__cpp
[0.083s] [ 12%] Built target unitree_go2_nav_interfaces__rosidl_generator_c
[0.083s] [ 12%] Built target ament_cmake_python_copy_unitree_go2_nav_interfaces
[0.098s] [ 22%] Built target unitree_go2_nav_interfaces__rosidl_typesupport_cpp
[0.099s] [ 32%] Built target unitree_go2_nav_interfaces__rosidl_typesupport_fastrtps_cpp
[0.099s] [ 41%] Built target unitree_go2_nav_interfaces__rosidl_typesupport_introspection_c
[0.101s] [ 58%] Built target unitree_go2_nav_interfaces__rosidl_typesupport_introspection_cpp
[0.101s] [ 61%] Built target unitree_go2_nav_interfaces__rosidl_typesupport_c
[0.102s] [ 70%] Built target unitree_go2_nav_interfaces__rosidl_typesupport_fastrtps_c
[0.124s] [ 70%] Built target unitree_go2_nav_interfaces
[0.148s] [ 74%] Built target unitree_go2_nav_interfaces__py
[0.174s] [ 80%] Built target unitree_go2_nav_interfaces__rosidl_generator_py
[0.200s] [ 87%] Built target unitree_go2_nav_interfaces__rosidl_typesupport_c__pyext
[0.200s] [ 93%] Built target unitree_go2_nav_interfaces__rosidl_typesupport_introspection_c__pyext
[0.200s] [100%] Built target unitree_go2_nav_interfaces__rosidl_typesupport_fastrtps_c__pyext
[0.268s] running egg_info
[0.268s] writing unitree_go2_nav_interfaces.egg-info/PKG-INFO
[0.268s] writing dependency_links to unitree_go2_nav_interfaces.egg-info/dependency_links.txt
[0.268s] writing top-level names to unitree_go2_nav_interfaces.egg-info/top_level.txt
[0.270s] reading manifest file 'unitree_go2_nav_interfaces.egg-info/SOURCES.txt'
[0.270s] writing manifest file 'unitree_go2_nav_interfaces.egg-info/SOURCES.txt'
[0.292s] [100%] Built target ament_cmake_python_build_unitree_go2_nav_interfaces_egg
[0.301s] Invoked command in '/home/q/unitree_ws/unitree-go2-slam-toolbox/build/unitree_go2_nav_interfaces' returned '0': CMAKE_PREFIX_PATH=${CMAKE_PREFIX_PATH}:/home/q/ws_moveit2/install/moveit_configs_utils:/home/q/ws_moveit2/install/launch_param_builder:/opt/ros/humble /usr/bin/cmake --build /home/q/unitree_ws/unitree-go2-slam-toolbox/build/unitree_go2_nav_interfaces -- -j20 -l20
[0.303s] Invoking command in '/home/q/unitree_ws/unitree-go2-slam-toolbox/build/unitree_go2_nav_interfaces': CMAKE_PREFIX_PATH=${CMAKE_PREFIX_PATH}:/home/q/ws_moveit2/install/moveit_configs_utils:/home/q/ws_moveit2/install/launch_param_builder:/opt/ros/humble /usr/bin/cmake --install /home/q/unitree_ws/unitree-go2-slam-toolbox/build/unitree_go2_nav_interfaces
[0.309s] -- Install configuration: ""
[0.309s] -- Up-to-date: /home/q/unitree_ws/unitree-go2-slam-toolbox/install/unitree_go2_nav_interfaces/share/ament_index/resource_index/rosidl_interfaces/unitree_go2_nav_interfaces
[0.309s] -- Up-to-date: /home/q/unitree_ws/unitree-go2-slam-toolbox/install/unitree_go2_nav_interfaces/include/unitree_go2_nav_interfaces/unitree_go2_nav_interfaces
[0.309s] -- Up-to-date: /home/q/unitree_ws/unitree-go2-slam-toolbox/install/unitree_go2_nav_interfaces/include/unitree_go2_nav_interfaces/unitree_go2_nav_interfaces/msg
[0.309s] -- Up-to-date: /home/q/unitree_ws/unitree-go2-slam-toolbox/install/unitree_go2_nav_interfaces/include/unitree_go2_nav_interfaces/unitree_go2_nav_interfaces/msg/nav_to_pose.h
[0.309s] -- Up-to-date: /home/q/unitree_ws/unitree-go2-slam-toolbox/install/unitree_go2_nav_interfaces/include/unitree_go2_nav_interfaces/unitree_go2_nav_interfaces/msg/rosidl_generator_c__visibility_control.h
[0.309s] -- Up-to-date: /home/q/unitree_ws/unitree-go2-slam-toolbox/install/unitree_go2_nav_interfaces/include/unitree_go2_nav_interfaces/unitree_go2_nav_interfaces/msg/detail
[0.309s] -- Up-to-date: /home/q/unitree_ws/unitree-go2-slam-toolbox/install/unitree_go2_nav_interfaces/include/unitree_go2_nav_interfaces/unitree_go2_nav_interfaces/msg/detail/nav_to_pose__functions.c
[0.309s] -- Up-to-date: /home/q/unitree_ws/unitree-go2-slam-toolbox/install/unitree_go2_nav_interfaces/include/unitree_go2_nav_interfaces/unitree_go2_nav_interfaces/msg/detail/nav_to_pose__type_support.h
[0.310s] -- Up-to-date: /home/q/unitree_ws/unitree-go2-slam-toolbox/install/unitree_go2_nav_interfaces/include/unitree_go2_nav_interfaces/unitree_go2_nav_interfaces/msg/detail/nav_to_pose__functions.h
[0.310s] -- Up-to-date: /home/q/unitree_ws/unitree-go2-slam-toolbox/install/unitree_go2_nav_interfaces/include/unitree_go2_nav_interfaces/unitree_go2_nav_interfaces/msg/detail/nav_to_pose__struct.h
[0.310s] -- Up-to-date: /home/q/unitree_ws/unitree-go2-slam-toolbox/install/unitree_go2_nav_interfaces/share/unitree_go2_nav_interfaces/environment/library_path.sh
[0.310s] -- Up-to-date: /home/q/unitree_ws/unitree-go2-slam-toolbox/install/unitree_go2_nav_interfaces/share/unitree_go2_nav_interfaces/environment/library_path.dsv
[0.310s] -- Up-to-date: /home/q/unitree_ws/unitree-go2-slam-toolbox/install/unitree_go2_nav_interfaces/lib/libunitree_go2_nav_interfaces__rosidl_generator_c.so
[0.310s] -- Up-to-date: /home/q/unitree_ws/unitree-go2-slam-toolbox/install/unitree_go2_nav_interfaces/include/unitree_go2_nav_interfaces/unitree_go2_nav_interfaces
[0.310s] -- Up-to-date: /home/q/unitree_ws/unitree-go2-slam-toolbox/install/unitree_go2_nav_interfaces/include/unitree_go2_nav_interfaces/unitree_go2_nav_interfaces/msg
[0.310s] -- Up-to-date: /home/q/unitree_ws/unitree-go2-slam-toolbox/install/unitree_go2_nav_interfaces/include/unitree_go2_nav_interfaces/unitree_go2_nav_interfaces/msg/rosidl_typesupport_fastrtps_c__visibility_control.h
[0.310s] -- Up-to-date: /home/q/unitree_ws/unitree-go2-slam-toolbox/install/unitree_go2_nav_interfaces/include/unitree_go2_nav_interfaces/unitree_go2_nav_interfaces/msg/detail
[0.310s] -- Up-to-date: /home/q/unitree_ws/unitree-go2-slam-toolbox/install/unitree_go2_nav_interfaces/include/unitree_go2_nav_interfaces/unitree_go2_nav_interfaces/msg/detail/nav_to_pose__rosidl_typesupport_fastrtps_c.h
[0.310s] -- Up-to-date: /home/q/unitree_ws/unitree-go2-slam-toolbox/install/unitree_go2_nav_interfaces/lib/libunitree_go2_nav_interfaces__rosidl_typesupport_fastrtps_c.so
[0.310s] -- Up-to-date: /home/q/unitree_ws/unitree-go2-slam-toolbox/install/unitree_go2_nav_interfaces/include/unitree_go2_nav_interfaces/unitree_go2_nav_interfaces
[0.310s] -- Up-to-date: /home/q/unitree_ws/unitree-go2-slam-toolbox/install/unitree_go2_nav_interfaces/include/unitree_go2_nav_interfaces/unitree_go2_nav_interfaces/msg
[0.310s] -- Up-to-date: /home/q/unitree_ws/unitree-go2-slam-toolbox/install/unitree_go2_nav_interfaces/include/unitree_go2_nav_interfaces/unitree_go2_nav_interfaces/msg/nav_to_pose.hpp
[0.310s] -- Up-to-date: /home/q/unitree_ws/unitree-go2-slam-toolbox/install/unitree_go2_nav_interfaces/include/unitree_go2_nav_interfaces/unitree_go2_nav_interfaces/msg/rosidl_generator_cpp__visibility_control.hpp
[0.310s] -- Up-to-date: /home/q/unitree_ws/unitree-go2-slam-toolbox/install/unitree_go2_nav_interfaces/include/unitree_go2_nav_interfaces/unitree_go2_nav_interfaces/msg/detail
[0.310s] -- Up-to-date: /home/q/unitree_ws/unitree-go2-slam-toolbox/install/unitree_go2_nav_interfaces/include/unitree_go2_nav_interfaces/unitree_go2_nav_interfaces/msg/detail/nav_to_pose__type_support.hpp
[0.310s] -- Up-to-date: /home/q/unitree_ws/unitree-go2-slam-toolbox/install/unitree_go2_nav_interfaces/include/unitree_go2_nav_interfaces/unitree_go2_nav_interfaces/msg/detail/nav_to_pose__traits.hpp
[0.310s] -- Up-to-date: /home/q/unitree_ws/unitree-go2-slam-toolbox/install/unitree_go2_nav_interfaces/include/unitree_go2_nav_interfaces/unitree_go2_nav_interfaces/msg/detail/nav_to_pose__struct.hpp
[0.310s] -- Up-to-date: /home/q/unitree_ws/unitree-go2-slam-toolbox/install/unitree_go2_nav_interfaces/include/unitree_go2_nav_interfaces/unitree_go2_nav_interfaces/msg/detail/nav_to_pose__builder.hpp
[0.310s] -- Up-to-date: /home/q/unitree_ws/unitree-go2-slam-toolbox/install/unitree_go2_nav_interfaces/include/unitree_go2_nav_interfaces/unitree_go2_nav_interfaces
[0.310s] -- Up-to-date: /home/q/unitree_ws/unitree-go2-slam-toolbox/install/unitree_go2_nav_interfaces/include/unitree_go2_nav_interfaces/unitree_go2_nav_interfaces/msg
[0.310s] -- Up-to-date: /home/q/unitree_ws/unitree-go2-slam-toolbox/install/unitree_go2_nav_interfaces/include/unitree_go2_nav_interfaces/unitree_go2_nav_interfaces/msg/rosidl_typesupport_fastrtps_cpp__visibility_control.h
[0.310s] -- Up-to-date: /home/q/unitree_ws/unitree-go2-slam-toolbox/install/unitree_go2_nav_interfaces/include/unitree_go2_nav_interfaces/unitree_go2_nav_interfaces/msg/detail
[0.310s] -- Up-to-date: /home/q/unitree_ws/unitree-go2-slam-toolbox/install/unitree_go2_nav_interfaces/include/unitree_go2_nav_interfaces/unitree_go2_nav_interfaces/msg/detail/nav_to_pose__rosidl_typesupport_fastrtps_cpp.hpp
[0.311s] -- Up-to-date: /home/q/unitree_ws/unitree-go2-slam-toolbox/install/unitree_go2_nav_interfaces/include/unitree_go2_nav_interfaces/unitree_go2_nav_interfaces/msg/detail/dds_fastrtps
[0.311s] -- Up-to-date: /home/q/unitree_ws/unitree-go2-slam-toolbox/install/unitree_go2_nav_interfaces/lib/libunitree_go2_nav_interfaces__rosidl_typesupport_fastrtps_cpp.so
[0.311s] -- Up-to-date: /home/q/unitree_ws/unitree-go2-slam-toolbox/install/unitree_go2_nav_interfaces/include/unitree_go2_nav_interfaces/unitree_go2_nav_interfaces
[0.311s] -- Up-to-date: /home/q/unitree_ws/unitree-go2-slam-toolbox/install/unitree_go2_nav_interfaces/include/unitree_go2_nav_interfaces/unitree_go2_nav_interfaces/msg
[0.311s] -- Up-to-date: /home/q/unitree_ws/unitree-go2-slam-toolbox/install/unitree_go2_nav_interfaces/include/unitree_go2_nav_interfaces/unitree_go2_nav_interfaces/msg/rosidl_typesupport_introspection_c__visibility_control.h
[0.311s] -- Up-to-date: /home/q/unitree_ws/unitree-go2-slam-toolbox/install/unitree_go2_nav_interfaces/include/unitree_go2_nav_interfaces/unitree_go2_nav_interfaces/msg/detail
[0.311s] -- Up-to-date: /home/q/unitree_ws/unitree-go2-slam-toolbox/install/unitree_go2_nav_interfaces/include/unitree_go2_nav_interfaces/unitree_go2_nav_interfaces/msg/detail/nav_to_pose__rosidl_typesupport_introspection_c.h
[0.311s] -- Up-to-date: /home/q/unitree_ws/unitree-go2-slam-toolbox/install/unitree_go2_nav_interfaces/include/unitree_go2_nav_interfaces/unitree_go2_nav_interfaces/msg/detail/nav_to_pose__type_support.c
[0.311s] -- Up-to-date: /home/q/unitree_ws/unitree-go2-slam-toolbox/install/unitree_go2_nav_interfaces/lib/libunitree_go2_nav_interfaces__rosidl_typesupport_introspection_c.so
[0.311s] -- Up-to-date: /home/q/unitree_ws/unitree-go2-slam-toolbox/install/unitree_go2_nav_interfaces/lib/libunitree_go2_nav_interfaces__rosidl_typesupport_c.so
[0.311s] -- Up-to-date: /home/q/unitree_ws/unitree-go2-slam-toolbox/install/unitree_go2_nav_interfaces/include/unitree_go2_nav_interfaces/unitree_go2_nav_interfaces
[0.311s] -- Up-to-date: /home/q/unitree_ws/unitree-go2-slam-toolbox/install/unitree_go2_nav_interfaces/include/unitree_go2_nav_interfaces/unitree_go2_nav_interfaces/msg
[0.311s] -- Up-to-date: /home/q/unitree_ws/unitree-go2-slam-toolbox/install/unitree_go2_nav_interfaces/include/unitree_go2_nav_interfaces/unitree_go2_nav_interfaces/msg/detail
[0.311s] -- Up-to-date: /home/q/unitree_ws/unitree-go2-slam-toolbox/install/unitree_go2_nav_interfaces/include/unitree_go2_nav_interfaces/unitree_go2_nav_interfaces/msg/detail/nav_to_pose__type_support.cpp
[0.311s] -- Up-to-date: /home/q/unitree_ws/unitree-go2-slam-toolbox/install/unitree_go2_nav_interfaces/include/unitree_go2_nav_interfaces/unitree_go2_nav_interfaces/msg/detail/nav_to_pose__rosidl_typesupport_introspection_cpp.hpp
[0.311s] -- Up-to-date: /home/q/unitree_ws/unitree-go2-slam-toolbox/install/unitree_go2_nav_interfaces/lib/libunitree_go2_nav_interfaces__rosidl_typesupport_introspection_cpp.so
[0.311s] -- Up-to-date: /home/q/unitree_ws/unitree-go2-slam-toolbox/install/unitree_go2_nav_interfaces/lib/libunitree_go2_nav_interfaces__rosidl_typesupport_cpp.so
[0.311s] -- Up-to-date: /home/q/unitree_ws/unitree-go2-slam-toolbox/install/unitree_go2_nav_interfaces/share/unitree_go2_nav_interfaces/environment/pythonpath.sh
[0.311s] -- Up-to-date: /home/q/unitree_ws/unitree-go2-slam-toolbox/install/unitree_go2_nav_interfaces/share/unitree_go2_nav_interfaces/environment/pythonpath.dsv
[0.311s] -- Up-to-date: /home/q/unitree_ws/unitree-go2-slam-toolbox/install/unitree_go2_nav_interfaces/local/lib/python3.10/dist-packages/unitree_go2_nav_interfaces-0.0.0-py3.10.egg-info
[0.311s] -- Installing: /home/q/unitree_ws/unitree-go2-slam-toolbox/install/unitree_go2_nav_interfaces/local/lib/python3.10/dist-packages/unitree_go2_nav_interfaces-0.0.0-py3.10.egg-info/PKG-INFO
[0.311s] -- Installing: /home/q/unitree_ws/unitree-go2-slam-toolbox/install/unitree_go2_nav_interfaces/local/lib/python3.10/dist-packages/unitree_go2_nav_interfaces-0.0.0-py3.10.egg-info/dependency_links.txt
[0.311s] -- Installing: /home/q/unitree_ws/unitree-go2-slam-toolbox/install/unitree_go2_nav_interfaces/local/lib/python3.10/dist-packages/unitree_go2_nav_interfaces-0.0.0-py3.10.egg-info/SOURCES.txt
[0.311s] -- Installing: /home/q/unitree_ws/unitree-go2-slam-toolbox/install/unitree_go2_nav_interfaces/local/lib/python3.10/dist-packages/unitree_go2_nav_interfaces-0.0.0-py3.10.egg-info/top_level.txt
[0.311s] -- Up-to-date: /home/q/unitree_ws/unitree-go2-slam-toolbox/install/unitree_go2_nav_interfaces/local/lib/python3.10/dist-packages/unitree_go2_nav_interfaces
[0.311s] -- Up-to-date: /home/q/unitree_ws/unitree-go2-slam-toolbox/install/unitree_go2_nav_interfaces/local/lib/python3.10/dist-packages/unitree_go2_nav_interfaces/msg
[0.311s] -- Up-to-date: /home/q/unitree_ws/unitree-go2-slam-toolbox/install/unitree_go2_nav_interfaces/local/lib/python3.10/dist-packages/unitree_go2_nav_interfaces/msg/_nav_to_pose.py
[0.311s] -- Up-to-date: /home/q/unitree_ws/unitree-go2-slam-toolbox/install/unitree_go2_nav_interfaces/local/lib/python3.10/dist-packages/unitree_go2_nav_interfaces/msg/__init__.py
[0.311s] -- Up-to-date: /home/q/unitree_ws/unitree-go2-slam-toolbox/install/unitree_go2_nav_interfaces/local/lib/python3.10/dist-packages/unitree_go2_nav_interfaces/msg/_nav_to_pose_s.c
[0.311s] -- Up-to-date: /home/q/unitree_ws/unitree-go2-slam-toolbox/install/unitree_go2_nav_interfaces/local/lib/python3.10/dist-packages/unitree_go2_nav_interfaces/unitree_go2_nav_interfaces_s__rosidl_typesupport_introspection_c.cpython-310-x86_64-linux-gnu.so
[0.311s] -- Up-to-date: /home/q/unitree_ws/unitree-go2-slam-toolbox/install/unitree_go2_nav_interfaces/local/lib/python3.10/dist-packages/unitree_go2_nav_interfaces/_unitree_go2_nav_interfaces_s.ep.rosidl_typesupport_introspection_c.c
[0.311s] -- Up-to-date: /home/q/unitree_ws/unitree-go2-slam-toolbox/install/unitree_go2_nav_interfaces/local/lib/python3.10/dist-packages/unitree_go2_nav_interfaces/__init__.py
[0.311s] -- Up-to-date: /home/q/unitree_ws/unitree-go2-slam-toolbox/install/unitree_go2_nav_interfaces/local/lib/python3.10/dist-packages/unitree_go2_nav_interfaces/unitree_go2_nav_interfaces_s__rosidl_typesupport_c.cpython-310-x86_64-linux-gnu.so
[0.311s] -- Up-to-date: /home/q/unitree_ws/unitree-go2-slam-toolbox/install/unitree_go2_nav_interfaces/local/lib/python3.10/dist-packages/unitree_go2_nav_interfaces/_unitree_go2_nav_interfaces_s.ep.rosidl_typesupport_fastrtps_c.c
[0.311s] -- Up-to-date: /home/q/unitree_ws/unitree-go2-slam-toolbox/install/unitree_go2_nav_interfaces/local/lib/python3.10/dist-packages/unitree_go2_nav_interfaces/_unitree_go2_nav_interfaces_s.ep.rosidl_typesupport_c.c
[0.311s] -- Up-to-date: /home/q/unitree_ws/unitree-go2-slam-toolbox/install/unitree_go2_nav_interfaces/local/lib/python3.10/dist-packages/unitree_go2_nav_interfaces/unitree_go2_nav_interfaces_s__rosidl_typesupport_fastrtps_c.cpython-310-x86_64-linux-gnu.so
[0.311s] -- Up-to-date: /home/q/unitree_ws/unitree-go2-slam-toolbox/install/unitree_go2_nav_interfaces/local/lib/python3.10/dist-packages/unitree_go2_nav_interfaces/libunitree_go2_nav_interfaces__rosidl_generator_py.so
[0.332s] Listing '/home/q/unitree_ws/unitree-go2-slam-toolbox/install/unitree_go2_nav_interfaces/local/lib/python3.10/dist-packages/unitree_go2_nav_interfaces'...
[0.333s] Listing '/home/q/unitree_ws/unitree-go2-slam-toolbox/install/unitree_go2_nav_interfaces/local/lib/python3.10/dist-packages/unitree_go2_nav_interfaces/msg'...
[0.335s] -- Up-to-date: /home/q/unitree_ws/unitree-go2-slam-toolbox/install/unitree_go2_nav_interfaces/local/lib/python3.10/dist-packages/unitree_go2_nav_interfaces/unitree_go2_nav_interfaces_s__rosidl_typesupport_fastrtps_c.cpython-310-x86_64-linux-gnu.so
[0.335s] -- Up-to-date: /home/q/unitree_ws/unitree-go2-slam-toolbox/install/unitree_go2_nav_interfaces/local/lib/python3.10/dist-packages/unitree_go2_nav_interfaces/unitree_go2_nav_interfaces_s__rosidl_typesupport_introspection_c.cpython-310-x86_64-linux-gnu.so
[0.335s] -- Up-to-date: /home/q/unitree_ws/unitree-go2-slam-toolbox/install/unitree_go2_nav_interfaces/local/lib/python3.10/dist-packages/unitree_go2_nav_interfaces/unitree_go2_nav_interfaces_s__rosidl_typesupport_c.cpython-310-x86_64-linux-gnu.so
[0.335s] -- Up-to-date: /home/q/unitree_ws/unitree-go2-slam-toolbox/install/unitree_go2_nav_interfaces/lib/libunitree_go2_nav_interfaces__rosidl_generator_py.so
[0.336s] -- Up-to-date: /home/q/unitree_ws/unitree-go2-slam-toolbox/install/unitree_go2_nav_interfaces/share/unitree_go2_nav_interfaces/msg/NavToPose.idl
[0.336s] -- Up-to-date: /home/q/unitree_ws/unitree-go2-slam-toolbox/install/unitree_go2_nav_interfaces/share/unitree_go2_nav_interfaces/msg/NavToPose.msg
[0.336s] -- Up-to-date: /home/q/unitree_ws/unitree-go2-slam-toolbox/install/unitree_go2_nav_interfaces/share/ament_index/resource_index/package_run_dependencies/unitree_go2_nav_interfaces
[0.336s] -- Up-to-date: /home/q/unitree_ws/unitree-go2-slam-toolbox/install/unitree_go2_nav_interfaces/share/ament_index/resource_index/parent_prefix_path/unitree_go2_nav_interfaces
[0.336s] -- Up-to-date: /home/q/unitree_ws/unitree-go2-slam-toolbox/install/unitree_go2_nav_interfaces/share/unitree_go2_nav_interfaces/environment/ament_prefix_path.sh
[0.336s] -- Up-to-date: /home/q/unitree_ws/unitree-go2-slam-toolbox/install/unitree_go2_nav_interfaces/share/unitree_go2_nav_interfaces/environment/ament_prefix_path.dsv
[0.336s] -- Up-to-date: /home/q/unitree_ws/unitree-go2-slam-toolbox/install/unitree_go2_nav_interfaces/share/unitree_go2_nav_interfaces/environment/path.sh
[0.336s] -- Up-to-date: /home/q/unitree_ws/unitree-go2-slam-toolbox/install/unitree_go2_nav_interfaces/share/unitree_go2_nav_interfaces/environment/path.dsv
[0.336s] -- Up-to-date: /home/q/unitree_ws/unitree-go2-slam-toolbox/install/unitree_go2_nav_interfaces/share/unitree_go2_nav_interfaces/local_setup.bash
[0.336s] -- Up-to-date: /home/q/unitree_ws/unitree-go2-slam-toolbox/install/unitree_go2_nav_interfaces/share/unitree_go2_nav_interfaces/local_setup.sh
[0.336s] -- Up-to-date: /home/q/unitree_ws/unitree-go2-slam-toolbox/install/unitree_go2_nav_interfaces/share/unitree_go2_nav_interfaces/local_setup.zsh
[0.336s] -- Up-to-date: /home/q/unitree_ws/unitree-go2-slam-toolbox/install/unitree_go2_nav_interfaces/share/unitree_go2_nav_interfaces/local_setup.dsv
[0.336s] -- Installing: /home/q/unitree_ws/unitree-go2-slam-toolbox/install/unitree_go2_nav_interfaces/share/unitree_go2_nav_interfaces/package.dsv
[0.336s] -- Up-to-date: /home/q/unitree_ws/unitree-go2-slam-toolbox/install/unitree_go2_nav_interfaces/share/ament_index/resource_index/packages/unitree_go2_nav_interfaces
[0.336s] -- Up-to-date: /home/q/unitree_ws/unitree-go2-slam-toolbox/install/unitree_go2_nav_interfaces/share/unitree_go2_nav_interfaces/cmake/export_unitree_go2_nav_interfaces__rosidl_generator_cExport.cmake
[0.336s] -- Up-to-date: /home/q/unitree_ws/unitree-go2-slam-toolbox/install/unitree_go2_nav_interfaces/share/unitree_go2_nav_interfaces/cmake/export_unitree_go2_nav_interfaces__rosidl_generator_cExport-noconfig.cmake
[0.336s] -- Up-to-date: /home/q/unitree_ws/unitree-go2-slam-toolbox/install/unitree_go2_nav_interfaces/share/unitree_go2_nav_interfaces/cmake/export_unitree_go2_nav_interfaces__rosidl_typesupport_fastrtps_cExport.cmake
[0.336s] -- Up-to-date: /home/q/unitree_ws/unitree-go2-slam-toolbox/install/unitree_go2_nav_interfaces/share/unitree_go2_nav_interfaces/cmake/export_unitree_go2_nav_interfaces__rosidl_typesupport_fastrtps_cExport-noconfig.cmake
[0.336s] -- Up-to-date: /home/q/unitree_ws/unitree-go2-slam-toolbox/install/unitree_go2_nav_interfaces/share/unitree_go2_nav_interfaces/cmake/export_unitree_go2_nav_interfaces__rosidl_generator_cppExport.cmake
[0.336s] -- Up-to-date: /home/q/unitree_ws/unitree-go2-slam-toolbox/install/unitree_go2_nav_interfaces/share/unitree_go2_nav_interfaces/cmake/export_unitree_go2_nav_interfaces__rosidl_typesupport_fastrtps_cppExport.cmake
[0.336s] -- Up-to-date: /home/q/unitree_ws/unitree-go2-slam-toolbox/install/unitree_go2_nav_interfaces/share/unitree_go2_nav_interfaces/cmake/export_unitree_go2_nav_interfaces__rosidl_typesupport_fastrtps_cppExport-noconfig.cmake
[0.337s] -- Up-to-date: /home/q/unitree_ws/unitree-go2-slam-toolbox/install/unitree_go2_nav_interfaces/share/unitree_go2_nav_interfaces/cmake/unitree_go2_nav_interfaces__rosidl_typesupport_introspection_cExport.cmake
[0.337s] -- Up-to-date: /home/q/unitree_ws/unitree-go2-slam-toolbox/install/unitree_go2_nav_interfaces/share/unitree_go2_nav_interfaces/cmake/unitree_go2_nav_interfaces__rosidl_typesupport_introspection_cExport-noconfig.cmake
[0.337s] -- Up-to-date: /home/q/unitree_ws/unitree-go2-slam-toolbox/install/unitree_go2_nav_interfaces/share/unitree_go2_nav_interfaces/cmake/unitree_go2_nav_interfaces__rosidl_typesupport_cExport.cmake
[0.337s] -- Up-to-date: /home/q/unitree_ws/unitree-go2-slam-toolbox/install/unitree_go2_nav_interfaces/share/unitree_go2_nav_interfaces/cmake/unitree_go2_nav_interfaces__rosidl_typesupport_cExport-noconfig.cmake
[0.337s] -- Up-to-date: /home/q/unitree_ws/unitree-go2-slam-toolbox/install/unitree_go2_nav_interfaces/share/unitree_go2_nav_interfaces/cmake/unitree_go2_nav_interfaces__rosidl_typesupport_introspection_cppExport.cmake
[0.337s] -- Up-to-date: /home/q/unitree_ws/unitree-go2-slam-toolbox/install/unitree_go2_nav_interfaces/share/unitree_go2_nav_interfaces/cmake/unitree_go2_nav_interfaces__rosidl_typesupport_introspection_cppExport-noconfig.cmake
[0.337s] -- Up-to-date: /home/q/unitree_ws/unitree-go2-slam-toolbox/install/unitree_go2_nav_interfaces/share/unitree_go2_nav_interfaces/cmake/unitree_go2_nav_interfaces__rosidl_typesupport_cppExport.cmake
[0.337s] -- Up-to-date: /home/q/unitree_ws/unitree-go2-slam-toolbox/install/unitree_go2_nav_interfaces/share/unitree_go2_nav_interfaces/cmake/unitree_go2_nav_interfaces__rosidl_typesupport_cppExport-noconfig.cmake
[0.337s] -- Up-to-date: /home/q/unitree_ws/unitree-go2-slam-toolbox/install/unitree_go2_nav_interfaces/share/unitree_go2_nav_interfaces/cmake/export_unitree_go2_nav_interfaces__rosidl_generator_pyExport.cmake
[0.337s] -- Up-to-date: /home/q/unitree_ws/unitree-go2-slam-toolbox/install/unitree_go2_nav_interfaces/share/unitree_go2_nav_interfaces/cmake/export_unitree_go2_nav_interfaces__rosidl_generator_pyExport-noconfig.cmake
[0.337s] -- Up-to-date: /home/q/unitree_ws/unitree-go2-slam-toolbox/install/unitree_go2_nav_interfaces/share/unitree_go2_nav_interfaces/cmake/ament_cmake_export_dependencies-extras.cmake
[0.337s] -- Up-to-date: /home/q/unitree_ws/unitree-go2-slam-toolbox/install/unitree_go2_nav_interfaces/share/unitree_go2_nav_interfaces/cmake/rosidl_cmake-extras.cmake
[0.337s] -- Up-to-date: /home/q/unitree_ws/unitree-go2-slam-toolbox/install/unitree_go2_nav_interfaces/share/unitree_go2_nav_interfaces/cmake/ament_cmake_export_include_directories-extras.cmake
[0.337s] -- Up-to-date: /home/q/unitree_ws/unitree-go2-slam-toolbox/install/unitree_go2_nav_interfaces/share/unitree_go2_nav_interfaces/cmake/ament_cmake_export_libraries-extras.cmake
[0.338s] -- Up-to-date: /home/q/unitree_ws/unitree-go2-slam-toolbox/install/unitree_go2_nav_interfaces/share/unitree_go2_nav_interfaces/cmake/ament_cmake_export_targets-extras.cmake
[0.338s] -- Up-to-date: /home/q/unitree_ws/unitree-go2-slam-toolbox/install/unitree_go2_nav_interfaces/share/unitree_go2_nav_interfaces/cmake/rosidl_cmake_export_typesupport_targets-extras.cmake
[0.338s] -- Up-to-date: /home/q/unitree_ws/unitree-go2-slam-toolbox/install/unitree_go2_nav_interfaces/share/unitree_go2_nav_interfaces/cmake/rosidl_cmake_export_typesupport_libraries-extras.cmake
[0.338s] -- Up-to-date: /home/q/unitree_ws/unitree-go2-slam-toolbox/install/unitree_go2_nav_interfaces/share/unitree_go2_nav_interfaces/cmake/unitree_go2_nav_interfacesConfig.cmake
[0.338s] -- Up-to-date: /home/q/unitree_ws/unitree-go2-slam-toolbox/install/unitree_go2_nav_interfaces/share/unitree_go2_nav_interfaces/cmake/unitree_go2_nav_interfacesConfig-version.cmake
[0.338s] -- Up-to-date: /home/q/unitree_ws/unitree-go2-slam-toolbox/install/unitree_go2_nav_interfaces/share/unitree_go2_nav_interfaces/package.xml
[0.339s] Invoked command in '/home/q/unitree_ws/unitree-go2-slam-toolbox/build/unitree_go2_nav_interfaces' returned '0': CMAKE_PREFIX_PATH=${CMAKE_PREFIX_PATH}:/home/q/ws_moveit2/install/moveit_configs_utils:/home/q/ws_moveit2/install/launch_param_builder:/opt/ros/humble /usr/bin/cmake --install /home/q/unitree_ws/unitree-go2-slam-toolbox/build/unitree_go2_nav_interfaces
