[0.029s] Invoking command in '/home/q/unitree_ws/unitree-go2-slam-toolbox/build/go2_twist_bridge': CMAKE_PREFIX_PATH=${CMAKE_PREFIX_PATH}:/home/q/ws_moveit2/install/moveit_configs_utils:/home/q/ws_moveit2/install/launch_param_builder:/opt/ros/humble /usr/bin/cmake --build /home/q/unitree_ws/unitree-go2-slam-toolbox/build/go2_twist_bridge -- -j20 -l20
[0.068s] [35m[1mConsolidate compiler generated dependencies of target twist_bridge[0m
[0.088s] [100%] Built target twist_bridge
[0.120s] Invoked command in '/home/q/unitree_ws/unitree-go2-slam-toolbox/build/go2_twist_bridge' returned '0': CMAKE_PREFIX_PATH=${CMAKE_PREFIX_PATH}:/home/q/ws_moveit2/install/moveit_configs_utils:/home/q/ws_moveit2/install/launch_param_builder:/opt/ros/humble /usr/bin/cmake --build /home/q/unitree_ws/unitree-go2-slam-toolbox/build/go2_twist_bridge -- -j20 -l20
[0.121s] Invoking command in '/home/q/unitree_ws/unitree-go2-slam-toolbox/build/go2_twist_bridge': CMAKE_PREFIX_PATH=${CMAKE_PREFIX_PATH}:/home/q/ws_moveit2/install/moveit_configs_utils:/home/q/ws_moveit2/install/launch_param_builder:/opt/ros/humble /usr/bin/cmake --install /home/q/unitree_ws/unitree-go2-slam-toolbox/build/go2_twist_bridge
[0.130s] -- Install configuration: ""
[0.130s] -- Installing: /home/q/unitree_ws/unitree-go2-slam-toolbox/install/go2_twist_bridge/lib/go2_twist_bridge/twist_bridge
[0.132s] -- Set runtime path of "/home/q/unitree_ws/unitree-go2-slam-toolbox/install/go2_twist_bridge/lib/go2_twist_bridge/twist_bridge" to ""
[0.133s] -- Installing: /home/q/unitree_ws/unitree-go2-slam-toolbox/install/go2_twist_bridge/share/ament_index/resource_index/package_run_dependencies/go2_twist_bridge
[0.133s] -- Installing: /home/q/unitree_ws/unitree-go2-slam-toolbox/install/go2_twist_bridge/share/ament_index/resource_index/parent_prefix_path/go2_twist_bridge
[0.133s] -- Installing: /home/q/unitree_ws/unitree-go2-slam-toolbox/install/go2_twist_bridge/share/go2_twist_bridge/environment/ament_prefix_path.sh
[0.133s] -- Installing: /home/q/unitree_ws/unitree-go2-slam-toolbox/install/go2_twist_bridge/share/go2_twist_bridge/environment/ament_prefix_path.dsv
[0.133s] -- Installing: /home/q/unitree_ws/unitree-go2-slam-toolbox/install/go2_twist_bridge/share/go2_twist_bridge/environment/path.sh
[0.133s] -- Installing: /home/q/unitree_ws/unitree-go2-slam-toolbox/install/go2_twist_bridge/share/go2_twist_bridge/environment/path.dsv
[0.133s] -- Installing: /home/q/unitree_ws/unitree-go2-slam-toolbox/install/go2_twist_bridge/share/go2_twist_bridge/local_setup.bash
[0.133s] -- Installing: /home/q/unitree_ws/unitree-go2-slam-toolbox/install/go2_twist_bridge/share/go2_twist_bridge/local_setup.sh
[0.133s] -- Installing: /home/q/unitree_ws/unitree-go2-slam-toolbox/install/go2_twist_bridge/share/go2_twist_bridge/local_setup.zsh
[0.133s] -- Installing: /home/q/unitree_ws/unitree-go2-slam-toolbox/install/go2_twist_bridge/share/go2_twist_bridge/local_setup.dsv
[0.134s] -- Installing: /home/q/unitree_ws/unitree-go2-slam-toolbox/install/go2_twist_bridge/share/go2_twist_bridge/package.dsv
[0.134s] -- Installing: /home/q/unitree_ws/unitree-go2-slam-toolbox/install/go2_twist_bridge/share/ament_index/resource_index/packages/go2_twist_bridge
[0.134s] -- Installing: /home/q/unitree_ws/unitree-go2-slam-toolbox/install/go2_twist_bridge/share/go2_twist_bridge/cmake/go2_twist_bridgeConfig.cmake
[0.134s] -- Installing: /home/q/unitree_ws/unitree-go2-slam-toolbox/install/go2_twist_bridge/share/go2_twist_bridge/cmake/go2_twist_bridgeConfig-version.cmake
[0.134s] -- Installing: /home/q/unitree_ws/unitree-go2-slam-toolbox/install/go2_twist_bridge/share/go2_twist_bridge/package.xml
[0.136s] Invoked command in '/home/q/unitree_ws/unitree-go2-slam-toolbox/build/go2_twist_bridge' returned '0': CMAKE_PREFIX_PATH=${CMAKE_PREFIX_PATH}:/home/q/ws_moveit2/install/moveit_configs_utils:/home/q/ws_moveit2/install/launch_param_builder:/opt/ros/humble /usr/bin/cmake --install /home/q/unitree_ws/unitree-go2-slam-toolbox/build/go2_twist_bridge
