[0.029s] Invoking command in '/home/q/unitree_ws/unitree-go2-slam-toolbox/build/high_level_control': CMAKE_PREFIX_PATH=${CMAKE_PREFIX_PATH}:/home/q/ws_moveit2/install/moveit_configs_utils:/home/q/ws_moveit2/install/launch_param_builder:/opt/ros/humble /usr/bin/cmake /home/q/unitree_ws/unitree-go2-slam-toolbox/src/high_level_control -DCMAKE_INSTALL_PREFIX=/home/q/unitree_ws/unitree-go2-slam-toolbox/install/high_level_control
[0.090s] -- The C compiler identification is GNU 11.4.0
[0.144s] -- The CXX compiler identification is GNU 11.4.0
[0.151s] -- Detecting C compiler ABI info
[0.218s] -- Detecting C compiler ABI info - done
[0.222s] -- Check for working C compiler: /usr/bin/cc - skipped
[0.223s] -- Detecting C compile features
[0.223s] -- Detecting C compile features - done
[0.225s] -- Detecting CXX compiler ABI info
[0.304s] -- Detecting CXX compiler ABI info - done
[0.312s] -- Check for working CXX compiler: /usr/bin/c++ - skipped
[0.312s] -- Detecting CXX compile features
[0.312s] -- Detecting CXX compile features - done
[0.322s] -- Found ament_cmake: 1.3.12 (/opt/ros/humble/share/ament_cmake/cmake)
[0.493s] -- Found Python3: /usr/bin/python3 (found version "3.10.12") found components: Interpreter 
[0.651s] -- Found unitree_go: 0.0.0 (/home/q/unitree_ws/unitree_ros2/install/unitree_go/share/unitree_go/cmake)
[0.717s] -- Found rosidl_generator_c: 3.1.7 (/opt/ros/humble/share/rosidl_generator_c/cmake)
[0.727s] -- Found rosidl_adapter: 3.1.7 (/opt/ros/humble/share/rosidl_adapter/cmake)
[0.739s] -- Found rosidl_generator_cpp: 3.1.7 (/opt/ros/humble/share/rosidl_generator_cpp/cmake)
[0.755s] -- Using all available rosidl_typesupport_c: rosidl_typesupport_fastrtps_c;rosidl_typesupport_introspection_c
[0.781s] -- Using all available rosidl_typesupport_cpp: rosidl_typesupport_fastrtps_cpp;rosidl_typesupport_introspection_cpp
[0.820s] -- Found unitree_hg: 0.0.0 (/home/q/unitree_ws/unitree_ros2/install/unitree_hg/share/unitree_hg/cmake)
[0.830s] -- Found unitree_api: 0.0.0 (/home/q/unitree_ws/unitree_ros2/install/unitree_api/share/unitree_api/cmake)
[0.841s] -- Found rclcpp: 16.0.16 (/opt/ros/humble/share/rclcpp/cmake)
[0.904s] -- Found rmw_implementation_cmake: 6.1.2 (/opt/ros/humble/share/rmw_implementation_cmake/cmake)
[0.910s] -- Found rmw_fastrtps_cpp: 6.2.9 (/opt/ros/humble/share/rmw_fastrtps_cpp/cmake)
[1.008s] -- Found OpenSSL: /usr/lib/x86_64-linux-gnu/libcrypto.so (found version "3.0.2")  
[1.041s] -- Found FastRTPS: /opt/ros/humble/include  
[1.082s] -- Using RMW implementation 'rmw_fastrtps_cpp' as default
[1.106s] -- Looking for pthread.h
[1.174s] -- Looking for pthread.h - found
[1.174s] -- Performing Test CMAKE_HAVE_LIBC_PTHREAD
[1.247s] -- Performing Test CMAKE_HAVE_LIBC_PTHREAD - Success
[1.248s] -- Found Threads: TRUE  
[1.294s] -- Found rosbag2_cpp: 0.15.15 (/opt/ros/humble/share/rosbag2_cpp/cmake)
[1.354s] [31mCMake Error at CMakeLists.txt:30 (find_package):
[1.354s]   By not providing "Findunitree_go2_nav_interfaces.cmake" in
[1.354s]   CMAKE_MODULE_PATH this project has asked CMake to find a package
[1.354s]   configuration file provided by "unitree_go2_nav_interfaces", but CMake did
[1.354s]   not find one.
[1.354s] 
[1.354s]   Could not find a package configuration file provided by
[1.354s]   "unitree_go2_nav_interfaces" with any of the following names:
[1.354s] 
[1.354s]     unitree_go2_nav_interfacesConfig.cmake
[1.354s]     unitree_go2_nav_interfaces-config.cmake
[1.354s] 
[1.354s]   Add the installation prefix of "unitree_go2_nav_interfaces" to
[1.354s]   CMAKE_PREFIX_PATH or set "unitree_go2_nav_interfaces_DIR" to a directory
[1.354s]   containing one of the above files.  If "unitree_go2_nav_interfaces"
[1.354s]   provides a separate development package or SDK, be sure it has been
[1.354s]   installed.
[1.354s] 
[1.354s] [0m
[1.354s] -- Configuring incomplete, errors occurred!
[1.354s] See also "/home/q/unitree_ws/unitree-go2-slam-toolbox/build/high_level_control/CMakeFiles/CMakeOutput.log".
[1.362s] Invoked command in '/home/q/unitree_ws/unitree-go2-slam-toolbox/build/high_level_control' returned '1': CMAKE_PREFIX_PATH=${CMAKE_PREFIX_PATH}:/home/q/ws_moveit2/install/moveit_configs_utils:/home/q/ws_moveit2/install/launch_param_builder:/opt/ros/humble /usr/bin/cmake /home/q/unitree_ws/unitree-go2-slam-toolbox/src/high_level_control -DCMAKE_INSTALL_PREFIX=/home/q/unitree_ws/unitree-go2-slam-toolbox/install/high_level_control
