[0.049s] Invoking command in '/home/q/unitree_ws/unitree-go2-slam-toolbox/build/go2_core': CMAKE_PREFIX_PATH=${CMAKE_PREFIX_PATH}:/home/q/ws_moveit2/install/moveit_configs_utils:/home/q/ws_moveit2/install/launch_param_builder:/opt/ros/humble /usr/bin/cmake --build /home/q/unitree_ws/unitree-go2-slam-toolbox/build/go2_core -- -j20 -l20
[0.101s] Invoked command in '/home/q/unitree_ws/unitree-go2-slam-toolbox/build/go2_core' returned '0': CMAKE_PREFIX_PATH=${CMAKE_PREFIX_PATH}:/home/q/ws_moveit2/install/moveit_configs_utils:/home/q/ws_moveit2/install/launch_param_builder:/opt/ros/humble /usr/bin/cmake --build /home/q/unitree_ws/unitree-go2-slam-toolbox/build/go2_core -- -j20 -l20
[0.102s] Invoking command in '/home/q/unitree_ws/unitree-go2-slam-toolbox/build/go2_core': CMAKE_PREFIX_PATH=${CMAKE_PREFIX_PATH}:/home/q/ws_moveit2/install/moveit_configs_utils:/home/q/ws_moveit2/install/launch_param_builder:/opt/ros/humble /usr/bin/cmake --install /home/q/unitree_ws/unitree-go2-slam-toolbox/build/go2_core
[0.112s] -- Install configuration: ""
[0.112s] -- Up-to-date: /home/q/unitree_ws/unitree-go2-slam-toolbox/install/go2_core/share/go2_core/launch
[0.113s] -- Up-to-date: /home/q/unitree_ws/unitree-go2-slam-toolbox/install/go2_core/share/go2_core/launch/go2_start.launch.py
[0.114s] -- Up-to-date: /home/q/unitree_ws/unitree-go2-slam-toolbox/install/go2_core/share/go2_core/launch/go2_robot_localization.launch.py
[0.114s] -- Up-to-date: /home/q/unitree_ws/unitree-go2-slam-toolbox/install/go2_core/share/go2_core/rviz2
[0.114s] -- Up-to-date: /home/q/unitree_ws/unitree-go2-slam-toolbox/install/go2_core/share/go2_core/rviz2/display.rviz
[0.115s] -- Up-to-date: /home/q/unitree_ws/unitree-go2-slam-toolbox/install/go2_core/share/go2_core/config
[0.115s] -- Up-to-date: /home/q/unitree_ws/unitree-go2-slam-toolbox/install/go2_core/share/go2_core/config/go2_ekf_params.yaml
[0.115s] -- Up-to-date: /home/q/unitree_ws/unitree-go2-slam-toolbox/install/go2_core/share/ament_index/resource_index/package_run_dependencies/go2_core
[0.115s] -- Up-to-date: /home/q/unitree_ws/unitree-go2-slam-toolbox/install/go2_core/share/ament_index/resource_index/parent_prefix_path/go2_core
[0.115s] -- Up-to-date: /home/q/unitree_ws/unitree-go2-slam-toolbox/install/go2_core/share/go2_core/environment/ament_prefix_path.sh
[0.115s] -- Up-to-date: /home/q/unitree_ws/unitree-go2-slam-toolbox/install/go2_core/share/go2_core/environment/ament_prefix_path.dsv
[0.115s] -- Up-to-date: /home/q/unitree_ws/unitree-go2-slam-toolbox/install/go2_core/share/go2_core/environment/path.sh
[0.117s] -- Up-to-date: /home/q/unitree_ws/unitree-go2-slam-toolbox/install/go2_core/share/go2_core/environment/path.dsv
[0.117s] -- Up-to-date: /home/q/unitree_ws/unitree-go2-slam-toolbox/install/go2_core/share/go2_core/local_setup.bash
[0.117s] -- Up-to-date: /home/q/unitree_ws/unitree-go2-slam-toolbox/install/go2_core/share/go2_core/local_setup.sh
[0.117s] -- Up-to-date: /home/q/unitree_ws/unitree-go2-slam-toolbox/install/go2_core/share/go2_core/local_setup.zsh
[0.117s] -- Up-to-date: /home/q/unitree_ws/unitree-go2-slam-toolbox/install/go2_core/share/go2_core/local_setup.dsv
[0.117s] -- Installing: /home/q/unitree_ws/unitree-go2-slam-toolbox/install/go2_core/share/go2_core/package.dsv
[0.117s] -- Up-to-date: /home/q/unitree_ws/unitree-go2-slam-toolbox/install/go2_core/share/ament_index/resource_index/packages/go2_core
[0.118s] -- Up-to-date: /home/q/unitree_ws/unitree-go2-slam-toolbox/install/go2_core/share/go2_core/cmake/go2_coreConfig.cmake
[0.118s] -- Up-to-date: /home/q/unitree_ws/unitree-go2-slam-toolbox/install/go2_core/share/go2_core/cmake/go2_coreConfig-version.cmake
[0.118s] -- Up-to-date: /home/q/unitree_ws/unitree-go2-slam-toolbox/install/go2_core/share/go2_core/package.xml
[0.139s] Invoked command in '/home/q/unitree_ws/unitree-go2-slam-toolbox/build/go2_core' returned '0': CMAKE_PREFIX_PATH=${CMAKE_PREFIX_PATH}:/home/q/ws_moveit2/install/moveit_configs_utils:/home/q/ws_moveit2/install/launch_param_builder:/opt/ros/humble /usr/bin/cmake --install /home/q/unitree_ws/unitree-go2-slam-toolbox/build/go2_core
