[0.045s] Invoking command in '/home/q/unitree_ws/unitree-go2-slam-toolbox/build/go2_perception': CMAKE_PREFIX_PATH=${CMAKE_PREFIX_PATH}:/home/q/ws_moveit2/install/moveit_configs_utils:/home/q/ws_moveit2/install/launch_param_builder:/opt/ros/humble /usr/bin/cmake --build /home/q/unitree_ws/unitree-go2-slam-toolbox/build/go2_perception -- -j20 -l20
[0.103s] [ 33%] Built target pointcloud_to_laserscan_node
[0.103s] [ 66%] Built target pointcloud_to_laserscan
[0.104s] [100%] Built target cloud_accumulation
[0.150s] Invoked command in '/home/q/unitree_ws/unitree-go2-slam-toolbox/build/go2_perception' returned '0': CMAKE_PREFIX_PATH=${CMAKE_PREFIX_PATH}:/home/q/ws_moveit2/install/moveit_configs_utils:/home/q/ws_moveit2/install/launch_param_builder:/opt/ros/humble /usr/bin/cmake --build /home/q/unitree_ws/unitree-go2-slam-toolbox/build/go2_perception -- -j20 -l20
[0.151s] Invoking command in '/home/q/unitree_ws/unitree-go2-slam-toolbox/build/go2_perception': CMAKE_PREFIX_PATH=${CMAKE_PREFIX_PATH}:/home/q/ws_moveit2/install/moveit_configs_utils:/home/q/ws_moveit2/install/launch_param_builder:/opt/ros/humble /usr/bin/cmake --install /home/q/unitree_ws/unitree-go2-slam-toolbox/build/go2_perception
[0.162s] -- Install configuration: ""
[0.162s] -- Up-to-date: /home/q/unitree_ws/unitree-go2-slam-toolbox/install/go2_perception/lib/go2_perception/pointcloud_to_laserscan_node
[0.162s] -- Up-to-date: /home/q/unitree_ws/unitree-go2-slam-toolbox/install/go2_perception/lib/libpointcloud_to_laserscan.so
[0.162s] -- Up-to-date: /home/q/unitree_ws/unitree-go2-slam-toolbox/install/go2_perception/lib/go2_perception/cloud_accumulation
[0.162s] -- Up-to-date: /home/q/unitree_ws/unitree-go2-slam-toolbox/install/go2_perception/share/go2_perception/launch
[0.163s] -- Up-to-date: /home/q/unitree_ws/unitree-go2-slam-toolbox/install/go2_perception/share/go2_perception/launch/go2_pointcloud.launch.py
[0.163s] -- Up-to-date: /home/q/unitree_ws/unitree-go2-slam-toolbox/install/go2_perception/share/ament_index/resource_index/package_run_dependencies/go2_perception
[0.163s] -- Up-to-date: /home/q/unitree_ws/unitree-go2-slam-toolbox/install/go2_perception/share/ament_index/resource_index/parent_prefix_path/go2_perception
[0.163s] -- Up-to-date: /home/q/unitree_ws/unitree-go2-slam-toolbox/install/go2_perception/share/go2_perception/environment/ament_prefix_path.sh
[0.163s] -- Up-to-date: /home/q/unitree_ws/unitree-go2-slam-toolbox/install/go2_perception/share/go2_perception/environment/ament_prefix_path.dsv
[0.163s] -- Up-to-date: /home/q/unitree_ws/unitree-go2-slam-toolbox/install/go2_perception/share/go2_perception/environment/path.sh
[0.163s] -- Up-to-date: /home/q/unitree_ws/unitree-go2-slam-toolbox/install/go2_perception/share/go2_perception/environment/path.dsv
[0.163s] -- Up-to-date: /home/q/unitree_ws/unitree-go2-slam-toolbox/install/go2_perception/share/go2_perception/local_setup.bash
[0.163s] -- Up-to-date: /home/q/unitree_ws/unitree-go2-slam-toolbox/install/go2_perception/share/go2_perception/local_setup.sh
[0.163s] -- Up-to-date: /home/q/unitree_ws/unitree-go2-slam-toolbox/install/go2_perception/share/go2_perception/local_setup.zsh
[0.164s] -- Up-to-date: /home/q/unitree_ws/unitree-go2-slam-toolbox/install/go2_perception/share/go2_perception/local_setup.dsv
[0.164s] -- Installing: /home/q/unitree_ws/unitree-go2-slam-toolbox/install/go2_perception/share/go2_perception/package.dsv
[0.164s] -- Up-to-date: /home/q/unitree_ws/unitree-go2-slam-toolbox/install/go2_perception/share/ament_index/resource_index/packages/go2_perception
[0.164s] -- Up-to-date: /home/q/unitree_ws/unitree-go2-slam-toolbox/install/go2_perception/share/ament_index/resource_index/rclcpp_components/go2_perception
[0.164s] -- Up-to-date: /home/q/unitree_ws/unitree-go2-slam-toolbox/install/go2_perception/share/go2_perception/cmake/go2_perceptionConfig.cmake
[0.164s] -- Up-to-date: /home/q/unitree_ws/unitree-go2-slam-toolbox/install/go2_perception/share/go2_perception/cmake/go2_perceptionConfig-version.cmake
[0.164s] -- Up-to-date: /home/q/unitree_ws/unitree-go2-slam-toolbox/install/go2_perception/share/go2_perception/package.xml
[0.195s] Invoked command in '/home/q/unitree_ws/unitree-go2-slam-toolbox/build/go2_perception' returned '0': CMAKE_PREFIX_PATH=${CMAKE_PREFIX_PATH}:/home/q/ws_moveit2/install/moveit_configs_utils:/home/q/ws_moveit2/install/launch_param_builder:/opt/ros/humble /usr/bin/cmake --install /home/q/unitree_ws/unitree-go2-slam-toolbox/build/go2_perception
