[0.036s] Invoking command in '/home/q/unitree_ws/unitree-go2-slam-toolbox/build/go2_slam': CMAKE_PREFIX_PATH=${CMAKE_PREFIX_PATH}:/home/q/ws_moveit2/install/moveit_configs_utils:/home/q/ws_moveit2/install/launch_param_builder:/opt/ros/humble /usr/bin/cmake --build /home/q/unitree_ws/unitree-go2-slam-toolbox/build/go2_slam -- -j20 -l20
[0.084s] Invoked command in '/home/q/unitree_ws/unitree-go2-slam-toolbox/build/go2_slam' returned '0': CMAKE_PREFIX_PATH=${CMAKE_PREFIX_PATH}:/home/q/ws_moveit2/install/moveit_configs_utils:/home/q/ws_moveit2/install/launch_param_builder:/opt/ros/humble /usr/bin/cmake --build /home/q/unitree_ws/unitree-go2-slam-toolbox/build/go2_slam -- -j20 -l20
[0.086s] Invoking command in '/home/q/unitree_ws/unitree-go2-slam-toolbox/build/go2_slam': CMAKE_PREFIX_PATH=${CMAKE_PREFIX_PATH}:/home/q/ws_moveit2/install/moveit_configs_utils:/home/q/ws_moveit2/install/launch_param_builder:/opt/ros/humble /usr/bin/cmake --install /home/q/unitree_ws/unitree-go2-slam-toolbox/build/go2_slam
[0.101s] -- Install configuration: ""
[0.101s] -- Up-to-date: /home/q/unitree_ws/unitree-go2-slam-toolbox/install/go2_slam/share/go2_slam/launch
[0.101s] -- Up-to-date: /home/q/unitree_ws/unitree-go2-slam-toolbox/install/go2_slam/share/go2_slam/launch/go2_slamtoolbox.launch.py
[0.102s] -- Up-to-date: /home/q/unitree_ws/unitree-go2-slam-toolbox/install/go2_slam/share/go2_slam/config
[0.102s] -- Up-to-date: /home/q/unitree_ws/unitree-go2-slam-toolbox/install/go2_slam/share/go2_slam/config/mapper_params_online_async.yaml
[0.102s] -- Up-to-date: /home/q/unitree_ws/unitree-go2-slam-toolbox/install/go2_slam/share/ament_index/resource_index/package_run_dependencies/go2_slam
[0.102s] -- Up-to-date: /home/q/unitree_ws/unitree-go2-slam-toolbox/install/go2_slam/share/ament_index/resource_index/parent_prefix_path/go2_slam
[0.102s] -- Up-to-date: /home/q/unitree_ws/unitree-go2-slam-toolbox/install/go2_slam/share/go2_slam/environment/ament_prefix_path.sh
[0.102s] -- Up-to-date: /home/q/unitree_ws/unitree-go2-slam-toolbox/install/go2_slam/share/go2_slam/environment/ament_prefix_path.dsv
[0.102s] -- Up-to-date: /home/q/unitree_ws/unitree-go2-slam-toolbox/install/go2_slam/share/go2_slam/environment/path.sh
[0.102s] -- Up-to-date: /home/q/unitree_ws/unitree-go2-slam-toolbox/install/go2_slam/share/go2_slam/environment/path.dsv
[0.102s] -- Up-to-date: /home/q/unitree_ws/unitree-go2-slam-toolbox/install/go2_slam/share/go2_slam/local_setup.bash
[0.102s] -- Up-to-date: /home/q/unitree_ws/unitree-go2-slam-toolbox/install/go2_slam/share/go2_slam/local_setup.sh
[0.102s] -- Up-to-date: /home/q/unitree_ws/unitree-go2-slam-toolbox/install/go2_slam/share/go2_slam/local_setup.zsh
[0.102s] -- Up-to-date: /home/q/unitree_ws/unitree-go2-slam-toolbox/install/go2_slam/share/go2_slam/local_setup.dsv
[0.102s] -- Installing: /home/q/unitree_ws/unitree-go2-slam-toolbox/install/go2_slam/share/go2_slam/package.dsv
[0.102s] -- Up-to-date: /home/q/unitree_ws/unitree-go2-slam-toolbox/install/go2_slam/share/ament_index/resource_index/packages/go2_slam
[0.102s] -- Up-to-date: /home/q/unitree_ws/unitree-go2-slam-toolbox/install/go2_slam/share/go2_slam/cmake/go2_slamConfig.cmake
[0.102s] -- Up-to-date: /home/q/unitree_ws/unitree-go2-slam-toolbox/install/go2_slam/share/go2_slam/cmake/go2_slamConfig-version.cmake
[0.102s] -- Up-to-date: /home/q/unitree_ws/unitree-go2-slam-toolbox/install/go2_slam/share/go2_slam/package.xml
[0.135s] Invoked command in '/home/q/unitree_ws/unitree-go2-slam-toolbox/build/go2_slam' returned '0': CMAKE_PREFIX_PATH=${CMAKE_PREFIX_PATH}:/home/q/ws_moveit2/install/moveit_configs_utils:/home/q/ws_moveit2/install/launch_param_builder:/opt/ros/humble /usr/bin/cmake --install /home/q/unitree_ws/unitree-go2-slam-toolbox/build/go2_slam
