[35m[1mConsolidate compiler generated dependencies of target high_level_ctrl[0m
[ 33%] [32mBuilding CXX object CMakeFiles/high_level_ctrl.dir/src/high_level_ctrl.cpp.o[0m
[ 66%] [32mBuilding CXX object CMakeFiles/high_level_ctrl.dir/src/common/ros2_sport_client.cpp.o[0m
[100%] [32m[1mLinking CXX executable high_level_ctrl[0m
[100%] Built target high_level_ctrl
-- Install configuration: ""
-- Installing: /home/q/unitree_ws/unitree-go2-slam-toolbox/install/high_level_control/bin/high_level_ctrl
-- Set runtime path of "/home/q/unitree_ws/unitree-go2-slam-toolbox/install/high_level_control/bin/high_level_ctrl" to ""
-- Installing: /home/q/unitree_ws/unitree-go2-slam-toolbox/install/high_level_control/share/ament_index/resource_index/package_run_dependencies/high_level_control
-- Installing: /home/q/unitree_ws/unitree-go2-slam-toolbox/install/high_level_control/share/ament_index/resource_index/parent_prefix_path/high_level_control
-- Installing: /home/q/unitree_ws/unitree-go2-slam-toolbox/install/high_level_control/share/high_level_control/environment/ament_prefix_path.sh
-- Installing: /home/q/unitree_ws/unitree-go2-slam-toolbox/install/high_level_control/share/high_level_control/environment/ament_prefix_path.dsv
-- Installing: /home/q/unitree_ws/unitree-go2-slam-toolbox/install/high_level_control/share/high_level_control/environment/path.sh
-- Installing: /home/q/unitree_ws/unitree-go2-slam-toolbox/install/high_level_control/share/high_level_control/environment/path.dsv
-- Installing: /home/q/unitree_ws/unitree-go2-slam-toolbox/install/high_level_control/share/high_level_control/local_setup.bash
-- Installing: /home/q/unitree_ws/unitree-go2-slam-toolbox/install/high_level_control/share/high_level_control/local_setup.sh
-- Installing: /home/q/unitree_ws/unitree-go2-slam-toolbox/install/high_level_control/share/high_level_control/local_setup.zsh
-- Installing: /home/q/unitree_ws/unitree-go2-slam-toolbox/install/high_level_control/share/high_level_control/local_setup.dsv
-- Installing: /home/q/unitree_ws/unitree-go2-slam-toolbox/install/high_level_control/share/high_level_control/package.dsv
-- Installing: /home/q/unitree_ws/unitree-go2-slam-toolbox/install/high_level_control/share/ament_index/resource_index/packages/high_level_control
-- Installing: /home/q/unitree_ws/unitree-go2-slam-toolbox/install/high_level_control/share/high_level_control/cmake/high_level_controlConfig.cmake
-- Installing: /home/q/unitree_ws/unitree-go2-slam-toolbox/install/high_level_control/share/high_level_control/cmake/high_level_controlConfig-version.cmake
-- Installing: /home/q/unitree_ws/unitree-go2-slam-toolbox/install/high_level_control/share/high_level_control/package.xml
