[  3%] Built target unitree_go2_nav_interfaces__cpp
[ 12%] Built target unitree_go2_nav_interfaces__rosidl_generator_c
[ 12%] Built target ament_cmake_python_copy_unitree_go2_nav_interfaces
[ 29%] Built target unitree_go2_nav_interfaces__rosidl_typesupport_cpp
[ 32%] Built target unitree_go2_nav_interfaces__rosidl_typesupport_fastrtps_cpp
[ 41%] Built target unitree_go2_nav_interfaces__rosidl_typesupport_introspection_cpp
[ 58%] Built target unitree_go2_nav_interfaces__rosidl_typesupport_fastrtps_c
[ 61%] Built target unitree_go2_nav_interfaces__rosidl_typesupport_c
[ 70%] Built target unitree_go2_nav_interfaces__rosidl_typesupport_introspection_c
[ 70%] Built target unitree_go2_nav_interfaces
[ 74%] Built target unitree_go2_nav_interfaces__py
[ 80%] Built target unitree_go2_nav_interfaces__rosidl_generator_py
[ 87%] Built target unitree_go2_nav_interfaces__rosidl_typesupport_introspection_c__pyext
[ 93%] Built target unitree_go2_nav_interfaces__rosidl_typesupport_fastrtps_c__pyext
[100%] Built target unitree_go2_nav_interfaces__rosidl_typesupport_c__pyext
running egg_info
writing unitree_go2_nav_interfaces.egg-info/PKG-INFO
writing dependency_links to unitree_go2_nav_interfaces.egg-info/dependency_links.txt
writing top-level names to unitree_go2_nav_interfaces.egg-info/top_level.txt
reading manifest file 'unitree_go2_nav_interfaces.egg-info/SOURCES.txt'
writing manifest file 'unitree_go2_nav_interfaces.egg-info/SOURCES.txt'
[100%] Built target ament_cmake_python_build_unitree_go2_nav_interfaces_egg
-- Install configuration: ""
-- Up-to-date: /home/q/unitree_ws/unitree-go2-slam-toolbox/install/unitree_go2_nav_interfaces/share/ament_index/resource_index/rosidl_interfaces/unitree_go2_nav_interfaces
-- Up-to-date: /home/q/unitree_ws/unitree-go2-slam-toolbox/install/unitree_go2_nav_interfaces/include/unitree_go2_nav_interfaces/unitree_go2_nav_interfaces
-- Up-to-date: /home/q/unitree_ws/unitree-go2-slam-toolbox/install/unitree_go2_nav_interfaces/include/unitree_go2_nav_interfaces/unitree_go2_nav_interfaces/msg
-- Up-to-date: /home/q/unitree_ws/unitree-go2-slam-toolbox/install/unitree_go2_nav_interfaces/include/unitree_go2_nav_interfaces/unitree_go2_nav_interfaces/msg/nav_to_pose.h
-- Up-to-date: /home/q/unitree_ws/unitree-go2-slam-toolbox/install/unitree_go2_nav_interfaces/include/unitree_go2_nav_interfaces/unitree_go2_nav_interfaces/msg/rosidl_generator_c__visibility_control.h
-- Up-to-date: /home/q/unitree_ws/unitree-go2-slam-toolbox/install/unitree_go2_nav_interfaces/include/unitree_go2_nav_interfaces/unitree_go2_nav_interfaces/msg/detail
-- Up-to-date: /home/q/unitree_ws/unitree-go2-slam-toolbox/install/unitree_go2_nav_interfaces/include/unitree_go2_nav_interfaces/unitree_go2_nav_interfaces/msg/detail/nav_to_pose__functions.c
-- Up-to-date: /home/q/unitree_ws/unitree-go2-slam-toolbox/install/unitree_go2_nav_interfaces/include/unitree_go2_nav_interfaces/unitree_go2_nav_interfaces/msg/detail/nav_to_pose__type_support.h
-- Up-to-date: /home/q/unitree_ws/unitree-go2-slam-toolbox/install/unitree_go2_nav_interfaces/include/unitree_go2_nav_interfaces/unitree_go2_nav_interfaces/msg/detail/nav_to_pose__functions.h
-- Up-to-date: /home/q/unitree_ws/unitree-go2-slam-toolbox/install/unitree_go2_nav_interfaces/include/unitree_go2_nav_interfaces/unitree_go2_nav_interfaces/msg/detail/nav_to_pose__struct.h
-- Up-to-date: /home/q/unitree_ws/unitree-go2-slam-toolbox/install/unitree_go2_nav_interfaces/share/unitree_go2_nav_interfaces/environment/library_path.sh
-- Up-to-date: /home/q/unitree_ws/unitree-go2-slam-toolbox/install/unitree_go2_nav_interfaces/share/unitree_go2_nav_interfaces/environment/library_path.dsv
-- Up-to-date: /home/q/unitree_ws/unitree-go2-slam-toolbox/install/unitree_go2_nav_interfaces/lib/libunitree_go2_nav_interfaces__rosidl_generator_c.so
-- Up-to-date: /home/q/unitree_ws/unitree-go2-slam-toolbox/install/unitree_go2_nav_interfaces/include/unitree_go2_nav_interfaces/unitree_go2_nav_interfaces
-- Up-to-date: /home/q/unitree_ws/unitree-go2-slam-toolbox/install/unitree_go2_nav_interfaces/include/unitree_go2_nav_interfaces/unitree_go2_nav_interfaces/msg
-- Up-to-date: /home/q/unitree_ws/unitree-go2-slam-toolbox/install/unitree_go2_nav_interfaces/include/unitree_go2_nav_interfaces/unitree_go2_nav_interfaces/msg/rosidl_typesupport_fastrtps_c__visibility_control.h
-- Up-to-date: /home/q/unitree_ws/unitree-go2-slam-toolbox/install/unitree_go2_nav_interfaces/include/unitree_go2_nav_interfaces/unitree_go2_nav_interfaces/msg/detail
-- Up-to-date: /home/q/unitree_ws/unitree-go2-slam-toolbox/install/unitree_go2_nav_interfaces/include/unitree_go2_nav_interfaces/unitree_go2_nav_interfaces/msg/detail/nav_to_pose__rosidl_typesupport_fastrtps_c.h
-- Up-to-date: /home/q/unitree_ws/unitree-go2-slam-toolbox/install/unitree_go2_nav_interfaces/lib/libunitree_go2_nav_interfaces__rosidl_typesupport_fastrtps_c.so
-- Up-to-date: /home/q/unitree_ws/unitree-go2-slam-toolbox/install/unitree_go2_nav_interfaces/include/unitree_go2_nav_interfaces/unitree_go2_nav_interfaces
-- Up-to-date: /home/q/unitree_ws/unitree-go2-slam-toolbox/install/unitree_go2_nav_interfaces/include/unitree_go2_nav_interfaces/unitree_go2_nav_interfaces/msg
-- Up-to-date: /home/q/unitree_ws/unitree-go2-slam-toolbox/install/unitree_go2_nav_interfaces/include/unitree_go2_nav_interfaces/unitree_go2_nav_interfaces/msg/nav_to_pose.hpp
-- Up-to-date: /home/q/unitree_ws/unitree-go2-slam-toolbox/install/unitree_go2_nav_interfaces/include/unitree_go2_nav_interfaces/unitree_go2_nav_interfaces/msg/rosidl_generator_cpp__visibility_control.hpp
-- Up-to-date: /home/q/unitree_ws/unitree-go2-slam-toolbox/install/unitree_go2_nav_interfaces/include/unitree_go2_nav_interfaces/unitree_go2_nav_interfaces/msg/detail
-- Up-to-date: /home/q/unitree_ws/unitree-go2-slam-toolbox/install/unitree_go2_nav_interfaces/include/unitree_go2_nav_interfaces/unitree_go2_nav_interfaces/msg/detail/nav_to_pose__type_support.hpp
-- Up-to-date: /home/q/unitree_ws/unitree-go2-slam-toolbox/install/unitree_go2_nav_interfaces/include/unitree_go2_nav_interfaces/unitree_go2_nav_interfaces/msg/detail/nav_to_pose__traits.hpp
-- Up-to-date: /home/q/unitree_ws/unitree-go2-slam-toolbox/install/unitree_go2_nav_interfaces/include/unitree_go2_nav_interfaces/unitree_go2_nav_interfaces/msg/detail/nav_to_pose__struct.hpp
-- Up-to-date: /home/q/unitree_ws/unitree-go2-slam-toolbox/install/unitree_go2_nav_interfaces/include/unitree_go2_nav_interfaces/unitree_go2_nav_interfaces/msg/detail/nav_to_pose__builder.hpp
-- Up-to-date: /home/q/unitree_ws/unitree-go2-slam-toolbox/install/unitree_go2_nav_interfaces/include/unitree_go2_nav_interfaces/unitree_go2_nav_interfaces
-- Up-to-date: /home/q/unitree_ws/unitree-go2-slam-toolbox/install/unitree_go2_nav_interfaces/include/unitree_go2_nav_interfaces/unitree_go2_nav_interfaces/msg
-- Up-to-date: /home/q/unitree_ws/unitree-go2-slam-toolbox/install/unitree_go2_nav_interfaces/include/unitree_go2_nav_interfaces/unitree_go2_nav_interfaces/msg/rosidl_typesupport_fastrtps_cpp__visibility_control.h
-- Up-to-date: /home/q/unitree_ws/unitree-go2-slam-toolbox/install/unitree_go2_nav_interfaces/include/unitree_go2_nav_interfaces/unitree_go2_nav_interfaces/msg/detail
-- Up-to-date: /home/q/unitree_ws/unitree-go2-slam-toolbox/install/unitree_go2_nav_interfaces/include/unitree_go2_nav_interfaces/unitree_go2_nav_interfaces/msg/detail/nav_to_pose__rosidl_typesupport_fastrtps_cpp.hpp
-- Up-to-date: /home/q/unitree_ws/unitree-go2-slam-toolbox/install/unitree_go2_nav_interfaces/include/unitree_go2_nav_interfaces/unitree_go2_nav_interfaces/msg/detail/dds_fastrtps
-- Up-to-date: /home/q/unitree_ws/unitree-go2-slam-toolbox/install/unitree_go2_nav_interfaces/lib/libunitree_go2_nav_interfaces__rosidl_typesupport_fastrtps_cpp.so
-- Up-to-date: /home/q/unitree_ws/unitree-go2-slam-toolbox/install/unitree_go2_nav_interfaces/include/unitree_go2_nav_interfaces/unitree_go2_nav_interfaces
-- Up-to-date: /home/q/unitree_ws/unitree-go2-slam-toolbox/install/unitree_go2_nav_interfaces/include/unitree_go2_nav_interfaces/unitree_go2_nav_interfaces/msg
-- Up-to-date: /home/q/unitree_ws/unitree-go2-slam-toolbox/install/unitree_go2_nav_interfaces/include/unitree_go2_nav_interfaces/unitree_go2_nav_interfaces/msg/rosidl_typesupport_introspection_c__visibility_control.h
-- Up-to-date: /home/q/unitree_ws/unitree-go2-slam-toolbox/install/unitree_go2_nav_interfaces/include/unitree_go2_nav_interfaces/unitree_go2_nav_interfaces/msg/detail
-- Up-to-date: /home/q/unitree_ws/unitree-go2-slam-toolbox/install/unitree_go2_nav_interfaces/include/unitree_go2_nav_interfaces/unitree_go2_nav_interfaces/msg/detail/nav_to_pose__rosidl_typesupport_introspection_c.h
-- Up-to-date: /home/q/unitree_ws/unitree-go2-slam-toolbox/install/unitree_go2_nav_interfaces/include/unitree_go2_nav_interfaces/unitree_go2_nav_interfaces/msg/detail/nav_to_pose__type_support.c
-- Up-to-date: /home/q/unitree_ws/unitree-go2-slam-toolbox/install/unitree_go2_nav_interfaces/lib/libunitree_go2_nav_interfaces__rosidl_typesupport_introspection_c.so
-- Up-to-date: /home/q/unitree_ws/unitree-go2-slam-toolbox/install/unitree_go2_nav_interfaces/lib/libunitree_go2_nav_interfaces__rosidl_typesupport_c.so
-- Up-to-date: /home/q/unitree_ws/unitree-go2-slam-toolbox/install/unitree_go2_nav_interfaces/include/unitree_go2_nav_interfaces/unitree_go2_nav_interfaces
-- Up-to-date: /home/q/unitree_ws/unitree-go2-slam-toolbox/install/unitree_go2_nav_interfaces/include/unitree_go2_nav_interfaces/unitree_go2_nav_interfaces/msg
-- Up-to-date: /home/q/unitree_ws/unitree-go2-slam-toolbox/install/unitree_go2_nav_interfaces/include/unitree_go2_nav_interfaces/unitree_go2_nav_interfaces/msg/detail
-- Up-to-date: /home/q/unitree_ws/unitree-go2-slam-toolbox/install/unitree_go2_nav_interfaces/include/unitree_go2_nav_interfaces/unitree_go2_nav_interfaces/msg/detail/nav_to_pose__type_support.cpp
-- Up-to-date: /home/q/unitree_ws/unitree-go2-slam-toolbox/install/unitree_go2_nav_interfaces/include/unitree_go2_nav_interfaces/unitree_go2_nav_interfaces/msg/detail/nav_to_pose__rosidl_typesupport_introspection_cpp.hpp
-- Up-to-date: /home/q/unitree_ws/unitree-go2-slam-toolbox/install/unitree_go2_nav_interfaces/lib/libunitree_go2_nav_interfaces__rosidl_typesupport_introspection_cpp.so
-- Up-to-date: /home/q/unitree_ws/unitree-go2-slam-toolbox/install/unitree_go2_nav_interfaces/lib/libunitree_go2_nav_interfaces__rosidl_typesupport_cpp.so
-- Up-to-date: /home/q/unitree_ws/unitree-go2-slam-toolbox/install/unitree_go2_nav_interfaces/share/unitree_go2_nav_interfaces/environment/pythonpath.sh
-- Up-to-date: /home/q/unitree_ws/unitree-go2-slam-toolbox/install/unitree_go2_nav_interfaces/share/unitree_go2_nav_interfaces/environment/pythonpath.dsv
-- Up-to-date: /home/q/unitree_ws/unitree-go2-slam-toolbox/install/unitree_go2_nav_interfaces/local/lib/python3.10/dist-packages/unitree_go2_nav_interfaces-0.0.0-py3.10.egg-info
-- Installing: /home/q/unitree_ws/unitree-go2-slam-toolbox/install/unitree_go2_nav_interfaces/local/lib/python3.10/dist-packages/unitree_go2_nav_interfaces-0.0.0-py3.10.egg-info/PKG-INFO
-- Installing: /home/q/unitree_ws/unitree-go2-slam-toolbox/install/unitree_go2_nav_interfaces/local/lib/python3.10/dist-packages/unitree_go2_nav_interfaces-0.0.0-py3.10.egg-info/dependency_links.txt
-- Installing: /home/q/unitree_ws/unitree-go2-slam-toolbox/install/unitree_go2_nav_interfaces/local/lib/python3.10/dist-packages/unitree_go2_nav_interfaces-0.0.0-py3.10.egg-info/SOURCES.txt
-- Installing: /home/q/unitree_ws/unitree-go2-slam-toolbox/install/unitree_go2_nav_interfaces/local/lib/python3.10/dist-packages/unitree_go2_nav_interfaces-0.0.0-py3.10.egg-info/top_level.txt
-- Up-to-date: /home/q/unitree_ws/unitree-go2-slam-toolbox/install/unitree_go2_nav_interfaces/local/lib/python3.10/dist-packages/unitree_go2_nav_interfaces
-- Up-to-date: /home/q/unitree_ws/unitree-go2-slam-toolbox/install/unitree_go2_nav_interfaces/local/lib/python3.10/dist-packages/unitree_go2_nav_interfaces/msg
-- Up-to-date: /home/q/unitree_ws/unitree-go2-slam-toolbox/install/unitree_go2_nav_interfaces/local/lib/python3.10/dist-packages/unitree_go2_nav_interfaces/msg/_nav_to_pose.py
-- Up-to-date: /home/q/unitree_ws/unitree-go2-slam-toolbox/install/unitree_go2_nav_interfaces/local/lib/python3.10/dist-packages/unitree_go2_nav_interfaces/msg/__init__.py
-- Up-to-date: /home/q/unitree_ws/unitree-go2-slam-toolbox/install/unitree_go2_nav_interfaces/local/lib/python3.10/dist-packages/unitree_go2_nav_interfaces/msg/_nav_to_pose_s.c
-- Up-to-date: /home/q/unitree_ws/unitree-go2-slam-toolbox/install/unitree_go2_nav_interfaces/local/lib/python3.10/dist-packages/unitree_go2_nav_interfaces/unitree_go2_nav_interfaces_s__rosidl_typesupport_introspection_c.cpython-310-x86_64-linux-gnu.so
-- Up-to-date: /home/q/unitree_ws/unitree-go2-slam-toolbox/install/unitree_go2_nav_interfaces/local/lib/python3.10/dist-packages/unitree_go2_nav_interfaces/_unitree_go2_nav_interfaces_s.ep.rosidl_typesupport_introspection_c.c
-- Up-to-date: /home/q/unitree_ws/unitree-go2-slam-toolbox/install/unitree_go2_nav_interfaces/local/lib/python3.10/dist-packages/unitree_go2_nav_interfaces/__init__.py
-- Up-to-date: /home/q/unitree_ws/unitree-go2-slam-toolbox/install/unitree_go2_nav_interfaces/local/lib/python3.10/dist-packages/unitree_go2_nav_interfaces/unitree_go2_nav_interfaces_s__rosidl_typesupport_c.cpython-310-x86_64-linux-gnu.so
-- Up-to-date: /home/q/unitree_ws/unitree-go2-slam-toolbox/install/unitree_go2_nav_interfaces/local/lib/python3.10/dist-packages/unitree_go2_nav_interfaces/_unitree_go2_nav_interfaces_s.ep.rosidl_typesupport_fastrtps_c.c
-- Up-to-date: /home/q/unitree_ws/unitree-go2-slam-toolbox/install/unitree_go2_nav_interfaces/local/lib/python3.10/dist-packages/unitree_go2_nav_interfaces/_unitree_go2_nav_interfaces_s.ep.rosidl_typesupport_c.c
-- Up-to-date: /home/q/unitree_ws/unitree-go2-slam-toolbox/install/unitree_go2_nav_interfaces/local/lib/python3.10/dist-packages/unitree_go2_nav_interfaces/unitree_go2_nav_interfaces_s__rosidl_typesupport_fastrtps_c.cpython-310-x86_64-linux-gnu.so
-- Up-to-date: /home/q/unitree_ws/unitree-go2-slam-toolbox/install/unitree_go2_nav_interfaces/local/lib/python3.10/dist-packages/unitree_go2_nav_interfaces/libunitree_go2_nav_interfaces__rosidl_generator_py.so
Listing '/home/q/unitree_ws/unitree-go2-slam-toolbox/install/unitree_go2_nav_interfaces/local/lib/python3.10/dist-packages/unitree_go2_nav_interfaces'...
Listing '/home/q/unitree_ws/unitree-go2-slam-toolbox/install/unitree_go2_nav_interfaces/local/lib/python3.10/dist-packages/unitree_go2_nav_interfaces/msg'...
-- Up-to-date: /home/q/unitree_ws/unitree-go2-slam-toolbox/install/unitree_go2_nav_interfaces/local/lib/python3.10/dist-packages/unitree_go2_nav_interfaces/unitree_go2_nav_interfaces_s__rosidl_typesupport_fastrtps_c.cpython-310-x86_64-linux-gnu.so
-- Up-to-date: /home/q/unitree_ws/unitree-go2-slam-toolbox/install/unitree_go2_nav_interfaces/local/lib/python3.10/dist-packages/unitree_go2_nav_interfaces/unitree_go2_nav_interfaces_s__rosidl_typesupport_introspection_c.cpython-310-x86_64-linux-gnu.so
-- Up-to-date: /home/q/unitree_ws/unitree-go2-slam-toolbox/install/unitree_go2_nav_interfaces/local/lib/python3.10/dist-packages/unitree_go2_nav_interfaces/unitree_go2_nav_interfaces_s__rosidl_typesupport_c.cpython-310-x86_64-linux-gnu.so
-- Up-to-date: /home/q/unitree_ws/unitree-go2-slam-toolbox/install/unitree_go2_nav_interfaces/lib/libunitree_go2_nav_interfaces__rosidl_generator_py.so
-- Up-to-date: /home/q/unitree_ws/unitree-go2-slam-toolbox/install/unitree_go2_nav_interfaces/share/unitree_go2_nav_interfaces/msg/NavToPose.idl
-- Up-to-date: /home/q/unitree_ws/unitree-go2-slam-toolbox/install/unitree_go2_nav_interfaces/share/unitree_go2_nav_interfaces/msg/NavToPose.msg
-- Up-to-date: /home/q/unitree_ws/unitree-go2-slam-toolbox/install/unitree_go2_nav_interfaces/share/ament_index/resource_index/package_run_dependencies/unitree_go2_nav_interfaces
-- Up-to-date: /home/q/unitree_ws/unitree-go2-slam-toolbox/install/unitree_go2_nav_interfaces/share/ament_index/resource_index/parent_prefix_path/unitree_go2_nav_interfaces
-- Up-to-date: /home/q/unitree_ws/unitree-go2-slam-toolbox/install/unitree_go2_nav_interfaces/share/unitree_go2_nav_interfaces/environment/ament_prefix_path.sh
-- Up-to-date: /home/q/unitree_ws/unitree-go2-slam-toolbox/install/unitree_go2_nav_interfaces/share/unitree_go2_nav_interfaces/environment/ament_prefix_path.dsv
-- Up-to-date: /home/q/unitree_ws/unitree-go2-slam-toolbox/install/unitree_go2_nav_interfaces/share/unitree_go2_nav_interfaces/environment/path.sh
-- Up-to-date: /home/q/unitree_ws/unitree-go2-slam-toolbox/install/unitree_go2_nav_interfaces/share/unitree_go2_nav_interfaces/environment/path.dsv
-- Up-to-date: /home/q/unitree_ws/unitree-go2-slam-toolbox/install/unitree_go2_nav_interfaces/share/unitree_go2_nav_interfaces/local_setup.bash
-- Up-to-date: /home/q/unitree_ws/unitree-go2-slam-toolbox/install/unitree_go2_nav_interfaces/share/unitree_go2_nav_interfaces/local_setup.sh
-- Up-to-date: /home/q/unitree_ws/unitree-go2-slam-toolbox/install/unitree_go2_nav_interfaces/share/unitree_go2_nav_interfaces/local_setup.zsh
-- Up-to-date: /home/q/unitree_ws/unitree-go2-slam-toolbox/install/unitree_go2_nav_interfaces/share/unitree_go2_nav_interfaces/local_setup.dsv
-- Installing: /home/q/unitree_ws/unitree-go2-slam-toolbox/install/unitree_go2_nav_interfaces/share/unitree_go2_nav_interfaces/package.dsv
-- Up-to-date: /home/q/unitree_ws/unitree-go2-slam-toolbox/install/unitree_go2_nav_interfaces/share/ament_index/resource_index/packages/unitree_go2_nav_interfaces
-- Up-to-date: /home/q/unitree_ws/unitree-go2-slam-toolbox/install/unitree_go2_nav_interfaces/share/unitree_go2_nav_interfaces/cmake/export_unitree_go2_nav_interfaces__rosidl_generator_cExport.cmake
-- Up-to-date: /home/q/unitree_ws/unitree-go2-slam-toolbox/install/unitree_go2_nav_interfaces/share/unitree_go2_nav_interfaces/cmake/export_unitree_go2_nav_interfaces__rosidl_generator_cExport-noconfig.cmake
-- Up-to-date: /home/q/unitree_ws/unitree-go2-slam-toolbox/install/unitree_go2_nav_interfaces/share/unitree_go2_nav_interfaces/cmake/export_unitree_go2_nav_interfaces__rosidl_typesupport_fastrtps_cExport.cmake
-- Up-to-date: /home/q/unitree_ws/unitree-go2-slam-toolbox/install/unitree_go2_nav_interfaces/share/unitree_go2_nav_interfaces/cmake/export_unitree_go2_nav_interfaces__rosidl_typesupport_fastrtps_cExport-noconfig.cmake
-- Up-to-date: /home/q/unitree_ws/unitree-go2-slam-toolbox/install/unitree_go2_nav_interfaces/share/unitree_go2_nav_interfaces/cmake/export_unitree_go2_nav_interfaces__rosidl_generator_cppExport.cmake
-- Up-to-date: /home/q/unitree_ws/unitree-go2-slam-toolbox/install/unitree_go2_nav_interfaces/share/unitree_go2_nav_interfaces/cmake/export_unitree_go2_nav_interfaces__rosidl_typesupport_fastrtps_cppExport.cmake
-- Up-to-date: /home/q/unitree_ws/unitree-go2-slam-toolbox/install/unitree_go2_nav_interfaces/share/unitree_go2_nav_interfaces/cmake/export_unitree_go2_nav_interfaces__rosidl_typesupport_fastrtps_cppExport-noconfig.cmake
-- Up-to-date: /home/q/unitree_ws/unitree-go2-slam-toolbox/install/unitree_go2_nav_interfaces/share/unitree_go2_nav_interfaces/cmake/unitree_go2_nav_interfaces__rosidl_typesupport_introspection_cExport.cmake
-- Up-to-date: /home/q/unitree_ws/unitree-go2-slam-toolbox/install/unitree_go2_nav_interfaces/share/unitree_go2_nav_interfaces/cmake/unitree_go2_nav_interfaces__rosidl_typesupport_introspection_cExport-noconfig.cmake
-- Up-to-date: /home/q/unitree_ws/unitree-go2-slam-toolbox/install/unitree_go2_nav_interfaces/share/unitree_go2_nav_interfaces/cmake/unitree_go2_nav_interfaces__rosidl_typesupport_cExport.cmake
-- Up-to-date: /home/q/unitree_ws/unitree-go2-slam-toolbox/install/unitree_go2_nav_interfaces/share/unitree_go2_nav_interfaces/cmake/unitree_go2_nav_interfaces__rosidl_typesupport_cExport-noconfig.cmake
-- Up-to-date: /home/q/unitree_ws/unitree-go2-slam-toolbox/install/unitree_go2_nav_interfaces/share/unitree_go2_nav_interfaces/cmake/unitree_go2_nav_interfaces__rosidl_typesupport_introspection_cppExport.cmake
-- Up-to-date: /home/q/unitree_ws/unitree-go2-slam-toolbox/install/unitree_go2_nav_interfaces/share/unitree_go2_nav_interfaces/cmake/unitree_go2_nav_interfaces__rosidl_typesupport_introspection_cppExport-noconfig.cmake
-- Up-to-date: /home/q/unitree_ws/unitree-go2-slam-toolbox/install/unitree_go2_nav_interfaces/share/unitree_go2_nav_interfaces/cmake/unitree_go2_nav_interfaces__rosidl_typesupport_cppExport.cmake
-- Up-to-date: /home/q/unitree_ws/unitree-go2-slam-toolbox/install/unitree_go2_nav_interfaces/share/unitree_go2_nav_interfaces/cmake/unitree_go2_nav_interfaces__rosidl_typesupport_cppExport-noconfig.cmake
-- Up-to-date: /home/q/unitree_ws/unitree-go2-slam-toolbox/install/unitree_go2_nav_interfaces/share/unitree_go2_nav_interfaces/cmake/export_unitree_go2_nav_interfaces__rosidl_generator_pyExport.cmake
-- Up-to-date: /home/q/unitree_ws/unitree-go2-slam-toolbox/install/unitree_go2_nav_interfaces/share/unitree_go2_nav_interfaces/cmake/export_unitree_go2_nav_interfaces__rosidl_generator_pyExport-noconfig.cmake
-- Up-to-date: /home/q/unitree_ws/unitree-go2-slam-toolbox/install/unitree_go2_nav_interfaces/share/unitree_go2_nav_interfaces/cmake/ament_cmake_export_dependencies-extras.cmake
-- Up-to-date: /home/q/unitree_ws/unitree-go2-slam-toolbox/install/unitree_go2_nav_interfaces/share/unitree_go2_nav_interfaces/cmake/rosidl_cmake-extras.cmake
-- Up-to-date: /home/q/unitree_ws/unitree-go2-slam-toolbox/install/unitree_go2_nav_interfaces/share/unitree_go2_nav_interfaces/cmake/ament_cmake_export_include_directories-extras.cmake
-- Up-to-date: /home/q/unitree_ws/unitree-go2-slam-toolbox/install/unitree_go2_nav_interfaces/share/unitree_go2_nav_interfaces/cmake/ament_cmake_export_libraries-extras.cmake
-- Up-to-date: /home/q/unitree_ws/unitree-go2-slam-toolbox/install/unitree_go2_nav_interfaces/share/unitree_go2_nav_interfaces/cmake/ament_cmake_export_targets-extras.cmake
-- Up-to-date: /home/q/unitree_ws/unitree-go2-slam-toolbox/install/unitree_go2_nav_interfaces/share/unitree_go2_nav_interfaces/cmake/rosidl_cmake_export_typesupport_targets-extras.cmake
-- Up-to-date: /home/q/unitree_ws/unitree-go2-slam-toolbox/install/unitree_go2_nav_interfaces/share/unitree_go2_nav_interfaces/cmake/rosidl_cmake_export_typesupport_libraries-extras.cmake
-- Up-to-date: /home/q/unitree_ws/unitree-go2-slam-toolbox/install/unitree_go2_nav_interfaces/share/unitree_go2_nav_interfaces/cmake/unitree_go2_nav_interfacesConfig.cmake
-- Up-to-date: /home/q/unitree_ws/unitree-go2-slam-toolbox/install/unitree_go2_nav_interfaces/share/unitree_go2_nav_interfaces/cmake/unitree_go2_nav_interfacesConfig-version.cmake
-- Up-to-date: /home/q/unitree_ws/unitree-go2-slam-toolbox/install/unitree_go2_nav_interfaces/share/unitree_go2_nav_interfaces/package.xml
