-- Found ament_cmake: 1.3.12 (/opt/ros/humble/share/ament_cmake/cmake)
-- Found unitree_go: 0.0.0 (/home/q/unitree_ws/unitree_ros2/install/unitree_go/share/unitree_go/cmake)
-- Found rosidl_generator_c: 3.1.7 (/opt/ros/humble/share/rosidl_generator_c/cmake)
-- Found rosidl_adapter: 3.1.7 (/opt/ros/humble/share/rosidl_adapter/cmake)
-- Found rosidl_generator_cpp: 3.1.7 (/opt/ros/humble/share/rosidl_generator_cpp/cmake)
-- Using all available rosidl_typesupport_c: rosidl_typesupport_fastrtps_c;rosidl_typesupport_introspection_c
-- Using all available rosidl_typesupport_cpp: rosidl_typesupport_fastrtps_cpp;rosidl_typesupport_introspection_cpp
-- Found unitree_hg: 0.0.0 (/home/q/unitree_ws/unitree_ros2/install/unitree_hg/share/unitree_hg/cmake)
-- Found unitree_api: 0.0.0 (/home/q/unitree_ws/unitree_ros2/install/unitree_api/share/unitree_api/cmake)
-- Found rclcpp: 16.0.16 (/opt/ros/humble/share/rclcpp/cmake)
-- Found rmw_implementation_cmake: 6.1.2 (/opt/ros/humble/share/rmw_implementation_cmake/cmake)
-- Found rmw_fastrtps_cpp: 6.2.9 (/opt/ros/humble/share/rmw_fastrtps_cpp/cmake)
-- Using RMW implementation 'rmw_fastrtps_cpp' as default
-- Found rosbag2_cpp: 0.15.15 (/opt/ros/humble/share/rosbag2_cpp/cmake)
-- Found unitree_go2_nav_interfaces: 0.0.0 (/home/q/unitree_ws/unitree-go2-slam-toolbox/install/unitree_go2_nav_interfaces/share/unitree_go2_nav_interfaces/cmake)
-- Found ament_lint_auto: 0.12.14 (/opt/ros/humble/share/ament_lint_auto/cmake)
-- Added test 'cppcheck' to perform static code analysis on C / C++ code
-- Configured cppcheck include dirs: /home/q/unitree_ws/unitree-go2-slam-toolbox/src/high_level_control/include;/home/q/unitree_ws/unitree-go2-slam-toolbox/src/high_level_control/include/common
-- Configured cppcheck exclude dirs and/or files: 
-- Added test 'lint_cmake' to check CMake code style
-- Added test 'uncrustify' to check C / C++ code style
-- Configured uncrustify additional arguments: 
-- Added test 'xmllint' to check XML markup files
-- Configuring done
-- Generating done
-- Build files have been written to: /home/q/unitree_ws/unitree-go2-slam-toolbox/build/high_level_control
[ 33%] [32mBuilding CXX object CMakeFiles/high_level_ctrl.dir/src/common/ros2_sport_client.cpp.o[0m
[ 66%] [32mBuilding CXX object CMakeFiles/high_level_ctrl.dir/src/high_level_ctrl.cpp.o[0m
[01m[K/home/q/unitree_ws/unitree-go2-slam-toolbox/src/high_level_control/src/high_level_ctrl.cpp:[m[K In constructor ‘[01m[Khigh_level_ctrl::high_level_ctrl()[m[K’:
[01m[K/home/q/unitree_ws/unitree-go2-slam-toolbox/src/high_level_control/src/high_level_ctrl.cpp:21:47:[m[K [01;31m[Kerror: [m[Kno matching function for call to ‘[01m[KSportClient::SportClient()[m[K’
   21 |     high_level_ctrl() : Node("high_level_ctrl"[01;31m[K)[m[K
      |                                               [01;31m[K^[m[K
In file included from [01m[K/home/q/unitree_ws/unitree-go2-slam-toolbox/src/high_level_control/src/high_level_ctrl.cpp:12[m[K:
[01m[K/home/q/unitree_ws/unitree-go2-slam-toolbox/src/high_level_control/include/common/ros2_sport_client.h:71:12:[m[K [01;36m[Knote: [m[Kcandidate: ‘[01m[KSportClient::SportClient(rclcpp::Node*)[m[K’
   71 |   explicit [01;36m[KSportClient[m[K(rclcpp::Node *node) : node_(node) {
      |            [01;36m[K^~~~~~~~~~~[m[K
[01m[K/home/q/unitree_ws/unitree-go2-slam-toolbox/src/high_level_control/include/common/ros2_sport_client.h:71:12:[m[K [01;36m[Knote: [m[K  candidate expects 1 argument, 0 provided
[01m[K/home/q/unitree_ws/unitree-go2-slam-toolbox/src/high_level_control/include/common/ros2_sport_client.h:65:7:[m[K [01;36m[Knote: [m[Kcandidate: ‘[01m[KSportClient::SportClient(const SportClient&)[m[K’
   65 | class [01;36m[KSportClient[m[K {
      |       [01;36m[K^~~~~~~~~~~[m[K
[01m[K/home/q/unitree_ws/unitree-go2-slam-toolbox/src/high_level_control/include/common/ros2_sport_client.h:65:7:[m[K [01;36m[Knote: [m[K  candidate expects 1 argument, 0 provided
[01m[K/home/q/unitree_ws/unitree-go2-slam-toolbox/src/high_level_control/include/common/ros2_sport_client.h:65:7:[m[K [01;36m[Knote: [m[Kcandidate: ‘[01m[KSportClient::SportClient(SportClient&&)[m[K’
[01m[K/home/q/unitree_ws/unitree-go2-slam-toolbox/src/high_level_control/include/common/ros2_sport_client.h:65:7:[m[K [01;36m[Knote: [m[K  candidate expects 1 argument, 0 provided
gmake[2]: *** [CMakeFiles/high_level_ctrl.dir/build.make:76: CMakeFiles/high_level_ctrl.dir/src/high_level_ctrl.cpp.o] Error 1
gmake[2]: *** Waiting for unfinished jobs....
gmake[1]: *** [CMakeFiles/Makefile2:137: CMakeFiles/high_level_ctrl.dir/all] Error 2
gmake: *** [Makefile:146: all] Error 2
