[0.008s] Invoking command in '/home/q/unitree_ws/unitree-go2-slam-toolbox/build/go2_navigation2': CMAKE_PREFIX_PATH=${CMAKE_PREFIX_PATH}:/home/q/ws_moveit2/install/moveit_configs_utils:/home/q/ws_moveit2/install/launch_param_builder:/opt/ros/humble /usr/bin/cmake /home/q/unitree_ws/unitree-go2-slam-toolbox/src/go2_navigation2 -DCMAKE_INSTALL_PREFIX=/home/q/unitree_ws/unitree-go2-slam-toolbox/install/go2_navigation2
[0.020s] -- Found ament_cmake: 1.3.12 (/opt/ros/humble/share/ament_cmake/cmake)
[0.098s] -- Found rclcpp: 16.0.16 (/opt/ros/humble/share/rclcpp/cmake)
[0.116s] -- Found rosidl_generator_c: 3.1.7 (/opt/ros/humble/share/rosidl_generator_c/cmake)
[0.118s] -- Found rosidl_adapter: 3.1.7 (/opt/ros/humble/share/rosidl_adapter/cmake)
[0.121s] -- Found rosidl_generator_cpp: 3.1.7 (/opt/ros/humble/share/rosidl_generator_cpp/cmake)
[0.127s] -- Using all available rosidl_typesupport_c: rosidl_typesupport_fastrtps_c;rosidl_typesupport_introspection_c
[0.135s] -- Using all available rosidl_typesupport_cpp: rosidl_typesupport_fastrtps_cpp;rosidl_typesupport_introspection_cpp
[0.154s] -- Found rmw_implementation_cmake: 6.1.2 (/opt/ros/humble/share/rmw_implementation_cmake/cmake)
[0.156s] -- Found rmw_fastrtps_cpp: 6.2.9 (/opt/ros/humble/share/rmw_fastrtps_cpp/cmake)
[0.236s] -- Using RMW implementation 'rmw_fastrtps_cpp' as default
[0.262s] -- Found rclcpp_action: 16.0.16 (/opt/ros/humble/share/rclcpp_action/cmake)
[0.278s] -- Found std_srvs: 4.9.0 (/opt/ros/humble/share/std_srvs/cmake)
[0.282s] -- Found geometry_msgs: 4.9.0 (/opt/ros/humble/share/geometry_msgs/cmake)
[0.289s] -- Found tf2: 0.25.17 (/opt/ros/humble/share/tf2/cmake)
[0.290s] -- Found tf2_geometry_msgs: 0.25.17 (/opt/ros/humble/share/tf2_geometry_msgs/cmake)
[0.292s] -- Found eigen3_cmake_module: 0.1.1 (/opt/ros/humble/share/eigen3_cmake_module/cmake)
[0.293s] -- Ensuring Eigen3 include directory is part of orocos-kdl CMake target
[0.324s] -- Found nav2_msgs: 1.1.20 (/opt/ros/humble/share/nav2_msgs/cmake)
[0.345s] -- Found sensor_msgs: 4.9.0 (/opt/ros/humble/share/sensor_msgs/cmake)
[0.363s] [31mCMake Error at CMakeLists.txt:19 (find_package):
[0.363s]   By not providing "Findunitree_go2_nav_interfaces.cmake" in
[0.363s]   CMAKE_MODULE_PATH this project has asked CMake to find a package
[0.363s]   configuration file provided by "unitree_go2_nav_interfaces", but CMake did
[0.363s]   not find one.
[0.363s] 
[0.364s]   Could not find a package configuration file provided by
[0.364s]   "unitree_go2_nav_interfaces" with any of the following names:
[0.364s] 
[0.364s]     unitree_go2_nav_interfacesConfig.cmake
[0.364s]     unitree_go2_nav_interfaces-config.cmake
[0.364s] 
[0.364s]   Add the installation prefix of "unitree_go2_nav_interfaces" to
[0.364s]   CMAKE_PREFIX_PATH or set "unitree_go2_nav_interfaces_DIR" to a directory
[0.364s]   containing one of the above files.  If "unitree_go2_nav_interfaces"
[0.364s]   provides a separate development package or SDK, be sure it has been
[0.364s]   installed.
[0.364s] 
[0.364s] [0m
[0.364s] -- Configuring incomplete, errors occurred!
[0.364s] See also "/home/q/unitree_ws/unitree-go2-slam-toolbox/build/go2_navigation2/CMakeFiles/CMakeOutput.log".
[0.368s] Invoked command in '/home/q/unitree_ws/unitree-go2-slam-toolbox/build/go2_navigation2' returned '1': CMAKE_PREFIX_PATH=${CMAKE_PREFIX_PATH}:/home/q/ws_moveit2/install/moveit_configs_utils:/home/q/ws_moveit2/install/launch_param_builder:/opt/ros/humble /usr/bin/cmake /home/q/unitree_ws/unitree-go2-slam-toolbox/src/go2_navigation2 -DCMAKE_INSTALL_PREFIX=/home/q/unitree_ws/unitree-go2-slam-toolbox/install/go2_navigation2
