[0.072s] DEBUG:colcon:Command line arguments: ['/usr/bin/colcon', 'build', '--packages-select', 'unitree_go2_nav_interfaces']
[0.072s] DEBUG:colcon:Parsed command line arguments: Namespace(log_base=None, log_level=None, verb_name='build', build_base='build', install_base='install', merge_install=False, symlink_install=False, test_result_base=None, continue_on_error=False, executor='parallel', parallel_workers=20, event_handlers=None, ignore_user_meta=False, metas=['./colcon.meta'], base_paths=['.'], packages_ignore=None, packages_ignore_regex=None, paths=None, packages_up_to=None, packages_up_to_regex=None, packages_above=None, packages_above_and_dependencies=None, packages_above_depth=None, packages_select_by_dep=None, packages_skip_by_dep=None, packages_skip_up_to=None, packages_select_build_failed=False, packages_skip_build_finished=False, packages_select_test_failures=False, packages_skip_test_passed=False, packages_select=['unitree_go2_nav_interfaces'], packages_skip=None, packages_select_regex=None, packages_skip_regex=None, packages_start=None, packages_end=None, allow_overriding=[], cmake_args=None, cmake_target=None, cmake_target_skip_unavailable=False, cmake_clean_cache=False, cmake_clean_first=False, cmake_force_configure=False, ament_cmake_args=None, catkin_cmake_args=None, catkin_skip_building_tests=False, mixin_files=None, mixin=None, verb_parser=<colcon_mixin.mixin.mixin_argument.MixinArgumentDecorator object at 0x7ddfb66be5f0>, verb_extension=<colcon_core.verb.build.BuildVerb object at 0x7ddfb66be140>, main=<bound method BuildVerb.main of <colcon_core.verb.build.BuildVerb object at 0x7ddfb66be140>>, mixin_verb=('build',))
[0.181s] Level 1:colcon.colcon_core.package_discovery:discover_packages(colcon_meta) check parameters
[0.181s] Level 1:colcon.colcon_core.package_discovery:discover_packages(recursive) check parameters
[0.181s] Level 1:colcon.colcon_core.package_discovery:discover_packages(ignore) check parameters
[0.181s] Level 1:colcon.colcon_core.package_discovery:discover_packages(path) check parameters
[0.181s] Level 1:colcon.colcon_core.package_discovery:discover_packages(colcon_meta) discover
[0.181s] Level 1:colcon.colcon_core.package_discovery:discover_packages(recursive) discover
[0.181s] INFO:colcon.colcon_core.package_discovery:Crawling recursively for packages in '/home/q/unitree_ws/unitree-go2-slam-toolbox'
[0.181s] Level 1:colcon.colcon_core.package_identification:_identify(.) by extensions ['ignore', 'ignore_ament_install']
[0.181s] Level 1:colcon.colcon_core.package_identification:_identify(.) by extension 'ignore'
[0.181s] Level 1:colcon.colcon_core.package_identification:_identify(.) by extension 'ignore_ament_install'
[0.181s] Level 1:colcon.colcon_core.package_identification:_identify(.) by extensions ['colcon_pkg']
[0.181s] Level 1:colcon.colcon_core.package_identification:_identify(.) by extension 'colcon_pkg'
[0.181s] Level 1:colcon.colcon_core.package_identification:_identify(.) by extensions ['colcon_meta']
[0.182s] Level 1:colcon.colcon_core.package_identification:_identify(.) by extension 'colcon_meta'
[0.182s] Level 1:colcon.colcon_core.package_identification:_identify(.) by extensions ['ros']
[0.182s] Level 1:colcon.colcon_core.package_identification:_identify(.) by extension 'ros'
[0.188s] Level 1:colcon.colcon_core.package_identification:_identify(.) by extensions ['cmake', 'python']
[0.188s] Level 1:colcon.colcon_core.package_identification:_identify(.) by extension 'cmake'
[0.188s] Level 1:colcon.colcon_core.package_identification:_identify(.) by extension 'python'
[0.188s] Level 1:colcon.colcon_core.package_identification:_identify(.) by extensions ['python_setup_py']
[0.188s] Level 1:colcon.colcon_core.package_identification:_identify(.) by extension 'python_setup_py'
[0.188s] Level 1:colcon.colcon_core.package_identification:_identify(build) by extensions ['ignore', 'ignore_ament_install']
[0.188s] Level 1:colcon.colcon_core.package_identification:_identify(build) by extension 'ignore'
[0.188s] Level 1:colcon.colcon_core.package_identification:_identify(build) ignored
[0.188s] Level 1:colcon.colcon_core.package_identification:_identify(install) by extensions ['ignore', 'ignore_ament_install']
[0.188s] Level 1:colcon.colcon_core.package_identification:_identify(install) by extension 'ignore'
[0.188s] Level 1:colcon.colcon_core.package_identification:_identify(install) ignored
[0.188s] Level 1:colcon.colcon_core.package_identification:_identify(log) by extensions ['ignore', 'ignore_ament_install']
[0.188s] Level 1:colcon.colcon_core.package_identification:_identify(log) by extension 'ignore'
[0.188s] Level 1:colcon.colcon_core.package_identification:_identify(log) ignored
[0.188s] Level 1:colcon.colcon_core.package_identification:_identify(src) by extensions ['ignore', 'ignore_ament_install']
[0.188s] Level 1:colcon.colcon_core.package_identification:_identify(src) by extension 'ignore'
[0.188s] Level 1:colcon.colcon_core.package_identification:_identify(src) by extension 'ignore_ament_install'
[0.188s] Level 1:colcon.colcon_core.package_identification:_identify(src) by extensions ['colcon_pkg']
[0.188s] Level 1:colcon.colcon_core.package_identification:_identify(src) by extension 'colcon_pkg'
[0.188s] Level 1:colcon.colcon_core.package_identification:_identify(src) by extensions ['colcon_meta']
[0.188s] Level 1:colcon.colcon_core.package_identification:_identify(src) by extension 'colcon_meta'
[0.188s] Level 1:colcon.colcon_core.package_identification:_identify(src) by extensions ['ros']
[0.188s] Level 1:colcon.colcon_core.package_identification:_identify(src) by extension 'ros'
[0.188s] Level 1:colcon.colcon_core.package_identification:_identify(src) by extensions ['cmake', 'python']
[0.188s] Level 1:colcon.colcon_core.package_identification:_identify(src) by extension 'cmake'
[0.188s] Level 1:colcon.colcon_core.package_identification:_identify(src) by extension 'python'
[0.188s] Level 1:colcon.colcon_core.package_identification:_identify(src) by extensions ['python_setup_py']
[0.188s] Level 1:colcon.colcon_core.package_identification:_identify(src) by extension 'python_setup_py'
[0.188s] Level 1:colcon.colcon_core.package_identification:_identify(src/base) by extensions ['ignore', 'ignore_ament_install']
[0.188s] Level 1:colcon.colcon_core.package_identification:_identify(src/base) by extension 'ignore'
[0.188s] Level 1:colcon.colcon_core.package_identification:_identify(src/base) by extension 'ignore_ament_install'
[0.188s] Level 1:colcon.colcon_core.package_identification:_identify(src/base) by extensions ['colcon_pkg']
[0.188s] Level 1:colcon.colcon_core.package_identification:_identify(src/base) by extension 'colcon_pkg'
[0.188s] Level 1:colcon.colcon_core.package_identification:_identify(src/base) by extensions ['colcon_meta']
[0.188s] Level 1:colcon.colcon_core.package_identification:_identify(src/base) by extension 'colcon_meta'
[0.189s] Level 1:colcon.colcon_core.package_identification:_identify(src/base) by extensions ['ros']
[0.189s] Level 1:colcon.colcon_core.package_identification:_identify(src/base) by extension 'ros'
[0.189s] Level 1:colcon.colcon_core.package_identification:_identify(src/base) by extensions ['cmake', 'python']
[0.189s] Level 1:colcon.colcon_core.package_identification:_identify(src/base) by extension 'cmake'
[0.189s] Level 1:colcon.colcon_core.package_identification:_identify(src/base) by extension 'python'
[0.189s] Level 1:colcon.colcon_core.package_identification:_identify(src/base) by extensions ['python_setup_py']
[0.189s] Level 1:colcon.colcon_core.package_identification:_identify(src/base) by extension 'python_setup_py'
[0.189s] Level 1:colcon.colcon_core.package_identification:_identify(src/base/go2_core) by extensions ['ignore', 'ignore_ament_install']
[0.189s] Level 1:colcon.colcon_core.package_identification:_identify(src/base/go2_core) by extension 'ignore'
[0.189s] Level 1:colcon.colcon_core.package_identification:_identify(src/base/go2_core) by extension 'ignore_ament_install'
[0.189s] Level 1:colcon.colcon_core.package_identification:_identify(src/base/go2_core) by extensions ['colcon_pkg']
[0.189s] Level 1:colcon.colcon_core.package_identification:_identify(src/base/go2_core) by extension 'colcon_pkg'
[0.189s] Level 1:colcon.colcon_core.package_identification:_identify(src/base/go2_core) by extensions ['colcon_meta']
[0.189s] Level 1:colcon.colcon_core.package_identification:_identify(src/base/go2_core) by extension 'colcon_meta'
[0.189s] Level 1:colcon.colcon_core.package_identification:_identify(src/base/go2_core) by extensions ['ros']
[0.189s] Level 1:colcon.colcon_core.package_identification:_identify(src/base/go2_core) by extension 'ros'
[0.190s] DEBUG:colcon.colcon_core.package_identification:Package 'src/base/go2_core' with type 'ros.ament_cmake' and name 'go2_core'
[0.190s] Level 1:colcon.colcon_core.package_identification:_identify(src/base/go2_driver) by extensions ['ignore', 'ignore_ament_install']
[0.190s] Level 1:colcon.colcon_core.package_identification:_identify(src/base/go2_driver) by extension 'ignore'
[0.191s] Level 1:colcon.colcon_core.package_identification:_identify(src/base/go2_driver) by extension 'ignore_ament_install'
[0.191s] Level 1:colcon.colcon_core.package_identification:_identify(src/base/go2_driver) by extensions ['colcon_pkg']
[0.191s] Level 1:colcon.colcon_core.package_identification:_identify(src/base/go2_driver) by extension 'colcon_pkg'
[0.191s] Level 1:colcon.colcon_core.package_identification:_identify(src/base/go2_driver) by extensions ['colcon_meta']
[0.191s] Level 1:colcon.colcon_core.package_identification:_identify(src/base/go2_driver) by extension 'colcon_meta'
[0.191s] Level 1:colcon.colcon_core.package_identification:_identify(src/base/go2_driver) by extensions ['ros']
[0.191s] Level 1:colcon.colcon_core.package_identification:_identify(src/base/go2_driver) by extension 'ros'
[0.191s] DEBUG:colcon.colcon_core.package_identification:Package 'src/base/go2_driver' with type 'ros.ament_cmake' and name 'go2_driver'
[0.191s] Level 1:colcon.colcon_core.package_identification:_identify(src/base/go2_twist_bridge) by extensions ['ignore', 'ignore_ament_install']
[0.191s] Level 1:colcon.colcon_core.package_identification:_identify(src/base/go2_twist_bridge) by extension 'ignore'
[0.191s] Level 1:colcon.colcon_core.package_identification:_identify(src/base/go2_twist_bridge) by extension 'ignore_ament_install'
[0.191s] Level 1:colcon.colcon_core.package_identification:_identify(src/base/go2_twist_bridge) by extensions ['colcon_pkg']
[0.191s] Level 1:colcon.colcon_core.package_identification:_identify(src/base/go2_twist_bridge) by extension 'colcon_pkg'
[0.191s] Level 1:colcon.colcon_core.package_identification:_identify(src/base/go2_twist_bridge) by extensions ['colcon_meta']
[0.191s] Level 1:colcon.colcon_core.package_identification:_identify(src/base/go2_twist_bridge) by extension 'colcon_meta'
[0.191s] Level 1:colcon.colcon_core.package_identification:_identify(src/base/go2_twist_bridge) by extensions ['ros']
[0.191s] Level 1:colcon.colcon_core.package_identification:_identify(src/base/go2_twist_bridge) by extension 'ros'
[0.192s] DEBUG:colcon.colcon_core.package_identification:Package 'src/base/go2_twist_bridge' with type 'ros.ament_cmake' and name 'go2_twist_bridge'
[0.192s] Level 1:colcon.colcon_core.package_identification:_identify(src/go2_description) by extensions ['ignore', 'ignore_ament_install']
[0.192s] Level 1:colcon.colcon_core.package_identification:_identify(src/go2_description) by extension 'ignore'
[0.192s] Level 1:colcon.colcon_core.package_identification:_identify(src/go2_description) by extension 'ignore_ament_install'
[0.192s] Level 1:colcon.colcon_core.package_identification:_identify(src/go2_description) by extensions ['colcon_pkg']
[0.192s] Level 1:colcon.colcon_core.package_identification:_identify(src/go2_description) by extension 'colcon_pkg'
[0.192s] Level 1:colcon.colcon_core.package_identification:_identify(src/go2_description) by extensions ['colcon_meta']
[0.192s] Level 1:colcon.colcon_core.package_identification:_identify(src/go2_description) by extension 'colcon_meta'
[0.192s] Level 1:colcon.colcon_core.package_identification:_identify(src/go2_description) by extensions ['ros']
[0.192s] Level 1:colcon.colcon_core.package_identification:_identify(src/go2_description) by extension 'ros'
[0.192s] DEBUG:colcon.colcon_core.package_identification:Package 'src/go2_description' with type 'ros.ament_cmake' and name 'go2_description'
[0.192s] Level 1:colcon.colcon_core.package_identification:_identify(src/go2_navigation2) by extensions ['ignore', 'ignore_ament_install']
[0.192s] Level 1:colcon.colcon_core.package_identification:_identify(src/go2_navigation2) by extension 'ignore'
[0.192s] Level 1:colcon.colcon_core.package_identification:_identify(src/go2_navigation2) by extension 'ignore_ament_install'
[0.192s] Level 1:colcon.colcon_core.package_identification:_identify(src/go2_navigation2) by extensions ['colcon_pkg']
[0.192s] Level 1:colcon.colcon_core.package_identification:_identify(src/go2_navigation2) by extension 'colcon_pkg'
[0.192s] Level 1:colcon.colcon_core.package_identification:_identify(src/go2_navigation2) by extensions ['colcon_meta']
[0.192s] Level 1:colcon.colcon_core.package_identification:_identify(src/go2_navigation2) by extension 'colcon_meta'
[0.192s] Level 1:colcon.colcon_core.package_identification:_identify(src/go2_navigation2) by extensions ['ros']
[0.192s] Level 1:colcon.colcon_core.package_identification:_identify(src/go2_navigation2) by extension 'ros'
[0.193s] DEBUG:colcon.colcon_core.package_identification:Package 'src/go2_navigation2' with type 'ros.ament_cmake' and name 'go2_navigation2'
[0.193s] Level 1:colcon.colcon_core.package_identification:_identify(src/go2_perception) by extensions ['ignore', 'ignore_ament_install']
[0.193s] Level 1:colcon.colcon_core.package_identification:_identify(src/go2_perception) by extension 'ignore'
[0.193s] Level 1:colcon.colcon_core.package_identification:_identify(src/go2_perception) by extension 'ignore_ament_install'
[0.193s] Level 1:colcon.colcon_core.package_identification:_identify(src/go2_perception) by extensions ['colcon_pkg']
[0.193s] Level 1:colcon.colcon_core.package_identification:_identify(src/go2_perception) by extension 'colcon_pkg'
[0.193s] Level 1:colcon.colcon_core.package_identification:_identify(src/go2_perception) by extensions ['colcon_meta']
[0.193s] Level 1:colcon.colcon_core.package_identification:_identify(src/go2_perception) by extension 'colcon_meta'
[0.193s] Level 1:colcon.colcon_core.package_identification:_identify(src/go2_perception) by extensions ['ros']
[0.193s] Level 1:colcon.colcon_core.package_identification:_identify(src/go2_perception) by extension 'ros'
[0.194s] DEBUG:colcon.colcon_core.package_identification:Package 'src/go2_perception' with type 'ros.ament_cmake' and name 'go2_perception'
[0.194s] Level 1:colcon.colcon_core.package_identification:_identify(src/go2_slam) by extensions ['ignore', 'ignore_ament_install']
[0.194s] Level 1:colcon.colcon_core.package_identification:_identify(src/go2_slam) by extension 'ignore'
[0.194s] Level 1:colcon.colcon_core.package_identification:_identify(src/go2_slam) by extension 'ignore_ament_install'
[0.194s] Level 1:colcon.colcon_core.package_identification:_identify(src/go2_slam) by extensions ['colcon_pkg']
[0.194s] Level 1:colcon.colcon_core.package_identification:_identify(src/go2_slam) by extension 'colcon_pkg'
[0.194s] Level 1:colcon.colcon_core.package_identification:_identify(src/go2_slam) by extensions ['colcon_meta']
[0.194s] Level 1:colcon.colcon_core.package_identification:_identify(src/go2_slam) by extension 'colcon_meta'
[0.194s] Level 1:colcon.colcon_core.package_identification:_identify(src/go2_slam) by extensions ['ros']
[0.194s] Level 1:colcon.colcon_core.package_identification:_identify(src/go2_slam) by extension 'ros'
[0.194s] DEBUG:colcon.colcon_core.package_identification:Package 'src/go2_slam' with type 'ros.ament_cmake' and name 'go2_slam'
[0.194s] Level 1:colcon.colcon_core.package_identification:_identify(src/high_level_control) by extensions ['ignore', 'ignore_ament_install']
[0.194s] Level 1:colcon.colcon_core.package_identification:_identify(src/high_level_control) by extension 'ignore'
[0.194s] Level 1:colcon.colcon_core.package_identification:_identify(src/high_level_control) by extension 'ignore_ament_install'
[0.194s] Level 1:colcon.colcon_core.package_identification:_identify(src/high_level_control) by extensions ['colcon_pkg']
[0.194s] Level 1:colcon.colcon_core.package_identification:_identify(src/high_level_control) by extension 'colcon_pkg'
[0.194s] Level 1:colcon.colcon_core.package_identification:_identify(src/high_level_control) by extensions ['colcon_meta']
[0.194s] Level 1:colcon.colcon_core.package_identification:_identify(src/high_level_control) by extension 'colcon_meta'
[0.195s] Level 1:colcon.colcon_core.package_identification:_identify(src/high_level_control) by extensions ['ros']
[0.195s] Level 1:colcon.colcon_core.package_identification:_identify(src/high_level_control) by extension 'ros'
[0.195s] DEBUG:colcon.colcon_core.package_identification:Package 'src/high_level_control' with type 'ros.ament_cmake' and name 'high_level_control'
[0.195s] Level 1:colcon.colcon_core.package_identification:_identify(unitree_go2_nav_interfaces) by extensions ['ignore', 'ignore_ament_install']
[0.195s] Level 1:colcon.colcon_core.package_identification:_identify(unitree_go2_nav_interfaces) by extension 'ignore'
[0.195s] Level 1:colcon.colcon_core.package_identification:_identify(unitree_go2_nav_interfaces) by extension 'ignore_ament_install'
[0.195s] Level 1:colcon.colcon_core.package_identification:_identify(unitree_go2_nav_interfaces) by extensions ['colcon_pkg']
[0.195s] Level 1:colcon.colcon_core.package_identification:_identify(unitree_go2_nav_interfaces) by extension 'colcon_pkg'
[0.195s] Level 1:colcon.colcon_core.package_identification:_identify(unitree_go2_nav_interfaces) by extensions ['colcon_meta']
[0.195s] Level 1:colcon.colcon_core.package_identification:_identify(unitree_go2_nav_interfaces) by extension 'colcon_meta'
[0.195s] Level 1:colcon.colcon_core.package_identification:_identify(unitree_go2_nav_interfaces) by extensions ['ros']
[0.195s] Level 1:colcon.colcon_core.package_identification:_identify(unitree_go2_nav_interfaces) by extension 'ros'
[0.195s] DEBUG:colcon.colcon_core.package_identification:Package 'unitree_go2_nav_interfaces' with type 'ros.ament_cmake' and name 'unitree_go2_nav_interfaces'
[0.195s] Level 1:colcon.colcon_core.package_discovery:discover_packages(recursive) using defaults
[0.195s] Level 1:colcon.colcon_core.package_discovery:discover_packages(ignore) discover
[0.195s] Level 1:colcon.colcon_core.package_discovery:discover_packages(ignore) using defaults
[0.195s] Level 1:colcon.colcon_core.package_discovery:discover_packages(path) discover
[0.195s] Level 1:colcon.colcon_core.package_discovery:discover_packages(path) using defaults
[0.206s] INFO:colcon.colcon_core.package_selection:Skipping not selected package 'go2_core' in 'src/base/go2_core'
[0.206s] INFO:colcon.colcon_core.package_selection:Skipping not selected package 'go2_description' in 'src/go2_description'
[0.206s] INFO:colcon.colcon_core.package_selection:Skipping not selected package 'go2_driver' in 'src/base/go2_driver'
[0.206s] INFO:colcon.colcon_core.package_selection:Skipping not selected package 'go2_navigation2' in 'src/go2_navigation2'
[0.206s] INFO:colcon.colcon_core.package_selection:Skipping not selected package 'go2_perception' in 'src/go2_perception'
[0.206s] INFO:colcon.colcon_core.package_selection:Skipping not selected package 'go2_slam' in 'src/go2_slam'
[0.206s] INFO:colcon.colcon_core.package_selection:Skipping not selected package 'go2_twist_bridge' in 'src/base/go2_twist_bridge'
[0.206s] INFO:colcon.colcon_core.package_selection:Skipping not selected package 'high_level_control' in 'src/high_level_control'
[0.207s] Level 1:colcon.colcon_core.package_discovery:discover_packages(prefix_path) check parameters
[0.207s] Level 1:colcon.colcon_core.package_discovery:discover_packages(prefix_path) discover
[0.208s] DEBUG:colcon.colcon_installed_package_information.package_discovery:Found 6 installed packages in /home/q/unitree_ws/unitree_ros2/install
[0.209s] DEBUG:colcon.colcon_installed_package_information.package_discovery:Found 56 installed packages in /home/q/ws_moveit2/install
[0.211s] DEBUG:colcon.colcon_installed_package_information.package_discovery:Found 482 installed packages in /opt/ros/humble
[0.212s] Level 1:colcon.colcon_core.package_discovery:discover_packages(prefix_path) using defaults
[0.241s] Level 5:colcon.colcon_core.verb:set package 'unitree_go2_nav_interfaces' build argument 'cmake_args' from command line to 'None'
[0.241s] Level 5:colcon.colcon_core.verb:set package 'unitree_go2_nav_interfaces' build argument 'cmake_target' from command line to 'None'
[0.241s] Level 5:colcon.colcon_core.verb:set package 'unitree_go2_nav_interfaces' build argument 'cmake_target_skip_unavailable' from command line to 'False'
[0.241s] Level 5:colcon.colcon_core.verb:set package 'unitree_go2_nav_interfaces' build argument 'cmake_clean_cache' from command line to 'False'
[0.241s] Level 5:colcon.colcon_core.verb:set package 'unitree_go2_nav_interfaces' build argument 'cmake_clean_first' from command line to 'False'
[0.241s] Level 5:colcon.colcon_core.verb:set package 'unitree_go2_nav_interfaces' build argument 'cmake_force_configure' from command line to 'False'
[0.241s] Level 5:colcon.colcon_core.verb:set package 'unitree_go2_nav_interfaces' build argument 'ament_cmake_args' from command line to 'None'
[0.241s] Level 5:colcon.colcon_core.verb:set package 'unitree_go2_nav_interfaces' build argument 'catkin_cmake_args' from command line to 'None'
[0.241s] Level 5:colcon.colcon_core.verb:set package 'unitree_go2_nav_interfaces' build argument 'catkin_skip_building_tests' from command line to 'False'
[0.241s] DEBUG:colcon.colcon_core.verb:Building package 'unitree_go2_nav_interfaces' with the following arguments: {'ament_cmake_args': None, 'build_base': '/home/q/unitree_ws/unitree-go2-slam-toolbox/build/unitree_go2_nav_interfaces', 'catkin_cmake_args': None, 'catkin_skip_building_tests': False, 'cmake_args': None, 'cmake_clean_cache': False, 'cmake_clean_first': False, 'cmake_force_configure': False, 'cmake_target': None, 'cmake_target_skip_unavailable': False, 'install_base': '/home/q/unitree_ws/unitree-go2-slam-toolbox/install/unitree_go2_nav_interfaces', 'merge_install': False, 'path': '/home/q/unitree_ws/unitree-go2-slam-toolbox/unitree_go2_nav_interfaces', 'symlink_install': False, 'test_result_base': None}
[0.241s] INFO:colcon.colcon_core.executor:Executing jobs using 'parallel' executor
[0.241s] DEBUG:colcon.colcon_parallel_executor.executor.parallel:run_until_complete
[0.242s] INFO:colcon.colcon_ros.task.ament_cmake.build:Building ROS package in '/home/q/unitree_ws/unitree-go2-slam-toolbox/unitree_go2_nav_interfaces' with build type 'ament_cmake'
[0.242s] INFO:colcon.colcon_cmake.task.cmake.build:Building CMake package in '/home/q/unitree_ws/unitree-go2-slam-toolbox/unitree_go2_nav_interfaces'
[0.243s] INFO:colcon.colcon_core.plugin_system:Skipping extension 'colcon_core.shell.bat': Not used on non-Windows systems
[0.243s] INFO:colcon.colcon_core.shell:Skip shell extension 'powershell' for command environment: Not usable outside of PowerShell
[0.243s] DEBUG:colcon.colcon_core.shell:Skip shell extension 'dsv' for command environment
[0.252s] DEBUG:colcon.colcon_core.event_handler.log_command:Invoking command in '/home/q/unitree_ws/unitree-go2-slam-toolbox/build/unitree_go2_nav_interfaces': CMAKE_PREFIX_PATH=${CMAKE_PREFIX_PATH}:/home/q/ws_moveit2/install/moveit_configs_utils:/home/q/ws_moveit2/install/launch_param_builder:/opt/ros/humble /usr/bin/cmake /home/q/unitree_ws/unitree-go2-slam-toolbox/unitree_go2_nav_interfaces -DCMAKE_INSTALL_PREFIX=/home/q/unitree_ws/unitree-go2-slam-toolbox/install/unitree_go2_nav_interfaces
[1.546s] DEBUG:colcon.colcon_core.event_handler.log_command:Invoked command in '/home/q/unitree_ws/unitree-go2-slam-toolbox/build/unitree_go2_nav_interfaces' returned '0': CMAKE_PREFIX_PATH=${CMAKE_PREFIX_PATH}:/home/q/ws_moveit2/install/moveit_configs_utils:/home/q/ws_moveit2/install/launch_param_builder:/opt/ros/humble /usr/bin/cmake /home/q/unitree_ws/unitree-go2-slam-toolbox/unitree_go2_nav_interfaces -DCMAKE_INSTALL_PREFIX=/home/q/unitree_ws/unitree-go2-slam-toolbox/install/unitree_go2_nav_interfaces
[1.546s] DEBUG:colcon.colcon_core.event_handler.log_command:Invoking command in '/home/q/unitree_ws/unitree-go2-slam-toolbox/build/unitree_go2_nav_interfaces': CMAKE_PREFIX_PATH=${CMAKE_PREFIX_PATH}:/home/q/ws_moveit2/install/moveit_configs_utils:/home/q/ws_moveit2/install/launch_param_builder:/opt/ros/humble /usr/bin/cmake --build /home/q/unitree_ws/unitree-go2-slam-toolbox/build/unitree_go2_nav_interfaces -- -j20 -l20
[2.615s] DEBUG:colcon.colcon_core.event_handler.log_command:Invoked command in '/home/q/unitree_ws/unitree-go2-slam-toolbox/build/unitree_go2_nav_interfaces' returned '0': CMAKE_PREFIX_PATH=${CMAKE_PREFIX_PATH}:/home/q/ws_moveit2/install/moveit_configs_utils:/home/q/ws_moveit2/install/launch_param_builder:/opt/ros/humble /usr/bin/cmake --build /home/q/unitree_ws/unitree-go2-slam-toolbox/build/unitree_go2_nav_interfaces -- -j20 -l20
[2.622s] DEBUG:colcon.colcon_core.event_handler.log_command:Invoking command in '/home/q/unitree_ws/unitree-go2-slam-toolbox/build/unitree_go2_nav_interfaces': CMAKE_PREFIX_PATH=${CMAKE_PREFIX_PATH}:/home/q/ws_moveit2/install/moveit_configs_utils:/home/q/ws_moveit2/install/launch_param_builder:/opt/ros/humble /usr/bin/cmake --install /home/q/unitree_ws/unitree-go2-slam-toolbox/build/unitree_go2_nav_interfaces
[2.666s] Level 1:colcon.colcon_core.environment:create_environment_scripts_only(unitree_go2_nav_interfaces)
[2.666s] DEBUG:colcon.colcon_core.event_handler.log_command:Invoked command in '/home/q/unitree_ws/unitree-go2-slam-toolbox/build/unitree_go2_nav_interfaces' returned '0': CMAKE_PREFIX_PATH=${CMAKE_PREFIX_PATH}:/home/q/ws_moveit2/install/moveit_configs_utils:/home/q/ws_moveit2/install/launch_param_builder:/opt/ros/humble /usr/bin/cmake --install /home/q/unitree_ws/unitree-go2-slam-toolbox/build/unitree_go2_nav_interfaces
[2.667s] Level 1:colcon.colcon_core.environment:checking '/home/q/unitree_ws/unitree-go2-slam-toolbox/install/unitree_go2_nav_interfaces' for CMake module files
[2.668s] Level 1:colcon.colcon_core.environment:checking '/home/q/unitree_ws/unitree-go2-slam-toolbox/install/unitree_go2_nav_interfaces' for CMake config files
[2.668s] Level 1:colcon.colcon_core.shell:create_environment_hook('unitree_go2_nav_interfaces', 'cmake_prefix_path')
[2.668s] INFO:colcon.colcon_core.shell:Creating environment hook '/home/q/unitree_ws/unitree-go2-slam-toolbox/install/unitree_go2_nav_interfaces/share/unitree_go2_nav_interfaces/hook/cmake_prefix_path.ps1'
[2.669s] INFO:colcon.colcon_core.shell:Creating environment descriptor '/home/q/unitree_ws/unitree-go2-slam-toolbox/install/unitree_go2_nav_interfaces/share/unitree_go2_nav_interfaces/hook/cmake_prefix_path.dsv'
[2.669s] INFO:colcon.colcon_core.shell:Creating environment hook '/home/q/unitree_ws/unitree-go2-slam-toolbox/install/unitree_go2_nav_interfaces/share/unitree_go2_nav_interfaces/hook/cmake_prefix_path.sh'
[2.669s] Level 1:colcon.colcon_core.environment:checking '/home/q/unitree_ws/unitree-go2-slam-toolbox/install/unitree_go2_nav_interfaces/lib'
[2.669s] Level 1:colcon.colcon_core.shell:create_environment_hook('unitree_go2_nav_interfaces', 'ld_library_path_lib')
[2.669s] INFO:colcon.colcon_core.shell:Creating environment hook '/home/q/unitree_ws/unitree-go2-slam-toolbox/install/unitree_go2_nav_interfaces/share/unitree_go2_nav_interfaces/hook/ld_library_path_lib.ps1'
[2.670s] INFO:colcon.colcon_core.shell:Creating environment descriptor '/home/q/unitree_ws/unitree-go2-slam-toolbox/install/unitree_go2_nav_interfaces/share/unitree_go2_nav_interfaces/hook/ld_library_path_lib.dsv'
[2.670s] INFO:colcon.colcon_core.shell:Creating environment hook '/home/q/unitree_ws/unitree-go2-slam-toolbox/install/unitree_go2_nav_interfaces/share/unitree_go2_nav_interfaces/hook/ld_library_path_lib.sh'
[2.670s] Level 1:colcon.colcon_core.environment:checking '/home/q/unitree_ws/unitree-go2-slam-toolbox/install/unitree_go2_nav_interfaces/bin'
[2.670s] Level 1:colcon.colcon_core.environment:checking '/home/q/unitree_ws/unitree-go2-slam-toolbox/install/unitree_go2_nav_interfaces/lib/pkgconfig/unitree_go2_nav_interfaces.pc'
[2.670s] Level 1:colcon.colcon_core.environment:checking '/home/q/unitree_ws/unitree-go2-slam-toolbox/install/unitree_go2_nav_interfaces/lib/python3.10/site-packages'
[2.670s] Level 1:colcon.colcon_core.environment:checking '/home/q/unitree_ws/unitree-go2-slam-toolbox/install/unitree_go2_nav_interfaces/bin'
[2.670s] INFO:colcon.colcon_core.shell:Creating package script '/home/q/unitree_ws/unitree-go2-slam-toolbox/install/unitree_go2_nav_interfaces/share/unitree_go2_nav_interfaces/package.ps1'
[2.671s] INFO:colcon.colcon_core.shell:Creating package descriptor '/home/q/unitree_ws/unitree-go2-slam-toolbox/install/unitree_go2_nav_interfaces/share/unitree_go2_nav_interfaces/package.dsv'
[2.671s] INFO:colcon.colcon_core.shell:Creating package script '/home/q/unitree_ws/unitree-go2-slam-toolbox/install/unitree_go2_nav_interfaces/share/unitree_go2_nav_interfaces/package.sh'
[2.671s] INFO:colcon.colcon_core.shell:Creating package script '/home/q/unitree_ws/unitree-go2-slam-toolbox/install/unitree_go2_nav_interfaces/share/unitree_go2_nav_interfaces/package.bash'
[2.672s] INFO:colcon.colcon_core.shell:Creating package script '/home/q/unitree_ws/unitree-go2-slam-toolbox/install/unitree_go2_nav_interfaces/share/unitree_go2_nav_interfaces/package.zsh'
[2.672s] Level 1:colcon.colcon_core.environment:create_file_with_runtime_dependencies(/home/q/unitree_ws/unitree-go2-slam-toolbox/install/unitree_go2_nav_interfaces/share/colcon-core/packages/unitree_go2_nav_interfaces)
[2.672s] Level 1:colcon.colcon_core.environment:create_environment_scripts_only(unitree_go2_nav_interfaces)
[2.673s] Level 1:colcon.colcon_core.environment:checking '/home/q/unitree_ws/unitree-go2-slam-toolbox/install/unitree_go2_nav_interfaces' for CMake module files
[2.673s] Level 1:colcon.colcon_core.environment:checking '/home/q/unitree_ws/unitree-go2-slam-toolbox/install/unitree_go2_nav_interfaces' for CMake config files
[2.673s] Level 1:colcon.colcon_core.shell:create_environment_hook('unitree_go2_nav_interfaces', 'cmake_prefix_path')
[2.673s] INFO:colcon.colcon_core.shell:Creating environment hook '/home/q/unitree_ws/unitree-go2-slam-toolbox/install/unitree_go2_nav_interfaces/share/unitree_go2_nav_interfaces/hook/cmake_prefix_path.ps1'
[2.673s] INFO:colcon.colcon_core.shell:Creating environment descriptor '/home/q/unitree_ws/unitree-go2-slam-toolbox/install/unitree_go2_nav_interfaces/share/unitree_go2_nav_interfaces/hook/cmake_prefix_path.dsv'
[2.674s] INFO:colcon.colcon_core.shell:Creating environment hook '/home/q/unitree_ws/unitree-go2-slam-toolbox/install/unitree_go2_nav_interfaces/share/unitree_go2_nav_interfaces/hook/cmake_prefix_path.sh'
[2.674s] Level 1:colcon.colcon_core.environment:checking '/home/q/unitree_ws/unitree-go2-slam-toolbox/install/unitree_go2_nav_interfaces/lib'
[2.674s] Level 1:colcon.colcon_core.shell:create_environment_hook('unitree_go2_nav_interfaces', 'ld_library_path_lib')
[2.674s] INFO:colcon.colcon_core.shell:Creating environment hook '/home/q/unitree_ws/unitree-go2-slam-toolbox/install/unitree_go2_nav_interfaces/share/unitree_go2_nav_interfaces/hook/ld_library_path_lib.ps1'
[2.674s] INFO:colcon.colcon_core.shell:Creating environment descriptor '/home/q/unitree_ws/unitree-go2-slam-toolbox/install/unitree_go2_nav_interfaces/share/unitree_go2_nav_interfaces/hook/ld_library_path_lib.dsv'
[2.674s] INFO:colcon.colcon_core.shell:Creating environment hook '/home/q/unitree_ws/unitree-go2-slam-toolbox/install/unitree_go2_nav_interfaces/share/unitree_go2_nav_interfaces/hook/ld_library_path_lib.sh'
[2.674s] Level 1:colcon.colcon_core.environment:checking '/home/q/unitree_ws/unitree-go2-slam-toolbox/install/unitree_go2_nav_interfaces/bin'
[2.674s] Level 1:colcon.colcon_core.environment:checking '/home/q/unitree_ws/unitree-go2-slam-toolbox/install/unitree_go2_nav_interfaces/lib/pkgconfig/unitree_go2_nav_interfaces.pc'
[2.675s] Level 1:colcon.colcon_core.environment:checking '/home/q/unitree_ws/unitree-go2-slam-toolbox/install/unitree_go2_nav_interfaces/lib/python3.10/site-packages'
[2.675s] Level 1:colcon.colcon_core.environment:checking '/home/q/unitree_ws/unitree-go2-slam-toolbox/install/unitree_go2_nav_interfaces/bin'
[2.675s] INFO:colcon.colcon_core.shell:Creating package script '/home/q/unitree_ws/unitree-go2-slam-toolbox/install/unitree_go2_nav_interfaces/share/unitree_go2_nav_interfaces/package.ps1'
[2.675s] INFO:colcon.colcon_core.shell:Creating package descriptor '/home/q/unitree_ws/unitree-go2-slam-toolbox/install/unitree_go2_nav_interfaces/share/unitree_go2_nav_interfaces/package.dsv'
[2.676s] INFO:colcon.colcon_core.shell:Creating package script '/home/q/unitree_ws/unitree-go2-slam-toolbox/install/unitree_go2_nav_interfaces/share/unitree_go2_nav_interfaces/package.sh'
[2.676s] INFO:colcon.colcon_core.shell:Creating package script '/home/q/unitree_ws/unitree-go2-slam-toolbox/install/unitree_go2_nav_interfaces/share/unitree_go2_nav_interfaces/package.bash'
[2.676s] INFO:colcon.colcon_core.shell:Creating package script '/home/q/unitree_ws/unitree-go2-slam-toolbox/install/unitree_go2_nav_interfaces/share/unitree_go2_nav_interfaces/package.zsh'
[2.676s] Level 1:colcon.colcon_core.environment:create_file_with_runtime_dependencies(/home/q/unitree_ws/unitree-go2-slam-toolbox/install/unitree_go2_nav_interfaces/share/colcon-core/packages/unitree_go2_nav_interfaces)
[2.676s] DEBUG:colcon.colcon_parallel_executor.executor.parallel:closing loop
[2.676s] DEBUG:colcon.colcon_parallel_executor.executor.parallel:loop closed
[2.676s] DEBUG:colcon.colcon_parallel_executor.executor.parallel:run_until_complete finished with '0'
[2.676s] DEBUG:colcon.colcon_core.event_reactor:joining thread
[2.679s] INFO:colcon.colcon_core.plugin_system:Skipping extension 'colcon_notification.desktop_notification.terminal_notifier': Not used on non-Darwin systems
[2.679s] INFO:colcon.colcon_core.plugin_system:Skipping extension 'colcon_notification.desktop_notification.win32': Not used on non-Windows systems
[2.679s] INFO:colcon.colcon_notification.desktop_notification:Sending desktop notification using 'notify2'
[2.686s] DEBUG:colcon.colcon_core.event_reactor:joined thread
[2.686s] INFO:colcon.colcon_core.shell:Creating prefix script '/home/q/unitree_ws/unitree-go2-slam-toolbox/install/local_setup.ps1'
[2.687s] INFO:colcon.colcon_core.shell:Creating prefix util module '/home/q/unitree_ws/unitree-go2-slam-toolbox/install/_local_setup_util_ps1.py'
[2.687s] INFO:colcon.colcon_core.shell:Creating prefix chain script '/home/q/unitree_ws/unitree-go2-slam-toolbox/install/setup.ps1'
[2.690s] INFO:colcon.colcon_core.shell:Creating prefix script '/home/q/unitree_ws/unitree-go2-slam-toolbox/install/local_setup.sh'
[2.690s] INFO:colcon.colcon_core.shell:Creating prefix util module '/home/q/unitree_ws/unitree-go2-slam-toolbox/install/_local_setup_util_sh.py'
[2.690s] INFO:colcon.colcon_core.shell:Creating prefix chain script '/home/q/unitree_ws/unitree-go2-slam-toolbox/install/setup.sh'
[2.692s] INFO:colcon.colcon_core.shell:Creating prefix script '/home/q/unitree_ws/unitree-go2-slam-toolbox/install/local_setup.bash'
[2.692s] INFO:colcon.colcon_core.shell:Creating prefix chain script '/home/q/unitree_ws/unitree-go2-slam-toolbox/install/setup.bash'
[2.694s] INFO:colcon.colcon_core.shell:Creating prefix script '/home/q/unitree_ws/unitree-go2-slam-toolbox/install/local_setup.zsh'
[2.694s] INFO:colcon.colcon_core.shell:Creating prefix chain script '/home/q/unitree_ws/unitree-go2-slam-toolbox/install/setup.zsh'
