[0.067s] DEBUG:colcon:Command line arguments: ['/usr/bin/colcon', 'build']
[0.067s] DEBUG:colcon:Parsed command line arguments: Namespace(log_base=None, log_level=None, verb_name='build', build_base='build', install_base='install', merge_install=False, symlink_install=False, test_result_base=None, continue_on_error=False, executor='parallel', parallel_workers=20, event_handlers=None, ignore_user_meta=False, metas=['./colcon.meta'], base_paths=['.'], packages_ignore=None, packages_ignore_regex=None, paths=None, packages_up_to=None, packages_up_to_regex=None, packages_above=None, packages_above_and_dependencies=None, packages_above_depth=None, packages_select_by_dep=None, packages_skip_by_dep=None, packages_skip_up_to=None, packages_select_build_failed=False, packages_skip_build_finished=False, packages_select_test_failures=False, packages_skip_test_passed=False, packages_select=None, packages_skip=None, packages_select_regex=None, packages_skip_regex=None, packages_start=None, packages_end=None, allow_overriding=[], cmake_args=None, cmake_target=None, cmake_target_skip_unavailable=False, cmake_clean_cache=False, cmake_clean_first=False, cmake_force_configure=False, ament_cmake_args=None, catkin_cmake_args=None, catkin_skip_building_tests=False, mixin_files=None, mixin=None, verb_parser=<colcon_mixin.mixin.mixin_argument.MixinArgumentDecorator object at 0x730e7cbb2830>, verb_extension=<colcon_core.verb.build.BuildVerb object at 0x730e7cbb2380>, main=<bound method BuildVerb.main of <colcon_core.verb.build.BuildVerb object at 0x730e7cbb2380>>, mixin_verb=('build',))
[0.183s] Level 1:colcon.colcon_core.package_discovery:discover_packages(colcon_meta) check parameters
[0.183s] Level 1:colcon.colcon_core.package_discovery:discover_packages(recursive) check parameters
[0.183s] Level 1:colcon.colcon_core.package_discovery:discover_packages(ignore) check parameters
[0.183s] Level 1:colcon.colcon_core.package_discovery:discover_packages(path) check parameters
[0.183s] Level 1:colcon.colcon_core.package_discovery:discover_packages(colcon_meta) discover
[0.183s] Level 1:colcon.colcon_core.package_discovery:discover_packages(recursive) discover
[0.183s] INFO:colcon.colcon_core.package_discovery:Crawling recursively for packages in '/home/q/unitree_ws/unitree-go2-slam-toolbox'
[0.183s] Level 1:colcon.colcon_core.package_identification:_identify(.) by extensions ['ignore', 'ignore_ament_install']
[0.184s] Level 1:colcon.colcon_core.package_identification:_identify(.) by extension 'ignore'
[0.184s] Level 1:colcon.colcon_core.package_identification:_identify(.) by extension 'ignore_ament_install'
[0.184s] Level 1:colcon.colcon_core.package_identification:_identify(.) by extensions ['colcon_pkg']
[0.184s] Level 1:colcon.colcon_core.package_identification:_identify(.) by extension 'colcon_pkg'
[0.184s] Level 1:colcon.colcon_core.package_identification:_identify(.) by extensions ['colcon_meta']
[0.184s] Level 1:colcon.colcon_core.package_identification:_identify(.) by extension 'colcon_meta'
[0.184s] Level 1:colcon.colcon_core.package_identification:_identify(.) by extensions ['ros']
[0.184s] Level 1:colcon.colcon_core.package_identification:_identify(.) by extension 'ros'
[0.190s] Level 1:colcon.colcon_core.package_identification:_identify(.) by extensions ['cmake', 'python']
[0.190s] Level 1:colcon.colcon_core.package_identification:_identify(.) by extension 'cmake'
[0.190s] Level 1:colcon.colcon_core.package_identification:_identify(.) by extension 'python'
[0.190s] Level 1:colcon.colcon_core.package_identification:_identify(.) by extensions ['python_setup_py']
[0.190s] Level 1:colcon.colcon_core.package_identification:_identify(.) by extension 'python_setup_py'
[0.190s] Level 1:colcon.colcon_core.package_identification:_identify(build) by extensions ['ignore', 'ignore_ament_install']
[0.190s] Level 1:colcon.colcon_core.package_identification:_identify(build) by extension 'ignore'
[0.190s] Level 1:colcon.colcon_core.package_identification:_identify(build) ignored
[0.190s] Level 1:colcon.colcon_core.package_identification:_identify(install) by extensions ['ignore', 'ignore_ament_install']
[0.190s] Level 1:colcon.colcon_core.package_identification:_identify(install) by extension 'ignore'
[0.190s] Level 1:colcon.colcon_core.package_identification:_identify(install) ignored
[0.190s] Level 1:colcon.colcon_core.package_identification:_identify(log) by extensions ['ignore', 'ignore_ament_install']
[0.190s] Level 1:colcon.colcon_core.package_identification:_identify(log) by extension 'ignore'
[0.190s] Level 1:colcon.colcon_core.package_identification:_identify(log) ignored
[0.190s] Level 1:colcon.colcon_core.package_identification:_identify(src) by extensions ['ignore', 'ignore_ament_install']
[0.190s] Level 1:colcon.colcon_core.package_identification:_identify(src) by extension 'ignore'
[0.190s] Level 1:colcon.colcon_core.package_identification:_identify(src) by extension 'ignore_ament_install'
[0.191s] Level 1:colcon.colcon_core.package_identification:_identify(src) by extensions ['colcon_pkg']
[0.191s] Level 1:colcon.colcon_core.package_identification:_identify(src) by extension 'colcon_pkg'
[0.191s] Level 1:colcon.colcon_core.package_identification:_identify(src) by extensions ['colcon_meta']
[0.191s] Level 1:colcon.colcon_core.package_identification:_identify(src) by extension 'colcon_meta'
[0.191s] Level 1:colcon.colcon_core.package_identification:_identify(src) by extensions ['ros']
[0.191s] Level 1:colcon.colcon_core.package_identification:_identify(src) by extension 'ros'
[0.191s] Level 1:colcon.colcon_core.package_identification:_identify(src) by extensions ['cmake', 'python']
[0.191s] Level 1:colcon.colcon_core.package_identification:_identify(src) by extension 'cmake'
[0.191s] Level 1:colcon.colcon_core.package_identification:_identify(src) by extension 'python'
[0.191s] Level 1:colcon.colcon_core.package_identification:_identify(src) by extensions ['python_setup_py']
[0.191s] Level 1:colcon.colcon_core.package_identification:_identify(src) by extension 'python_setup_py'
[0.191s] Level 1:colcon.colcon_core.package_identification:_identify(src/base) by extensions ['ignore', 'ignore_ament_install']
[0.191s] Level 1:colcon.colcon_core.package_identification:_identify(src/base) by extension 'ignore'
[0.191s] Level 1:colcon.colcon_core.package_identification:_identify(src/base) by extension 'ignore_ament_install'
[0.191s] Level 1:colcon.colcon_core.package_identification:_identify(src/base) by extensions ['colcon_pkg']
[0.191s] Level 1:colcon.colcon_core.package_identification:_identify(src/base) by extension 'colcon_pkg'
[0.191s] Level 1:colcon.colcon_core.package_identification:_identify(src/base) by extensions ['colcon_meta']
[0.191s] Level 1:colcon.colcon_core.package_identification:_identify(src/base) by extension 'colcon_meta'
[0.191s] Level 1:colcon.colcon_core.package_identification:_identify(src/base) by extensions ['ros']
[0.191s] Level 1:colcon.colcon_core.package_identification:_identify(src/base) by extension 'ros'
[0.191s] Level 1:colcon.colcon_core.package_identification:_identify(src/base) by extensions ['cmake', 'python']
[0.191s] Level 1:colcon.colcon_core.package_identification:_identify(src/base) by extension 'cmake'
[0.191s] Level 1:colcon.colcon_core.package_identification:_identify(src/base) by extension 'python'
[0.191s] Level 1:colcon.colcon_core.package_identification:_identify(src/base) by extensions ['python_setup_py']
[0.191s] Level 1:colcon.colcon_core.package_identification:_identify(src/base) by extension 'python_setup_py'
[0.191s] Level 1:colcon.colcon_core.package_identification:_identify(src/base/go2_core) by extensions ['ignore', 'ignore_ament_install']
[0.191s] Level 1:colcon.colcon_core.package_identification:_identify(src/base/go2_core) by extension 'ignore'
[0.191s] Level 1:colcon.colcon_core.package_identification:_identify(src/base/go2_core) by extension 'ignore_ament_install'
[0.191s] Level 1:colcon.colcon_core.package_identification:_identify(src/base/go2_core) by extensions ['colcon_pkg']
[0.191s] Level 1:colcon.colcon_core.package_identification:_identify(src/base/go2_core) by extension 'colcon_pkg'
[0.191s] Level 1:colcon.colcon_core.package_identification:_identify(src/base/go2_core) by extensions ['colcon_meta']
[0.191s] Level 1:colcon.colcon_core.package_identification:_identify(src/base/go2_core) by extension 'colcon_meta'
[0.191s] Level 1:colcon.colcon_core.package_identification:_identify(src/base/go2_core) by extensions ['ros']
[0.191s] Level 1:colcon.colcon_core.package_identification:_identify(src/base/go2_core) by extension 'ros'
[0.193s] DEBUG:colcon.colcon_core.package_identification:Package 'src/base/go2_core' with type 'ros.ament_cmake' and name 'go2_core'
[0.193s] Level 1:colcon.colcon_core.package_identification:_identify(src/base/go2_driver) by extensions ['ignore', 'ignore_ament_install']
[0.193s] Level 1:colcon.colcon_core.package_identification:_identify(src/base/go2_driver) by extension 'ignore'
[0.193s] Level 1:colcon.colcon_core.package_identification:_identify(src/base/go2_driver) by extension 'ignore_ament_install'
[0.193s] Level 1:colcon.colcon_core.package_identification:_identify(src/base/go2_driver) by extensions ['colcon_pkg']
[0.193s] Level 1:colcon.colcon_core.package_identification:_identify(src/base/go2_driver) by extension 'colcon_pkg'
[0.193s] Level 1:colcon.colcon_core.package_identification:_identify(src/base/go2_driver) by extensions ['colcon_meta']
[0.193s] Level 1:colcon.colcon_core.package_identification:_identify(src/base/go2_driver) by extension 'colcon_meta'
[0.193s] Level 1:colcon.colcon_core.package_identification:_identify(src/base/go2_driver) by extensions ['ros']
[0.193s] Level 1:colcon.colcon_core.package_identification:_identify(src/base/go2_driver) by extension 'ros'
[0.194s] DEBUG:colcon.colcon_core.package_identification:Package 'src/base/go2_driver' with type 'ros.ament_cmake' and name 'go2_driver'
[0.194s] Level 1:colcon.colcon_core.package_identification:_identify(src/base/go2_twist_bridge) by extensions ['ignore', 'ignore_ament_install']
[0.194s] Level 1:colcon.colcon_core.package_identification:_identify(src/base/go2_twist_bridge) by extension 'ignore'
[0.194s] Level 1:colcon.colcon_core.package_identification:_identify(src/base/go2_twist_bridge) by extension 'ignore_ament_install'
[0.194s] Level 1:colcon.colcon_core.package_identification:_identify(src/base/go2_twist_bridge) by extensions ['colcon_pkg']
[0.194s] Level 1:colcon.colcon_core.package_identification:_identify(src/base/go2_twist_bridge) by extension 'colcon_pkg'
[0.194s] Level 1:colcon.colcon_core.package_identification:_identify(src/base/go2_twist_bridge) by extensions ['colcon_meta']
[0.194s] Level 1:colcon.colcon_core.package_identification:_identify(src/base/go2_twist_bridge) by extension 'colcon_meta'
[0.194s] Level 1:colcon.colcon_core.package_identification:_identify(src/base/go2_twist_bridge) by extensions ['ros']
[0.194s] Level 1:colcon.colcon_core.package_identification:_identify(src/base/go2_twist_bridge) by extension 'ros'
[0.194s] DEBUG:colcon.colcon_core.package_identification:Package 'src/base/go2_twist_bridge' with type 'ros.ament_cmake' and name 'go2_twist_bridge'
[0.194s] Level 1:colcon.colcon_core.package_identification:_identify(src/go2_description) by extensions ['ignore', 'ignore_ament_install']
[0.194s] Level 1:colcon.colcon_core.package_identification:_identify(src/go2_description) by extension 'ignore'
[0.194s] Level 1:colcon.colcon_core.package_identification:_identify(src/go2_description) by extension 'ignore_ament_install'
[0.194s] Level 1:colcon.colcon_core.package_identification:_identify(src/go2_description) by extensions ['colcon_pkg']
[0.194s] Level 1:colcon.colcon_core.package_identification:_identify(src/go2_description) by extension 'colcon_pkg'
[0.194s] Level 1:colcon.colcon_core.package_identification:_identify(src/go2_description) by extensions ['colcon_meta']
[0.194s] Level 1:colcon.colcon_core.package_identification:_identify(src/go2_description) by extension 'colcon_meta'
[0.194s] Level 1:colcon.colcon_core.package_identification:_identify(src/go2_description) by extensions ['ros']
[0.194s] Level 1:colcon.colcon_core.package_identification:_identify(src/go2_description) by extension 'ros'
[0.195s] DEBUG:colcon.colcon_core.package_identification:Package 'src/go2_description' with type 'ros.ament_cmake' and name 'go2_description'
[0.195s] Level 1:colcon.colcon_core.package_identification:_identify(src/go2_navigation2) by extensions ['ignore', 'ignore_ament_install']
[0.195s] Level 1:colcon.colcon_core.package_identification:_identify(src/go2_navigation2) by extension 'ignore'
[0.195s] Level 1:colcon.colcon_core.package_identification:_identify(src/go2_navigation2) by extension 'ignore_ament_install'
[0.195s] Level 1:colcon.colcon_core.package_identification:_identify(src/go2_navigation2) by extensions ['colcon_pkg']
[0.195s] Level 1:colcon.colcon_core.package_identification:_identify(src/go2_navigation2) by extension 'colcon_pkg'
[0.195s] Level 1:colcon.colcon_core.package_identification:_identify(src/go2_navigation2) by extensions ['colcon_meta']
[0.195s] Level 1:colcon.colcon_core.package_identification:_identify(src/go2_navigation2) by extension 'colcon_meta'
[0.195s] Level 1:colcon.colcon_core.package_identification:_identify(src/go2_navigation2) by extensions ['ros']
[0.195s] Level 1:colcon.colcon_core.package_identification:_identify(src/go2_navigation2) by extension 'ros'
[0.196s] DEBUG:colcon.colcon_core.package_identification:Package 'src/go2_navigation2' with type 'ros.ament_cmake' and name 'go2_navigation2'
[0.196s] Level 1:colcon.colcon_core.package_identification:_identify(src/go2_perception) by extensions ['ignore', 'ignore_ament_install']
[0.196s] Level 1:colcon.colcon_core.package_identification:_identify(src/go2_perception) by extension 'ignore'
[0.196s] Level 1:colcon.colcon_core.package_identification:_identify(src/go2_perception) by extension 'ignore_ament_install'
[0.196s] Level 1:colcon.colcon_core.package_identification:_identify(src/go2_perception) by extensions ['colcon_pkg']
[0.196s] Level 1:colcon.colcon_core.package_identification:_identify(src/go2_perception) by extension 'colcon_pkg'
[0.196s] Level 1:colcon.colcon_core.package_identification:_identify(src/go2_perception) by extensions ['colcon_meta']
[0.196s] Level 1:colcon.colcon_core.package_identification:_identify(src/go2_perception) by extension 'colcon_meta'
[0.196s] Level 1:colcon.colcon_core.package_identification:_identify(src/go2_perception) by extensions ['ros']
[0.196s] Level 1:colcon.colcon_core.package_identification:_identify(src/go2_perception) by extension 'ros'
[0.196s] DEBUG:colcon.colcon_core.package_identification:Package 'src/go2_perception' with type 'ros.ament_cmake' and name 'go2_perception'
[0.196s] Level 1:colcon.colcon_core.package_identification:_identify(src/go2_slam) by extensions ['ignore', 'ignore_ament_install']
[0.197s] Level 1:colcon.colcon_core.package_identification:_identify(src/go2_slam) by extension 'ignore'
[0.197s] Level 1:colcon.colcon_core.package_identification:_identify(src/go2_slam) by extension 'ignore_ament_install'
[0.197s] Level 1:colcon.colcon_core.package_identification:_identify(src/go2_slam) by extensions ['colcon_pkg']
[0.197s] Level 1:colcon.colcon_core.package_identification:_identify(src/go2_slam) by extension 'colcon_pkg'
[0.197s] Level 1:colcon.colcon_core.package_identification:_identify(src/go2_slam) by extensions ['colcon_meta']
[0.197s] Level 1:colcon.colcon_core.package_identification:_identify(src/go2_slam) by extension 'colcon_meta'
[0.197s] Level 1:colcon.colcon_core.package_identification:_identify(src/go2_slam) by extensions ['ros']
[0.197s] Level 1:colcon.colcon_core.package_identification:_identify(src/go2_slam) by extension 'ros'
[0.197s] DEBUG:colcon.colcon_core.package_identification:Package 'src/go2_slam' with type 'ros.ament_cmake' and name 'go2_slam'
[0.197s] Level 1:colcon.colcon_core.package_identification:_identify(src/high_level_control) by extensions ['ignore', 'ignore_ament_install']
[0.197s] Level 1:colcon.colcon_core.package_identification:_identify(src/high_level_control) by extension 'ignore'
[0.197s] Level 1:colcon.colcon_core.package_identification:_identify(src/high_level_control) by extension 'ignore_ament_install'
[0.197s] Level 1:colcon.colcon_core.package_identification:_identify(src/high_level_control) by extensions ['colcon_pkg']
[0.197s] Level 1:colcon.colcon_core.package_identification:_identify(src/high_level_control) by extension 'colcon_pkg'
[0.197s] Level 1:colcon.colcon_core.package_identification:_identify(src/high_level_control) by extensions ['colcon_meta']
[0.197s] Level 1:colcon.colcon_core.package_identification:_identify(src/high_level_control) by extension 'colcon_meta'
[0.197s] Level 1:colcon.colcon_core.package_identification:_identify(src/high_level_control) by extensions ['ros']
[0.197s] Level 1:colcon.colcon_core.package_identification:_identify(src/high_level_control) by extension 'ros'
[0.197s] DEBUG:colcon.colcon_core.package_identification:Package 'src/high_level_control' with type 'ros.ament_cmake' and name 'high_level_control'
[0.197s] Level 1:colcon.colcon_core.package_identification:_identify(unitree_go2_nav_interfaces) by extensions ['ignore', 'ignore_ament_install']
[0.198s] Level 1:colcon.colcon_core.package_identification:_identify(unitree_go2_nav_interfaces) by extension 'ignore'
[0.198s] Level 1:colcon.colcon_core.package_identification:_identify(unitree_go2_nav_interfaces) by extension 'ignore_ament_install'
[0.198s] Level 1:colcon.colcon_core.package_identification:_identify(unitree_go2_nav_interfaces) by extensions ['colcon_pkg']
[0.198s] Level 1:colcon.colcon_core.package_identification:_identify(unitree_go2_nav_interfaces) by extension 'colcon_pkg'
[0.198s] Level 1:colcon.colcon_core.package_identification:_identify(unitree_go2_nav_interfaces) by extensions ['colcon_meta']
[0.198s] Level 1:colcon.colcon_core.package_identification:_identify(unitree_go2_nav_interfaces) by extension 'colcon_meta'
[0.198s] Level 1:colcon.colcon_core.package_identification:_identify(unitree_go2_nav_interfaces) by extensions ['ros']
[0.198s] Level 1:colcon.colcon_core.package_identification:_identify(unitree_go2_nav_interfaces) by extension 'ros'
[0.198s] DEBUG:colcon.colcon_core.package_identification:Package 'unitree_go2_nav_interfaces' with type 'ros.ament_cmake' and name 'unitree_go2_nav_interfaces'
[0.198s] Level 1:colcon.colcon_core.package_discovery:discover_packages(recursive) using defaults
[0.198s] Level 1:colcon.colcon_core.package_discovery:discover_packages(ignore) discover
[0.198s] Level 1:colcon.colcon_core.package_discovery:discover_packages(ignore) using defaults
[0.198s] Level 1:colcon.colcon_core.package_discovery:discover_packages(path) discover
[0.198s] Level 1:colcon.colcon_core.package_discovery:discover_packages(path) using defaults
[0.210s] Level 1:colcon.colcon_core.package_discovery:discover_packages(prefix_path) check parameters
[0.210s] Level 1:colcon.colcon_core.package_discovery:discover_packages(prefix_path) discover
[0.212s] DEBUG:colcon.colcon_installed_package_information.package_discovery:Found 5 installed packages in /home/q/unitree_ws/unitree-go2-slam-toolbox/install
[0.212s] DEBUG:colcon.colcon_installed_package_information.package_discovery:Found 6 installed packages in /home/q/unitree_ws/unitree_ros2/install
[0.213s] DEBUG:colcon.colcon_installed_package_information.package_discovery:Found 56 installed packages in /home/q/ws_moveit2/install
[0.214s] DEBUG:colcon.colcon_installed_package_information.package_discovery:Found 482 installed packages in /opt/ros/humble
[0.216s] Level 1:colcon.colcon_core.package_discovery:discover_packages(prefix_path) using defaults
[0.245s] Level 5:colcon.colcon_core.verb:set package 'go2_core' build argument 'cmake_args' from command line to 'None'
[0.245s] Level 5:colcon.colcon_core.verb:set package 'go2_core' build argument 'cmake_target' from command line to 'None'
[0.245s] Level 5:colcon.colcon_core.verb:set package 'go2_core' build argument 'cmake_target_skip_unavailable' from command line to 'False'
[0.245s] Level 5:colcon.colcon_core.verb:set package 'go2_core' build argument 'cmake_clean_cache' from command line to 'False'
[0.245s] Level 5:colcon.colcon_core.verb:set package 'go2_core' build argument 'cmake_clean_first' from command line to 'False'
[0.246s] Level 5:colcon.colcon_core.verb:set package 'go2_core' build argument 'cmake_force_configure' from command line to 'False'
[0.246s] Level 5:colcon.colcon_core.verb:set package 'go2_core' build argument 'ament_cmake_args' from command line to 'None'
[0.246s] Level 5:colcon.colcon_core.verb:set package 'go2_core' build argument 'catkin_cmake_args' from command line to 'None'
[0.246s] Level 5:colcon.colcon_core.verb:set package 'go2_core' build argument 'catkin_skip_building_tests' from command line to 'False'
[0.246s] DEBUG:colcon.colcon_core.verb:Building package 'go2_core' with the following arguments: {'ament_cmake_args': None, 'build_base': '/home/q/unitree_ws/unitree-go2-slam-toolbox/build/go2_core', 'catkin_cmake_args': None, 'catkin_skip_building_tests': False, 'cmake_args': None, 'cmake_clean_cache': False, 'cmake_clean_first': False, 'cmake_force_configure': False, 'cmake_target': None, 'cmake_target_skip_unavailable': False, 'install_base': '/home/q/unitree_ws/unitree-go2-slam-toolbox/install/go2_core', 'merge_install': False, 'path': '/home/q/unitree_ws/unitree-go2-slam-toolbox/src/base/go2_core', 'symlink_install': False, 'test_result_base': None}
[0.246s] Level 5:colcon.colcon_core.verb:set package 'go2_description' build argument 'cmake_args' from command line to 'None'
[0.246s] Level 5:colcon.colcon_core.verb:set package 'go2_description' build argument 'cmake_target' from command line to 'None'
[0.246s] Level 5:colcon.colcon_core.verb:set package 'go2_description' build argument 'cmake_target_skip_unavailable' from command line to 'False'
[0.246s] Level 5:colcon.colcon_core.verb:set package 'go2_description' build argument 'cmake_clean_cache' from command line to 'False'
[0.246s] Level 5:colcon.colcon_core.verb:set package 'go2_description' build argument 'cmake_clean_first' from command line to 'False'
[0.246s] Level 5:colcon.colcon_core.verb:set package 'go2_description' build argument 'cmake_force_configure' from command line to 'False'
[0.246s] Level 5:colcon.colcon_core.verb:set package 'go2_description' build argument 'ament_cmake_args' from command line to 'None'
[0.246s] Level 5:colcon.colcon_core.verb:set package 'go2_description' build argument 'catkin_cmake_args' from command line to 'None'
[0.246s] Level 5:colcon.colcon_core.verb:set package 'go2_description' build argument 'catkin_skip_building_tests' from command line to 'False'
[0.246s] DEBUG:colcon.colcon_core.verb:Building package 'go2_description' with the following arguments: {'ament_cmake_args': None, 'build_base': '/home/q/unitree_ws/unitree-go2-slam-toolbox/build/go2_description', 'catkin_cmake_args': None, 'catkin_skip_building_tests': False, 'cmake_args': None, 'cmake_clean_cache': False, 'cmake_clean_first': False, 'cmake_force_configure': False, 'cmake_target': None, 'cmake_target_skip_unavailable': False, 'install_base': '/home/q/unitree_ws/unitree-go2-slam-toolbox/install/go2_description', 'merge_install': False, 'path': '/home/q/unitree_ws/unitree-go2-slam-toolbox/src/go2_description', 'symlink_install': False, 'test_result_base': None}
[0.246s] Level 5:colcon.colcon_core.verb:set package 'go2_driver' build argument 'cmake_args' from command line to 'None'
[0.246s] Level 5:colcon.colcon_core.verb:set package 'go2_driver' build argument 'cmake_target' from command line to 'None'
[0.246s] Level 5:colcon.colcon_core.verb:set package 'go2_driver' build argument 'cmake_target_skip_unavailable' from command line to 'False'
[0.246s] Level 5:colcon.colcon_core.verb:set package 'go2_driver' build argument 'cmake_clean_cache' from command line to 'False'
[0.246s] Level 5:colcon.colcon_core.verb:set package 'go2_driver' build argument 'cmake_clean_first' from command line to 'False'
[0.246s] Level 5:colcon.colcon_core.verb:set package 'go2_driver' build argument 'cmake_force_configure' from command line to 'False'
[0.246s] Level 5:colcon.colcon_core.verb:set package 'go2_driver' build argument 'ament_cmake_args' from command line to 'None'
[0.246s] Level 5:colcon.colcon_core.verb:set package 'go2_driver' build argument 'catkin_cmake_args' from command line to 'None'
[0.246s] Level 5:colcon.colcon_core.verb:set package 'go2_driver' build argument 'catkin_skip_building_tests' from command line to 'False'
[0.246s] DEBUG:colcon.colcon_core.verb:Building package 'go2_driver' with the following arguments: {'ament_cmake_args': None, 'build_base': '/home/q/unitree_ws/unitree-go2-slam-toolbox/build/go2_driver', 'catkin_cmake_args': None, 'catkin_skip_building_tests': False, 'cmake_args': None, 'cmake_clean_cache': False, 'cmake_clean_first': False, 'cmake_force_configure': False, 'cmake_target': None, 'cmake_target_skip_unavailable': False, 'install_base': '/home/q/unitree_ws/unitree-go2-slam-toolbox/install/go2_driver', 'merge_install': False, 'path': '/home/q/unitree_ws/unitree-go2-slam-toolbox/src/base/go2_driver', 'symlink_install': False, 'test_result_base': None}
[0.246s] Level 5:colcon.colcon_core.verb:set package 'go2_navigation2' build argument 'cmake_args' from command line to 'None'
[0.246s] Level 5:colcon.colcon_core.verb:set package 'go2_navigation2' build argument 'cmake_target' from command line to 'None'
[0.246s] Level 5:colcon.colcon_core.verb:set package 'go2_navigation2' build argument 'cmake_target_skip_unavailable' from command line to 'False'
[0.246s] Level 5:colcon.colcon_core.verb:set package 'go2_navigation2' build argument 'cmake_clean_cache' from command line to 'False'
[0.246s] Level 5:colcon.colcon_core.verb:set package 'go2_navigation2' build argument 'cmake_clean_first' from command line to 'False'
[0.246s] Level 5:colcon.colcon_core.verb:set package 'go2_navigation2' build argument 'cmake_force_configure' from command line to 'False'
[0.246s] Level 5:colcon.colcon_core.verb:set package 'go2_navigation2' build argument 'ament_cmake_args' from command line to 'None'
[0.246s] Level 5:colcon.colcon_core.verb:set package 'go2_navigation2' build argument 'catkin_cmake_args' from command line to 'None'
[0.246s] Level 5:colcon.colcon_core.verb:set package 'go2_navigation2' build argument 'catkin_skip_building_tests' from command line to 'False'
[0.246s] DEBUG:colcon.colcon_core.verb:Building package 'go2_navigation2' with the following arguments: {'ament_cmake_args': None, 'build_base': '/home/q/unitree_ws/unitree-go2-slam-toolbox/build/go2_navigation2', 'catkin_cmake_args': None, 'catkin_skip_building_tests': False, 'cmake_args': None, 'cmake_clean_cache': False, 'cmake_clean_first': False, 'cmake_force_configure': False, 'cmake_target': None, 'cmake_target_skip_unavailable': False, 'install_base': '/home/q/unitree_ws/unitree-go2-slam-toolbox/install/go2_navigation2', 'merge_install': False, 'path': '/home/q/unitree_ws/unitree-go2-slam-toolbox/src/go2_navigation2', 'symlink_install': False, 'test_result_base': None}
[0.247s] Level 5:colcon.colcon_core.verb:set package 'go2_perception' build argument 'cmake_args' from command line to 'None'
[0.247s] Level 5:colcon.colcon_core.verb:set package 'go2_perception' build argument 'cmake_target' from command line to 'None'
[0.247s] Level 5:colcon.colcon_core.verb:set package 'go2_perception' build argument 'cmake_target_skip_unavailable' from command line to 'False'
[0.247s] Level 5:colcon.colcon_core.verb:set package 'go2_perception' build argument 'cmake_clean_cache' from command line to 'False'
[0.247s] Level 5:colcon.colcon_core.verb:set package 'go2_perception' build argument 'cmake_clean_first' from command line to 'False'
[0.247s] Level 5:colcon.colcon_core.verb:set package 'go2_perception' build argument 'cmake_force_configure' from command line to 'False'
[0.247s] Level 5:colcon.colcon_core.verb:set package 'go2_perception' build argument 'ament_cmake_args' from command line to 'None'
[0.247s] Level 5:colcon.colcon_core.verb:set package 'go2_perception' build argument 'catkin_cmake_args' from command line to 'None'
[0.247s] Level 5:colcon.colcon_core.verb:set package 'go2_perception' build argument 'catkin_skip_building_tests' from command line to 'False'
[0.247s] DEBUG:colcon.colcon_core.verb:Building package 'go2_perception' with the following arguments: {'ament_cmake_args': None, 'build_base': '/home/q/unitree_ws/unitree-go2-slam-toolbox/build/go2_perception', 'catkin_cmake_args': None, 'catkin_skip_building_tests': False, 'cmake_args': None, 'cmake_clean_cache': False, 'cmake_clean_first': False, 'cmake_force_configure': False, 'cmake_target': None, 'cmake_target_skip_unavailable': False, 'install_base': '/home/q/unitree_ws/unitree-go2-slam-toolbox/install/go2_perception', 'merge_install': False, 'path': '/home/q/unitree_ws/unitree-go2-slam-toolbox/src/go2_perception', 'symlink_install': False, 'test_result_base': None}
[0.247s] Level 5:colcon.colcon_core.verb:set package 'go2_slam' build argument 'cmake_args' from command line to 'None'
[0.247s] Level 5:colcon.colcon_core.verb:set package 'go2_slam' build argument 'cmake_target' from command line to 'None'
[0.247s] Level 5:colcon.colcon_core.verb:set package 'go2_slam' build argument 'cmake_target_skip_unavailable' from command line to 'False'
[0.247s] Level 5:colcon.colcon_core.verb:set package 'go2_slam' build argument 'cmake_clean_cache' from command line to 'False'
[0.247s] Level 5:colcon.colcon_core.verb:set package 'go2_slam' build argument 'cmake_clean_first' from command line to 'False'
[0.247s] Level 5:colcon.colcon_core.verb:set package 'go2_slam' build argument 'cmake_force_configure' from command line to 'False'
[0.247s] Level 5:colcon.colcon_core.verb:set package 'go2_slam' build argument 'ament_cmake_args' from command line to 'None'
[0.247s] Level 5:colcon.colcon_core.verb:set package 'go2_slam' build argument 'catkin_cmake_args' from command line to 'None'
[0.247s] Level 5:colcon.colcon_core.verb:set package 'go2_slam' build argument 'catkin_skip_building_tests' from command line to 'False'
[0.247s] DEBUG:colcon.colcon_core.verb:Building package 'go2_slam' with the following arguments: {'ament_cmake_args': None, 'build_base': '/home/q/unitree_ws/unitree-go2-slam-toolbox/build/go2_slam', 'catkin_cmake_args': None, 'catkin_skip_building_tests': False, 'cmake_args': None, 'cmake_clean_cache': False, 'cmake_clean_first': False, 'cmake_force_configure': False, 'cmake_target': None, 'cmake_target_skip_unavailable': False, 'install_base': '/home/q/unitree_ws/unitree-go2-slam-toolbox/install/go2_slam', 'merge_install': False, 'path': '/home/q/unitree_ws/unitree-go2-slam-toolbox/src/go2_slam', 'symlink_install': False, 'test_result_base': None}
[0.247s] Level 5:colcon.colcon_core.verb:set package 'go2_twist_bridge' build argument 'cmake_args' from command line to 'None'
[0.247s] Level 5:colcon.colcon_core.verb:set package 'go2_twist_bridge' build argument 'cmake_target' from command line to 'None'
[0.247s] Level 5:colcon.colcon_core.verb:set package 'go2_twist_bridge' build argument 'cmake_target_skip_unavailable' from command line to 'False'
[0.247s] Level 5:colcon.colcon_core.verb:set package 'go2_twist_bridge' build argument 'cmake_clean_cache' from command line to 'False'
[0.247s] Level 5:colcon.colcon_core.verb:set package 'go2_twist_bridge' build argument 'cmake_clean_first' from command line to 'False'
[0.247s] Level 5:colcon.colcon_core.verb:set package 'go2_twist_bridge' build argument 'cmake_force_configure' from command line to 'False'
[0.247s] Level 5:colcon.colcon_core.verb:set package 'go2_twist_bridge' build argument 'ament_cmake_args' from command line to 'None'
[0.247s] Level 5:colcon.colcon_core.verb:set package 'go2_twist_bridge' build argument 'catkin_cmake_args' from command line to 'None'
[0.247s] Level 5:colcon.colcon_core.verb:set package 'go2_twist_bridge' build argument 'catkin_skip_building_tests' from command line to 'False'
[0.247s] DEBUG:colcon.colcon_core.verb:Building package 'go2_twist_bridge' with the following arguments: {'ament_cmake_args': None, 'build_base': '/home/q/unitree_ws/unitree-go2-slam-toolbox/build/go2_twist_bridge', 'catkin_cmake_args': None, 'catkin_skip_building_tests': False, 'cmake_args': None, 'cmake_clean_cache': False, 'cmake_clean_first': False, 'cmake_force_configure': False, 'cmake_target': None, 'cmake_target_skip_unavailable': False, 'install_base': '/home/q/unitree_ws/unitree-go2-slam-toolbox/install/go2_twist_bridge', 'merge_install': False, 'path': '/home/q/unitree_ws/unitree-go2-slam-toolbox/src/base/go2_twist_bridge', 'symlink_install': False, 'test_result_base': None}
[0.247s] Level 5:colcon.colcon_core.verb:set package 'high_level_control' build argument 'cmake_args' from command line to 'None'
[0.247s] Level 5:colcon.colcon_core.verb:set package 'high_level_control' build argument 'cmake_target' from command line to 'None'
[0.247s] Level 5:colcon.colcon_core.verb:set package 'high_level_control' build argument 'cmake_target_skip_unavailable' from command line to 'False'
[0.247s] Level 5:colcon.colcon_core.verb:set package 'high_level_control' build argument 'cmake_clean_cache' from command line to 'False'
[0.247s] Level 5:colcon.colcon_core.verb:set package 'high_level_control' build argument 'cmake_clean_first' from command line to 'False'
[0.247s] Level 5:colcon.colcon_core.verb:set package 'high_level_control' build argument 'cmake_force_configure' from command line to 'False'
[0.247s] Level 5:colcon.colcon_core.verb:set package 'high_level_control' build argument 'ament_cmake_args' from command line to 'None'
[0.247s] Level 5:colcon.colcon_core.verb:set package 'high_level_control' build argument 'catkin_cmake_args' from command line to 'None'
[0.247s] Level 5:colcon.colcon_core.verb:set package 'high_level_control' build argument 'catkin_skip_building_tests' from command line to 'False'
[0.247s] DEBUG:colcon.colcon_core.verb:Building package 'high_level_control' with the following arguments: {'ament_cmake_args': None, 'build_base': '/home/q/unitree_ws/unitree-go2-slam-toolbox/build/high_level_control', 'catkin_cmake_args': None, 'catkin_skip_building_tests': False, 'cmake_args': None, 'cmake_clean_cache': False, 'cmake_clean_first': False, 'cmake_force_configure': False, 'cmake_target': None, 'cmake_target_skip_unavailable': False, 'install_base': '/home/q/unitree_ws/unitree-go2-slam-toolbox/install/high_level_control', 'merge_install': False, 'path': '/home/q/unitree_ws/unitree-go2-slam-toolbox/src/high_level_control', 'symlink_install': False, 'test_result_base': None}
[0.248s] Level 5:colcon.colcon_core.verb:set package 'unitree_go2_nav_interfaces' build argument 'cmake_args' from command line to 'None'
[0.248s] Level 5:colcon.colcon_core.verb:set package 'unitree_go2_nav_interfaces' build argument 'cmake_target' from command line to 'None'
[0.248s] Level 5:colcon.colcon_core.verb:set package 'unitree_go2_nav_interfaces' build argument 'cmake_target_skip_unavailable' from command line to 'False'
[0.248s] Level 5:colcon.colcon_core.verb:set package 'unitree_go2_nav_interfaces' build argument 'cmake_clean_cache' from command line to 'False'
[0.248s] Level 5:colcon.colcon_core.verb:set package 'unitree_go2_nav_interfaces' build argument 'cmake_clean_first' from command line to 'False'
[0.248s] Level 5:colcon.colcon_core.verb:set package 'unitree_go2_nav_interfaces' build argument 'cmake_force_configure' from command line to 'False'
[0.248s] Level 5:colcon.colcon_core.verb:set package 'unitree_go2_nav_interfaces' build argument 'ament_cmake_args' from command line to 'None'
[0.248s] Level 5:colcon.colcon_core.verb:set package 'unitree_go2_nav_interfaces' build argument 'catkin_cmake_args' from command line to 'None'
[0.248s] Level 5:colcon.colcon_core.verb:set package 'unitree_go2_nav_interfaces' build argument 'catkin_skip_building_tests' from command line to 'False'
[0.248s] DEBUG:colcon.colcon_core.verb:Building package 'unitree_go2_nav_interfaces' with the following arguments: {'ament_cmake_args': None, 'build_base': '/home/q/unitree_ws/unitree-go2-slam-toolbox/build/unitree_go2_nav_interfaces', 'catkin_cmake_args': None, 'catkin_skip_building_tests': False, 'cmake_args': None, 'cmake_clean_cache': False, 'cmake_clean_first': False, 'cmake_force_configure': False, 'cmake_target': None, 'cmake_target_skip_unavailable': False, 'install_base': '/home/q/unitree_ws/unitree-go2-slam-toolbox/install/unitree_go2_nav_interfaces', 'merge_install': False, 'path': '/home/q/unitree_ws/unitree-go2-slam-toolbox/unitree_go2_nav_interfaces', 'symlink_install': False, 'test_result_base': None}
[0.248s] INFO:colcon.colcon_core.executor:Executing jobs using 'parallel' executor
[0.248s] DEBUG:colcon.colcon_parallel_executor.executor.parallel:run_until_complete
[0.249s] INFO:colcon.colcon_ros.task.ament_cmake.build:Building ROS package in '/home/q/unitree_ws/unitree-go2-slam-toolbox/src/base/go2_core' with build type 'ament_cmake'
[0.249s] INFO:colcon.colcon_cmake.task.cmake.build:Building CMake package in '/home/q/unitree_ws/unitree-go2-slam-toolbox/src/base/go2_core'
[0.250s] INFO:colcon.colcon_core.plugin_system:Skipping extension 'colcon_core.shell.bat': Not used on non-Windows systems
[0.250s] INFO:colcon.colcon_core.shell:Skip shell extension 'powershell' for command environment: Not usable outside of PowerShell
[0.250s] DEBUG:colcon.colcon_core.shell:Skip shell extension 'dsv' for command environment
[0.255s] INFO:colcon.colcon_ros.task.ament_cmake.build:Building ROS package in '/home/q/unitree_ws/unitree-go2-slam-toolbox/src/go2_description' with build type 'ament_cmake'
[0.255s] INFO:colcon.colcon_cmake.task.cmake.build:Building CMake package in '/home/q/unitree_ws/unitree-go2-slam-toolbox/src/go2_description'
[0.255s] INFO:colcon.colcon_core.shell:Skip shell extension 'powershell' for command environment: Not usable outside of PowerShell
[0.255s] DEBUG:colcon.colcon_core.shell:Skip shell extension 'dsv' for command environment
[0.263s] INFO:colcon.colcon_ros.task.ament_cmake.build:Building ROS package in '/home/q/unitree_ws/unitree-go2-slam-toolbox/src/base/go2_driver' with build type 'ament_cmake'
[0.263s] INFO:colcon.colcon_cmake.task.cmake.build:Building CMake package in '/home/q/unitree_ws/unitree-go2-slam-toolbox/src/base/go2_driver'
[0.263s] INFO:colcon.colcon_core.shell:Skip shell extension 'powershell' for command environment: Not usable outside of PowerShell
[0.263s] DEBUG:colcon.colcon_core.shell:Skip shell extension 'dsv' for command environment
[0.269s] INFO:colcon.colcon_ros.task.ament_cmake.build:Building ROS package in '/home/q/unitree_ws/unitree-go2-slam-toolbox/src/go2_navigation2' with build type 'ament_cmake'
[0.269s] INFO:colcon.colcon_cmake.task.cmake.build:Building CMake package in '/home/q/unitree_ws/unitree-go2-slam-toolbox/src/go2_navigation2'
[0.269s] INFO:colcon.colcon_core.shell:Skip shell extension 'powershell' for command environment: Not usable outside of PowerShell
[0.269s] DEBUG:colcon.colcon_core.shell:Skip shell extension 'dsv' for command environment
[0.273s] INFO:colcon.colcon_ros.task.ament_cmake.build:Building ROS package in '/home/q/unitree_ws/unitree-go2-slam-toolbox/src/go2_perception' with build type 'ament_cmake'
[0.274s] INFO:colcon.colcon_cmake.task.cmake.build:Building CMake package in '/home/q/unitree_ws/unitree-go2-slam-toolbox/src/go2_perception'
[0.274s] INFO:colcon.colcon_core.shell:Skip shell extension 'powershell' for command environment: Not usable outside of PowerShell
[0.274s] DEBUG:colcon.colcon_core.shell:Skip shell extension 'dsv' for command environment
[0.279s] INFO:colcon.colcon_ros.task.ament_cmake.build:Building ROS package in '/home/q/unitree_ws/unitree-go2-slam-toolbox/src/go2_slam' with build type 'ament_cmake'
[0.279s] INFO:colcon.colcon_cmake.task.cmake.build:Building CMake package in '/home/q/unitree_ws/unitree-go2-slam-toolbox/src/go2_slam'
[0.279s] INFO:colcon.colcon_core.shell:Skip shell extension 'powershell' for command environment: Not usable outside of PowerShell
[0.279s] DEBUG:colcon.colcon_core.shell:Skip shell extension 'dsv' for command environment
[0.288s] INFO:colcon.colcon_ros.task.ament_cmake.build:Building ROS package in '/home/q/unitree_ws/unitree-go2-slam-toolbox/src/base/go2_twist_bridge' with build type 'ament_cmake'
[0.288s] INFO:colcon.colcon_cmake.task.cmake.build:Building CMake package in '/home/q/unitree_ws/unitree-go2-slam-toolbox/src/base/go2_twist_bridge'
[0.288s] INFO:colcon.colcon_core.shell:Skip shell extension 'powershell' for command environment: Not usable outside of PowerShell
[0.288s] DEBUG:colcon.colcon_core.shell:Skip shell extension 'dsv' for command environment
[0.293s] INFO:colcon.colcon_ros.task.ament_cmake.build:Building ROS package in '/home/q/unitree_ws/unitree-go2-slam-toolbox/src/high_level_control' with build type 'ament_cmake'
[0.293s] INFO:colcon.colcon_cmake.task.cmake.build:Building CMake package in '/home/q/unitree_ws/unitree-go2-slam-toolbox/src/high_level_control'
[0.293s] INFO:colcon.colcon_core.shell:Skip shell extension 'powershell' for command environment: Not usable outside of PowerShell
[0.293s] DEBUG:colcon.colcon_core.shell:Skip shell extension 'dsv' for command environment
[0.297s] INFO:colcon.colcon_ros.task.ament_cmake.build:Building ROS package in '/home/q/unitree_ws/unitree-go2-slam-toolbox/unitree_go2_nav_interfaces' with build type 'ament_cmake'
[0.298s] INFO:colcon.colcon_cmake.task.cmake.build:Building CMake package in '/home/q/unitree_ws/unitree-go2-slam-toolbox/unitree_go2_nav_interfaces'
[0.298s] INFO:colcon.colcon_core.shell:Skip shell extension 'powershell' for command environment: Not usable outside of PowerShell
[0.298s] DEBUG:colcon.colcon_core.shell:Skip shell extension 'dsv' for command environment
[0.307s] DEBUG:colcon.colcon_core.event_handler.log_command:Invoking command in '/home/q/unitree_ws/unitree-go2-slam-toolbox/build/go2_core': CMAKE_PREFIX_PATH=${CMAKE_PREFIX_PATH}:/home/q/ws_moveit2/install/moveit_configs_utils:/home/q/ws_moveit2/install/launch_param_builder:/opt/ros/humble /usr/bin/cmake --build /home/q/unitree_ws/unitree-go2-slam-toolbox/build/go2_core -- -j20 -l20
[0.310s] DEBUG:colcon.colcon_core.event_handler.log_command:Invoking command in '/home/q/unitree_ws/unitree-go2-slam-toolbox/build/go2_description': CMAKE_PREFIX_PATH=${CMAKE_PREFIX_PATH}:/home/q/ws_moveit2/install/moveit_configs_utils:/home/q/ws_moveit2/install/launch_param_builder:/opt/ros/humble /usr/bin/cmake --build /home/q/unitree_ws/unitree-go2-slam-toolbox/build/go2_description -- -j20 -l20
[0.312s] DEBUG:colcon.colcon_core.event_handler.log_command:Invoking command in '/home/q/unitree_ws/unitree-go2-slam-toolbox/build/go2_driver': CMAKE_PREFIX_PATH=${CMAKE_PREFIX_PATH}:/home/q/ws_moveit2/install/moveit_configs_utils:/home/q/ws_moveit2/install/launch_param_builder:/opt/ros/humble /usr/bin/cmake --build /home/q/unitree_ws/unitree-go2-slam-toolbox/build/go2_driver -- -j20 -l20
[0.313s] DEBUG:colcon.colcon_core.event_handler.log_command:Invoking command in '/home/q/unitree_ws/unitree-go2-slam-toolbox/build/go2_navigation2': CMAKE_PREFIX_PATH=${CMAKE_PREFIX_PATH}:/home/q/ws_moveit2/install/moveit_configs_utils:/home/q/ws_moveit2/install/launch_param_builder:/opt/ros/humble /usr/bin/cmake /home/q/unitree_ws/unitree-go2-slam-toolbox/src/go2_navigation2 -DCMAKE_INSTALL_PREFIX=/home/q/unitree_ws/unitree-go2-slam-toolbox/install/go2_navigation2
[0.315s] DEBUG:colcon.colcon_core.event_handler.log_command:Invoking command in '/home/q/unitree_ws/unitree-go2-slam-toolbox/build/go2_perception': CMAKE_PREFIX_PATH=${CMAKE_PREFIX_PATH}:/home/q/ws_moveit2/install/moveit_configs_utils:/home/q/ws_moveit2/install/launch_param_builder:/opt/ros/humble /usr/bin/cmake --build /home/q/unitree_ws/unitree-go2-slam-toolbox/build/go2_perception -- -j20 -l20
[0.316s] DEBUG:colcon.colcon_core.event_handler.log_command:Invoking command in '/home/q/unitree_ws/unitree-go2-slam-toolbox/build/go2_slam': CMAKE_PREFIX_PATH=${CMAKE_PREFIX_PATH}:/home/q/ws_moveit2/install/moveit_configs_utils:/home/q/ws_moveit2/install/launch_param_builder:/opt/ros/humble /usr/bin/cmake --build /home/q/unitree_ws/unitree-go2-slam-toolbox/build/go2_slam -- -j20 -l20
[0.318s] DEBUG:colcon.colcon_core.event_handler.log_command:Invoking command in '/home/q/unitree_ws/unitree-go2-slam-toolbox/build/go2_twist_bridge': CMAKE_PREFIX_PATH=${CMAKE_PREFIX_PATH}:/home/q/ws_moveit2/install/moveit_configs_utils:/home/q/ws_moveit2/install/launch_param_builder:/opt/ros/humble /usr/bin/cmake --build /home/q/unitree_ws/unitree-go2-slam-toolbox/build/go2_twist_bridge -- -j20 -l20
[0.321s] DEBUG:colcon.colcon_core.event_handler.log_command:Invoking command in '/home/q/unitree_ws/unitree-go2-slam-toolbox/build/high_level_control': CMAKE_PREFIX_PATH=${CMAKE_PREFIX_PATH}:/home/q/ws_moveit2/install/moveit_configs_utils:/home/q/ws_moveit2/install/launch_param_builder:/opt/ros/humble /usr/bin/cmake /home/q/unitree_ws/unitree-go2-slam-toolbox/src/high_level_control -DCMAKE_INSTALL_PREFIX=/home/q/unitree_ws/unitree-go2-slam-toolbox/install/high_level_control
[0.328s] DEBUG:colcon.colcon_core.event_handler.log_command:Invoking command in '/home/q/unitree_ws/unitree-go2-slam-toolbox/build/unitree_go2_nav_interfaces': CMAKE_PREFIX_PATH=${CMAKE_PREFIX_PATH}:/home/q/ws_moveit2/install/moveit_configs_utils:/home/q/ws_moveit2/install/launch_param_builder:/opt/ros/humble /usr/bin/cmake --build /home/q/unitree_ws/unitree-go2-slam-toolbox/build/unitree_go2_nav_interfaces -- -j20 -l20
[0.342s] DEBUG:colcon.colcon_core.event_handler.log_command:Invoked command in '/home/q/unitree_ws/unitree-go2-slam-toolbox/build/go2_description' returned '0': CMAKE_PREFIX_PATH=${CMAKE_PREFIX_PATH}:/home/q/ws_moveit2/install/moveit_configs_utils:/home/q/ws_moveit2/install/launch_param_builder:/opt/ros/humble /usr/bin/cmake --build /home/q/unitree_ws/unitree-go2-slam-toolbox/build/go2_description -- -j20 -l20
[0.350s] DEBUG:colcon.colcon_core.event_handler.log_command:Invoking command in '/home/q/unitree_ws/unitree-go2-slam-toolbox/build/go2_description': CMAKE_PREFIX_PATH=${CMAKE_PREFIX_PATH}:/home/q/ws_moveit2/install/moveit_configs_utils:/home/q/ws_moveit2/install/launch_param_builder:/opt/ros/humble /usr/bin/cmake --install /home/q/unitree_ws/unitree-go2-slam-toolbox/build/go2_description
[0.354s] DEBUG:colcon.colcon_core.event_handler.log_command:Invoked command in '/home/q/unitree_ws/unitree-go2-slam-toolbox/build/go2_slam' returned '0': CMAKE_PREFIX_PATH=${CMAKE_PREFIX_PATH}:/home/q/ws_moveit2/install/moveit_configs_utils:/home/q/ws_moveit2/install/launch_param_builder:/opt/ros/humble /usr/bin/cmake --build /home/q/unitree_ws/unitree-go2-slam-toolbox/build/go2_slam -- -j20 -l20
[0.355s] DEBUG:colcon.colcon_core.event_handler.log_command:Invoking command in '/home/q/unitree_ws/unitree-go2-slam-toolbox/build/go2_slam': CMAKE_PREFIX_PATH=${CMAKE_PREFIX_PATH}:/home/q/ws_moveit2/install/moveit_configs_utils:/home/q/ws_moveit2/install/launch_param_builder:/opt/ros/humble /usr/bin/cmake --install /home/q/unitree_ws/unitree-go2-slam-toolbox/build/go2_slam
[0.359s] DEBUG:colcon.colcon_core.event_handler.log_command:Invoked command in '/home/q/unitree_ws/unitree-go2-slam-toolbox/build/go2_core' returned '0': CMAKE_PREFIX_PATH=${CMAKE_PREFIX_PATH}:/home/q/ws_moveit2/install/moveit_configs_utils:/home/q/ws_moveit2/install/launch_param_builder:/opt/ros/humble /usr/bin/cmake --build /home/q/unitree_ws/unitree-go2-slam-toolbox/build/go2_core -- -j20 -l20
[0.364s] Level 1:colcon.colcon_core.environment:create_environment_scripts_only(go2_description)
[0.365s] DEBUG:colcon.colcon_core.event_handler.log_command:Invoking command in '/home/q/unitree_ws/unitree-go2-slam-toolbox/build/go2_core': CMAKE_PREFIX_PATH=${CMAKE_PREFIX_PATH}:/home/q/ws_moveit2/install/moveit_configs_utils:/home/q/ws_moveit2/install/launch_param_builder:/opt/ros/humble /usr/bin/cmake --install /home/q/unitree_ws/unitree-go2-slam-toolbox/build/go2_core
[0.367s] DEBUG:colcon.colcon_core.event_handler.log_command:Invoked command in '/home/q/unitree_ws/unitree-go2-slam-toolbox/build/go2_description' returned '0': CMAKE_PREFIX_PATH=${CMAKE_PREFIX_PATH}:/home/q/ws_moveit2/install/moveit_configs_utils:/home/q/ws_moveit2/install/launch_param_builder:/opt/ros/humble /usr/bin/cmake --install /home/q/unitree_ws/unitree-go2-slam-toolbox/build/go2_description
[0.369s] Level 1:colcon.colcon_core.environment:checking '/home/q/unitree_ws/unitree-go2-slam-toolbox/install/go2_description' for CMake module files
[0.370s] Level 1:colcon.colcon_core.environment:checking '/home/q/unitree_ws/unitree-go2-slam-toolbox/install/go2_description' for CMake config files
[0.370s] Level 1:colcon.colcon_core.shell:create_environment_hook('go2_description', 'cmake_prefix_path')
[0.370s] INFO:colcon.colcon_core.shell:Creating environment hook '/home/q/unitree_ws/unitree-go2-slam-toolbox/install/go2_description/share/go2_description/hook/cmake_prefix_path.ps1'
[0.373s] INFO:colcon.colcon_core.shell:Creating environment descriptor '/home/q/unitree_ws/unitree-go2-slam-toolbox/install/go2_description/share/go2_description/hook/cmake_prefix_path.dsv'
[0.373s] INFO:colcon.colcon_core.shell:Creating environment hook '/home/q/unitree_ws/unitree-go2-slam-toolbox/install/go2_description/share/go2_description/hook/cmake_prefix_path.sh'
[0.374s] Level 1:colcon.colcon_core.environment:checking '/home/q/unitree_ws/unitree-go2-slam-toolbox/install/go2_description/bin'
[0.374s] Level 1:colcon.colcon_core.environment:checking '/home/q/unitree_ws/unitree-go2-slam-toolbox/install/go2_description/lib/pkgconfig/go2_description.pc'
[0.374s] Level 1:colcon.colcon_core.environment:checking '/home/q/unitree_ws/unitree-go2-slam-toolbox/install/go2_description/lib/python3.10/site-packages'
[0.374s] Level 1:colcon.colcon_core.environment:checking '/home/q/unitree_ws/unitree-go2-slam-toolbox/install/go2_description/bin'
[0.374s] INFO:colcon.colcon_core.shell:Creating package script '/home/q/unitree_ws/unitree-go2-slam-toolbox/install/go2_description/share/go2_description/package.ps1'
[0.375s] INFO:colcon.colcon_core.shell:Creating package descriptor '/home/q/unitree_ws/unitree-go2-slam-toolbox/install/go2_description/share/go2_description/package.dsv'
[0.376s] INFO:colcon.colcon_core.shell:Creating package script '/home/q/unitree_ws/unitree-go2-slam-toolbox/install/go2_description/share/go2_description/package.sh'
[0.377s] INFO:colcon.colcon_core.shell:Creating package script '/home/q/unitree_ws/unitree-go2-slam-toolbox/install/go2_description/share/go2_description/package.bash'
[0.377s] INFO:colcon.colcon_core.shell:Creating package script '/home/q/unitree_ws/unitree-go2-slam-toolbox/install/go2_description/share/go2_description/package.zsh'
[0.378s] Level 1:colcon.colcon_core.environment:create_file_with_runtime_dependencies(/home/q/unitree_ws/unitree-go2-slam-toolbox/install/go2_description/share/colcon-core/packages/go2_description)
[0.378s] Level 1:colcon.colcon_core.environment:create_environment_scripts_only(go2_description)
[0.378s] Level 1:colcon.colcon_core.environment:checking '/home/q/unitree_ws/unitree-go2-slam-toolbox/install/go2_description' for CMake module files
[0.379s] Level 1:colcon.colcon_core.environment:checking '/home/q/unitree_ws/unitree-go2-slam-toolbox/install/go2_description' for CMake config files
[0.379s] Level 1:colcon.colcon_core.shell:create_environment_hook('go2_description', 'cmake_prefix_path')
[0.379s] INFO:colcon.colcon_core.shell:Creating environment hook '/home/q/unitree_ws/unitree-go2-slam-toolbox/install/go2_description/share/go2_description/hook/cmake_prefix_path.ps1'
[0.379s] INFO:colcon.colcon_core.shell:Creating environment descriptor '/home/q/unitree_ws/unitree-go2-slam-toolbox/install/go2_description/share/go2_description/hook/cmake_prefix_path.dsv'
[0.379s] INFO:colcon.colcon_core.shell:Creating environment hook '/home/q/unitree_ws/unitree-go2-slam-toolbox/install/go2_description/share/go2_description/hook/cmake_prefix_path.sh'
[0.380s] Level 1:colcon.colcon_core.environment:checking '/home/q/unitree_ws/unitree-go2-slam-toolbox/install/go2_description/bin'
[0.380s] Level 1:colcon.colcon_core.environment:checking '/home/q/unitree_ws/unitree-go2-slam-toolbox/install/go2_description/lib/pkgconfig/go2_description.pc'
[0.380s] Level 1:colcon.colcon_core.environment:checking '/home/q/unitree_ws/unitree-go2-slam-toolbox/install/go2_description/lib/python3.10/site-packages'
[0.380s] Level 1:colcon.colcon_core.environment:checking '/home/q/unitree_ws/unitree-go2-slam-toolbox/install/go2_description/bin'
[0.380s] INFO:colcon.colcon_core.shell:Creating package script '/home/q/unitree_ws/unitree-go2-slam-toolbox/install/go2_description/share/go2_description/package.ps1'
[0.381s] INFO:colcon.colcon_core.shell:Creating package descriptor '/home/q/unitree_ws/unitree-go2-slam-toolbox/install/go2_description/share/go2_description/package.dsv'
[0.381s] INFO:colcon.colcon_core.shell:Creating package script '/home/q/unitree_ws/unitree-go2-slam-toolbox/install/go2_description/share/go2_description/package.sh'
[0.381s] INFO:colcon.colcon_core.shell:Creating package script '/home/q/unitree_ws/unitree-go2-slam-toolbox/install/go2_description/share/go2_description/package.bash'
[0.382s] INFO:colcon.colcon_core.shell:Creating package script '/home/q/unitree_ws/unitree-go2-slam-toolbox/install/go2_description/share/go2_description/package.zsh'
[0.382s] Level 1:colcon.colcon_core.environment:create_file_with_runtime_dependencies(/home/q/unitree_ws/unitree-go2-slam-toolbox/install/go2_description/share/colcon-core/packages/go2_description)
[0.384s] Level 1:colcon.colcon_core.environment:create_environment_scripts_only(go2_slam)
[0.384s] Level 1:colcon.colcon_core.environment:checking '/home/q/unitree_ws/unitree-go2-slam-toolbox/install/go2_slam' for CMake module files
[0.384s] Level 1:colcon.colcon_core.environment:checking '/home/q/unitree_ws/unitree-go2-slam-toolbox/install/go2_slam' for CMake config files
[0.385s] Level 1:colcon.colcon_core.shell:create_environment_hook('go2_slam', 'cmake_prefix_path')
[0.385s] INFO:colcon.colcon_core.shell:Creating environment hook '/home/q/unitree_ws/unitree-go2-slam-toolbox/install/go2_slam/share/go2_slam/hook/cmake_prefix_path.ps1'
[0.386s] DEBUG:colcon.colcon_core.event_handler.log_command:Invoked command in '/home/q/unitree_ws/unitree-go2-slam-toolbox/build/go2_slam' returned '0': CMAKE_PREFIX_PATH=${CMAKE_PREFIX_PATH}:/home/q/ws_moveit2/install/moveit_configs_utils:/home/q/ws_moveit2/install/launch_param_builder:/opt/ros/humble /usr/bin/cmake --install /home/q/unitree_ws/unitree-go2-slam-toolbox/build/go2_slam
[0.386s] INFO:colcon.colcon_core.shell:Creating environment descriptor '/home/q/unitree_ws/unitree-go2-slam-toolbox/install/go2_slam/share/go2_slam/hook/cmake_prefix_path.dsv'
[0.387s] INFO:colcon.colcon_core.shell:Creating environment hook '/home/q/unitree_ws/unitree-go2-slam-toolbox/install/go2_slam/share/go2_slam/hook/cmake_prefix_path.sh'
[0.387s] Level 1:colcon.colcon_core.environment:checking '/home/q/unitree_ws/unitree-go2-slam-toolbox/install/go2_slam/bin'
[0.387s] Level 1:colcon.colcon_core.environment:checking '/home/q/unitree_ws/unitree-go2-slam-toolbox/install/go2_slam/lib/pkgconfig/go2_slam.pc'
[0.387s] Level 1:colcon.colcon_core.environment:checking '/home/q/unitree_ws/unitree-go2-slam-toolbox/install/go2_slam/lib/python3.10/site-packages'
[0.388s] Level 1:colcon.colcon_core.environment:checking '/home/q/unitree_ws/unitree-go2-slam-toolbox/install/go2_slam/bin'
[0.388s] INFO:colcon.colcon_core.shell:Creating package script '/home/q/unitree_ws/unitree-go2-slam-toolbox/install/go2_slam/share/go2_slam/package.ps1'
[0.388s] INFO:colcon.colcon_core.shell:Creating package descriptor '/home/q/unitree_ws/unitree-go2-slam-toolbox/install/go2_slam/share/go2_slam/package.dsv'
[0.389s] INFO:colcon.colcon_core.shell:Creating package script '/home/q/unitree_ws/unitree-go2-slam-toolbox/install/go2_slam/share/go2_slam/package.sh'
[0.389s] INFO:colcon.colcon_core.shell:Creating package script '/home/q/unitree_ws/unitree-go2-slam-toolbox/install/go2_slam/share/go2_slam/package.bash'
[0.389s] INFO:colcon.colcon_core.shell:Creating package script '/home/q/unitree_ws/unitree-go2-slam-toolbox/install/go2_slam/share/go2_slam/package.zsh'
[0.389s] Level 1:colcon.colcon_core.environment:create_file_with_runtime_dependencies(/home/q/unitree_ws/unitree-go2-slam-toolbox/install/go2_slam/share/colcon-core/packages/go2_slam)
[0.390s] Level 1:colcon.colcon_core.environment:create_environment_scripts_only(go2_slam)
[0.390s] Level 1:colcon.colcon_core.environment:checking '/home/q/unitree_ws/unitree-go2-slam-toolbox/install/go2_slam' for CMake module files
[0.391s] Level 1:colcon.colcon_core.environment:checking '/home/q/unitree_ws/unitree-go2-slam-toolbox/install/go2_slam' for CMake config files
[0.391s] Level 1:colcon.colcon_core.shell:create_environment_hook('go2_slam', 'cmake_prefix_path')
[0.391s] INFO:colcon.colcon_core.shell:Creating environment hook '/home/q/unitree_ws/unitree-go2-slam-toolbox/install/go2_slam/share/go2_slam/hook/cmake_prefix_path.ps1'
[0.391s] INFO:colcon.colcon_core.shell:Creating environment descriptor '/home/q/unitree_ws/unitree-go2-slam-toolbox/install/go2_slam/share/go2_slam/hook/cmake_prefix_path.dsv'
[0.392s] INFO:colcon.colcon_core.shell:Creating environment hook '/home/q/unitree_ws/unitree-go2-slam-toolbox/install/go2_slam/share/go2_slam/hook/cmake_prefix_path.sh'
[0.392s] Level 1:colcon.colcon_core.environment:checking '/home/q/unitree_ws/unitree-go2-slam-toolbox/install/go2_slam/bin'
[0.392s] Level 1:colcon.colcon_core.environment:checking '/home/q/unitree_ws/unitree-go2-slam-toolbox/install/go2_slam/lib/pkgconfig/go2_slam.pc'
[0.392s] Level 1:colcon.colcon_core.environment:checking '/home/q/unitree_ws/unitree-go2-slam-toolbox/install/go2_slam/lib/python3.10/site-packages'
[0.393s] Level 1:colcon.colcon_core.environment:checking '/home/q/unitree_ws/unitree-go2-slam-toolbox/install/go2_slam/bin'
[0.393s] INFO:colcon.colcon_core.shell:Creating package script '/home/q/unitree_ws/unitree-go2-slam-toolbox/install/go2_slam/share/go2_slam/package.ps1'
[0.394s] INFO:colcon.colcon_core.shell:Creating package descriptor '/home/q/unitree_ws/unitree-go2-slam-toolbox/install/go2_slam/share/go2_slam/package.dsv'
[0.394s] INFO:colcon.colcon_core.shell:Creating package script '/home/q/unitree_ws/unitree-go2-slam-toolbox/install/go2_slam/share/go2_slam/package.sh'
[0.395s] INFO:colcon.colcon_core.shell:Creating package script '/home/q/unitree_ws/unitree-go2-slam-toolbox/install/go2_slam/share/go2_slam/package.bash'
[0.395s] INFO:colcon.colcon_core.shell:Creating package script '/home/q/unitree_ws/unitree-go2-slam-toolbox/install/go2_slam/share/go2_slam/package.zsh'
[0.396s] Level 1:colcon.colcon_core.environment:create_file_with_runtime_dependencies(/home/q/unitree_ws/unitree-go2-slam-toolbox/install/go2_slam/share/colcon-core/packages/go2_slam)
[0.396s] Level 1:colcon.colcon_core.environment:create_environment_scripts_only(go2_core)
[0.397s] Level 1:colcon.colcon_core.environment:checking '/home/q/unitree_ws/unitree-go2-slam-toolbox/install/go2_core' for CMake module files
[0.397s] DEBUG:colcon.colcon_core.event_handler.log_command:Invoked command in '/home/q/unitree_ws/unitree-go2-slam-toolbox/build/go2_core' returned '0': CMAKE_PREFIX_PATH=${CMAKE_PREFIX_PATH}:/home/q/ws_moveit2/install/moveit_configs_utils:/home/q/ws_moveit2/install/launch_param_builder:/opt/ros/humble /usr/bin/cmake --install /home/q/unitree_ws/unitree-go2-slam-toolbox/build/go2_core
[0.398s] Level 1:colcon.colcon_core.environment:checking '/home/q/unitree_ws/unitree-go2-slam-toolbox/install/go2_core' for CMake config files
[0.398s] Level 1:colcon.colcon_core.shell:create_environment_hook('go2_core', 'cmake_prefix_path')
[0.398s] INFO:colcon.colcon_core.shell:Creating environment hook '/home/q/unitree_ws/unitree-go2-slam-toolbox/install/go2_core/share/go2_core/hook/cmake_prefix_path.ps1'
[0.398s] INFO:colcon.colcon_core.shell:Creating environment descriptor '/home/q/unitree_ws/unitree-go2-slam-toolbox/install/go2_core/share/go2_core/hook/cmake_prefix_path.dsv'
[0.399s] INFO:colcon.colcon_core.shell:Creating environment hook '/home/q/unitree_ws/unitree-go2-slam-toolbox/install/go2_core/share/go2_core/hook/cmake_prefix_path.sh'
[0.399s] Level 1:colcon.colcon_core.environment:checking '/home/q/unitree_ws/unitree-go2-slam-toolbox/install/go2_core/bin'
[0.399s] Level 1:colcon.colcon_core.environment:checking '/home/q/unitree_ws/unitree-go2-slam-toolbox/install/go2_core/lib/pkgconfig/go2_core.pc'
[0.399s] Level 1:colcon.colcon_core.environment:checking '/home/q/unitree_ws/unitree-go2-slam-toolbox/install/go2_core/lib/python3.10/site-packages'
[0.400s] Level 1:colcon.colcon_core.environment:checking '/home/q/unitree_ws/unitree-go2-slam-toolbox/install/go2_core/bin'
[0.400s] INFO:colcon.colcon_core.shell:Creating package script '/home/q/unitree_ws/unitree-go2-slam-toolbox/install/go2_core/share/go2_core/package.ps1'
[0.400s] INFO:colcon.colcon_core.shell:Creating package descriptor '/home/q/unitree_ws/unitree-go2-slam-toolbox/install/go2_core/share/go2_core/package.dsv'
[0.401s] INFO:colcon.colcon_core.shell:Creating package script '/home/q/unitree_ws/unitree-go2-slam-toolbox/install/go2_core/share/go2_core/package.sh'
[0.401s] INFO:colcon.colcon_core.shell:Creating package script '/home/q/unitree_ws/unitree-go2-slam-toolbox/install/go2_core/share/go2_core/package.bash'
[0.401s] INFO:colcon.colcon_core.shell:Creating package script '/home/q/unitree_ws/unitree-go2-slam-toolbox/install/go2_core/share/go2_core/package.zsh'
[0.401s] Level 1:colcon.colcon_core.environment:create_file_with_runtime_dependencies(/home/q/unitree_ws/unitree-go2-slam-toolbox/install/go2_core/share/colcon-core/packages/go2_core)
[0.402s] Level 1:colcon.colcon_core.environment:create_environment_scripts_only(go2_core)
[0.402s] Level 1:colcon.colcon_core.environment:checking '/home/q/unitree_ws/unitree-go2-slam-toolbox/install/go2_core' for CMake module files
[0.403s] Level 1:colcon.colcon_core.environment:checking '/home/q/unitree_ws/unitree-go2-slam-toolbox/install/go2_core' for CMake config files
[0.403s] Level 1:colcon.colcon_core.shell:create_environment_hook('go2_core', 'cmake_prefix_path')
[0.403s] INFO:colcon.colcon_core.shell:Creating environment hook '/home/q/unitree_ws/unitree-go2-slam-toolbox/install/go2_core/share/go2_core/hook/cmake_prefix_path.ps1'
[0.403s] INFO:colcon.colcon_core.shell:Creating environment descriptor '/home/q/unitree_ws/unitree-go2-slam-toolbox/install/go2_core/share/go2_core/hook/cmake_prefix_path.dsv'
[0.404s] INFO:colcon.colcon_core.shell:Creating environment hook '/home/q/unitree_ws/unitree-go2-slam-toolbox/install/go2_core/share/go2_core/hook/cmake_prefix_path.sh'
[0.404s] Level 1:colcon.colcon_core.environment:checking '/home/q/unitree_ws/unitree-go2-slam-toolbox/install/go2_core/bin'
[0.404s] Level 1:colcon.colcon_core.environment:checking '/home/q/unitree_ws/unitree-go2-slam-toolbox/install/go2_core/lib/pkgconfig/go2_core.pc'
[0.405s] Level 1:colcon.colcon_core.environment:checking '/home/q/unitree_ws/unitree-go2-slam-toolbox/install/go2_core/lib/python3.10/site-packages'
[0.405s] Level 1:colcon.colcon_core.environment:checking '/home/q/unitree_ws/unitree-go2-slam-toolbox/install/go2_core/bin'
[0.405s] INFO:colcon.colcon_core.shell:Creating package script '/home/q/unitree_ws/unitree-go2-slam-toolbox/install/go2_core/share/go2_core/package.ps1'
[0.406s] INFO:colcon.colcon_core.shell:Creating package descriptor '/home/q/unitree_ws/unitree-go2-slam-toolbox/install/go2_core/share/go2_core/package.dsv'
[0.406s] INFO:colcon.colcon_core.shell:Creating package script '/home/q/unitree_ws/unitree-go2-slam-toolbox/install/go2_core/share/go2_core/package.sh'
[0.407s] INFO:colcon.colcon_core.shell:Creating package script '/home/q/unitree_ws/unitree-go2-slam-toolbox/install/go2_core/share/go2_core/package.bash'
[0.407s] INFO:colcon.colcon_core.shell:Creating package script '/home/q/unitree_ws/unitree-go2-slam-toolbox/install/go2_core/share/go2_core/package.zsh'
[0.407s] Level 1:colcon.colcon_core.environment:create_file_with_runtime_dependencies(/home/q/unitree_ws/unitree-go2-slam-toolbox/install/go2_core/share/colcon-core/packages/go2_core)
[0.409s] DEBUG:colcon.colcon_core.event_handler.log_command:Invoked command in '/home/q/unitree_ws/unitree-go2-slam-toolbox/build/go2_twist_bridge' returned '0': CMAKE_PREFIX_PATH=${CMAKE_PREFIX_PATH}:/home/q/ws_moveit2/install/moveit_configs_utils:/home/q/ws_moveit2/install/launch_param_builder:/opt/ros/humble /usr/bin/cmake --build /home/q/unitree_ws/unitree-go2-slam-toolbox/build/go2_twist_bridge -- -j20 -l20
[0.409s] DEBUG:colcon.colcon_core.event_handler.log_command:Invoking command in '/home/q/unitree_ws/unitree-go2-slam-toolbox/build/go2_twist_bridge': CMAKE_PREFIX_PATH=${CMAKE_PREFIX_PATH}:/home/q/ws_moveit2/install/moveit_configs_utils:/home/q/ws_moveit2/install/launch_param_builder:/opt/ros/humble /usr/bin/cmake --install /home/q/unitree_ws/unitree-go2-slam-toolbox/build/go2_twist_bridge
[0.423s] Level 1:colcon.colcon_core.environment:create_environment_scripts_only(go2_twist_bridge)
[0.424s] Level 1:colcon.colcon_core.environment:checking '/home/q/unitree_ws/unitree-go2-slam-toolbox/install/go2_twist_bridge' for CMake module files
[0.424s] DEBUG:colcon.colcon_core.event_handler.log_command:Invoked command in '/home/q/unitree_ws/unitree-go2-slam-toolbox/build/go2_twist_bridge' returned '0': CMAKE_PREFIX_PATH=${CMAKE_PREFIX_PATH}:/home/q/ws_moveit2/install/moveit_configs_utils:/home/q/ws_moveit2/install/launch_param_builder:/opt/ros/humble /usr/bin/cmake --install /home/q/unitree_ws/unitree-go2-slam-toolbox/build/go2_twist_bridge
[0.425s] Level 1:colcon.colcon_core.environment:checking '/home/q/unitree_ws/unitree-go2-slam-toolbox/install/go2_twist_bridge' for CMake config files
[0.425s] Level 1:colcon.colcon_core.shell:create_environment_hook('go2_twist_bridge', 'cmake_prefix_path')
[0.425s] INFO:colcon.colcon_core.shell:Creating environment hook '/home/q/unitree_ws/unitree-go2-slam-toolbox/install/go2_twist_bridge/share/go2_twist_bridge/hook/cmake_prefix_path.ps1'
[0.425s] INFO:colcon.colcon_core.shell:Creating environment descriptor '/home/q/unitree_ws/unitree-go2-slam-toolbox/install/go2_twist_bridge/share/go2_twist_bridge/hook/cmake_prefix_path.dsv'
[0.425s] INFO:colcon.colcon_core.shell:Creating environment hook '/home/q/unitree_ws/unitree-go2-slam-toolbox/install/go2_twist_bridge/share/go2_twist_bridge/hook/cmake_prefix_path.sh'
[0.426s] Level 1:colcon.colcon_core.environment:checking '/home/q/unitree_ws/unitree-go2-slam-toolbox/install/go2_twist_bridge/lib'
[0.426s] Level 1:colcon.colcon_core.environment:checking '/home/q/unitree_ws/unitree-go2-slam-toolbox/install/go2_twist_bridge/bin'
[0.426s] Level 1:colcon.colcon_core.environment:checking '/home/q/unitree_ws/unitree-go2-slam-toolbox/install/go2_twist_bridge/lib/pkgconfig/go2_twist_bridge.pc'
[0.426s] Level 1:colcon.colcon_core.environment:checking '/home/q/unitree_ws/unitree-go2-slam-toolbox/install/go2_twist_bridge/lib/python3.10/site-packages'
[0.426s] Level 1:colcon.colcon_core.environment:checking '/home/q/unitree_ws/unitree-go2-slam-toolbox/install/go2_twist_bridge/bin'
[0.427s] INFO:colcon.colcon_core.shell:Creating package script '/home/q/unitree_ws/unitree-go2-slam-toolbox/install/go2_twist_bridge/share/go2_twist_bridge/package.ps1'
[0.427s] INFO:colcon.colcon_core.shell:Creating package descriptor '/home/q/unitree_ws/unitree-go2-slam-toolbox/install/go2_twist_bridge/share/go2_twist_bridge/package.dsv'
[0.427s] INFO:colcon.colcon_core.shell:Creating package script '/home/q/unitree_ws/unitree-go2-slam-toolbox/install/go2_twist_bridge/share/go2_twist_bridge/package.sh'
[0.428s] INFO:colcon.colcon_core.shell:Creating package script '/home/q/unitree_ws/unitree-go2-slam-toolbox/install/go2_twist_bridge/share/go2_twist_bridge/package.bash'
[0.428s] INFO:colcon.colcon_core.shell:Creating package script '/home/q/unitree_ws/unitree-go2-slam-toolbox/install/go2_twist_bridge/share/go2_twist_bridge/package.zsh'
[0.428s] Level 1:colcon.colcon_core.environment:create_file_with_runtime_dependencies(/home/q/unitree_ws/unitree-go2-slam-toolbox/install/go2_twist_bridge/share/colcon-core/packages/go2_twist_bridge)
[0.428s] Level 1:colcon.colcon_core.environment:create_environment_scripts_only(go2_twist_bridge)
[0.429s] Level 1:colcon.colcon_core.environment:checking '/home/q/unitree_ws/unitree-go2-slam-toolbox/install/go2_twist_bridge' for CMake module files
[0.429s] Level 1:colcon.colcon_core.environment:checking '/home/q/unitree_ws/unitree-go2-slam-toolbox/install/go2_twist_bridge' for CMake config files
[0.429s] Level 1:colcon.colcon_core.shell:create_environment_hook('go2_twist_bridge', 'cmake_prefix_path')
[0.429s] INFO:colcon.colcon_core.shell:Creating environment hook '/home/q/unitree_ws/unitree-go2-slam-toolbox/install/go2_twist_bridge/share/go2_twist_bridge/hook/cmake_prefix_path.ps1'
[0.429s] INFO:colcon.colcon_core.shell:Creating environment descriptor '/home/q/unitree_ws/unitree-go2-slam-toolbox/install/go2_twist_bridge/share/go2_twist_bridge/hook/cmake_prefix_path.dsv'
[0.430s] INFO:colcon.colcon_core.shell:Creating environment hook '/home/q/unitree_ws/unitree-go2-slam-toolbox/install/go2_twist_bridge/share/go2_twist_bridge/hook/cmake_prefix_path.sh'
[0.430s] Level 1:colcon.colcon_core.environment:checking '/home/q/unitree_ws/unitree-go2-slam-toolbox/install/go2_twist_bridge/lib'
[0.430s] Level 1:colcon.colcon_core.environment:checking '/home/q/unitree_ws/unitree-go2-slam-toolbox/install/go2_twist_bridge/bin'
[0.430s] Level 1:colcon.colcon_core.environment:checking '/home/q/unitree_ws/unitree-go2-slam-toolbox/install/go2_twist_bridge/lib/pkgconfig/go2_twist_bridge.pc'
[0.430s] Level 1:colcon.colcon_core.environment:checking '/home/q/unitree_ws/unitree-go2-slam-toolbox/install/go2_twist_bridge/lib/python3.10/site-packages'
[0.430s] Level 1:colcon.colcon_core.environment:checking '/home/q/unitree_ws/unitree-go2-slam-toolbox/install/go2_twist_bridge/bin'
[0.431s] INFO:colcon.colcon_core.shell:Creating package script '/home/q/unitree_ws/unitree-go2-slam-toolbox/install/go2_twist_bridge/share/go2_twist_bridge/package.ps1'
[0.431s] INFO:colcon.colcon_core.shell:Creating package descriptor '/home/q/unitree_ws/unitree-go2-slam-toolbox/install/go2_twist_bridge/share/go2_twist_bridge/package.dsv'
[0.431s] INFO:colcon.colcon_core.shell:Creating package script '/home/q/unitree_ws/unitree-go2-slam-toolbox/install/go2_twist_bridge/share/go2_twist_bridge/package.sh'
[0.431s] INFO:colcon.colcon_core.shell:Creating package script '/home/q/unitree_ws/unitree-go2-slam-toolbox/install/go2_twist_bridge/share/go2_twist_bridge/package.bash'
[0.432s] INFO:colcon.colcon_core.shell:Creating package script '/home/q/unitree_ws/unitree-go2-slam-toolbox/install/go2_twist_bridge/share/go2_twist_bridge/package.zsh'
[0.432s] Level 1:colcon.colcon_core.environment:create_file_with_runtime_dependencies(/home/q/unitree_ws/unitree-go2-slam-toolbox/install/go2_twist_bridge/share/colcon-core/packages/go2_twist_bridge)
[0.719s] DEBUG:colcon.colcon_core.event_handler.log_command:Invoked command in '/home/q/unitree_ws/unitree-go2-slam-toolbox/build/unitree_go2_nav_interfaces' returned '0': CMAKE_PREFIX_PATH=${CMAKE_PREFIX_PATH}:/home/q/ws_moveit2/install/moveit_configs_utils:/home/q/ws_moveit2/install/launch_param_builder:/opt/ros/humble /usr/bin/cmake --build /home/q/unitree_ws/unitree-go2-slam-toolbox/build/unitree_go2_nav_interfaces -- -j20 -l20
[0.721s] DEBUG:colcon.colcon_core.event_handler.log_command:Invoking command in '/home/q/unitree_ws/unitree-go2-slam-toolbox/build/unitree_go2_nav_interfaces': CMAKE_PREFIX_PATH=${CMAKE_PREFIX_PATH}:/home/q/ws_moveit2/install/moveit_configs_utils:/home/q/ws_moveit2/install/launch_param_builder:/opt/ros/humble /usr/bin/cmake --install /home/q/unitree_ws/unitree-go2-slam-toolbox/build/unitree_go2_nav_interfaces
[0.772s] Level 1:colcon.colcon_core.environment:create_environment_scripts_only(unitree_go2_nav_interfaces)
[0.773s] Level 1:colcon.colcon_core.environment:checking '/home/q/unitree_ws/unitree-go2-slam-toolbox/install/unitree_go2_nav_interfaces' for CMake module files
[0.773s] DEBUG:colcon.colcon_core.event_handler.log_command:Invoked command in '/home/q/unitree_ws/unitree-go2-slam-toolbox/build/unitree_go2_nav_interfaces' returned '0': CMAKE_PREFIX_PATH=${CMAKE_PREFIX_PATH}:/home/q/ws_moveit2/install/moveit_configs_utils:/home/q/ws_moveit2/install/launch_param_builder:/opt/ros/humble /usr/bin/cmake --install /home/q/unitree_ws/unitree-go2-slam-toolbox/build/unitree_go2_nav_interfaces
[0.774s] Level 1:colcon.colcon_core.environment:checking '/home/q/unitree_ws/unitree-go2-slam-toolbox/install/unitree_go2_nav_interfaces' for CMake config files
[0.775s] Level 1:colcon.colcon_core.shell:create_environment_hook('unitree_go2_nav_interfaces', 'cmake_prefix_path')
[0.775s] INFO:colcon.colcon_core.shell:Creating environment hook '/home/q/unitree_ws/unitree-go2-slam-toolbox/install/unitree_go2_nav_interfaces/share/unitree_go2_nav_interfaces/hook/cmake_prefix_path.ps1'
[0.776s] INFO:colcon.colcon_core.shell:Creating environment descriptor '/home/q/unitree_ws/unitree-go2-slam-toolbox/install/unitree_go2_nav_interfaces/share/unitree_go2_nav_interfaces/hook/cmake_prefix_path.dsv'
[0.776s] INFO:colcon.colcon_core.shell:Creating environment hook '/home/q/unitree_ws/unitree-go2-slam-toolbox/install/unitree_go2_nav_interfaces/share/unitree_go2_nav_interfaces/hook/cmake_prefix_path.sh'
[0.777s] Level 1:colcon.colcon_core.environment:checking '/home/q/unitree_ws/unitree-go2-slam-toolbox/install/unitree_go2_nav_interfaces/lib'
[0.777s] Level 1:colcon.colcon_core.shell:create_environment_hook('unitree_go2_nav_interfaces', 'ld_library_path_lib')
[0.777s] INFO:colcon.colcon_core.shell:Creating environment hook '/home/q/unitree_ws/unitree-go2-slam-toolbox/install/unitree_go2_nav_interfaces/share/unitree_go2_nav_interfaces/hook/ld_library_path_lib.ps1'
[0.778s] INFO:colcon.colcon_core.shell:Creating environment descriptor '/home/q/unitree_ws/unitree-go2-slam-toolbox/install/unitree_go2_nav_interfaces/share/unitree_go2_nav_interfaces/hook/ld_library_path_lib.dsv'
[0.778s] INFO:colcon.colcon_core.shell:Creating environment hook '/home/q/unitree_ws/unitree-go2-slam-toolbox/install/unitree_go2_nav_interfaces/share/unitree_go2_nav_interfaces/hook/ld_library_path_lib.sh'
[0.779s] Level 1:colcon.colcon_core.environment:checking '/home/q/unitree_ws/unitree-go2-slam-toolbox/install/unitree_go2_nav_interfaces/bin'
[0.779s] Level 1:colcon.colcon_core.environment:checking '/home/q/unitree_ws/unitree-go2-slam-toolbox/install/unitree_go2_nav_interfaces/lib/pkgconfig/unitree_go2_nav_interfaces.pc'
[0.779s] Level 1:colcon.colcon_core.environment:checking '/home/q/unitree_ws/unitree-go2-slam-toolbox/install/unitree_go2_nav_interfaces/lib/python3.10/site-packages'
[0.780s] Level 1:colcon.colcon_core.environment:checking '/home/q/unitree_ws/unitree-go2-slam-toolbox/install/unitree_go2_nav_interfaces/bin'
[0.780s] INFO:colcon.colcon_core.shell:Creating package script '/home/q/unitree_ws/unitree-go2-slam-toolbox/install/unitree_go2_nav_interfaces/share/unitree_go2_nav_interfaces/package.ps1'
[0.781s] INFO:colcon.colcon_core.shell:Creating package descriptor '/home/q/unitree_ws/unitree-go2-slam-toolbox/install/unitree_go2_nav_interfaces/share/unitree_go2_nav_interfaces/package.dsv'
[0.781s] INFO:colcon.colcon_core.shell:Creating package script '/home/q/unitree_ws/unitree-go2-slam-toolbox/install/unitree_go2_nav_interfaces/share/unitree_go2_nav_interfaces/package.sh'
[0.781s] INFO:colcon.colcon_core.shell:Creating package script '/home/q/unitree_ws/unitree-go2-slam-toolbox/install/unitree_go2_nav_interfaces/share/unitree_go2_nav_interfaces/package.bash'
[0.782s] INFO:colcon.colcon_core.shell:Creating package script '/home/q/unitree_ws/unitree-go2-slam-toolbox/install/unitree_go2_nav_interfaces/share/unitree_go2_nav_interfaces/package.zsh'
[0.782s] Level 1:colcon.colcon_core.environment:create_file_with_runtime_dependencies(/home/q/unitree_ws/unitree-go2-slam-toolbox/install/unitree_go2_nav_interfaces/share/colcon-core/packages/unitree_go2_nav_interfaces)
[0.782s] Level 1:colcon.colcon_core.environment:create_environment_scripts_only(unitree_go2_nav_interfaces)
[0.782s] Level 1:colcon.colcon_core.environment:checking '/home/q/unitree_ws/unitree-go2-slam-toolbox/install/unitree_go2_nav_interfaces' for CMake module files
[0.783s] Level 1:colcon.colcon_core.environment:checking '/home/q/unitree_ws/unitree-go2-slam-toolbox/install/unitree_go2_nav_interfaces' for CMake config files
[0.783s] Level 1:colcon.colcon_core.shell:create_environment_hook('unitree_go2_nav_interfaces', 'cmake_prefix_path')
[0.783s] INFO:colcon.colcon_core.shell:Creating environment hook '/home/q/unitree_ws/unitree-go2-slam-toolbox/install/unitree_go2_nav_interfaces/share/unitree_go2_nav_interfaces/hook/cmake_prefix_path.ps1'
[0.783s] INFO:colcon.colcon_core.shell:Creating environment descriptor '/home/q/unitree_ws/unitree-go2-slam-toolbox/install/unitree_go2_nav_interfaces/share/unitree_go2_nav_interfaces/hook/cmake_prefix_path.dsv'
[0.783s] INFO:colcon.colcon_core.shell:Creating environment hook '/home/q/unitree_ws/unitree-go2-slam-toolbox/install/unitree_go2_nav_interfaces/share/unitree_go2_nav_interfaces/hook/cmake_prefix_path.sh'
[0.784s] Level 1:colcon.colcon_core.environment:checking '/home/q/unitree_ws/unitree-go2-slam-toolbox/install/unitree_go2_nav_interfaces/lib'
[0.784s] Level 1:colcon.colcon_core.shell:create_environment_hook('unitree_go2_nav_interfaces', 'ld_library_path_lib')
[0.784s] INFO:colcon.colcon_core.shell:Creating environment hook '/home/q/unitree_ws/unitree-go2-slam-toolbox/install/unitree_go2_nav_interfaces/share/unitree_go2_nav_interfaces/hook/ld_library_path_lib.ps1'
[0.785s] INFO:colcon.colcon_core.shell:Creating environment descriptor '/home/q/unitree_ws/unitree-go2-slam-toolbox/install/unitree_go2_nav_interfaces/share/unitree_go2_nav_interfaces/hook/ld_library_path_lib.dsv'
[0.785s] INFO:colcon.colcon_core.shell:Creating environment hook '/home/q/unitree_ws/unitree-go2-slam-toolbox/install/unitree_go2_nav_interfaces/share/unitree_go2_nav_interfaces/hook/ld_library_path_lib.sh'
[0.785s] Level 1:colcon.colcon_core.environment:checking '/home/q/unitree_ws/unitree-go2-slam-toolbox/install/unitree_go2_nav_interfaces/bin'
[0.785s] Level 1:colcon.colcon_core.environment:checking '/home/q/unitree_ws/unitree-go2-slam-toolbox/install/unitree_go2_nav_interfaces/lib/pkgconfig/unitree_go2_nav_interfaces.pc'
[0.785s] Level 1:colcon.colcon_core.environment:checking '/home/q/unitree_ws/unitree-go2-slam-toolbox/install/unitree_go2_nav_interfaces/lib/python3.10/site-packages'
[0.785s] Level 1:colcon.colcon_core.environment:checking '/home/q/unitree_ws/unitree-go2-slam-toolbox/install/unitree_go2_nav_interfaces/bin'
[0.786s] INFO:colcon.colcon_core.shell:Creating package script '/home/q/unitree_ws/unitree-go2-slam-toolbox/install/unitree_go2_nav_interfaces/share/unitree_go2_nav_interfaces/package.ps1'
[0.786s] INFO:colcon.colcon_core.shell:Creating package descriptor '/home/q/unitree_ws/unitree-go2-slam-toolbox/install/unitree_go2_nav_interfaces/share/unitree_go2_nav_interfaces/package.dsv'
[0.786s] INFO:colcon.colcon_core.shell:Creating package script '/home/q/unitree_ws/unitree-go2-slam-toolbox/install/unitree_go2_nav_interfaces/share/unitree_go2_nav_interfaces/package.sh'
[0.786s] INFO:colcon.colcon_core.shell:Creating package script '/home/q/unitree_ws/unitree-go2-slam-toolbox/install/unitree_go2_nav_interfaces/share/unitree_go2_nav_interfaces/package.bash'
[0.787s] INFO:colcon.colcon_core.shell:Creating package script '/home/q/unitree_ws/unitree-go2-slam-toolbox/install/unitree_go2_nav_interfaces/share/unitree_go2_nav_interfaces/package.zsh'
[0.787s] Level 1:colcon.colcon_core.environment:create_file_with_runtime_dependencies(/home/q/unitree_ws/unitree-go2-slam-toolbox/install/unitree_go2_nav_interfaces/share/colcon-core/packages/unitree_go2_nav_interfaces)
[0.843s] DEBUG:colcon.colcon_core.event_handler.log_command:Invoked command in '/home/q/unitree_ws/unitree-go2-slam-toolbox/build/high_level_control' returned '0': CMAKE_PREFIX_PATH=${CMAKE_PREFIX_PATH}:/home/q/ws_moveit2/install/moveit_configs_utils:/home/q/ws_moveit2/install/launch_param_builder:/opt/ros/humble /usr/bin/cmake /home/q/unitree_ws/unitree-go2-slam-toolbox/src/high_level_control -DCMAKE_INSTALL_PREFIX=/home/q/unitree_ws/unitree-go2-slam-toolbox/install/high_level_control
[0.843s] DEBUG:colcon.colcon_core.event_handler.log_command:Invoking command in '/home/q/unitree_ws/unitree-go2-slam-toolbox/build/high_level_control': CMAKE_PREFIX_PATH=${CMAKE_PREFIX_PATH}:/home/q/ws_moveit2/install/moveit_configs_utils:/home/q/ws_moveit2/install/launch_param_builder:/opt/ros/humble /usr/bin/cmake --build /home/q/unitree_ws/unitree-go2-slam-toolbox/build/high_level_control -- -j20 -l20
[1.039s] DEBUG:colcon.colcon_core.event_handler.log_command:Invoked command in '/home/q/unitree_ws/unitree-go2-slam-toolbox/build/go2_navigation2' returned '0': CMAKE_PREFIX_PATH=${CMAKE_PREFIX_PATH}:/home/q/ws_moveit2/install/moveit_configs_utils:/home/q/ws_moveit2/install/launch_param_builder:/opt/ros/humble /usr/bin/cmake /home/q/unitree_ws/unitree-go2-slam-toolbox/src/go2_navigation2 -DCMAKE_INSTALL_PREFIX=/home/q/unitree_ws/unitree-go2-slam-toolbox/install/go2_navigation2
[1.040s] DEBUG:colcon.colcon_core.event_handler.log_command:Invoking command in '/home/q/unitree_ws/unitree-go2-slam-toolbox/build/go2_navigation2': CMAKE_PREFIX_PATH=${CMAKE_PREFIX_PATH}:/home/q/ws_moveit2/install/moveit_configs_utils:/home/q/ws_moveit2/install/launch_param_builder:/opt/ros/humble /usr/bin/cmake --build /home/q/unitree_ws/unitree-go2-slam-toolbox/build/go2_navigation2 -- -j20 -l20
[7.275s] DEBUG:colcon.colcon_core.event_handler.log_command:Invoked command in '/home/q/unitree_ws/unitree-go2-slam-toolbox/build/go2_navigation2' returned '0': CMAKE_PREFIX_PATH=${CMAKE_PREFIX_PATH}:/home/q/ws_moveit2/install/moveit_configs_utils:/home/q/ws_moveit2/install/launch_param_builder:/opt/ros/humble /usr/bin/cmake --build /home/q/unitree_ws/unitree-go2-slam-toolbox/build/go2_navigation2 -- -j20 -l20
[7.277s] DEBUG:colcon.colcon_core.event_handler.log_command:Invoking command in '/home/q/unitree_ws/unitree-go2-slam-toolbox/build/go2_navigation2': CMAKE_PREFIX_PATH=${CMAKE_PREFIX_PATH}:/home/q/ws_moveit2/install/moveit_configs_utils:/home/q/ws_moveit2/install/launch_param_builder:/opt/ros/humble /usr/bin/cmake --install /home/q/unitree_ws/unitree-go2-slam-toolbox/build/go2_navigation2
[7.293s] Level 1:colcon.colcon_core.environment:create_environment_scripts_only(go2_navigation2)
[7.293s] Level 1:colcon.colcon_core.environment:checking '/home/q/unitree_ws/unitree-go2-slam-toolbox/install/go2_navigation2' for CMake module files
[7.293s] DEBUG:colcon.colcon_core.event_handler.log_command:Invoked command in '/home/q/unitree_ws/unitree-go2-slam-toolbox/build/go2_navigation2' returned '0': CMAKE_PREFIX_PATH=${CMAKE_PREFIX_PATH}:/home/q/ws_moveit2/install/moveit_configs_utils:/home/q/ws_moveit2/install/launch_param_builder:/opt/ros/humble /usr/bin/cmake --install /home/q/unitree_ws/unitree-go2-slam-toolbox/build/go2_navigation2
[7.294s] Level 1:colcon.colcon_core.environment:checking '/home/q/unitree_ws/unitree-go2-slam-toolbox/install/go2_navigation2' for CMake config files
[7.294s] Level 1:colcon.colcon_core.shell:create_environment_hook('go2_navigation2', 'cmake_prefix_path')
[7.294s] INFO:colcon.colcon_core.shell:Creating environment hook '/home/q/unitree_ws/unitree-go2-slam-toolbox/install/go2_navigation2/share/go2_navigation2/hook/cmake_prefix_path.ps1'
[7.294s] INFO:colcon.colcon_core.shell:Creating environment descriptor '/home/q/unitree_ws/unitree-go2-slam-toolbox/install/go2_navigation2/share/go2_navigation2/hook/cmake_prefix_path.dsv'
[7.294s] INFO:colcon.colcon_core.shell:Creating environment hook '/home/q/unitree_ws/unitree-go2-slam-toolbox/install/go2_navigation2/share/go2_navigation2/hook/cmake_prefix_path.sh'
[7.295s] Level 1:colcon.colcon_core.environment:checking '/home/q/unitree_ws/unitree-go2-slam-toolbox/install/go2_navigation2/lib'
[7.295s] Level 1:colcon.colcon_core.environment:checking '/home/q/unitree_ws/unitree-go2-slam-toolbox/install/go2_navigation2/bin'
[7.295s] Level 1:colcon.colcon_core.environment:checking '/home/q/unitree_ws/unitree-go2-slam-toolbox/install/go2_navigation2/lib/pkgconfig/go2_navigation2.pc'
[7.295s] Level 1:colcon.colcon_core.environment:checking '/home/q/unitree_ws/unitree-go2-slam-toolbox/install/go2_navigation2/lib/python3.10/site-packages'
[7.295s] Level 1:colcon.colcon_core.environment:checking '/home/q/unitree_ws/unitree-go2-slam-toolbox/install/go2_navigation2/bin'
[7.295s] INFO:colcon.colcon_core.shell:Creating package script '/home/q/unitree_ws/unitree-go2-slam-toolbox/install/go2_navigation2/share/go2_navigation2/package.ps1'
[7.295s] INFO:colcon.colcon_core.shell:Creating package descriptor '/home/q/unitree_ws/unitree-go2-slam-toolbox/install/go2_navigation2/share/go2_navigation2/package.dsv'
[7.296s] INFO:colcon.colcon_core.shell:Creating package script '/home/q/unitree_ws/unitree-go2-slam-toolbox/install/go2_navigation2/share/go2_navigation2/package.sh'
[7.296s] INFO:colcon.colcon_core.shell:Creating package script '/home/q/unitree_ws/unitree-go2-slam-toolbox/install/go2_navigation2/share/go2_navigation2/package.bash'
[7.296s] INFO:colcon.colcon_core.shell:Creating package script '/home/q/unitree_ws/unitree-go2-slam-toolbox/install/go2_navigation2/share/go2_navigation2/package.zsh'
[7.296s] Level 1:colcon.colcon_core.environment:create_file_with_runtime_dependencies(/home/q/unitree_ws/unitree-go2-slam-toolbox/install/go2_navigation2/share/colcon-core/packages/go2_navigation2)
[7.297s] Level 1:colcon.colcon_core.environment:create_environment_scripts_only(go2_navigation2)
[7.297s] Level 1:colcon.colcon_core.environment:checking '/home/q/unitree_ws/unitree-go2-slam-toolbox/install/go2_navigation2' for CMake module files
[7.297s] Level 1:colcon.colcon_core.environment:checking '/home/q/unitree_ws/unitree-go2-slam-toolbox/install/go2_navigation2' for CMake config files
[7.297s] Level 1:colcon.colcon_core.shell:create_environment_hook('go2_navigation2', 'cmake_prefix_path')
[7.297s] INFO:colcon.colcon_core.shell:Creating environment hook '/home/q/unitree_ws/unitree-go2-slam-toolbox/install/go2_navigation2/share/go2_navigation2/hook/cmake_prefix_path.ps1'
[7.297s] INFO:colcon.colcon_core.shell:Creating environment descriptor '/home/q/unitree_ws/unitree-go2-slam-toolbox/install/go2_navigation2/share/go2_navigation2/hook/cmake_prefix_path.dsv'
[7.297s] INFO:colcon.colcon_core.shell:Creating environment hook '/home/q/unitree_ws/unitree-go2-slam-toolbox/install/go2_navigation2/share/go2_navigation2/hook/cmake_prefix_path.sh'
[7.298s] Level 1:colcon.colcon_core.environment:checking '/home/q/unitree_ws/unitree-go2-slam-toolbox/install/go2_navigation2/lib'
[7.298s] Level 1:colcon.colcon_core.environment:checking '/home/q/unitree_ws/unitree-go2-slam-toolbox/install/go2_navigation2/bin'
[7.298s] Level 1:colcon.colcon_core.environment:checking '/home/q/unitree_ws/unitree-go2-slam-toolbox/install/go2_navigation2/lib/pkgconfig/go2_navigation2.pc'
[7.298s] Level 1:colcon.colcon_core.environment:checking '/home/q/unitree_ws/unitree-go2-slam-toolbox/install/go2_navigation2/lib/python3.10/site-packages'
[7.298s] Level 1:colcon.colcon_core.environment:checking '/home/q/unitree_ws/unitree-go2-slam-toolbox/install/go2_navigation2/bin'
[7.298s] INFO:colcon.colcon_core.shell:Creating package script '/home/q/unitree_ws/unitree-go2-slam-toolbox/install/go2_navigation2/share/go2_navigation2/package.ps1'
[7.298s] INFO:colcon.colcon_core.shell:Creating package descriptor '/home/q/unitree_ws/unitree-go2-slam-toolbox/install/go2_navigation2/share/go2_navigation2/package.dsv'
[7.299s] INFO:colcon.colcon_core.shell:Creating package script '/home/q/unitree_ws/unitree-go2-slam-toolbox/install/go2_navigation2/share/go2_navigation2/package.sh'
[7.299s] INFO:colcon.colcon_core.shell:Creating package script '/home/q/unitree_ws/unitree-go2-slam-toolbox/install/go2_navigation2/share/go2_navigation2/package.bash'
[7.299s] INFO:colcon.colcon_core.shell:Creating package script '/home/q/unitree_ws/unitree-go2-slam-toolbox/install/go2_navigation2/share/go2_navigation2/package.zsh'
[7.299s] Level 1:colcon.colcon_core.environment:create_file_with_runtime_dependencies(/home/q/unitree_ws/unitree-go2-slam-toolbox/install/go2_navigation2/share/colcon-core/packages/go2_navigation2)
[7.557s] DEBUG:colcon.colcon_core.event_handler.log_command:Invoked command in '/home/q/unitree_ws/unitree-go2-slam-toolbox/build/high_level_control' returned '2': CMAKE_PREFIX_PATH=${CMAKE_PREFIX_PATH}:/home/q/ws_moveit2/install/moveit_configs_utils:/home/q/ws_moveit2/install/launch_param_builder:/opt/ros/humble /usr/bin/cmake --build /home/q/unitree_ws/unitree-go2-slam-toolbox/build/high_level_control -- -j20 -l20
[7.557s] Level 1:colcon.colcon_core.environment:create_environment_scripts_only(high_level_control)
[7.557s] Level 1:colcon.colcon_core.environment:checking '/home/q/unitree_ws/unitree-go2-slam-toolbox/install/high_level_control' for CMake module files
[7.558s] Level 1:colcon.colcon_core.environment:checking '/home/q/unitree_ws/unitree-go2-slam-toolbox/install/high_level_control' for CMake config files
[7.558s] Level 1:colcon.colcon_core.environment:checking '/home/q/unitree_ws/unitree-go2-slam-toolbox/install/high_level_control/bin'
[7.558s] Level 1:colcon.colcon_core.environment:checking '/home/q/unitree_ws/unitree-go2-slam-toolbox/install/high_level_control/lib/pkgconfig/high_level_control.pc'
[7.558s] Level 1:colcon.colcon_core.environment:checking '/home/q/unitree_ws/unitree-go2-slam-toolbox/install/high_level_control/lib/python3.10/site-packages'
[7.559s] Level 1:colcon.colcon_core.environment:checking '/home/q/unitree_ws/unitree-go2-slam-toolbox/install/high_level_control/bin'
[7.559s] INFO:colcon.colcon_core.shell:Creating package script '/home/q/unitree_ws/unitree-go2-slam-toolbox/install/high_level_control/share/high_level_control/package.ps1'
[7.559s] INFO:colcon.colcon_core.shell:Creating package descriptor '/home/q/unitree_ws/unitree-go2-slam-toolbox/install/high_level_control/share/high_level_control/package.dsv'
[7.560s] INFO:colcon.colcon_core.shell:Creating package script '/home/q/unitree_ws/unitree-go2-slam-toolbox/install/high_level_control/share/high_level_control/package.sh'
[7.560s] INFO:colcon.colcon_core.shell:Creating package script '/home/q/unitree_ws/unitree-go2-slam-toolbox/install/high_level_control/share/high_level_control/package.bash'
[7.560s] INFO:colcon.colcon_core.shell:Creating package script '/home/q/unitree_ws/unitree-go2-slam-toolbox/install/high_level_control/share/high_level_control/package.zsh'
[7.561s] Level 1:colcon.colcon_core.environment:create_file_with_runtime_dependencies(/home/q/unitree_ws/unitree-go2-slam-toolbox/install/high_level_control/share/colcon-core/packages/high_level_control)
[9.848s] DEBUG:colcon.colcon_parallel_executor.executor.parallel:closing loop
[9.848s] DEBUG:colcon.colcon_parallel_executor.executor.parallel:loop closed
[9.849s] DEBUG:colcon.colcon_parallel_executor.executor.parallel:run_until_complete finished with '2'
[9.849s] DEBUG:colcon.colcon_core.event_reactor:joining thread
[9.853s] INFO:colcon.colcon_core.plugin_system:Skipping extension 'colcon_notification.desktop_notification.terminal_notifier': Not used on non-Darwin systems
[9.853s] INFO:colcon.colcon_core.plugin_system:Skipping extension 'colcon_notification.desktop_notification.win32': Not used on non-Windows systems
[9.853s] INFO:colcon.colcon_notification.desktop_notification:Sending desktop notification using 'notify2'
[9.861s] DEBUG:colcon.colcon_core.event_reactor:joined thread
[9.861s] INFO:colcon.colcon_core.shell:Creating prefix script '/home/q/unitree_ws/unitree-go2-slam-toolbox/install/local_setup.ps1'
[9.862s] INFO:colcon.colcon_core.shell:Creating prefix util module '/home/q/unitree_ws/unitree-go2-slam-toolbox/install/_local_setup_util_ps1.py'
[9.863s] INFO:colcon.colcon_core.shell:Creating prefix chain script '/home/q/unitree_ws/unitree-go2-slam-toolbox/install/setup.ps1'
[9.865s] INFO:colcon.colcon_core.shell:Creating prefix script '/home/q/unitree_ws/unitree-go2-slam-toolbox/install/local_setup.sh'
[9.866s] INFO:colcon.colcon_core.shell:Creating prefix util module '/home/q/unitree_ws/unitree-go2-slam-toolbox/install/_local_setup_util_sh.py'
[9.866s] INFO:colcon.colcon_core.shell:Creating prefix chain script '/home/q/unitree_ws/unitree-go2-slam-toolbox/install/setup.sh'
[9.868s] INFO:colcon.colcon_core.shell:Creating prefix script '/home/q/unitree_ws/unitree-go2-slam-toolbox/install/local_setup.bash'
[9.868s] INFO:colcon.colcon_core.shell:Creating prefix chain script '/home/q/unitree_ws/unitree-go2-slam-toolbox/install/setup.bash'
[9.870s] INFO:colcon.colcon_core.shell:Creating prefix script '/home/q/unitree_ws/unitree-go2-slam-toolbox/install/local_setup.zsh'
[9.870s] INFO:colcon.colcon_core.shell:Creating prefix chain script '/home/q/unitree_ws/unitree-go2-slam-toolbox/install/setup.zsh'
