[0.030s] Invoking command in '/home/q/unitree_ws/unitree-go2-slam-toolbox/build/go2_twist_bridge': CMAKE_PREFIX_PATH=${CMAKE_PREFIX_PATH}:/home/q/ws_moveit2/install/moveit_configs_utils:/home/q/ws_moveit2/install/launch_param_builder:/opt/ros/humble /usr/bin/cmake /home/q/unitree_ws/unitree-go2-slam-toolbox/src/base/go2_twist_bridge -DCMAKE_INSTALL_PREFIX=/home/q/unitree_ws/unitree-go2-slam-toolbox/install/go2_twist_bridge
[0.076s] -- The C compiler identification is GNU 11.4.0
[0.137s] -- The CXX compiler identification is GNU 11.4.0
[0.143s] -- Detecting C compiler ABI info
[0.204s] -- Detecting C compiler ABI info - done
[0.210s] -- Check for working C compiler: /usr/bin/cc - skipped
[0.210s] -- Detecting C compile features
[0.211s] -- Detecting C compile features - done
[0.214s] -- Detecting CXX compiler ABI info
[0.294s] -- Detecting CXX compiler ABI info - done
[0.300s] -- Check for working CXX compiler: /usr/bin/c++ - skipped
[0.300s] -- Detecting CXX compile features
[0.300s] -- Detecting CXX compile features - done
[0.305s] -- Found ament_cmake: 1.3.12 (/opt/ros/humble/share/ament_cmake/cmake)
[0.427s] -- Found Python3: /usr/bin/python3 (found version "3.10.12") found components: Interpreter 
[0.565s] -- Found rclcpp: 16.0.16 (/opt/ros/humble/share/rclcpp/cmake)
[0.638s] -- Found rosidl_generator_c: 3.1.7 (/opt/ros/humble/share/rosidl_generator_c/cmake)
[0.648s] -- Found rosidl_adapter: 3.1.7 (/opt/ros/humble/share/rosidl_adapter/cmake)
[0.660s] -- Found rosidl_generator_cpp: 3.1.7 (/opt/ros/humble/share/rosidl_generator_cpp/cmake)
[0.678s] -- Using all available rosidl_typesupport_c: rosidl_typesupport_fastrtps_c;rosidl_typesupport_introspection_c
[0.715s] -- Using all available rosidl_typesupport_cpp: rosidl_typesupport_fastrtps_cpp;rosidl_typesupport_introspection_cpp
[0.793s] -- Found rmw_implementation_cmake: 6.1.2 (/opt/ros/humble/share/rmw_implementation_cmake/cmake)
[0.806s] -- Found rmw_fastrtps_cpp: 6.2.9 (/opt/ros/humble/share/rmw_fastrtps_cpp/cmake)
[0.914s] -- Found OpenSSL: /usr/lib/x86_64-linux-gnu/libcrypto.so (found version "3.0.2")  
[0.940s] -- Found FastRTPS: /opt/ros/humble/include  
[0.975s] -- Using RMW implementation 'rmw_fastrtps_cpp' as default
[0.994s] -- Looking for pthread.h
[1.057s] -- Looking for pthread.h - found
[1.057s] -- Performing Test CMAKE_HAVE_LIBC_PTHREAD
[1.125s] -- Performing Test CMAKE_HAVE_LIBC_PTHREAD - Success
[1.126s] -- Found Threads: TRUE  
[1.206s] -- Found geometry_msgs: 4.9.0 (/opt/ros/humble/share/geometry_msgs/cmake)
[1.213s] -- Found unitree_api: 0.0.0 (/home/q/unitree_ws/unitree_ros2/install/unitree_api/share/unitree_api/cmake)
[1.227s] -- Found ament_lint_auto: 0.12.14 (/opt/ros/humble/share/ament_lint_auto/cmake)
[1.321s] -- Added test 'cppcheck' to perform static code analysis on C / C++ code
[1.321s] -- Configured cppcheck include dirs: $<BUILD_INTERFACE:/home/q/unitree_ws/unitree-go2-slam-toolbox/src/base/go2_twist_bridge/include>
[1.321s] -- Configured cppcheck exclude dirs and/or files: 
[1.323s] -- Added test 'lint_cmake' to check CMake code style
[1.325s] -- Added test 'uncrustify' to check C / C++ code style
[1.325s] -- Configured uncrustify additional arguments: 
[1.326s] -- Added test 'xmllint' to check XML markup files
[1.328s] -- Configuring done
[1.332s] -- Generating done
[1.334s] -- Build files have been written to: /home/q/unitree_ws/unitree-go2-slam-toolbox/build/go2_twist_bridge
[1.341s] Invoked command in '/home/q/unitree_ws/unitree-go2-slam-toolbox/build/go2_twist_bridge' returned '0': CMAKE_PREFIX_PATH=${CMAKE_PREFIX_PATH}:/home/q/ws_moveit2/install/moveit_configs_utils:/home/q/ws_moveit2/install/launch_param_builder:/opt/ros/humble /usr/bin/cmake /home/q/unitree_ws/unitree-go2-slam-toolbox/src/base/go2_twist_bridge -DCMAKE_INSTALL_PREFIX=/home/q/unitree_ws/unitree-go2-slam-toolbox/install/go2_twist_bridge
[1.342s] Invoking command in '/home/q/unitree_ws/unitree-go2-slam-toolbox/build/go2_twist_bridge': CMAKE_PREFIX_PATH=${CMAKE_PREFIX_PATH}:/home/q/ws_moveit2/install/moveit_configs_utils:/home/q/ws_moveit2/install/launch_param_builder:/opt/ros/humble /usr/bin/cmake --build /home/q/unitree_ws/unitree-go2-slam-toolbox/build/go2_twist_bridge -- -j20 -l20
[1.398s] [ 50%] [32mBuilding CXX object CMakeFiles/twist_bridge.dir/src/twist_bridge.cpp.o[0m
[6.396s] [100%] [32m[1mLinking CXX executable twist_bridge[0m
[6.638s] [100%] Built target twist_bridge
