[0.034s] Invoking command in '/home/q/unitree_ws/unitree-go2-slam-toolbox/build/go2_slam': CMAKE_PREFIX_PATH=${CMAKE_PREFIX_PATH}:/home/q/ws_moveit2/install/moveit_configs_utils:/home/q/ws_moveit2/install/launch_param_builder:/opt/ros/humble /usr/bin/cmake /home/q/unitree_ws/unitree-go2-slam-toolbox/src/go2_slam -DCMAKE_INSTALL_PREFIX=/home/q/unitree_ws/unitree-go2-slam-toolbox/install/go2_slam
[0.089s] -- The C compiler identification is GNU 11.4.0
[0.136s] -- The CXX compiler identification is GNU 11.4.0
[0.142s] -- Detecting C compiler ABI info
[0.207s] -- Detecting C compiler ABI info - done
[0.212s] -- Check for working C compiler: /usr/bin/cc - skipped
[0.212s] -- Detecting C compile features
[0.212s] -- Detecting C compile features - done
[0.214s] -- Detecting CXX compiler ABI info
[0.284s] -- Detecting CXX compiler ABI info - done
[0.291s] -- Check for working CXX compiler: /usr/bin/c++ - skipped
[0.291s] -- Detecting CXX compile features
[0.292s] -- Detecting CXX compile features - done
[0.298s] -- Found ament_cmake: 1.3.12 (/opt/ros/humble/share/ament_cmake/cmake)
[0.443s] -- Found Python3: /usr/bin/python3 (found version "3.10.12") found components: Interpreter 
[0.586s] -- Found ament_lint_auto: 0.12.14 (/opt/ros/humble/share/ament_lint_auto/cmake)
[0.688s] -- Added test 'flake8' to check Python code syntax and style conventions
[0.689s] -- Added test 'lint_cmake' to check CMake code style
[0.690s] -- Added test 'pep257' to check Python code against some of the docstring style conventions in PEP 257
[0.691s] -- Added test 'xmllint' to check XML markup files
[0.694s] -- Configuring done
[0.696s] -- Generating done
[0.698s] -- Build files have been written to: /home/q/unitree_ws/unitree-go2-slam-toolbox/build/go2_slam
[0.702s] Invoked command in '/home/q/unitree_ws/unitree-go2-slam-toolbox/build/go2_slam' returned '0': CMAKE_PREFIX_PATH=${CMAKE_PREFIX_PATH}:/home/q/ws_moveit2/install/moveit_configs_utils:/home/q/ws_moveit2/install/launch_param_builder:/opt/ros/humble /usr/bin/cmake /home/q/unitree_ws/unitree-go2-slam-toolbox/src/go2_slam -DCMAKE_INSTALL_PREFIX=/home/q/unitree_ws/unitree-go2-slam-toolbox/install/go2_slam
[0.703s] Invoking command in '/home/q/unitree_ws/unitree-go2-slam-toolbox/build/go2_slam': CMAKE_PREFIX_PATH=${CMAKE_PREFIX_PATH}:/home/q/ws_moveit2/install/moveit_configs_utils:/home/q/ws_moveit2/install/launch_param_builder:/opt/ros/humble /usr/bin/cmake --build /home/q/unitree_ws/unitree-go2-slam-toolbox/build/go2_slam -- -j20 -l20
[0.733s] Invoked command in '/home/q/unitree_ws/unitree-go2-slam-toolbox/build/go2_slam' returned '0': CMAKE_PREFIX_PATH=${CMAKE_PREFIX_PATH}:/home/q/ws_moveit2/install/moveit_configs_utils:/home/q/ws_moveit2/install/launch_param_builder:/opt/ros/humble /usr/bin/cmake --build /home/q/unitree_ws/unitree-go2-slam-toolbox/build/go2_slam -- -j20 -l20
[0.735s] Invoking command in '/home/q/unitree_ws/unitree-go2-slam-toolbox/build/go2_slam': CMAKE_PREFIX_PATH=${CMAKE_PREFIX_PATH}:/home/q/ws_moveit2/install/moveit_configs_utils:/home/q/ws_moveit2/install/launch_param_builder:/opt/ros/humble /usr/bin/cmake --install /home/q/unitree_ws/unitree-go2-slam-toolbox/build/go2_slam
[0.743s] -- Install configuration: ""
[0.743s] -- Installing: /home/q/unitree_ws/unitree-go2-slam-toolbox/install/go2_slam/share/go2_slam/launch
[0.743s] -- Installing: /home/q/unitree_ws/unitree-go2-slam-toolbox/install/go2_slam/share/go2_slam/launch/go2_slamtoolbox.launch.py
[0.744s] -- Installing: /home/q/unitree_ws/unitree-go2-slam-toolbox/install/go2_slam/share/go2_slam/config
[0.744s] -- Installing: /home/q/unitree_ws/unitree-go2-slam-toolbox/install/go2_slam/share/go2_slam/config/mapper_params_online_async.yaml
[0.744s] -- Installing: /home/q/unitree_ws/unitree-go2-slam-toolbox/install/go2_slam/share/ament_index/resource_index/package_run_dependencies/go2_slam
[0.744s] -- Installing: /home/q/unitree_ws/unitree-go2-slam-toolbox/install/go2_slam/share/ament_index/resource_index/parent_prefix_path/go2_slam
[0.744s] -- Installing: /home/q/unitree_ws/unitree-go2-slam-toolbox/install/go2_slam/share/go2_slam/environment/ament_prefix_path.sh
[0.744s] -- Installing: /home/q/unitree_ws/unitree-go2-slam-toolbox/install/go2_slam/share/go2_slam/environment/ament_prefix_path.dsv
[0.745s] -- Installing: /home/q/unitree_ws/unitree-go2-slam-toolbox/install/go2_slam/share/go2_slam/environment/path.sh
[0.745s] -- Installing: /home/q/unitree_ws/unitree-go2-slam-toolbox/install/go2_slam/share/go2_slam/environment/path.dsv
[0.745s] -- Installing: /home/q/unitree_ws/unitree-go2-slam-toolbox/install/go2_slam/share/go2_slam/local_setup.bash
[0.745s] -- Installing: /home/q/unitree_ws/unitree-go2-slam-toolbox/install/go2_slam/share/go2_slam/local_setup.sh
[0.745s] -- Installing: /home/q/unitree_ws/unitree-go2-slam-toolbox/install/go2_slam/share/go2_slam/local_setup.zsh
[0.745s] -- Installing: /home/q/unitree_ws/unitree-go2-slam-toolbox/install/go2_slam/share/go2_slam/local_setup.dsv
[0.745s] -- Installing: /home/q/unitree_ws/unitree-go2-slam-toolbox/install/go2_slam/share/go2_slam/package.dsv
[0.745s] -- Installing: /home/q/unitree_ws/unitree-go2-slam-toolbox/install/go2_slam/share/ament_index/resource_index/packages/go2_slam
[0.746s] -- Installing: /home/q/unitree_ws/unitree-go2-slam-toolbox/install/go2_slam/share/go2_slam/cmake/go2_slamConfig.cmake
[0.746s] -- Installing: /home/q/unitree_ws/unitree-go2-slam-toolbox/install/go2_slam/share/go2_slam/cmake/go2_slamConfig-version.cmake
[0.746s] -- Installing: /home/q/unitree_ws/unitree-go2-slam-toolbox/install/go2_slam/share/go2_slam/package.xml
[0.748s] Invoked command in '/home/q/unitree_ws/unitree-go2-slam-toolbox/build/go2_slam' returned '0': CMAKE_PREFIX_PATH=${CMAKE_PREFIX_PATH}:/home/q/ws_moveit2/install/moveit_configs_utils:/home/q/ws_moveit2/install/launch_param_builder:/opt/ros/humble /usr/bin/cmake --install /home/q/unitree_ws/unitree-go2-slam-toolbox/build/go2_slam
