[0.010s] Invoking command in '/home/q/unitree_ws/unitree-go2-slam-toolbox/build/unitree_go2_nav_interfaces': CMAKE_PREFIX_PATH=${CMAKE_PREFIX_PATH}:/home/q/ws_moveit2/install/moveit_configs_utils:/home/q/ws_moveit2/install/launch_param_builder:/opt/ros/humble /usr/bin/cmake /home/q/unitree_ws/unitree-go2-slam-toolbox/unitree_go2_nav_interfaces -DCMAKE_INSTALL_PREFIX=/home/q/unitree_ws/unitree-go2-slam-toolbox/install/unitree_go2_nav_interfaces
[0.057s] -- The C compiler identification is GNU 11.4.0
[0.100s] -- The CXX compiler identification is GNU 11.4.0
[0.105s] -- Detecting C compiler ABI info
[0.159s] -- Detecting C compiler ABI info - done
[0.163s] -- Check for working C compiler: /usr/bin/cc - skipped
[0.163s] -- Detecting C compile features
[0.163s] -- Detecting C compile features - done
[0.165s] -- Detecting CXX compiler ABI info
[0.224s] -- Detecting CXX compiler ABI info - done
[0.228s] -- Check for working CXX compiler: /usr/bin/c++ - skipped
[0.228s] -- Detecting CXX compile features
[0.229s] -- Detecting CXX compile features - done
[0.233s] -- Found ament_cmake: 1.3.12 (/opt/ros/humble/share/ament_cmake/cmake)
[0.343s] -- Found Python3: /usr/bin/python3 (found version "3.10.12") found components: Interpreter 
[0.442s] -- Found std_msgs: 4.9.0 (/opt/ros/humble/share/std_msgs/cmake)
[0.487s] -- Found rosidl_generator_c: 3.1.7 (/opt/ros/humble/share/rosidl_generator_c/cmake)
[0.495s] -- Found rosidl_adapter: 3.1.7 (/opt/ros/humble/share/rosidl_adapter/cmake)
[0.505s] -- Found rosidl_generator_cpp: 3.1.7 (/opt/ros/humble/share/rosidl_generator_cpp/cmake)
[0.521s] -- Using all available rosidl_typesupport_c: rosidl_typesupport_fastrtps_c;rosidl_typesupport_introspection_c
[0.539s] -- Using all available rosidl_typesupport_cpp: rosidl_typesupport_fastrtps_cpp;rosidl_typesupport_introspection_cpp
[0.563s] -- Found geometry_msgs: 4.9.0 (/opt/ros/humble/share/geometry_msgs/cmake)
[0.573s] -- Found rosidl_default_generators: 1.2.0 (/opt/ros/humble/share/rosidl_default_generators/cmake)
[0.756s] -- Found ament_cmake_ros: 0.10.0 (/opt/ros/humble/share/ament_cmake_ros/cmake)
[1.030s] -- Using all available rosidl_typesupport_c: rosidl_typesupport_fastrtps_c;rosidl_typesupport_introspection_c
[1.133s] -- Using all available rosidl_typesupport_cpp: rosidl_typesupport_fastrtps_cpp;rosidl_typesupport_introspection_cpp
[1.149s] -- Found PythonInterp: /usr/bin/python3 (found suitable version "3.10.12", minimum required is "3.6") 
[1.153s] -- Found python_cmake_module: 0.10.0 (/opt/ros/humble/share/python_cmake_module/cmake)
[1.172s] -- Found PythonLibs: /usr/lib/x86_64-linux-gnu/libpython3.10.so (found suitable version "3.10.12", minimum required is "3.5") 
[1.172s] -- Using PYTHON_EXECUTABLE: /usr/bin/python3
[1.172s] -- Using PYTHON_INCLUDE_DIRS: /usr/include/python3.10
[1.172s] -- Using PYTHON_LIBRARIES: /usr/lib/x86_64-linux-gnu/libpython3.10.so
[1.186s] -- Found PythonExtra: .so  
[1.244s] -- Found ament_lint_auto: 0.12.14 (/opt/ros/humble/share/ament_lint_auto/cmake)
[1.274s] -- Added test 'lint_cmake' to check CMake code style
[1.275s] -- Added test 'xmllint' to check XML markup files
[1.277s] -- Configuring done
[1.293s] -- Generating done
[1.299s] -- Build files have been written to: /home/q/unitree_ws/unitree-go2-slam-toolbox/build/unitree_go2_nav_interfaces
[1.303s] Invoked command in '/home/q/unitree_ws/unitree-go2-slam-toolbox/build/unitree_go2_nav_interfaces' returned '0': CMAKE_PREFIX_PATH=${CMAKE_PREFIX_PATH}:/home/q/ws_moveit2/install/moveit_configs_utils:/home/q/ws_moveit2/install/launch_param_builder:/opt/ros/humble /usr/bin/cmake /home/q/unitree_ws/unitree-go2-slam-toolbox/unitree_go2_nav_interfaces -DCMAKE_INSTALL_PREFIX=/home/q/unitree_ws/unitree-go2-slam-toolbox/install/unitree_go2_nav_interfaces
[1.304s] Invoking command in '/home/q/unitree_ws/unitree-go2-slam-toolbox/build/unitree_go2_nav_interfaces': CMAKE_PREFIX_PATH=${CMAKE_PREFIX_PATH}:/home/q/ws_moveit2/install/moveit_configs_utils:/home/q/ws_moveit2/install/launch_param_builder:/opt/ros/humble /usr/bin/cmake --build /home/q/unitree_ws/unitree-go2-slam-toolbox/build/unitree_go2_nav_interfaces -- -j20 -l20
[1.344s] [  3%] [34m[1mGenerating C code for ROS interfaces[0m
[1.355s] [  6%] [34m[1mGenerating C++ code for ROS interfaces[0m
[1.363s] [  6%] Built target ament_cmake_python_copy_unitree_go2_nav_interfaces
[1.489s] [  6%] Built target unitree_go2_nav_interfaces__cpp
[1.498s] [ 12%] [34m[1mGenerating C++ introspection for ROS interfaces[0m
[1.498s] [ 12%] [34m[1mGenerating C++ type support for eProsima Fast-RTPS[0m
[1.498s] [ 16%] [32mBuilding C object CMakeFiles/unitree_go2_nav_interfaces__rosidl_generator_c.dir/rosidl_generator_c/unitree_go2_nav_interfaces/msg/detail/nav_to_pose__functions.c.o[0m
[1.499s] [ 19%] [34m[1mGenerating C++ type support dispatch for ROS interfaces[0m
[1.528s] running egg_info
[1.529s] creating unitree_go2_nav_interfaces.egg-info
[1.529s] writing unitree_go2_nav_interfaces.egg-info/PKG-INFO
[1.529s] writing dependency_links to unitree_go2_nav_interfaces.egg-info/dependency_links.txt
[1.529s] writing top-level names to unitree_go2_nav_interfaces.egg-info/top_level.txt
[1.529s] writing manifest file 'unitree_go2_nav_interfaces.egg-info/SOURCES.txt'
[1.530s] reading manifest file 'unitree_go2_nav_interfaces.egg-info/SOURCES.txt'
[1.531s] writing manifest file 'unitree_go2_nav_interfaces.egg-info/SOURCES.txt'
[1.533s] [ 22%] [32m[1mLinking C shared library libunitree_go2_nav_interfaces__rosidl_generator_c.so[0m
[1.549s] [ 22%] Built target ament_cmake_python_build_unitree_go2_nav_interfaces_egg
[1.559s] [ 22%] Built target unitree_go2_nav_interfaces__rosidl_generator_c
[1.572s] [ 32%] [34m[1mGenerating C introspection for ROS interfaces[0m
[1.572s] [ 32%] [34m[1mGenerating C type support dispatch for ROS interfaces[0m
[1.572s] [ 32%] [34m[1mGenerating C type support for eProsima Fast-RTPS[0m
[1.647s] [ 35%] [32mBuilding CXX object CMakeFiles/unitree_go2_nav_interfaces__rosidl_typesupport_introspection_cpp.dir/rosidl_typesupport_introspection_cpp/unitree_go2_nav_interfaces/msg/detail/nav_to_pose__type_support.cpp.o[0m
[1.650s] [ 38%] [32mBuilding CXX object CMakeFiles/unitree_go2_nav_interfaces__rosidl_typesupport_cpp.dir/rosidl_typesupport_cpp/unitree_go2_nav_interfaces/msg/nav_to_pose__type_support.cpp.o[0m
[1.659s] [ 41%] [32mBuilding CXX object CMakeFiles/unitree_go2_nav_interfaces__rosidl_typesupport_fastrtps_cpp.dir/rosidl_typesupport_fastrtps_cpp/unitree_go2_nav_interfaces/msg/detail/dds_fastrtps/nav_to_pose__type_support.cpp.o[0m
[1.717s] [ 45%] [32mBuilding CXX object CMakeFiles/unitree_go2_nav_interfaces__rosidl_typesupport_c.dir/rosidl_typesupport_c/unitree_go2_nav_interfaces/msg/nav_to_pose__type_support.cpp.o[0m
[1.718s] [ 48%] [32mBuilding C object CMakeFiles/unitree_go2_nav_interfaces__rosidl_typesupport_introspection_c.dir/rosidl_typesupport_introspection_c/unitree_go2_nav_interfaces/msg/detail/nav_to_pose__type_support.c.o[0m
[1.725s] [ 51%] [32mBuilding CXX object CMakeFiles/unitree_go2_nav_interfaces__rosidl_typesupport_fastrtps_c.dir/rosidl_typesupport_fastrtps_c/unitree_go2_nav_interfaces/msg/detail/nav_to_pose__type_support_c.cpp.o[0m
[1.740s] [ 54%] [32m[1mLinking CXX shared library libunitree_go2_nav_interfaces__rosidl_typesupport_c.so[0m
[1.745s] [ 58%] [32m[1mLinking C shared library libunitree_go2_nav_interfaces__rosidl_typesupport_introspection_c.so[0m
[1.775s] [ 58%] Built target unitree_go2_nav_interfaces__rosidl_typesupport_c
[1.777s] [ 58%] Built target unitree_go2_nav_interfaces__rosidl_typesupport_introspection_c
[1.797s] [ 61%] [32m[1mLinking CXX shared library libunitree_go2_nav_interfaces__rosidl_typesupport_cpp.so[0m
[1.832s] [ 61%] Built target unitree_go2_nav_interfaces__rosidl_typesupport_cpp
[1.854s] [ 64%] [32m[1mLinking CXX shared library libunitree_go2_nav_interfaces__rosidl_typesupport_introspection_cpp.so[0m
[1.855s] [ 67%] [32m[1mLinking CXX shared library libunitree_go2_nav_interfaces__rosidl_typesupport_fastrtps_cpp.so[0m
[1.890s] [ 67%] Built target unitree_go2_nav_interfaces__rosidl_typesupport_introspection_cpp
[1.893s] [ 70%] [32m[1mLinking CXX shared library libunitree_go2_nav_interfaces__rosidl_typesupport_fastrtps_c.so[0m
[1.902s] [ 70%] Built target unitree_go2_nav_interfaces__rosidl_typesupport_fastrtps_cpp
[1.949s] [ 70%] Built target unitree_go2_nav_interfaces__rosidl_typesupport_fastrtps_c
[1.971s] [ 70%] Built target unitree_go2_nav_interfaces
[1.991s] [ 74%] [34m[1mGenerating Python code for ROS interfaces[0m
[2.147s] [ 74%] Built target unitree_go2_nav_interfaces__py
[2.167s] [ 77%] [32mBuilding C object CMakeFiles/unitree_go2_nav_interfaces__rosidl_generator_py.dir/rosidl_generator_py/unitree_go2_nav_interfaces/msg/_nav_to_pose_s.c.o[0m
[2.222s] [ 80%] [32m[1mLinking C shared library rosidl_generator_py/unitree_go2_nav_interfaces/libunitree_go2_nav_interfaces__rosidl_generator_py.so[0m
[2.252s] [ 80%] Built target unitree_go2_nav_interfaces__rosidl_generator_py
[2.273s] [ 83%] [32mBuilding C object CMakeFiles/unitree_go2_nav_interfaces__rosidl_typesupport_fastrtps_c__pyext.dir/rosidl_generator_py/unitree_go2_nav_interfaces/_unitree_go2_nav_interfaces_s.ep.rosidl_typesupport_fastrtps_c.c.o[0m
[2.276s] [ 90%] [32mBuilding C object CMakeFiles/unitree_go2_nav_interfaces__rosidl_typesupport_c__pyext.dir/rosidl_generator_py/unitree_go2_nav_interfaces/_unitree_go2_nav_interfaces_s.ep.rosidl_typesupport_c.c.o[0m
[2.276s] [ 90%] [32mBuilding C object CMakeFiles/unitree_go2_nav_interfaces__rosidl_typesupport_introspection_c__pyext.dir/rosidl_generator_py/unitree_go2_nav_interfaces/_unitree_go2_nav_interfaces_s.ep.rosidl_typesupport_introspection_c.c.o[0m
[2.331s] [ 93%] [32m[1mLinking C shared library rosidl_generator_py/unitree_go2_nav_interfaces/unitree_go2_nav_interfaces_s__rosidl_typesupport_fastrtps_c.cpython-310-x86_64-linux-gnu.so[0m
[2.331s] [ 96%] [32m[1mLinking C shared library rosidl_generator_py/unitree_go2_nav_interfaces/unitree_go2_nav_interfaces_s__rosidl_typesupport_introspection_c.cpython-310-x86_64-linux-gnu.so[0m
[2.332s] [100%] [32m[1mLinking C shared library rosidl_generator_py/unitree_go2_nav_interfaces/unitree_go2_nav_interfaces_s__rosidl_typesupport_c.cpython-310-x86_64-linux-gnu.so[0m
[2.362s] [100%] Built target unitree_go2_nav_interfaces__rosidl_typesupport_fastrtps_c__pyext
[2.362s] [100%] Built target unitree_go2_nav_interfaces__rosidl_typesupport_c__pyext
[2.364s] [100%] Built target unitree_go2_nav_interfaces__rosidl_typesupport_introspection_c__pyext
[2.373s] Invoked command in '/home/q/unitree_ws/unitree-go2-slam-toolbox/build/unitree_go2_nav_interfaces' returned '0': CMAKE_PREFIX_PATH=${CMAKE_PREFIX_PATH}:/home/q/ws_moveit2/install/moveit_configs_utils:/home/q/ws_moveit2/install/launch_param_builder:/opt/ros/humble /usr/bin/cmake --build /home/q/unitree_ws/unitree-go2-slam-toolbox/build/unitree_go2_nav_interfaces -- -j20 -l20
[2.379s] Invoking command in '/home/q/unitree_ws/unitree-go2-slam-toolbox/build/unitree_go2_nav_interfaces': CMAKE_PREFIX_PATH=${CMAKE_PREFIX_PATH}:/home/q/ws_moveit2/install/moveit_configs_utils:/home/q/ws_moveit2/install/launch_param_builder:/opt/ros/humble /usr/bin/cmake --install /home/q/unitree_ws/unitree-go2-slam-toolbox/build/unitree_go2_nav_interfaces
[2.386s] -- Install configuration: ""
[2.386s] -- Installing: /home/q/unitree_ws/unitree-go2-slam-toolbox/install/unitree_go2_nav_interfaces/share/ament_index/resource_index/rosidl_interfaces/unitree_go2_nav_interfaces
[2.386s] -- Installing: /home/q/unitree_ws/unitree-go2-slam-toolbox/install/unitree_go2_nav_interfaces/include/unitree_go2_nav_interfaces/unitree_go2_nav_interfaces
[2.387s] -- Installing: /home/q/unitree_ws/unitree-go2-slam-toolbox/install/unitree_go2_nav_interfaces/include/unitree_go2_nav_interfaces/unitree_go2_nav_interfaces/msg
[2.387s] -- Installing: /home/q/unitree_ws/unitree-go2-slam-toolbox/install/unitree_go2_nav_interfaces/include/unitree_go2_nav_interfaces/unitree_go2_nav_interfaces/msg/nav_to_pose.h
[2.387s] -- Installing: /home/q/unitree_ws/unitree-go2-slam-toolbox/install/unitree_go2_nav_interfaces/include/unitree_go2_nav_interfaces/unitree_go2_nav_interfaces/msg/rosidl_generator_c__visibility_control.h
[2.387s] -- Installing: /home/q/unitree_ws/unitree-go2-slam-toolbox/install/unitree_go2_nav_interfaces/include/unitree_go2_nav_interfaces/unitree_go2_nav_interfaces/msg/detail
[2.387s] -- Installing: /home/q/unitree_ws/unitree-go2-slam-toolbox/install/unitree_go2_nav_interfaces/include/unitree_go2_nav_interfaces/unitree_go2_nav_interfaces/msg/detail/nav_to_pose__functions.c
[2.387s] -- Installing: /home/q/unitree_ws/unitree-go2-slam-toolbox/install/unitree_go2_nav_interfaces/include/unitree_go2_nav_interfaces/unitree_go2_nav_interfaces/msg/detail/nav_to_pose__type_support.h
[2.387s] -- Installing: /home/q/unitree_ws/unitree-go2-slam-toolbox/install/unitree_go2_nav_interfaces/include/unitree_go2_nav_interfaces/unitree_go2_nav_interfaces/msg/detail/nav_to_pose__functions.h
[2.387s] -- Installing: /home/q/unitree_ws/unitree-go2-slam-toolbox/install/unitree_go2_nav_interfaces/include/unitree_go2_nav_interfaces/unitree_go2_nav_interfaces/msg/detail/nav_to_pose__struct.h
[2.387s] -- Installing: /home/q/unitree_ws/unitree-go2-slam-toolbox/install/unitree_go2_nav_interfaces/share/unitree_go2_nav_interfaces/environment/library_path.sh
[2.387s] -- Installing: /home/q/unitree_ws/unitree-go2-slam-toolbox/install/unitree_go2_nav_interfaces/share/unitree_go2_nav_interfaces/environment/library_path.dsv
[2.387s] -- Installing: /home/q/unitree_ws/unitree-go2-slam-toolbox/install/unitree_go2_nav_interfaces/lib/libunitree_go2_nav_interfaces__rosidl_generator_c.so
[2.387s] -- Set runtime path of "/home/q/unitree_ws/unitree-go2-slam-toolbox/install/unitree_go2_nav_interfaces/lib/libunitree_go2_nav_interfaces__rosidl_generator_c.so" to ""
[2.387s] -- Up-to-date: /home/q/unitree_ws/unitree-go2-slam-toolbox/install/unitree_go2_nav_interfaces/include/unitree_go2_nav_interfaces/unitree_go2_nav_interfaces
[2.387s] -- Up-to-date: /home/q/unitree_ws/unitree-go2-slam-toolbox/install/unitree_go2_nav_interfaces/include/unitree_go2_nav_interfaces/unitree_go2_nav_interfaces/msg
[2.387s] -- Installing: /home/q/unitree_ws/unitree-go2-slam-toolbox/install/unitree_go2_nav_interfaces/include/unitree_go2_nav_interfaces/unitree_go2_nav_interfaces/msg/rosidl_typesupport_fastrtps_c__visibility_control.h
[2.387s] -- Up-to-date: /home/q/unitree_ws/unitree-go2-slam-toolbox/install/unitree_go2_nav_interfaces/include/unitree_go2_nav_interfaces/unitree_go2_nav_interfaces/msg/detail
[2.387s] -- Installing: /home/q/unitree_ws/unitree-go2-slam-toolbox/install/unitree_go2_nav_interfaces/include/unitree_go2_nav_interfaces/unitree_go2_nav_interfaces/msg/detail/nav_to_pose__rosidl_typesupport_fastrtps_c.h
[2.387s] -- Installing: /home/q/unitree_ws/unitree-go2-slam-toolbox/install/unitree_go2_nav_interfaces/lib/libunitree_go2_nav_interfaces__rosidl_typesupport_fastrtps_c.so
[2.388s] -- Set runtime path of "/home/q/unitree_ws/unitree-go2-slam-toolbox/install/unitree_go2_nav_interfaces/lib/libunitree_go2_nav_interfaces__rosidl_typesupport_fastrtps_c.so" to ""
[2.388s] -- Up-to-date: /home/q/unitree_ws/unitree-go2-slam-toolbox/install/unitree_go2_nav_interfaces/include/unitree_go2_nav_interfaces/unitree_go2_nav_interfaces
[2.388s] -- Up-to-date: /home/q/unitree_ws/unitree-go2-slam-toolbox/install/unitree_go2_nav_interfaces/include/unitree_go2_nav_interfaces/unitree_go2_nav_interfaces/msg
[2.388s] -- Installing: /home/q/unitree_ws/unitree-go2-slam-toolbox/install/unitree_go2_nav_interfaces/include/unitree_go2_nav_interfaces/unitree_go2_nav_interfaces/msg/nav_to_pose.hpp
[2.388s] -- Installing: /home/q/unitree_ws/unitree-go2-slam-toolbox/install/unitree_go2_nav_interfaces/include/unitree_go2_nav_interfaces/unitree_go2_nav_interfaces/msg/rosidl_generator_cpp__visibility_control.hpp
[2.388s] -- Up-to-date: /home/q/unitree_ws/unitree-go2-slam-toolbox/install/unitree_go2_nav_interfaces/include/unitree_go2_nav_interfaces/unitree_go2_nav_interfaces/msg/detail
[2.388s] -- Installing: /home/q/unitree_ws/unitree-go2-slam-toolbox/install/unitree_go2_nav_interfaces/include/unitree_go2_nav_interfaces/unitree_go2_nav_interfaces/msg/detail/nav_to_pose__type_support.hpp
[2.388s] -- Installing: /home/q/unitree_ws/unitree-go2-slam-toolbox/install/unitree_go2_nav_interfaces/include/unitree_go2_nav_interfaces/unitree_go2_nav_interfaces/msg/detail/nav_to_pose__traits.hpp
[2.388s] -- Installing: /home/q/unitree_ws/unitree-go2-slam-toolbox/install/unitree_go2_nav_interfaces/include/unitree_go2_nav_interfaces/unitree_go2_nav_interfaces/msg/detail/nav_to_pose__struct.hpp
[2.388s] -- Installing: /home/q/unitree_ws/unitree-go2-slam-toolbox/install/unitree_go2_nav_interfaces/include/unitree_go2_nav_interfaces/unitree_go2_nav_interfaces/msg/detail/nav_to_pose__builder.hpp
[2.388s] -- Up-to-date: /home/q/unitree_ws/unitree-go2-slam-toolbox/install/unitree_go2_nav_interfaces/include/unitree_go2_nav_interfaces/unitree_go2_nav_interfaces
[2.388s] -- Up-to-date: /home/q/unitree_ws/unitree-go2-slam-toolbox/install/unitree_go2_nav_interfaces/include/unitree_go2_nav_interfaces/unitree_go2_nav_interfaces/msg
[2.388s] -- Installing: /home/q/unitree_ws/unitree-go2-slam-toolbox/install/unitree_go2_nav_interfaces/include/unitree_go2_nav_interfaces/unitree_go2_nav_interfaces/msg/rosidl_typesupport_fastrtps_cpp__visibility_control.h
[2.388s] -- Up-to-date: /home/q/unitree_ws/unitree-go2-slam-toolbox/install/unitree_go2_nav_interfaces/include/unitree_go2_nav_interfaces/unitree_go2_nav_interfaces/msg/detail
[2.388s] -- Installing: /home/q/unitree_ws/unitree-go2-slam-toolbox/install/unitree_go2_nav_interfaces/include/unitree_go2_nav_interfaces/unitree_go2_nav_interfaces/msg/detail/nav_to_pose__rosidl_typesupport_fastrtps_cpp.hpp
[2.388s] -- Installing: /home/q/unitree_ws/unitree-go2-slam-toolbox/install/unitree_go2_nav_interfaces/include/unitree_go2_nav_interfaces/unitree_go2_nav_interfaces/msg/detail/dds_fastrtps
[2.388s] -- Installing: /home/q/unitree_ws/unitree-go2-slam-toolbox/install/unitree_go2_nav_interfaces/lib/libunitree_go2_nav_interfaces__rosidl_typesupport_fastrtps_cpp.so
[2.388s] -- Set runtime path of "/home/q/unitree_ws/unitree-go2-slam-toolbox/install/unitree_go2_nav_interfaces/lib/libunitree_go2_nav_interfaces__rosidl_typesupport_fastrtps_cpp.so" to ""
[2.388s] -- Up-to-date: /home/q/unitree_ws/unitree-go2-slam-toolbox/install/unitree_go2_nav_interfaces/include/unitree_go2_nav_interfaces/unitree_go2_nav_interfaces
[2.388s] -- Up-to-date: /home/q/unitree_ws/unitree-go2-slam-toolbox/install/unitree_go2_nav_interfaces/include/unitree_go2_nav_interfaces/unitree_go2_nav_interfaces/msg
[2.388s] -- Installing: /home/q/unitree_ws/unitree-go2-slam-toolbox/install/unitree_go2_nav_interfaces/include/unitree_go2_nav_interfaces/unitree_go2_nav_interfaces/msg/rosidl_typesupport_introspection_c__visibility_control.h
[2.388s] -- Up-to-date: /home/q/unitree_ws/unitree-go2-slam-toolbox/install/unitree_go2_nav_interfaces/include/unitree_go2_nav_interfaces/unitree_go2_nav_interfaces/msg/detail
[2.388s] -- Installing: /home/q/unitree_ws/unitree-go2-slam-toolbox/install/unitree_go2_nav_interfaces/include/unitree_go2_nav_interfaces/unitree_go2_nav_interfaces/msg/detail/nav_to_pose__rosidl_typesupport_introspection_c.h
[2.389s] -- Installing: /home/q/unitree_ws/unitree-go2-slam-toolbox/install/unitree_go2_nav_interfaces/include/unitree_go2_nav_interfaces/unitree_go2_nav_interfaces/msg/detail/nav_to_pose__type_support.c
[2.389s] -- Installing: /home/q/unitree_ws/unitree-go2-slam-toolbox/install/unitree_go2_nav_interfaces/lib/libunitree_go2_nav_interfaces__rosidl_typesupport_introspection_c.so
[2.389s] -- Set runtime path of "/home/q/unitree_ws/unitree-go2-slam-toolbox/install/unitree_go2_nav_interfaces/lib/libunitree_go2_nav_interfaces__rosidl_typesupport_introspection_c.so" to ""
[2.389s] -- Installing: /home/q/unitree_ws/unitree-go2-slam-toolbox/install/unitree_go2_nav_interfaces/lib/libunitree_go2_nav_interfaces__rosidl_typesupport_c.so
[2.389s] -- Set runtime path of "/home/q/unitree_ws/unitree-go2-slam-toolbox/install/unitree_go2_nav_interfaces/lib/libunitree_go2_nav_interfaces__rosidl_typesupport_c.so" to ""
[2.389s] -- Up-to-date: /home/q/unitree_ws/unitree-go2-slam-toolbox/install/unitree_go2_nav_interfaces/include/unitree_go2_nav_interfaces/unitree_go2_nav_interfaces
[2.389s] -- Up-to-date: /home/q/unitree_ws/unitree-go2-slam-toolbox/install/unitree_go2_nav_interfaces/include/unitree_go2_nav_interfaces/unitree_go2_nav_interfaces/msg
[2.389s] -- Up-to-date: /home/q/unitree_ws/unitree-go2-slam-toolbox/install/unitree_go2_nav_interfaces/include/unitree_go2_nav_interfaces/unitree_go2_nav_interfaces/msg/detail
[2.389s] -- Installing: /home/q/unitree_ws/unitree-go2-slam-toolbox/install/unitree_go2_nav_interfaces/include/unitree_go2_nav_interfaces/unitree_go2_nav_interfaces/msg/detail/nav_to_pose__type_support.cpp
[2.389s] -- Installing: /home/q/unitree_ws/unitree-go2-slam-toolbox/install/unitree_go2_nav_interfaces/include/unitree_go2_nav_interfaces/unitree_go2_nav_interfaces/msg/detail/nav_to_pose__rosidl_typesupport_introspection_cpp.hpp
[2.389s] -- Installing: /home/q/unitree_ws/unitree-go2-slam-toolbox/install/unitree_go2_nav_interfaces/lib/libunitree_go2_nav_interfaces__rosidl_typesupport_introspection_cpp.so
[2.389s] -- Set runtime path of "/home/q/unitree_ws/unitree-go2-slam-toolbox/install/unitree_go2_nav_interfaces/lib/libunitree_go2_nav_interfaces__rosidl_typesupport_introspection_cpp.so" to ""
[2.389s] -- Installing: /home/q/unitree_ws/unitree-go2-slam-toolbox/install/unitree_go2_nav_interfaces/lib/libunitree_go2_nav_interfaces__rosidl_typesupport_cpp.so
[2.389s] -- Set runtime path of "/home/q/unitree_ws/unitree-go2-slam-toolbox/install/unitree_go2_nav_interfaces/lib/libunitree_go2_nav_interfaces__rosidl_typesupport_cpp.so" to ""
[2.389s] -- Installing: /home/q/unitree_ws/unitree-go2-slam-toolbox/install/unitree_go2_nav_interfaces/share/unitree_go2_nav_interfaces/environment/pythonpath.sh
[2.389s] -- Installing: /home/q/unitree_ws/unitree-go2-slam-toolbox/install/unitree_go2_nav_interfaces/share/unitree_go2_nav_interfaces/environment/pythonpath.dsv
[2.389s] -- Installing: /home/q/unitree_ws/unitree-go2-slam-toolbox/install/unitree_go2_nav_interfaces/local/lib/python3.10/dist-packages/unitree_go2_nav_interfaces-0.0.0-py3.10.egg-info
[2.389s] -- Installing: /home/q/unitree_ws/unitree-go2-slam-toolbox/install/unitree_go2_nav_interfaces/local/lib/python3.10/dist-packages/unitree_go2_nav_interfaces-0.0.0-py3.10.egg-info/PKG-INFO
[2.390s] -- Installing: /home/q/unitree_ws/unitree-go2-slam-toolbox/install/unitree_go2_nav_interfaces/local/lib/python3.10/dist-packages/unitree_go2_nav_interfaces-0.0.0-py3.10.egg-info/dependency_links.txt
[2.390s] -- Installing: /home/q/unitree_ws/unitree-go2-slam-toolbox/install/unitree_go2_nav_interfaces/local/lib/python3.10/dist-packages/unitree_go2_nav_interfaces-0.0.0-py3.10.egg-info/SOURCES.txt
[2.390s] -- Installing: /home/q/unitree_ws/unitree-go2-slam-toolbox/install/unitree_go2_nav_interfaces/local/lib/python3.10/dist-packages/unitree_go2_nav_interfaces-0.0.0-py3.10.egg-info/top_level.txt
[2.390s] -- Installing: /home/q/unitree_ws/unitree-go2-slam-toolbox/install/unitree_go2_nav_interfaces/local/lib/python3.10/dist-packages/unitree_go2_nav_interfaces
[2.390s] -- Installing: /home/q/unitree_ws/unitree-go2-slam-toolbox/install/unitree_go2_nav_interfaces/local/lib/python3.10/dist-packages/unitree_go2_nav_interfaces/msg
[2.390s] -- Installing: /home/q/unitree_ws/unitree-go2-slam-toolbox/install/unitree_go2_nav_interfaces/local/lib/python3.10/dist-packages/unitree_go2_nav_interfaces/msg/_nav_to_pose.py
[2.390s] -- Installing: /home/q/unitree_ws/unitree-go2-slam-toolbox/install/unitree_go2_nav_interfaces/local/lib/python3.10/dist-packages/unitree_go2_nav_interfaces/msg/__init__.py
[2.390s] -- Installing: /home/q/unitree_ws/unitree-go2-slam-toolbox/install/unitree_go2_nav_interfaces/local/lib/python3.10/dist-packages/unitree_go2_nav_interfaces/msg/_nav_to_pose_s.c
[2.390s] -- Installing: /home/q/unitree_ws/unitree-go2-slam-toolbox/install/unitree_go2_nav_interfaces/local/lib/python3.10/dist-packages/unitree_go2_nav_interfaces/unitree_go2_nav_interfaces_s__rosidl_typesupport_introspection_c.cpython-310-x86_64-linux-gnu.so
[2.390s] -- Installing: /home/q/unitree_ws/unitree-go2-slam-toolbox/install/unitree_go2_nav_interfaces/local/lib/python3.10/dist-packages/unitree_go2_nav_interfaces/_unitree_go2_nav_interfaces_s.ep.rosidl_typesupport_introspection_c.c
[2.390s] -- Installing: /home/q/unitree_ws/unitree-go2-slam-toolbox/install/unitree_go2_nav_interfaces/local/lib/python3.10/dist-packages/unitree_go2_nav_interfaces/__init__.py
[2.390s] -- Installing: /home/q/unitree_ws/unitree-go2-slam-toolbox/install/unitree_go2_nav_interfaces/local/lib/python3.10/dist-packages/unitree_go2_nav_interfaces/unitree_go2_nav_interfaces_s__rosidl_typesupport_c.cpython-310-x86_64-linux-gnu.so
[2.390s] -- Installing: /home/q/unitree_ws/unitree-go2-slam-toolbox/install/unitree_go2_nav_interfaces/local/lib/python3.10/dist-packages/unitree_go2_nav_interfaces/_unitree_go2_nav_interfaces_s.ep.rosidl_typesupport_fastrtps_c.c
[2.390s] -- Installing: /home/q/unitree_ws/unitree-go2-slam-toolbox/install/unitree_go2_nav_interfaces/local/lib/python3.10/dist-packages/unitree_go2_nav_interfaces/_unitree_go2_nav_interfaces_s.ep.rosidl_typesupport_c.c
[2.390s] -- Installing: /home/q/unitree_ws/unitree-go2-slam-toolbox/install/unitree_go2_nav_interfaces/local/lib/python3.10/dist-packages/unitree_go2_nav_interfaces/unitree_go2_nav_interfaces_s__rosidl_typesupport_fastrtps_c.cpython-310-x86_64-linux-gnu.so
[2.390s] -- Installing: /home/q/unitree_ws/unitree-go2-slam-toolbox/install/unitree_go2_nav_interfaces/local/lib/python3.10/dist-packages/unitree_go2_nav_interfaces/libunitree_go2_nav_interfaces__rosidl_generator_py.so
[2.417s] Listing '/home/q/unitree_ws/unitree-go2-slam-toolbox/install/unitree_go2_nav_interfaces/local/lib/python3.10/dist-packages/unitree_go2_nav_interfaces'...
[2.417s] Compiling '/home/q/unitree_ws/unitree-go2-slam-toolbox/install/unitree_go2_nav_interfaces/local/lib/python3.10/dist-packages/unitree_go2_nav_interfaces/__init__.py'...
[2.417s] Listing '/home/q/unitree_ws/unitree-go2-slam-toolbox/install/unitree_go2_nav_interfaces/local/lib/python3.10/dist-packages/unitree_go2_nav_interfaces/msg'...
[2.417s] Compiling '/home/q/unitree_ws/unitree-go2-slam-toolbox/install/unitree_go2_nav_interfaces/local/lib/python3.10/dist-packages/unitree_go2_nav_interfaces/msg/__init__.py'...
[2.417s] Compiling '/home/q/unitree_ws/unitree-go2-slam-toolbox/install/unitree_go2_nav_interfaces/local/lib/python3.10/dist-packages/unitree_go2_nav_interfaces/msg/_nav_to_pose.py'...
[2.420s] -- Installing: /home/q/unitree_ws/unitree-go2-slam-toolbox/install/unitree_go2_nav_interfaces/local/lib/python3.10/dist-packages/unitree_go2_nav_interfaces/unitree_go2_nav_interfaces_s__rosidl_typesupport_fastrtps_c.cpython-310-x86_64-linux-gnu.so
[2.420s] -- Set runtime path of "/home/q/unitree_ws/unitree-go2-slam-toolbox/install/unitree_go2_nav_interfaces/local/lib/python3.10/dist-packages/unitree_go2_nav_interfaces/unitree_go2_nav_interfaces_s__rosidl_typesupport_fastrtps_c.cpython-310-x86_64-linux-gnu.so" to ""
[2.420s] -- Installing: /home/q/unitree_ws/unitree-go2-slam-toolbox/install/unitree_go2_nav_interfaces/local/lib/python3.10/dist-packages/unitree_go2_nav_interfaces/unitree_go2_nav_interfaces_s__rosidl_typesupport_introspection_c.cpython-310-x86_64-linux-gnu.so
[2.420s] -- Set runtime path of "/home/q/unitree_ws/unitree-go2-slam-toolbox/install/unitree_go2_nav_interfaces/local/lib/python3.10/dist-packages/unitree_go2_nav_interfaces/unitree_go2_nav_interfaces_s__rosidl_typesupport_introspection_c.cpython-310-x86_64-linux-gnu.so" to ""
[2.420s] -- Installing: /home/q/unitree_ws/unitree-go2-slam-toolbox/install/unitree_go2_nav_interfaces/local/lib/python3.10/dist-packages/unitree_go2_nav_interfaces/unitree_go2_nav_interfaces_s__rosidl_typesupport_c.cpython-310-x86_64-linux-gnu.so
[2.420s] -- Set runtime path of "/home/q/unitree_ws/unitree-go2-slam-toolbox/install/unitree_go2_nav_interfaces/local/lib/python3.10/dist-packages/unitree_go2_nav_interfaces/unitree_go2_nav_interfaces_s__rosidl_typesupport_c.cpython-310-x86_64-linux-gnu.so" to ""
[2.420s] -- Installing: /home/q/unitree_ws/unitree-go2-slam-toolbox/install/unitree_go2_nav_interfaces/lib/libunitree_go2_nav_interfaces__rosidl_generator_py.so
[2.420s] -- Set runtime path of "/home/q/unitree_ws/unitree-go2-slam-toolbox/install/unitree_go2_nav_interfaces/lib/libunitree_go2_nav_interfaces__rosidl_generator_py.so" to ""
[2.420s] -- Installing: /home/q/unitree_ws/unitree-go2-slam-toolbox/install/unitree_go2_nav_interfaces/share/unitree_go2_nav_interfaces/msg/NavToPose.idl
[2.420s] -- Installing: /home/q/unitree_ws/unitree-go2-slam-toolbox/install/unitree_go2_nav_interfaces/share/unitree_go2_nav_interfaces/msg/NavToPose.msg
[2.420s] -- Installing: /home/q/unitree_ws/unitree-go2-slam-toolbox/install/unitree_go2_nav_interfaces/share/ament_index/resource_index/package_run_dependencies/unitree_go2_nav_interfaces
[2.420s] -- Installing: /home/q/unitree_ws/unitree-go2-slam-toolbox/install/unitree_go2_nav_interfaces/share/ament_index/resource_index/parent_prefix_path/unitree_go2_nav_interfaces
[2.420s] -- Installing: /home/q/unitree_ws/unitree-go2-slam-toolbox/install/unitree_go2_nav_interfaces/share/unitree_go2_nav_interfaces/environment/ament_prefix_path.sh
[2.421s] -- Installing: /home/q/unitree_ws/unitree-go2-slam-toolbox/install/unitree_go2_nav_interfaces/share/unitree_go2_nav_interfaces/environment/ament_prefix_path.dsv
[2.421s] -- Installing: /home/q/unitree_ws/unitree-go2-slam-toolbox/install/unitree_go2_nav_interfaces/share/unitree_go2_nav_interfaces/environment/path.sh
[2.421s] -- Installing: /home/q/unitree_ws/unitree-go2-slam-toolbox/install/unitree_go2_nav_interfaces/share/unitree_go2_nav_interfaces/environment/path.dsv
[2.421s] -- Installing: /home/q/unitree_ws/unitree-go2-slam-toolbox/install/unitree_go2_nav_interfaces/share/unitree_go2_nav_interfaces/local_setup.bash
[2.421s] -- Installing: /home/q/unitree_ws/unitree-go2-slam-toolbox/install/unitree_go2_nav_interfaces/share/unitree_go2_nav_interfaces/local_setup.sh
[2.421s] -- Installing: /home/q/unitree_ws/unitree-go2-slam-toolbox/install/unitree_go2_nav_interfaces/share/unitree_go2_nav_interfaces/local_setup.zsh
[2.421s] -- Installing: /home/q/unitree_ws/unitree-go2-slam-toolbox/install/unitree_go2_nav_interfaces/share/unitree_go2_nav_interfaces/local_setup.dsv
[2.421s] -- Installing: /home/q/unitree_ws/unitree-go2-slam-toolbox/install/unitree_go2_nav_interfaces/share/unitree_go2_nav_interfaces/package.dsv
[2.421s] -- Installing: /home/q/unitree_ws/unitree-go2-slam-toolbox/install/unitree_go2_nav_interfaces/share/ament_index/resource_index/packages/unitree_go2_nav_interfaces
[2.421s] -- Installing: /home/q/unitree_ws/unitree-go2-slam-toolbox/install/unitree_go2_nav_interfaces/share/unitree_go2_nav_interfaces/cmake/export_unitree_go2_nav_interfaces__rosidl_generator_cExport.cmake
[2.421s] -- Installing: /home/q/unitree_ws/unitree-go2-slam-toolbox/install/unitree_go2_nav_interfaces/share/unitree_go2_nav_interfaces/cmake/export_unitree_go2_nav_interfaces__rosidl_generator_cExport-noconfig.cmake
[2.421s] -- Installing: /home/q/unitree_ws/unitree-go2-slam-toolbox/install/unitree_go2_nav_interfaces/share/unitree_go2_nav_interfaces/cmake/export_unitree_go2_nav_interfaces__rosidl_typesupport_fastrtps_cExport.cmake
[2.421s] -- Installing: /home/q/unitree_ws/unitree-go2-slam-toolbox/install/unitree_go2_nav_interfaces/share/unitree_go2_nav_interfaces/cmake/export_unitree_go2_nav_interfaces__rosidl_typesupport_fastrtps_cExport-noconfig.cmake
[2.421s] -- Installing: /home/q/unitree_ws/unitree-go2-slam-toolbox/install/unitree_go2_nav_interfaces/share/unitree_go2_nav_interfaces/cmake/export_unitree_go2_nav_interfaces__rosidl_generator_cppExport.cmake
[2.421s] -- Installing: /home/q/unitree_ws/unitree-go2-slam-toolbox/install/unitree_go2_nav_interfaces/share/unitree_go2_nav_interfaces/cmake/export_unitree_go2_nav_interfaces__rosidl_typesupport_fastrtps_cppExport.cmake
[2.421s] -- Installing: /home/q/unitree_ws/unitree-go2-slam-toolbox/install/unitree_go2_nav_interfaces/share/unitree_go2_nav_interfaces/cmake/export_unitree_go2_nav_interfaces__rosidl_typesupport_fastrtps_cppExport-noconfig.cmake
[2.421s] -- Installing: /home/q/unitree_ws/unitree-go2-slam-toolbox/install/unitree_go2_nav_interfaces/share/unitree_go2_nav_interfaces/cmake/unitree_go2_nav_interfaces__rosidl_typesupport_introspection_cExport.cmake
[2.422s] -- Installing: /home/q/unitree_ws/unitree-go2-slam-toolbox/install/unitree_go2_nav_interfaces/share/unitree_go2_nav_interfaces/cmake/unitree_go2_nav_interfaces__rosidl_typesupport_introspection_cExport-noconfig.cmake
[2.422s] -- Installing: /home/q/unitree_ws/unitree-go2-slam-toolbox/install/unitree_go2_nav_interfaces/share/unitree_go2_nav_interfaces/cmake/unitree_go2_nav_interfaces__rosidl_typesupport_cExport.cmake
[2.422s] -- Installing: /home/q/unitree_ws/unitree-go2-slam-toolbox/install/unitree_go2_nav_interfaces/share/unitree_go2_nav_interfaces/cmake/unitree_go2_nav_interfaces__rosidl_typesupport_cExport-noconfig.cmake
[2.422s] -- Installing: /home/q/unitree_ws/unitree-go2-slam-toolbox/install/unitree_go2_nav_interfaces/share/unitree_go2_nav_interfaces/cmake/unitree_go2_nav_interfaces__rosidl_typesupport_introspection_cppExport.cmake
[2.422s] -- Installing: /home/q/unitree_ws/unitree-go2-slam-toolbox/install/unitree_go2_nav_interfaces/share/unitree_go2_nav_interfaces/cmake/unitree_go2_nav_interfaces__rosidl_typesupport_introspection_cppExport-noconfig.cmake
[2.422s] -- Installing: /home/q/unitree_ws/unitree-go2-slam-toolbox/install/unitree_go2_nav_interfaces/share/unitree_go2_nav_interfaces/cmake/unitree_go2_nav_interfaces__rosidl_typesupport_cppExport.cmake
[2.422s] -- Installing: /home/q/unitree_ws/unitree-go2-slam-toolbox/install/unitree_go2_nav_interfaces/share/unitree_go2_nav_interfaces/cmake/unitree_go2_nav_interfaces__rosidl_typesupport_cppExport-noconfig.cmake
[2.422s] -- Installing: /home/q/unitree_ws/unitree-go2-slam-toolbox/install/unitree_go2_nav_interfaces/share/unitree_go2_nav_interfaces/cmake/export_unitree_go2_nav_interfaces__rosidl_generator_pyExport.cmake
[2.422s] -- Installing: /home/q/unitree_ws/unitree-go2-slam-toolbox/install/unitree_go2_nav_interfaces/share/unitree_go2_nav_interfaces/cmake/export_unitree_go2_nav_interfaces__rosidl_generator_pyExport-noconfig.cmake
[2.422s] -- Installing: /home/q/unitree_ws/unitree-go2-slam-toolbox/install/unitree_go2_nav_interfaces/share/unitree_go2_nav_interfaces/cmake/ament_cmake_export_dependencies-extras.cmake
[2.422s] -- Installing: /home/q/unitree_ws/unitree-go2-slam-toolbox/install/unitree_go2_nav_interfaces/share/unitree_go2_nav_interfaces/cmake/rosidl_cmake-extras.cmake
[2.422s] -- Installing: /home/q/unitree_ws/unitree-go2-slam-toolbox/install/unitree_go2_nav_interfaces/share/unitree_go2_nav_interfaces/cmake/ament_cmake_export_include_directories-extras.cmake
[2.422s] -- Installing: /home/q/unitree_ws/unitree-go2-slam-toolbox/install/unitree_go2_nav_interfaces/share/unitree_go2_nav_interfaces/cmake/ament_cmake_export_libraries-extras.cmake
[2.422s] -- Installing: /home/q/unitree_ws/unitree-go2-slam-toolbox/install/unitree_go2_nav_interfaces/share/unitree_go2_nav_interfaces/cmake/ament_cmake_export_targets-extras.cmake
[2.422s] -- Installing: /home/q/unitree_ws/unitree-go2-slam-toolbox/install/unitree_go2_nav_interfaces/share/unitree_go2_nav_interfaces/cmake/rosidl_cmake_export_typesupport_targets-extras.cmake
[2.422s] -- Installing: /home/q/unitree_ws/unitree-go2-slam-toolbox/install/unitree_go2_nav_interfaces/share/unitree_go2_nav_interfaces/cmake/rosidl_cmake_export_typesupport_libraries-extras.cmake
[2.423s] -- Installing: /home/q/unitree_ws/unitree-go2-slam-toolbox/install/unitree_go2_nav_interfaces/share/unitree_go2_nav_interfaces/cmake/unitree_go2_nav_interfacesConfig.cmake
[2.423s] -- Installing: /home/q/unitree_ws/unitree-go2-slam-toolbox/install/unitree_go2_nav_interfaces/share/unitree_go2_nav_interfaces/cmake/unitree_go2_nav_interfacesConfig-version.cmake
[2.423s] -- Installing: /home/q/unitree_ws/unitree-go2-slam-toolbox/install/unitree_go2_nav_interfaces/share/unitree_go2_nav_interfaces/package.xml
[2.424s] Invoked command in '/home/q/unitree_ws/unitree-go2-slam-toolbox/build/unitree_go2_nav_interfaces' returned '0': CMAKE_PREFIX_PATH=${CMAKE_PREFIX_PATH}:/home/q/ws_moveit2/install/moveit_configs_utils:/home/q/ws_moveit2/install/launch_param_builder:/opt/ros/humble /usr/bin/cmake --install /home/q/unitree_ws/unitree-go2-slam-toolbox/build/unitree_go2_nav_interfaces
