[0.011s] Invoking command in '/home/q/unitree_ws/unitree-go2-slam-toolbox/build/unitree_go2_nav_interfaces': CMAKE_PREFIX_PATH=${CMAKE_PREFIX_PATH}:/home/q/ws_moveit2/install/moveit_configs_utils:/home/q/ws_moveit2/install/launch_param_builder:/opt/ros/humble /usr/bin/cmake --build /home/q/unitree_ws/unitree-go2-slam-toolbox/build/unitree_go2_nav_interfaces -- -j20 -l20
[0.036s] -- Found ament_cmake: 1.3.12 (/opt/ros/humble/share/ament_cmake/cmake)
[0.126s] -- Found std_msgs: 4.9.0 (/opt/ros/humble/share/std_msgs/cmake)
[0.140s] -- Found rosidl_generator_c: 3.1.7 (/opt/ros/humble/share/rosidl_generator_c/cmake)
[0.142s] -- Found rosidl_adapter: 3.1.7 (/opt/ros/humble/share/rosidl_adapter/cmake)
[0.145s] -- Found rosidl_generator_cpp: 3.1.7 (/opt/ros/humble/share/rosidl_generator_cpp/cmake)
[0.151s] -- Using all available rosidl_typesupport_c: rosidl_typesupport_fastrtps_c;rosidl_typesupport_introspection_c
[0.159s] -- Using all available rosidl_typesupport_cpp: rosidl_typesupport_fastrtps_cpp;rosidl_typesupport_introspection_cpp
[0.172s] -- Found geometry_msgs: 4.9.0 (/opt/ros/humble/share/geometry_msgs/cmake)
[0.178s] -- Found rosidl_default_generators: 1.2.0 (/opt/ros/humble/share/rosidl_default_generators/cmake)
[0.364s] -- Found ament_cmake_ros: 0.10.0 (/opt/ros/humble/share/ament_cmake_ros/cmake)
[0.628s] -- Using all available rosidl_typesupport_c: rosidl_typesupport_fastrtps_c;rosidl_typesupport_introspection_c
[0.738s] -- Using all available rosidl_typesupport_cpp: rosidl_typesupport_fastrtps_cpp;rosidl_typesupport_introspection_cpp
[0.753s] -- Found python_cmake_module: 0.10.0 (/opt/ros/humble/share/python_cmake_module/cmake)
[0.771s] -- Using PYTHON_EXECUTABLE: /usr/bin/python3
[0.771s] -- Using PYTHON_INCLUDE_DIRS: /usr/include/python3.10
[0.771s] -- Using PYTHON_LIBRARIES: /usr/lib/x86_64-linux-gnu/libpython3.10.so
[0.814s] -- Found ament_lint_auto: 0.12.14 (/opt/ros/humble/share/ament_lint_auto/cmake)
[0.820s] -- Added test 'lint_cmake' to check CMake code style
[0.820s] -- Added test 'xmllint' to check XML markup files
[0.821s] -- Configuring done
[0.839s] -- Generating done
[0.845s] -- Build files have been written to: /home/q/unitree_ws/unitree-go2-slam-toolbox/build/unitree_go2_nav_interfaces
[0.871s] [35m[1mConsolidate compiler generated dependencies of target unitree_go2_nav_interfaces__rosidl_generator_c[0m
[0.880s] [  3%] Built target unitree_go2_nav_interfaces__cpp
[0.882s] [ 12%] Built target unitree_go2_nav_interfaces__rosidl_generator_c
[0.889s] [35m[1mConsolidate compiler generated dependencies of target unitree_go2_nav_interfaces__rosidl_typesupport_cpp[0m
[0.889s] [ 12%] Built target ament_cmake_python_copy_unitree_go2_nav_interfaces
[0.890s] [35m[1mConsolidate compiler generated dependencies of target unitree_go2_nav_interfaces__rosidl_typesupport_introspection_c[0m
[0.890s] [35m[1mConsolidate compiler generated dependencies of target unitree_go2_nav_interfaces__rosidl_typesupport_c[0m
[0.891s] [35m[1mConsolidate compiler generated dependencies of target unitree_go2_nav_interfaces__rosidl_typesupport_introspection_cpp[0m
[0.892s] [35m[1mConsolidate compiler generated dependencies of target unitree_go2_nav_interfaces__rosidl_typesupport_fastrtps_c[0m
[0.892s] [35m[1mConsolidate compiler generated dependencies of target unitree_go2_nav_interfaces__rosidl_typesupport_fastrtps_cpp[0m
[0.900s] [ 32%] Built target unitree_go2_nav_interfaces__rosidl_typesupport_introspection_c
[0.900s] [ 32%] Built target unitree_go2_nav_interfaces__rosidl_typesupport_cpp
[0.900s] [ 41%] Built target unitree_go2_nav_interfaces__rosidl_typesupport_introspection_cpp
[0.901s] [ 51%] Built target unitree_go2_nav_interfaces__rosidl_typesupport_c
[0.904s] [ 61%] Built target unitree_go2_nav_interfaces__rosidl_typesupport_fastrtps_c
[0.907s] [ 70%] Built target unitree_go2_nav_interfaces__rosidl_typesupport_fastrtps_cpp
[0.928s] [ 70%] Built target unitree_go2_nav_interfaces
[0.945s] [ 74%] Built target unitree_go2_nav_interfaces__py
[0.954s] [35m[1mConsolidate compiler generated dependencies of target unitree_go2_nav_interfaces__rosidl_generator_py[0m
[0.965s] [ 80%] Built target unitree_go2_nav_interfaces__rosidl_generator_py
[0.978s] [35m[1mConsolidate compiler generated dependencies of target unitree_go2_nav_interfaces__rosidl_typesupport_introspection_c__pyext[0m
[0.978s] [35m[1mConsolidate compiler generated dependencies of target unitree_go2_nav_interfaces__rosidl_typesupport_fastrtps_c__pyext[0m
[0.978s] [35m[1mConsolidate compiler generated dependencies of target unitree_go2_nav_interfaces__rosidl_typesupport_c__pyext[0m
[0.989s] [ 87%] Built target unitree_go2_nav_interfaces__rosidl_typesupport_fastrtps_c__pyext
[0.991s] [ 93%] Built target unitree_go2_nav_interfaces__rosidl_typesupport_introspection_c__pyext
[0.992s] [100%] Built target unitree_go2_nav_interfaces__rosidl_typesupport_c__pyext
[1.068s] running egg_info
[1.068s] writing unitree_go2_nav_interfaces.egg-info/PKG-INFO
[1.068s] writing dependency_links to unitree_go2_nav_interfaces.egg-info/dependency_links.txt
[1.069s] writing top-level names to unitree_go2_nav_interfaces.egg-info/top_level.txt
[1.070s] reading manifest file 'unitree_go2_nav_interfaces.egg-info/SOURCES.txt'
[1.070s] writing manifest file 'unitree_go2_nav_interfaces.egg-info/SOURCES.txt'
[1.090s] [100%] Built target ament_cmake_python_build_unitree_go2_nav_interfaces_egg
[1.101s] Invoked command in '/home/q/unitree_ws/unitree-go2-slam-toolbox/build/unitree_go2_nav_interfaces' returned '0': CMAKE_PREFIX_PATH=${CMAKE_PREFIX_PATH}:/home/q/ws_moveit2/install/moveit_configs_utils:/home/q/ws_moveit2/install/launch_param_builder:/opt/ros/humble /usr/bin/cmake --build /home/q/unitree_ws/unitree-go2-slam-toolbox/build/unitree_go2_nav_interfaces -- -j20 -l20
[1.110s] Invoking command in '/home/q/unitree_ws/unitree-go2-slam-toolbox/build/unitree_go2_nav_interfaces': CMAKE_PREFIX_PATH=${CMAKE_PREFIX_PATH}:/home/q/ws_moveit2/install/moveit_configs_utils:/home/q/ws_moveit2/install/launch_param_builder:/opt/ros/humble /usr/bin/cmake --install /home/q/unitree_ws/unitree-go2-slam-toolbox/build/unitree_go2_nav_interfaces
[1.118s] -- Install configuration: ""
[1.118s] -- Up-to-date: /home/q/unitree_ws/unitree-go2-slam-toolbox/install/unitree_go2_nav_interfaces/share/ament_index/resource_index/rosidl_interfaces/unitree_go2_nav_interfaces
[1.118s] -- Up-to-date: /home/q/unitree_ws/unitree-go2-slam-toolbox/install/unitree_go2_nav_interfaces/include/unitree_go2_nav_interfaces/unitree_go2_nav_interfaces
[1.118s] -- Up-to-date: /home/q/unitree_ws/unitree-go2-slam-toolbox/install/unitree_go2_nav_interfaces/include/unitree_go2_nav_interfaces/unitree_go2_nav_interfaces/msg
[1.118s] -- Up-to-date: /home/q/unitree_ws/unitree-go2-slam-toolbox/install/unitree_go2_nav_interfaces/include/unitree_go2_nav_interfaces/unitree_go2_nav_interfaces/msg/nav_to_pose.h
[1.118s] -- Up-to-date: /home/q/unitree_ws/unitree-go2-slam-toolbox/install/unitree_go2_nav_interfaces/include/unitree_go2_nav_interfaces/unitree_go2_nav_interfaces/msg/rosidl_generator_c__visibility_control.h
[1.118s] -- Up-to-date: /home/q/unitree_ws/unitree-go2-slam-toolbox/install/unitree_go2_nav_interfaces/include/unitree_go2_nav_interfaces/unitree_go2_nav_interfaces/msg/detail
[1.118s] -- Up-to-date: /home/q/unitree_ws/unitree-go2-slam-toolbox/install/unitree_go2_nav_interfaces/include/unitree_go2_nav_interfaces/unitree_go2_nav_interfaces/msg/detail/nav_to_pose__functions.c
[1.118s] -- Up-to-date: /home/q/unitree_ws/unitree-go2-slam-toolbox/install/unitree_go2_nav_interfaces/include/unitree_go2_nav_interfaces/unitree_go2_nav_interfaces/msg/detail/nav_to_pose__type_support.h
[1.118s] -- Up-to-date: /home/q/unitree_ws/unitree-go2-slam-toolbox/install/unitree_go2_nav_interfaces/include/unitree_go2_nav_interfaces/unitree_go2_nav_interfaces/msg/detail/nav_to_pose__functions.h
[1.118s] -- Up-to-date: /home/q/unitree_ws/unitree-go2-slam-toolbox/install/unitree_go2_nav_interfaces/include/unitree_go2_nav_interfaces/unitree_go2_nav_interfaces/msg/detail/nav_to_pose__struct.h
[1.119s] -- Up-to-date: /home/q/unitree_ws/unitree-go2-slam-toolbox/install/unitree_go2_nav_interfaces/share/unitree_go2_nav_interfaces/environment/library_path.sh
[1.119s] -- Installing: /home/q/unitree_ws/unitree-go2-slam-toolbox/install/unitree_go2_nav_interfaces/share/unitree_go2_nav_interfaces/environment/library_path.dsv
[1.119s] -- Up-to-date: /home/q/unitree_ws/unitree-go2-slam-toolbox/install/unitree_go2_nav_interfaces/lib/libunitree_go2_nav_interfaces__rosidl_generator_c.so
[1.119s] -- Up-to-date: /home/q/unitree_ws/unitree-go2-slam-toolbox/install/unitree_go2_nav_interfaces/include/unitree_go2_nav_interfaces/unitree_go2_nav_interfaces
[1.119s] -- Up-to-date: /home/q/unitree_ws/unitree-go2-slam-toolbox/install/unitree_go2_nav_interfaces/include/unitree_go2_nav_interfaces/unitree_go2_nav_interfaces/msg
[1.119s] -- Up-to-date: /home/q/unitree_ws/unitree-go2-slam-toolbox/install/unitree_go2_nav_interfaces/include/unitree_go2_nav_interfaces/unitree_go2_nav_interfaces/msg/rosidl_typesupport_fastrtps_c__visibility_control.h
[1.119s] -- Up-to-date: /home/q/unitree_ws/unitree-go2-slam-toolbox/install/unitree_go2_nav_interfaces/include/unitree_go2_nav_interfaces/unitree_go2_nav_interfaces/msg/detail
[1.119s] -- Up-to-date: /home/q/unitree_ws/unitree-go2-slam-toolbox/install/unitree_go2_nav_interfaces/include/unitree_go2_nav_interfaces/unitree_go2_nav_interfaces/msg/detail/nav_to_pose__rosidl_typesupport_fastrtps_c.h
[1.119s] -- Up-to-date: /home/q/unitree_ws/unitree-go2-slam-toolbox/install/unitree_go2_nav_interfaces/lib/libunitree_go2_nav_interfaces__rosidl_typesupport_fastrtps_c.so
[1.119s] -- Up-to-date: /home/q/unitree_ws/unitree-go2-slam-toolbox/install/unitree_go2_nav_interfaces/include/unitree_go2_nav_interfaces/unitree_go2_nav_interfaces
[1.119s] -- Up-to-date: /home/q/unitree_ws/unitree-go2-slam-toolbox/install/unitree_go2_nav_interfaces/include/unitree_go2_nav_interfaces/unitree_go2_nav_interfaces/msg
[1.119s] -- Up-to-date: /home/q/unitree_ws/unitree-go2-slam-toolbox/install/unitree_go2_nav_interfaces/include/unitree_go2_nav_interfaces/unitree_go2_nav_interfaces/msg/nav_to_pose.hpp
[1.119s] -- Up-to-date: /home/q/unitree_ws/unitree-go2-slam-toolbox/install/unitree_go2_nav_interfaces/include/unitree_go2_nav_interfaces/unitree_go2_nav_interfaces/msg/rosidl_generator_cpp__visibility_control.hpp
[1.119s] -- Up-to-date: /home/q/unitree_ws/unitree-go2-slam-toolbox/install/unitree_go2_nav_interfaces/include/unitree_go2_nav_interfaces/unitree_go2_nav_interfaces/msg/detail
[1.119s] -- Up-to-date: /home/q/unitree_ws/unitree-go2-slam-toolbox/install/unitree_go2_nav_interfaces/include/unitree_go2_nav_interfaces/unitree_go2_nav_interfaces/msg/detail/nav_to_pose__type_support.hpp
[1.119s] -- Up-to-date: /home/q/unitree_ws/unitree-go2-slam-toolbox/install/unitree_go2_nav_interfaces/include/unitree_go2_nav_interfaces/unitree_go2_nav_interfaces/msg/detail/nav_to_pose__traits.hpp
[1.119s] -- Up-to-date: /home/q/unitree_ws/unitree-go2-slam-toolbox/install/unitree_go2_nav_interfaces/include/unitree_go2_nav_interfaces/unitree_go2_nav_interfaces/msg/detail/nav_to_pose__struct.hpp
[1.119s] -- Up-to-date: /home/q/unitree_ws/unitree-go2-slam-toolbox/install/unitree_go2_nav_interfaces/include/unitree_go2_nav_interfaces/unitree_go2_nav_interfaces/msg/detail/nav_to_pose__builder.hpp
[1.119s] -- Up-to-date: /home/q/unitree_ws/unitree-go2-slam-toolbox/install/unitree_go2_nav_interfaces/include/unitree_go2_nav_interfaces/unitree_go2_nav_interfaces
[1.119s] -- Up-to-date: /home/q/unitree_ws/unitree-go2-slam-toolbox/install/unitree_go2_nav_interfaces/include/unitree_go2_nav_interfaces/unitree_go2_nav_interfaces/msg
[1.119s] -- Up-to-date: /home/q/unitree_ws/unitree-go2-slam-toolbox/install/unitree_go2_nav_interfaces/include/unitree_go2_nav_interfaces/unitree_go2_nav_interfaces/msg/rosidl_typesupport_fastrtps_cpp__visibility_control.h
[1.119s] -- Up-to-date: /home/q/unitree_ws/unitree-go2-slam-toolbox/install/unitree_go2_nav_interfaces/include/unitree_go2_nav_interfaces/unitree_go2_nav_interfaces/msg/detail
[1.119s] -- Up-to-date: /home/q/unitree_ws/unitree-go2-slam-toolbox/install/unitree_go2_nav_interfaces/include/unitree_go2_nav_interfaces/unitree_go2_nav_interfaces/msg/detail/nav_to_pose__rosidl_typesupport_fastrtps_cpp.hpp
[1.119s] -- Up-to-date: /home/q/unitree_ws/unitree-go2-slam-toolbox/install/unitree_go2_nav_interfaces/include/unitree_go2_nav_interfaces/unitree_go2_nav_interfaces/msg/detail/dds_fastrtps
[1.119s] -- Up-to-date: /home/q/unitree_ws/unitree-go2-slam-toolbox/install/unitree_go2_nav_interfaces/lib/libunitree_go2_nav_interfaces__rosidl_typesupport_fastrtps_cpp.so
[1.119s] -- Up-to-date: /home/q/unitree_ws/unitree-go2-slam-toolbox/install/unitree_go2_nav_interfaces/include/unitree_go2_nav_interfaces/unitree_go2_nav_interfaces
[1.119s] -- Up-to-date: /home/q/unitree_ws/unitree-go2-slam-toolbox/install/unitree_go2_nav_interfaces/include/unitree_go2_nav_interfaces/unitree_go2_nav_interfaces/msg
[1.119s] -- Up-to-date: /home/q/unitree_ws/unitree-go2-slam-toolbox/install/unitree_go2_nav_interfaces/include/unitree_go2_nav_interfaces/unitree_go2_nav_interfaces/msg/rosidl_typesupport_introspection_c__visibility_control.h
[1.119s] -- Up-to-date: /home/q/unitree_ws/unitree-go2-slam-toolbox/install/unitree_go2_nav_interfaces/include/unitree_go2_nav_interfaces/unitree_go2_nav_interfaces/msg/detail
[1.120s] -- Up-to-date: /home/q/unitree_ws/unitree-go2-slam-toolbox/install/unitree_go2_nav_interfaces/include/unitree_go2_nav_interfaces/unitree_go2_nav_interfaces/msg/detail/nav_to_pose__rosidl_typesupport_introspection_c.h
[1.120s] -- Up-to-date: /home/q/unitree_ws/unitree-go2-slam-toolbox/install/unitree_go2_nav_interfaces/include/unitree_go2_nav_interfaces/unitree_go2_nav_interfaces/msg/detail/nav_to_pose__type_support.c
[1.120s] -- Up-to-date: /home/q/unitree_ws/unitree-go2-slam-toolbox/install/unitree_go2_nav_interfaces/lib/libunitree_go2_nav_interfaces__rosidl_typesupport_introspection_c.so
[1.120s] -- Up-to-date: /home/q/unitree_ws/unitree-go2-slam-toolbox/install/unitree_go2_nav_interfaces/lib/libunitree_go2_nav_interfaces__rosidl_typesupport_c.so
[1.120s] -- Up-to-date: /home/q/unitree_ws/unitree-go2-slam-toolbox/install/unitree_go2_nav_interfaces/include/unitree_go2_nav_interfaces/unitree_go2_nav_interfaces
[1.120s] -- Up-to-date: /home/q/unitree_ws/unitree-go2-slam-toolbox/install/unitree_go2_nav_interfaces/include/unitree_go2_nav_interfaces/unitree_go2_nav_interfaces/msg
[1.120s] -- Up-to-date: /home/q/unitree_ws/unitree-go2-slam-toolbox/install/unitree_go2_nav_interfaces/include/unitree_go2_nav_interfaces/unitree_go2_nav_interfaces/msg/detail
[1.120s] -- Up-to-date: /home/q/unitree_ws/unitree-go2-slam-toolbox/install/unitree_go2_nav_interfaces/include/unitree_go2_nav_interfaces/unitree_go2_nav_interfaces/msg/detail/nav_to_pose__type_support.cpp
[1.120s] -- Up-to-date: /home/q/unitree_ws/unitree-go2-slam-toolbox/install/unitree_go2_nav_interfaces/include/unitree_go2_nav_interfaces/unitree_go2_nav_interfaces/msg/detail/nav_to_pose__rosidl_typesupport_introspection_cpp.hpp
[1.120s] -- Up-to-date: /home/q/unitree_ws/unitree-go2-slam-toolbox/install/unitree_go2_nav_interfaces/lib/libunitree_go2_nav_interfaces__rosidl_typesupport_introspection_cpp.so
[1.120s] -- Up-to-date: /home/q/unitree_ws/unitree-go2-slam-toolbox/install/unitree_go2_nav_interfaces/lib/libunitree_go2_nav_interfaces__rosidl_typesupport_cpp.so
[1.120s] -- Up-to-date: /home/q/unitree_ws/unitree-go2-slam-toolbox/install/unitree_go2_nav_interfaces/share/unitree_go2_nav_interfaces/environment/pythonpath.sh
[1.120s] -- Installing: /home/q/unitree_ws/unitree-go2-slam-toolbox/install/unitree_go2_nav_interfaces/share/unitree_go2_nav_interfaces/environment/pythonpath.dsv
[1.120s] -- Up-to-date: /home/q/unitree_ws/unitree-go2-slam-toolbox/install/unitree_go2_nav_interfaces/local/lib/python3.10/dist-packages/unitree_go2_nav_interfaces-0.0.0-py3.10.egg-info
[1.120s] -- Installing: /home/q/unitree_ws/unitree-go2-slam-toolbox/install/unitree_go2_nav_interfaces/local/lib/python3.10/dist-packages/unitree_go2_nav_interfaces-0.0.0-py3.10.egg-info/PKG-INFO
[1.120s] -- Installing: /home/q/unitree_ws/unitree-go2-slam-toolbox/install/unitree_go2_nav_interfaces/local/lib/python3.10/dist-packages/unitree_go2_nav_interfaces-0.0.0-py3.10.egg-info/dependency_links.txt
[1.120s] -- Installing: /home/q/unitree_ws/unitree-go2-slam-toolbox/install/unitree_go2_nav_interfaces/local/lib/python3.10/dist-packages/unitree_go2_nav_interfaces-0.0.0-py3.10.egg-info/SOURCES.txt
[1.120s] -- Installing: /home/q/unitree_ws/unitree-go2-slam-toolbox/install/unitree_go2_nav_interfaces/local/lib/python3.10/dist-packages/unitree_go2_nav_interfaces-0.0.0-py3.10.egg-info/top_level.txt
[1.120s] -- Up-to-date: /home/q/unitree_ws/unitree-go2-slam-toolbox/install/unitree_go2_nav_interfaces/local/lib/python3.10/dist-packages/unitree_go2_nav_interfaces
[1.120s] -- Up-to-date: /home/q/unitree_ws/unitree-go2-slam-toolbox/install/unitree_go2_nav_interfaces/local/lib/python3.10/dist-packages/unitree_go2_nav_interfaces/msg
[1.121s] -- Up-to-date: /home/q/unitree_ws/unitree-go2-slam-toolbox/install/unitree_go2_nav_interfaces/local/lib/python3.10/dist-packages/unitree_go2_nav_interfaces/msg/_nav_to_pose.py
[1.121s] -- Up-to-date: /home/q/unitree_ws/unitree-go2-slam-toolbox/install/unitree_go2_nav_interfaces/local/lib/python3.10/dist-packages/unitree_go2_nav_interfaces/msg/__init__.py
[1.121s] -- Up-to-date: /home/q/unitree_ws/unitree-go2-slam-toolbox/install/unitree_go2_nav_interfaces/local/lib/python3.10/dist-packages/unitree_go2_nav_interfaces/msg/_nav_to_pose_s.c
[1.121s] -- Up-to-date: /home/q/unitree_ws/unitree-go2-slam-toolbox/install/unitree_go2_nav_interfaces/local/lib/python3.10/dist-packages/unitree_go2_nav_interfaces/unitree_go2_nav_interfaces_s__rosidl_typesupport_introspection_c.cpython-310-x86_64-linux-gnu.so
[1.121s] -- Up-to-date: /home/q/unitree_ws/unitree-go2-slam-toolbox/install/unitree_go2_nav_interfaces/local/lib/python3.10/dist-packages/unitree_go2_nav_interfaces/_unitree_go2_nav_interfaces_s.ep.rosidl_typesupport_introspection_c.c
[1.121s] -- Installing: /home/q/unitree_ws/unitree-go2-slam-toolbox/install/unitree_go2_nav_interfaces/local/lib/python3.10/dist-packages/unitree_go2_nav_interfaces/__init__.py
[1.121s] -- Up-to-date: /home/q/unitree_ws/unitree-go2-slam-toolbox/install/unitree_go2_nav_interfaces/local/lib/python3.10/dist-packages/unitree_go2_nav_interfaces/unitree_go2_nav_interfaces_s__rosidl_typesupport_c.cpython-310-x86_64-linux-gnu.so
[1.121s] -- Up-to-date: /home/q/unitree_ws/unitree-go2-slam-toolbox/install/unitree_go2_nav_interfaces/local/lib/python3.10/dist-packages/unitree_go2_nav_interfaces/_unitree_go2_nav_interfaces_s.ep.rosidl_typesupport_fastrtps_c.c
[1.121s] -- Up-to-date: /home/q/unitree_ws/unitree-go2-slam-toolbox/install/unitree_go2_nav_interfaces/local/lib/python3.10/dist-packages/unitree_go2_nav_interfaces/_unitree_go2_nav_interfaces_s.ep.rosidl_typesupport_c.c
[1.121s] -- Up-to-date: /home/q/unitree_ws/unitree-go2-slam-toolbox/install/unitree_go2_nav_interfaces/local/lib/python3.10/dist-packages/unitree_go2_nav_interfaces/unitree_go2_nav_interfaces_s__rosidl_typesupport_fastrtps_c.cpython-310-x86_64-linux-gnu.so
[1.121s] -- Up-to-date: /home/q/unitree_ws/unitree-go2-slam-toolbox/install/unitree_go2_nav_interfaces/local/lib/python3.10/dist-packages/unitree_go2_nav_interfaces/libunitree_go2_nav_interfaces__rosidl_generator_py.so
[1.142s] Listing '/home/q/unitree_ws/unitree-go2-slam-toolbox/install/unitree_go2_nav_interfaces/local/lib/python3.10/dist-packages/unitree_go2_nav_interfaces'...
[1.142s] Compiling '/home/q/unitree_ws/unitree-go2-slam-toolbox/install/unitree_go2_nav_interfaces/local/lib/python3.10/dist-packages/unitree_go2_nav_interfaces/__init__.py'...
[1.142s] Listing '/home/q/unitree_ws/unitree-go2-slam-toolbox/install/unitree_go2_nav_interfaces/local/lib/python3.10/dist-packages/unitree_go2_nav_interfaces/msg'...
[1.145s] -- Up-to-date: /home/q/unitree_ws/unitree-go2-slam-toolbox/install/unitree_go2_nav_interfaces/local/lib/python3.10/dist-packages/unitree_go2_nav_interfaces/unitree_go2_nav_interfaces_s__rosidl_typesupport_fastrtps_c.cpython-310-x86_64-linux-gnu.so
[1.145s] -- Up-to-date: /home/q/unitree_ws/unitree-go2-slam-toolbox/install/unitree_go2_nav_interfaces/local/lib/python3.10/dist-packages/unitree_go2_nav_interfaces/unitree_go2_nav_interfaces_s__rosidl_typesupport_introspection_c.cpython-310-x86_64-linux-gnu.so
[1.145s] -- Up-to-date: /home/q/unitree_ws/unitree-go2-slam-toolbox/install/unitree_go2_nav_interfaces/local/lib/python3.10/dist-packages/unitree_go2_nav_interfaces/unitree_go2_nav_interfaces_s__rosidl_typesupport_c.cpython-310-x86_64-linux-gnu.so
[1.145s] -- Up-to-date: /home/q/unitree_ws/unitree-go2-slam-toolbox/install/unitree_go2_nav_interfaces/lib/libunitree_go2_nav_interfaces__rosidl_generator_py.so
[1.145s] -- Up-to-date: /home/q/unitree_ws/unitree-go2-slam-toolbox/install/unitree_go2_nav_interfaces/share/unitree_go2_nav_interfaces/msg/NavToPose.idl
[1.145s] -- Up-to-date: /home/q/unitree_ws/unitree-go2-slam-toolbox/install/unitree_go2_nav_interfaces/share/unitree_go2_nav_interfaces/msg/NavToPose.msg
[1.145s] -- Up-to-date: /home/q/unitree_ws/unitree-go2-slam-toolbox/install/unitree_go2_nav_interfaces/share/ament_index/resource_index/package_run_dependencies/unitree_go2_nav_interfaces
[1.146s] -- Up-to-date: /home/q/unitree_ws/unitree-go2-slam-toolbox/install/unitree_go2_nav_interfaces/share/ament_index/resource_index/parent_prefix_path/unitree_go2_nav_interfaces
[1.146s] -- Up-to-date: /home/q/unitree_ws/unitree-go2-slam-toolbox/install/unitree_go2_nav_interfaces/share/unitree_go2_nav_interfaces/environment/ament_prefix_path.sh
[1.146s] -- Installing: /home/q/unitree_ws/unitree-go2-slam-toolbox/install/unitree_go2_nav_interfaces/share/unitree_go2_nav_interfaces/environment/ament_prefix_path.dsv
[1.146s] -- Up-to-date: /home/q/unitree_ws/unitree-go2-slam-toolbox/install/unitree_go2_nav_interfaces/share/unitree_go2_nav_interfaces/environment/path.sh
[1.146s] -- Installing: /home/q/unitree_ws/unitree-go2-slam-toolbox/install/unitree_go2_nav_interfaces/share/unitree_go2_nav_interfaces/environment/path.dsv
[1.146s] -- Up-to-date: /home/q/unitree_ws/unitree-go2-slam-toolbox/install/unitree_go2_nav_interfaces/share/unitree_go2_nav_interfaces/local_setup.bash
[1.146s] -- Up-to-date: /home/q/unitree_ws/unitree-go2-slam-toolbox/install/unitree_go2_nav_interfaces/share/unitree_go2_nav_interfaces/local_setup.sh
[1.146s] -- Up-to-date: /home/q/unitree_ws/unitree-go2-slam-toolbox/install/unitree_go2_nav_interfaces/share/unitree_go2_nav_interfaces/local_setup.zsh
[1.146s] -- Installing: /home/q/unitree_ws/unitree-go2-slam-toolbox/install/unitree_go2_nav_interfaces/share/unitree_go2_nav_interfaces/local_setup.dsv
[1.146s] -- Installing: /home/q/unitree_ws/unitree-go2-slam-toolbox/install/unitree_go2_nav_interfaces/share/unitree_go2_nav_interfaces/package.dsv
[1.146s] -- Up-to-date: /home/q/unitree_ws/unitree-go2-slam-toolbox/install/unitree_go2_nav_interfaces/share/ament_index/resource_index/packages/unitree_go2_nav_interfaces
[1.146s] -- Up-to-date: /home/q/unitree_ws/unitree-go2-slam-toolbox/install/unitree_go2_nav_interfaces/share/unitree_go2_nav_interfaces/cmake/export_unitree_go2_nav_interfaces__rosidl_generator_cExport.cmake
[1.146s] -- Up-to-date: /home/q/unitree_ws/unitree-go2-slam-toolbox/install/unitree_go2_nav_interfaces/share/unitree_go2_nav_interfaces/cmake/export_unitree_go2_nav_interfaces__rosidl_generator_cExport-noconfig.cmake
[1.146s] -- Up-to-date: /home/q/unitree_ws/unitree-go2-slam-toolbox/install/unitree_go2_nav_interfaces/share/unitree_go2_nav_interfaces/cmake/export_unitree_go2_nav_interfaces__rosidl_typesupport_fastrtps_cExport.cmake
[1.146s] -- Up-to-date: /home/q/unitree_ws/unitree-go2-slam-toolbox/install/unitree_go2_nav_interfaces/share/unitree_go2_nav_interfaces/cmake/export_unitree_go2_nav_interfaces__rosidl_typesupport_fastrtps_cExport-noconfig.cmake
[1.146s] -- Up-to-date: /home/q/unitree_ws/unitree-go2-slam-toolbox/install/unitree_go2_nav_interfaces/share/unitree_go2_nav_interfaces/cmake/export_unitree_go2_nav_interfaces__rosidl_generator_cppExport.cmake
[1.146s] -- Up-to-date: /home/q/unitree_ws/unitree-go2-slam-toolbox/install/unitree_go2_nav_interfaces/share/unitree_go2_nav_interfaces/cmake/export_unitree_go2_nav_interfaces__rosidl_typesupport_fastrtps_cppExport.cmake
[1.146s] -- Up-to-date: /home/q/unitree_ws/unitree-go2-slam-toolbox/install/unitree_go2_nav_interfaces/share/unitree_go2_nav_interfaces/cmake/export_unitree_go2_nav_interfaces__rosidl_typesupport_fastrtps_cppExport-noconfig.cmake
[1.146s] -- Up-to-date: /home/q/unitree_ws/unitree-go2-slam-toolbox/install/unitree_go2_nav_interfaces/share/unitree_go2_nav_interfaces/cmake/unitree_go2_nav_interfaces__rosidl_typesupport_introspection_cExport.cmake
[1.146s] -- Up-to-date: /home/q/unitree_ws/unitree-go2-slam-toolbox/install/unitree_go2_nav_interfaces/share/unitree_go2_nav_interfaces/cmake/unitree_go2_nav_interfaces__rosidl_typesupport_introspection_cExport-noconfig.cmake
[1.146s] -- Up-to-date: /home/q/unitree_ws/unitree-go2-slam-toolbox/install/unitree_go2_nav_interfaces/share/unitree_go2_nav_interfaces/cmake/unitree_go2_nav_interfaces__rosidl_typesupport_cExport.cmake
[1.146s] -- Up-to-date: /home/q/unitree_ws/unitree-go2-slam-toolbox/install/unitree_go2_nav_interfaces/share/unitree_go2_nav_interfaces/cmake/unitree_go2_nav_interfaces__rosidl_typesupport_cExport-noconfig.cmake
[1.146s] -- Up-to-date: /home/q/unitree_ws/unitree-go2-slam-toolbox/install/unitree_go2_nav_interfaces/share/unitree_go2_nav_interfaces/cmake/unitree_go2_nav_interfaces__rosidl_typesupport_introspection_cppExport.cmake
[1.146s] -- Up-to-date: /home/q/unitree_ws/unitree-go2-slam-toolbox/install/unitree_go2_nav_interfaces/share/unitree_go2_nav_interfaces/cmake/unitree_go2_nav_interfaces__rosidl_typesupport_introspection_cppExport-noconfig.cmake
[1.146s] -- Up-to-date: /home/q/unitree_ws/unitree-go2-slam-toolbox/install/unitree_go2_nav_interfaces/share/unitree_go2_nav_interfaces/cmake/unitree_go2_nav_interfaces__rosidl_typesupport_cppExport.cmake
[1.146s] -- Up-to-date: /home/q/unitree_ws/unitree-go2-slam-toolbox/install/unitree_go2_nav_interfaces/share/unitree_go2_nav_interfaces/cmake/unitree_go2_nav_interfaces__rosidl_typesupport_cppExport-noconfig.cmake
[1.146s] -- Up-to-date: /home/q/unitree_ws/unitree-go2-slam-toolbox/install/unitree_go2_nav_interfaces/share/unitree_go2_nav_interfaces/cmake/export_unitree_go2_nav_interfaces__rosidl_generator_pyExport.cmake
[1.147s] -- Up-to-date: /home/q/unitree_ws/unitree-go2-slam-toolbox/install/unitree_go2_nav_interfaces/share/unitree_go2_nav_interfaces/cmake/export_unitree_go2_nav_interfaces__rosidl_generator_pyExport-noconfig.cmake
[1.147s] -- Up-to-date: /home/q/unitree_ws/unitree-go2-slam-toolbox/install/unitree_go2_nav_interfaces/share/unitree_go2_nav_interfaces/cmake/ament_cmake_export_dependencies-extras.cmake
[1.147s] -- Up-to-date: /home/q/unitree_ws/unitree-go2-slam-toolbox/install/unitree_go2_nav_interfaces/share/unitree_go2_nav_interfaces/cmake/rosidl_cmake-extras.cmake
[1.147s] -- Up-to-date: /home/q/unitree_ws/unitree-go2-slam-toolbox/install/unitree_go2_nav_interfaces/share/unitree_go2_nav_interfaces/cmake/ament_cmake_export_include_directories-extras.cmake
[1.147s] -- Up-to-date: /home/q/unitree_ws/unitree-go2-slam-toolbox/install/unitree_go2_nav_interfaces/share/unitree_go2_nav_interfaces/cmake/ament_cmake_export_libraries-extras.cmake
[1.147s] -- Up-to-date: /home/q/unitree_ws/unitree-go2-slam-toolbox/install/unitree_go2_nav_interfaces/share/unitree_go2_nav_interfaces/cmake/ament_cmake_export_targets-extras.cmake
[1.147s] -- Up-to-date: /home/q/unitree_ws/unitree-go2-slam-toolbox/install/unitree_go2_nav_interfaces/share/unitree_go2_nav_interfaces/cmake/rosidl_cmake_export_typesupport_targets-extras.cmake
[1.147s] -- Up-to-date: /home/q/unitree_ws/unitree-go2-slam-toolbox/install/unitree_go2_nav_interfaces/share/unitree_go2_nav_interfaces/cmake/rosidl_cmake_export_typesupport_libraries-extras.cmake
[1.147s] -- Up-to-date: /home/q/unitree_ws/unitree-go2-slam-toolbox/install/unitree_go2_nav_interfaces/share/unitree_go2_nav_interfaces/cmake/unitree_go2_nav_interfacesConfig.cmake
[1.147s] -- Up-to-date: /home/q/unitree_ws/unitree-go2-slam-toolbox/install/unitree_go2_nav_interfaces/share/unitree_go2_nav_interfaces/cmake/unitree_go2_nav_interfacesConfig-version.cmake
[1.147s] -- Installing: /home/q/unitree_ws/unitree-go2-slam-toolbox/install/unitree_go2_nav_interfaces/share/unitree_go2_nav_interfaces/package.xml
[1.148s] Invoked command in '/home/q/unitree_ws/unitree-go2-slam-toolbox/build/unitree_go2_nav_interfaces' returned '0': CMAKE_PREFIX_PATH=${CMAKE_PREFIX_PATH}:/home/q/ws_moveit2/install/moveit_configs_utils:/home/q/ws_moveit2/install/launch_param_builder:/opt/ros/humble /usr/bin/cmake --install /home/q/unitree_ws/unitree-go2-slam-toolbox/build/unitree_go2_nav_interfaces
