[0.044s] Invoking command in '/home/q/unitree_ws/unitree-go2-slam-toolbox/build/go2_navigation2': CMAKE_PREFIX_PATH=${CMAKE_PREFIX_PATH}:/home/q/ws_moveit2/install/moveit_configs_utils:/home/q/ws_moveit2/install/launch_param_builder:/opt/ros/humble /usr/bin/cmake /home/q/unitree_ws/unitree-go2-slam-toolbox/src/go2_navigation2 -DCMAKE_INSTALL_PREFIX=/home/q/unitree_ws/unitree-go2-slam-toolbox/install/go2_navigation2
[0.059s] -- Found ament_cmake: 1.3.12 (/opt/ros/humble/share/ament_cmake/cmake)
[0.169s] -- Found rclcpp: 16.0.16 (/opt/ros/humble/share/rclcpp/cmake)
[0.199s] -- Found rosidl_generator_c: 3.1.7 (/opt/ros/humble/share/rosidl_generator_c/cmake)
[0.201s] -- Found rosidl_adapter: 3.1.7 (/opt/ros/humble/share/rosidl_adapter/cmake)
[0.210s] -- Found rosidl_generator_cpp: 3.1.7 (/opt/ros/humble/share/rosidl_generator_cpp/cmake)
[0.220s] -- Using all available rosidl_typesupport_c: rosidl_typesupport_fastrtps_c;rosidl_typesupport_introspection_c
[0.233s] -- Using all available rosidl_typesupport_cpp: rosidl_typesupport_fastrtps_cpp;rosidl_typesupport_introspection_cpp
[0.261s] -- Found rmw_implementation_cmake: 6.1.2 (/opt/ros/humble/share/rmw_implementation_cmake/cmake)
[0.263s] -- Found rmw_fastrtps_cpp: 6.2.9 (/opt/ros/humble/share/rmw_fastrtps_cpp/cmake)
[0.366s] -- Using RMW implementation 'rmw_fastrtps_cpp' as default
[0.404s] -- Found rclcpp_action: 16.0.16 (/opt/ros/humble/share/rclcpp_action/cmake)
[0.435s] -- Found std_srvs: 4.9.0 (/opt/ros/humble/share/std_srvs/cmake)
[0.444s] -- Found geometry_msgs: 4.9.0 (/opt/ros/humble/share/geometry_msgs/cmake)
[0.456s] -- Found tf2: 0.25.17 (/opt/ros/humble/share/tf2/cmake)
[0.460s] -- Found tf2_geometry_msgs: 0.25.17 (/opt/ros/humble/share/tf2_geometry_msgs/cmake)
[0.464s] -- Found eigen3_cmake_module: 0.1.1 (/opt/ros/humble/share/eigen3_cmake_module/cmake)
[0.465s] -- Ensuring Eigen3 include directory is part of orocos-kdl CMake target
[0.515s] -- Found nav2_msgs: 1.1.20 (/opt/ros/humble/share/nav2_msgs/cmake)
[0.554s] -- Found sensor_msgs: 4.9.0 (/opt/ros/humble/share/sensor_msgs/cmake)
[0.572s] -- Found unitree_go2_nav_interfaces: 0.0.0 (/home/q/unitree_ws/unitree-go2-slam-toolbox/install/unitree_go2_nav_interfaces/share/unitree_go2_nav_interfaces/cmake)
[0.613s] -- Found ament_lint_auto: 0.12.14 (/opt/ros/humble/share/ament_lint_auto/cmake)
[0.731s] -- Added test 'cppcheck' to perform static code analysis on C / C++ code
[0.732s] -- Configured cppcheck include dirs: 
[0.732s] -- Configured cppcheck exclude dirs and/or files: 
[0.733s] -- Added test 'flake8' to check Python code syntax and style conventions
[0.734s] -- Added test 'lint_cmake' to check CMake code style
[0.735s] -- Added test 'pep257' to check Python code against some of the docstring style conventions in PEP 257
[0.737s] -- Added test 'uncrustify' to check C / C++ code style
[0.737s] -- Configured uncrustify additional arguments: 
[0.738s] -- Added test 'xmllint' to check XML markup files
[0.741s] -- Configuring done
[0.755s] -- Generating done
[0.760s] -- Build files have been written to: /home/q/unitree_ws/unitree-go2-slam-toolbox/build/go2_navigation2
[0.769s] Invoked command in '/home/q/unitree_ws/unitree-go2-slam-toolbox/build/go2_navigation2' returned '0': CMAKE_PREFIX_PATH=${CMAKE_PREFIX_PATH}:/home/q/ws_moveit2/install/moveit_configs_utils:/home/q/ws_moveit2/install/launch_param_builder:/opt/ros/humble /usr/bin/cmake /home/q/unitree_ws/unitree-go2-slam-toolbox/src/go2_navigation2 -DCMAKE_INSTALL_PREFIX=/home/q/unitree_ws/unitree-go2-slam-toolbox/install/go2_navigation2
[0.771s] Invoking command in '/home/q/unitree_ws/unitree-go2-slam-toolbox/build/go2_navigation2': CMAKE_PREFIX_PATH=${CMAKE_PREFIX_PATH}:/home/q/ws_moveit2/install/moveit_configs_utils:/home/q/ws_moveit2/install/launch_param_builder:/opt/ros/humble /usr/bin/cmake --build /home/q/unitree_ws/unitree-go2-slam-toolbox/build/go2_navigation2 -- -j20 -l20
[0.835s] [ 50%] [32mBuilding CXX object CMakeFiles/navToPose.dir/src/navToPose.cpp.o[0m
[6.695s] [100%] [32m[1mLinking CXX executable navToPose[0m
[6.995s] [100%] Built target navToPose
[7.006s] Invoked command in '/home/q/unitree_ws/unitree-go2-slam-toolbox/build/go2_navigation2' returned '0': CMAKE_PREFIX_PATH=${CMAKE_PREFIX_PATH}:/home/q/ws_moveit2/install/moveit_configs_utils:/home/q/ws_moveit2/install/launch_param_builder:/opt/ros/humble /usr/bin/cmake --build /home/q/unitree_ws/unitree-go2-slam-toolbox/build/go2_navigation2 -- -j20 -l20
[7.007s] Invoking command in '/home/q/unitree_ws/unitree-go2-slam-toolbox/build/go2_navigation2': CMAKE_PREFIX_PATH=${CMAKE_PREFIX_PATH}:/home/q/ws_moveit2/install/moveit_configs_utils:/home/q/ws_moveit2/install/launch_param_builder:/opt/ros/humble /usr/bin/cmake --install /home/q/unitree_ws/unitree-go2-slam-toolbox/build/go2_navigation2
[7.016s] -- Install configuration: ""
[7.016s] -- Installing: /home/q/unitree_ws/unitree-go2-slam-toolbox/install/go2_navigation2/lib/go2_navigation2/navToPose
[7.019s] -- Set runtime path of "/home/q/unitree_ws/unitree-go2-slam-toolbox/install/go2_navigation2/lib/go2_navigation2/navToPose" to ""
[7.019s] -- Installing: /home/q/unitree_ws/unitree-go2-slam-toolbox/install/go2_navigation2/share/go2_navigation2/launch
[7.020s] -- Installing: /home/q/unitree_ws/unitree-go2-slam-toolbox/install/go2_navigation2/share/go2_navigation2/launch/go2_nav2.launch.py
[7.020s] -- Installing: /home/q/unitree_ws/unitree-go2-slam-toolbox/install/go2_navigation2/share/go2_navigation2/config
[7.020s] -- Installing: /home/q/unitree_ws/unitree-go2-slam-toolbox/install/go2_navigation2/share/go2_navigation2/config/nav2_params.yaml
[7.020s] -- Installing: /home/q/unitree_ws/unitree-go2-slam-toolbox/install/go2_navigation2/share/ament_index/resource_index/package_run_dependencies/go2_navigation2
[7.020s] -- Installing: /home/q/unitree_ws/unitree-go2-slam-toolbox/install/go2_navigation2/share/ament_index/resource_index/parent_prefix_path/go2_navigation2
[7.020s] -- Installing: /home/q/unitree_ws/unitree-go2-slam-toolbox/install/go2_navigation2/share/go2_navigation2/environment/ament_prefix_path.sh
[7.020s] -- Installing: /home/q/unitree_ws/unitree-go2-slam-toolbox/install/go2_navigation2/share/go2_navigation2/environment/ament_prefix_path.dsv
[7.021s] -- Installing: /home/q/unitree_ws/unitree-go2-slam-toolbox/install/go2_navigation2/share/go2_navigation2/environment/path.sh
[7.021s] -- Installing: /home/q/unitree_ws/unitree-go2-slam-toolbox/install/go2_navigation2/share/go2_navigation2/environment/path.dsv
[7.021s] -- Installing: /home/q/unitree_ws/unitree-go2-slam-toolbox/install/go2_navigation2/share/go2_navigation2/local_setup.bash
[7.021s] -- Installing: /home/q/unitree_ws/unitree-go2-slam-toolbox/install/go2_navigation2/share/go2_navigation2/local_setup.sh
[7.021s] -- Installing: /home/q/unitree_ws/unitree-go2-slam-toolbox/install/go2_navigation2/share/go2_navigation2/local_setup.zsh
[7.021s] -- Installing: /home/q/unitree_ws/unitree-go2-slam-toolbox/install/go2_navigation2/share/go2_navigation2/local_setup.dsv
[7.022s] -- Installing: /home/q/unitree_ws/unitree-go2-slam-toolbox/install/go2_navigation2/share/go2_navigation2/package.dsv
[7.022s] -- Installing: /home/q/unitree_ws/unitree-go2-slam-toolbox/install/go2_navigation2/share/ament_index/resource_index/packages/go2_navigation2
[7.022s] -- Installing: /home/q/unitree_ws/unitree-go2-slam-toolbox/install/go2_navigation2/share/go2_navigation2/cmake/go2_navigation2Config.cmake
[7.022s] -- Installing: /home/q/unitree_ws/unitree-go2-slam-toolbox/install/go2_navigation2/share/go2_navigation2/cmake/go2_navigation2Config-version.cmake
[7.022s] -- Installing: /home/q/unitree_ws/unitree-go2-slam-toolbox/install/go2_navigation2/share/go2_navigation2/package.xml
[7.024s] Invoked command in '/home/q/unitree_ws/unitree-go2-slam-toolbox/build/go2_navigation2' returned '0': CMAKE_PREFIX_PATH=${CMAKE_PREFIX_PATH}:/home/q/ws_moveit2/install/moveit_configs_utils:/home/q/ws_moveit2/install/launch_param_builder:/opt/ros/humble /usr/bin/cmake --install /home/q/unitree_ws/unitree-go2-slam-toolbox/build/go2_navigation2
