[0.047s] Invoking command in '/home/q/unitree_ws/unitree-go2-slam-toolbox/build/go2_driver': CMAKE_PREFIX_PATH=${CMAKE_PREFIX_PATH}:/home/q/ws_moveit2/install/moveit_configs_utils:/home/q/ws_moveit2/install/launch_param_builder:/opt/ros/humble /usr/bin/cmake /home/q/unitree_ws/unitree-go2-slam-toolbox/src/base/go2_driver -DCMAKE_INSTALL_PREFIX=/home/q/unitree_ws/unitree-go2-slam-toolbox/install/go2_driver
[0.090s] -- The C compiler identification is GNU 11.4.0
[0.138s] -- The CXX compiler identification is GNU 11.4.0
[0.144s] -- Detecting C compiler ABI info
[0.211s] -- Detecting C compiler ABI info - done
[0.215s] -- Check for working C compiler: /usr/bin/cc - skipped
[0.215s] -- Detecting C compile features
[0.215s] -- Detecting C compile features - done
[0.217s] -- Detecting CXX compiler ABI info
[0.286s] -- Detecting CXX compiler ABI info - done
[0.290s] -- Check for working CXX compiler: /usr/bin/c++ - skipped
[0.290s] -- Detecting CXX compile features
[0.290s] -- Detecting CXX compile features - done
[0.295s] -- Found ament_cmake: 1.3.12 (/opt/ros/humble/share/ament_cmake/cmake)
[0.433s] -- Found Python3: /usr/bin/python3 (found version "3.10.12") found components: Interpreter 
[0.608s] -- Found rclcpp: 16.0.16 (/opt/ros/humble/share/rclcpp/cmake)
[0.673s] -- Found rosidl_generator_c: 3.1.7 (/opt/ros/humble/share/rosidl_generator_c/cmake)
[0.683s] -- Found rosidl_adapter: 3.1.7 (/opt/ros/humble/share/rosidl_adapter/cmake)
[0.695s] -- Found rosidl_generator_cpp: 3.1.7 (/opt/ros/humble/share/rosidl_generator_cpp/cmake)
[0.713s] -- Using all available rosidl_typesupport_c: rosidl_typesupport_fastrtps_c;rosidl_typesupport_introspection_c
[0.735s] -- Using all available rosidl_typesupport_cpp: rosidl_typesupport_fastrtps_cpp;rosidl_typesupport_introspection_cpp
[0.800s] -- Found rmw_implementation_cmake: 6.1.2 (/opt/ros/humble/share/rmw_implementation_cmake/cmake)
[0.806s] -- Found rmw_fastrtps_cpp: 6.2.9 (/opt/ros/humble/share/rmw_fastrtps_cpp/cmake)
[0.905s] -- Found OpenSSL: /usr/lib/x86_64-linux-gnu/libcrypto.so (found version "3.0.2")  
[0.933s] -- Found FastRTPS: /opt/ros/humble/include  
[0.969s] -- Using RMW implementation 'rmw_fastrtps_cpp' as default
[0.985s] -- Looking for pthread.h
[1.044s] -- Looking for pthread.h - found
[1.044s] -- Performing Test CMAKE_HAVE_LIBC_PTHREAD
[1.112s] -- Performing Test CMAKE_HAVE_LIBC_PTHREAD - Success
[1.113s] -- Found Threads: TRUE  
[1.164s] -- Found unitree_go: 0.0.0 (/home/q/unitree_ws/unitree_ros2/install/unitree_go/share/unitree_go/cmake)
[1.187s] -- Found nav_msgs: 4.9.0 (/opt/ros/humble/share/nav_msgs/cmake)
[1.201s] -- Found tf2: 0.25.17 (/opt/ros/humble/share/tf2/cmake)
[1.217s] -- Found tf2_ros: 0.25.17 (/opt/ros/humble/share/tf2_ros/cmake)
[1.303s] -- Found sensor_msgs: 4.9.0 (/opt/ros/humble/share/sensor_msgs/cmake)
[1.337s] -- Found ament_lint_auto: 0.12.14 (/opt/ros/humble/share/ament_lint_auto/cmake)
[1.436s] -- Added test 'cppcheck' to perform static code analysis on C / C++ code
[1.436s] -- Configured cppcheck include dirs: $<BUILD_INTERFACE:/home/q/unitree_ws/unitree-go2-slam-toolbox/src/base/go2_driver/include>
[1.436s] -- Configured cppcheck exclude dirs and/or files: 
[1.436s] -- Added test 'flake8' to check Python code syntax and style conventions
[1.437s] -- Added test 'lint_cmake' to check CMake code style
[1.438s] -- Added test 'pep257' to check Python code against some of the docstring style conventions in PEP 257
[1.440s] -- Added test 'uncrustify' to check C / C++ code style
[1.440s] -- Configured uncrustify additional arguments: 
[1.441s] -- Added test 'xmllint' to check XML markup files
[1.442s] -- Configuring done
[1.454s] -- Generating done
[1.459s] -- Build files have been written to: /home/q/unitree_ws/unitree-go2-slam-toolbox/build/go2_driver
