-- Found ament_cmake: 1.3.12 (/opt/ros/humble/share/ament_cmake/cmake)
-- Found unitree_go: 0.0.0 (/home/q/unitree_ws/unitree_ros2/install/unitree_go/share/unitree_go/cmake)
-- Found rosidl_generator_c: 3.1.7 (/opt/ros/humble/share/rosidl_generator_c/cmake)
-- Found rosidl_adapter: 3.1.7 (/opt/ros/humble/share/rosidl_adapter/cmake)
-- Found rosidl_generator_cpp: 3.1.7 (/opt/ros/humble/share/rosidl_generator_cpp/cmake)
-- Using all available rosidl_typesupport_c: rosidl_typesupport_fastrtps_c;rosidl_typesupport_introspection_c
-- Using all available rosidl_typesupport_cpp: rosidl_typesupport_fastrtps_cpp;rosidl_typesupport_introspection_cpp
-- Found unitree_hg: 0.0.0 (/home/q/unitree_ws/unitree_ros2/install/unitree_hg/share/unitree_hg/cmake)
-- Found unitree_api: 0.0.0 (/home/q/unitree_ws/unitree_ros2/install/unitree_api/share/unitree_api/cmake)
-- Found rclcpp: 16.0.16 (/opt/ros/humble/share/rclcpp/cmake)
-- Found rmw_implementation_cmake: 6.1.2 (/opt/ros/humble/share/rmw_implementation_cmake/cmake)
-- Found rmw_fastrtps_cpp: 6.2.9 (/opt/ros/humble/share/rmw_fastrtps_cpp/cmake)
-- Using RMW implementation 'rmw_fastrtps_cpp' as default
-- Found rosbag2_cpp: 0.15.15 (/opt/ros/humble/share/rosbag2_cpp/cmake)
-- Found unitree_go2_nav_interfaces: 0.0.0 (/home/q/unitree_ws/unitree-go2-slam-toolbox/install/unitree_go2_nav_interfaces/share/unitree_go2_nav_interfaces/cmake)
-- Found ament_lint_auto: 0.12.14 (/opt/ros/humble/share/ament_lint_auto/cmake)
-- Added test 'cppcheck' to perform static code analysis on C / C++ code
-- Configured cppcheck include dirs: /home/q/unitree_ws/unitree-go2-slam-toolbox/src/high_level_control/include;/home/q/unitree_ws/unitree-go2-slam-toolbox/src/high_level_control/include/common
-- Configured cppcheck exclude dirs and/or files: 
-- Added test 'lint_cmake' to check CMake code style
-- Added test 'uncrustify' to check C / C++ code style
-- Configured uncrustify additional arguments: 
-- Added test 'xmllint' to check XML markup files
-- Configuring done
-- Generating done
-- Build files have been written to: /home/q/unitree_ws/unitree-go2-slam-toolbox/build/high_level_control
[35m[1mConsolidate compiler generated dependencies of target high_level_ctrl[0m
[100%] Built target high_level_ctrl
-- Install configuration: ""
-- Up-to-date: /home/q/unitree_ws/unitree-go2-slam-toolbox/install/high_level_control/bin/high_level_ctrl
-- Up-to-date: /home/q/unitree_ws/unitree-go2-slam-toolbox/install/high_level_control/share/ament_index/resource_index/package_run_dependencies/high_level_control
-- Up-to-date: /home/q/unitree_ws/unitree-go2-slam-toolbox/install/high_level_control/share/ament_index/resource_index/parent_prefix_path/high_level_control
-- Up-to-date: /home/q/unitree_ws/unitree-go2-slam-toolbox/install/high_level_control/share/high_level_control/environment/ament_prefix_path.sh
-- Installing: /home/q/unitree_ws/unitree-go2-slam-toolbox/install/high_level_control/share/high_level_control/environment/ament_prefix_path.dsv
-- Up-to-date: /home/q/unitree_ws/unitree-go2-slam-toolbox/install/high_level_control/share/high_level_control/environment/path.sh
-- Installing: /home/q/unitree_ws/unitree-go2-slam-toolbox/install/high_level_control/share/high_level_control/environment/path.dsv
-- Up-to-date: /home/q/unitree_ws/unitree-go2-slam-toolbox/install/high_level_control/share/high_level_control/local_setup.bash
-- Up-to-date: /home/q/unitree_ws/unitree-go2-slam-toolbox/install/high_level_control/share/high_level_control/local_setup.sh
-- Up-to-date: /home/q/unitree_ws/unitree-go2-slam-toolbox/install/high_level_control/share/high_level_control/local_setup.zsh
-- Installing: /home/q/unitree_ws/unitree-go2-slam-toolbox/install/high_level_control/share/high_level_control/local_setup.dsv
-- Installing: /home/q/unitree_ws/unitree-go2-slam-toolbox/install/high_level_control/share/high_level_control/package.dsv
-- Up-to-date: /home/q/unitree_ws/unitree-go2-slam-toolbox/install/high_level_control/share/ament_index/resource_index/packages/high_level_control
-- Up-to-date: /home/q/unitree_ws/unitree-go2-slam-toolbox/install/high_level_control/share/high_level_control/cmake/high_level_controlConfig.cmake
-- Up-to-date: /home/q/unitree_ws/unitree-go2-slam-toolbox/install/high_level_control/share/high_level_control/cmake/high_level_controlConfig-version.cmake
-- Up-to-date: /home/q/unitree_ws/unitree-go2-slam-toolbox/install/high_level_control/share/high_level_control/package.xml
