[0.040s] Invoking command in '/home/q/unitree_ws/unitree-go2-slam-toolbox/build/go2_navigation2': CMAKE_PREFIX_PATH=${CMAKE_PREFIX_PATH}:/home/q/ws_moveit2/install/moveit_configs_utils:/home/q/ws_moveit2/install/launch_param_builder:/opt/ros/humble /usr/bin/cmake /home/q/unitree_ws/unitree-go2-slam-toolbox/src/go2_navigation2 -DCMAKE_INSTALL_PREFIX=/home/q/unitree_ws/unitree-go2-slam-toolbox/install/go2_navigation2
[0.095s] -- The C compiler identification is GNU 11.4.0
[0.146s] -- The CXX compiler identification is GNU 11.4.0
[0.153s] -- Detecting C compiler ABI info
[0.221s] -- Detecting C compiler ABI info - done
[0.228s] -- Check for working C compiler: /usr/bin/cc - skipped
[0.228s] -- Detecting C compile features
[0.229s] -- Detecting C compile features - done
[0.232s] -- Detecting CXX compiler ABI info
[0.294s] -- Detecting CXX compiler ABI info - done
[0.300s] -- Check for working CXX compiler: /usr/bin/c++ - skipped
[0.301s] -- Detecting CXX compile features
[0.302s] -- Detecting CXX compile features - done
[0.308s] -- Found ament_cmake: 1.3.12 (/opt/ros/humble/share/ament_cmake/cmake)
[0.444s] -- Found Python3: /usr/bin/python3 (found version "3.10.12") found components: Interpreter 
[0.571s] -- Found rclcpp: 16.0.16 (/opt/ros/humble/share/rclcpp/cmake)
[0.674s] -- Found rosidl_generator_c: 3.1.7 (/opt/ros/humble/share/rosidl_generator_c/cmake)
[0.692s] -- Found rosidl_adapter: 3.1.7 (/opt/ros/humble/share/rosidl_adapter/cmake)
[0.714s] -- Found rosidl_generator_cpp: 3.1.7 (/opt/ros/humble/share/rosidl_generator_cpp/cmake)
[0.741s] -- Using all available rosidl_typesupport_c: rosidl_typesupport_fastrtps_c;rosidl_typesupport_introspection_c
[0.781s] -- Using all available rosidl_typesupport_cpp: rosidl_typesupport_fastrtps_cpp;rosidl_typesupport_introspection_cpp
[0.869s] -- Found rmw_implementation_cmake: 6.1.2 (/opt/ros/humble/share/rmw_implementation_cmake/cmake)
[0.875s] -- Found rmw_fastrtps_cpp: 6.2.9 (/opt/ros/humble/share/rmw_fastrtps_cpp/cmake)
[0.977s] -- Found OpenSSL: /usr/lib/x86_64-linux-gnu/libcrypto.so (found version "3.0.2")  
[1.015s] -- Found FastRTPS: /opt/ros/humble/include  
[1.054s] -- Using RMW implementation 'rmw_fastrtps_cpp' as default
[1.069s] -- Looking for pthread.h
[1.129s] -- Looking for pthread.h - found
[1.130s] -- Performing Test CMAKE_HAVE_LIBC_PTHREAD
[1.195s] -- Performing Test CMAKE_HAVE_LIBC_PTHREAD - Success
[1.196s] -- Found Threads: TRUE  
[1.245s] -- Found rclcpp_action: 16.0.16 (/opt/ros/humble/share/rclcpp_action/cmake)
[1.278s] -- Found std_srvs: 4.9.0 (/opt/ros/humble/share/std_srvs/cmake)
[1.288s] -- Found geometry_msgs: 4.9.0 (/opt/ros/humble/share/geometry_msgs/cmake)
[1.302s] -- Found tf2: 0.25.17 (/opt/ros/humble/share/tf2/cmake)
[1.316s] -- Found tf2_geometry_msgs: 0.25.17 (/opt/ros/humble/share/tf2_geometry_msgs/cmake)
[1.338s] -- Found eigen3_cmake_module: 0.1.1 (/opt/ros/humble/share/eigen3_cmake_module/cmake)
[1.339s] -- Found Eigen3: TRUE (found version "3.4.0") 
[1.339s] -- Ensuring Eigen3 include directory is part of orocos-kdl CMake target
[1.396s] -- Found nav2_msgs: 1.1.20 (/opt/ros/humble/share/nav2_msgs/cmake)
[1.432s] -- Found sensor_msgs: 4.9.0 (/opt/ros/humble/share/sensor_msgs/cmake)
[1.451s] [31mCMake Error at CMakeLists.txt:19 (find_package):
[1.451s]   By not providing "Findunitree_go2_nav_interfaces.cmake" in
[1.451s]   CMAKE_MODULE_PATH this project has asked CMake to find a package
[1.451s]   configuration file provided by "unitree_go2_nav_interfaces", but CMake did
[1.451s]   not find one.
[1.451s] 
[1.451s]   Could not find a package configuration file provided by
[1.451s]   "unitree_go2_nav_interfaces" with any of the following names:
[1.451s] 
[1.451s]     unitree_go2_nav_interfacesConfig.cmake
[1.452s]     unitree_go2_nav_interfaces-config.cmake
[1.452s] 
[1.452s]   Add the installation prefix of "unitree_go2_nav_interfaces" to
[1.452s]   CMAKE_PREFIX_PATH or set "unitree_go2_nav_interfaces_DIR" to a directory
[1.452s]   containing one of the above files.  If "unitree_go2_nav_interfaces"
[1.452s]   provides a separate development package or SDK, be sure it has been
[1.452s]   installed.
[1.452s] 
[1.452s] [0m
[1.452s] -- Configuring incomplete, errors occurred!
[1.452s] See also "/home/q/unitree_ws/unitree-go2-slam-toolbox/build/go2_navigation2/CMakeFiles/CMakeOutput.log".
