[35m[1mConsolidate compiler generated dependencies of target lowstate_to_imu[0m
[35m[1mConsolidate compiler generated dependencies of target driver[0m
[35m[1mConsolidate compiler generated dependencies of target footprint_to_link[0m
[ 33%] Built target driver
[ 66%] Built target lowstate_to_imu
[100%] Built target footprint_to_link
-- Install configuration: ""
-- Installing: /home/q/unitree_ws/unitree-go2-slam-toolbox/install/go2_driver/lib/go2_driver/driver
-- Set runtime path of "/home/q/unitree_ws/unitree-go2-slam-toolbox/install/go2_driver/lib/go2_driver/driver" to ""
-- Installing: /home/q/unitree_ws/unitree-go2-slam-toolbox/install/go2_driver/lib/go2_driver/footprint_to_link
-- Set runtime path of "/home/q/unitree_ws/unitree-go2-slam-toolbox/install/go2_driver/lib/go2_driver/footprint_to_link" to ""
-- Installing: /home/q/unitree_ws/unitree-go2-slam-toolbox/install/go2_driver/lib/go2_driver/lowstate_to_imu
-- Set runtime path of "/home/q/unitree_ws/unitree-go2-slam-toolbox/install/go2_driver/lib/go2_driver/lowstate_to_imu" to ""
-- Installing: /home/q/unitree_ws/unitree-go2-slam-toolbox/install/go2_driver/share/go2_driver/launch
-- Installing: /home/q/unitree_ws/unitree-go2-slam-toolbox/install/go2_driver/share/go2_driver/launch/driver.launch.py
-- Installing: /home/q/unitree_ws/unitree-go2-slam-toolbox/install/go2_driver/share/go2_driver/params
-- Installing: /home/q/unitree_ws/unitree-go2-slam-toolbox/install/go2_driver/share/go2_driver/params/driver.yaml
-- Installing: /home/q/unitree_ws/unitree-go2-slam-toolbox/install/go2_driver/share/go2_driver/rviz
-- Installing: /home/q/unitree_ws/unitree-go2-slam-toolbox/install/go2_driver/share/go2_driver/rviz/display.rviz
-- Installing: /home/q/unitree_ws/unitree-go2-slam-toolbox/install/go2_driver/share/ament_index/resource_index/package_run_dependencies/go2_driver
-- Installing: /home/q/unitree_ws/unitree-go2-slam-toolbox/install/go2_driver/share/ament_index/resource_index/parent_prefix_path/go2_driver
-- Installing: /home/q/unitree_ws/unitree-go2-slam-toolbox/install/go2_driver/share/go2_driver/environment/ament_prefix_path.sh
-- Installing: /home/q/unitree_ws/unitree-go2-slam-toolbox/install/go2_driver/share/go2_driver/environment/ament_prefix_path.dsv
-- Installing: /home/q/unitree_ws/unitree-go2-slam-toolbox/install/go2_driver/share/go2_driver/environment/path.sh
-- Installing: /home/q/unitree_ws/unitree-go2-slam-toolbox/install/go2_driver/share/go2_driver/environment/path.dsv
-- Installing: /home/q/unitree_ws/unitree-go2-slam-toolbox/install/go2_driver/share/go2_driver/local_setup.bash
-- Installing: /home/q/unitree_ws/unitree-go2-slam-toolbox/install/go2_driver/share/go2_driver/local_setup.sh
-- Installing: /home/q/unitree_ws/unitree-go2-slam-toolbox/install/go2_driver/share/go2_driver/local_setup.zsh
-- Installing: /home/q/unitree_ws/unitree-go2-slam-toolbox/install/go2_driver/share/go2_driver/local_setup.dsv
-- Installing: /home/q/unitree_ws/unitree-go2-slam-toolbox/install/go2_driver/share/go2_driver/package.dsv
-- Installing: /home/q/unitree_ws/unitree-go2-slam-toolbox/install/go2_driver/share/ament_index/resource_index/packages/go2_driver
-- Installing: /home/q/unitree_ws/unitree-go2-slam-toolbox/install/go2_driver/share/go2_driver/cmake/go2_driverConfig.cmake
-- Installing: /home/q/unitree_ws/unitree-go2-slam-toolbox/install/go2_driver/share/go2_driver/cmake/go2_driverConfig-version.cmake
-- Installing: /home/q/unitree_ws/unitree-go2-slam-toolbox/install/go2_driver/share/go2_driver/package.xml
