[0.046s] Invoking command in '/home/q/unitree_ws/unitree-go2-slam-toolbox/build/go2_driver': CMAKE_PREFIX_PATH=${CMAKE_PREFIX_PATH}:/home/q/ws_moveit2/install/moveit_configs_utils:/home/q/ws_moveit2/install/launch_param_builder:/opt/ros/humble /usr/bin/cmake --build /home/q/unitree_ws/unitree-go2-slam-toolbox/build/go2_driver -- -j20 -l20
[0.086s] [35m[1mConsolidate compiler generated dependencies of target lowstate_to_imu[0m
[0.086s] [35m[1mConsolidate compiler generated dependencies of target driver[0m
[0.086s] [35m[1mConsolidate compiler generated dependencies of target footprint_to_link[0m
[0.103s] [ 33%] Built target driver
[0.103s] [ 66%] Built target lowstate_to_imu
[0.109s] [100%] Built target footprint_to_link
[0.161s] Invoked command in '/home/q/unitree_ws/unitree-go2-slam-toolbox/build/go2_driver' returned '0': CMAKE_PREFIX_PATH=${CMAKE_PREFIX_PATH}:/home/q/ws_moveit2/install/moveit_configs_utils:/home/q/ws_moveit2/install/launch_param_builder:/opt/ros/humble /usr/bin/cmake --build /home/q/unitree_ws/unitree-go2-slam-toolbox/build/go2_driver -- -j20 -l20
[0.162s] Invoking command in '/home/q/unitree_ws/unitree-go2-slam-toolbox/build/go2_driver': CMAKE_PREFIX_PATH=${CMAKE_PREFIX_PATH}:/home/q/ws_moveit2/install/moveit_configs_utils:/home/q/ws_moveit2/install/launch_param_builder:/opt/ros/humble /usr/bin/cmake --install /home/q/unitree_ws/unitree-go2-slam-toolbox/build/go2_driver
[0.183s] -- Install configuration: ""
[0.183s] -- Installing: /home/q/unitree_ws/unitree-go2-slam-toolbox/install/go2_driver/lib/go2_driver/driver
[0.183s] -- Set runtime path of "/home/q/unitree_ws/unitree-go2-slam-toolbox/install/go2_driver/lib/go2_driver/driver" to ""
[0.183s] -- Installing: /home/q/unitree_ws/unitree-go2-slam-toolbox/install/go2_driver/lib/go2_driver/footprint_to_link
[0.183s] -- Set runtime path of "/home/q/unitree_ws/unitree-go2-slam-toolbox/install/go2_driver/lib/go2_driver/footprint_to_link" to ""
[0.183s] -- Installing: /home/q/unitree_ws/unitree-go2-slam-toolbox/install/go2_driver/lib/go2_driver/lowstate_to_imu
[0.183s] -- Set runtime path of "/home/q/unitree_ws/unitree-go2-slam-toolbox/install/go2_driver/lib/go2_driver/lowstate_to_imu" to ""
[0.183s] -- Installing: /home/q/unitree_ws/unitree-go2-slam-toolbox/install/go2_driver/share/go2_driver/launch
[0.183s] -- Installing: /home/q/unitree_ws/unitree-go2-slam-toolbox/install/go2_driver/share/go2_driver/launch/driver.launch.py
[0.183s] -- Installing: /home/q/unitree_ws/unitree-go2-slam-toolbox/install/go2_driver/share/go2_driver/params
[0.183s] -- Installing: /home/q/unitree_ws/unitree-go2-slam-toolbox/install/go2_driver/share/go2_driver/params/driver.yaml
[0.183s] -- Installing: /home/q/unitree_ws/unitree-go2-slam-toolbox/install/go2_driver/share/go2_driver/rviz
[0.183s] -- Installing: /home/q/unitree_ws/unitree-go2-slam-toolbox/install/go2_driver/share/go2_driver/rviz/display.rviz
[0.183s] -- Installing: /home/q/unitree_ws/unitree-go2-slam-toolbox/install/go2_driver/share/ament_index/resource_index/package_run_dependencies/go2_driver
[0.183s] -- Installing: /home/q/unitree_ws/unitree-go2-slam-toolbox/install/go2_driver/share/ament_index/resource_index/parent_prefix_path/go2_driver
[0.183s] -- Installing: /home/q/unitree_ws/unitree-go2-slam-toolbox/install/go2_driver/share/go2_driver/environment/ament_prefix_path.sh
[0.183s] -- Installing: /home/q/unitree_ws/unitree-go2-slam-toolbox/install/go2_driver/share/go2_driver/environment/ament_prefix_path.dsv
[0.183s] -- Installing: /home/q/unitree_ws/unitree-go2-slam-toolbox/install/go2_driver/share/go2_driver/environment/path.sh
[0.183s] -- Installing: /home/q/unitree_ws/unitree-go2-slam-toolbox/install/go2_driver/share/go2_driver/environment/path.dsv
[0.183s] -- Installing: /home/q/unitree_ws/unitree-go2-slam-toolbox/install/go2_driver/share/go2_driver/local_setup.bash
[0.184s] -- Installing: /home/q/unitree_ws/unitree-go2-slam-toolbox/install/go2_driver/share/go2_driver/local_setup.sh
[0.184s] -- Installing: /home/q/unitree_ws/unitree-go2-slam-toolbox/install/go2_driver/share/go2_driver/local_setup.zsh
[0.184s] -- Installing: /home/q/unitree_ws/unitree-go2-slam-toolbox/install/go2_driver/share/go2_driver/local_setup.dsv
[0.184s] -- Installing: /home/q/unitree_ws/unitree-go2-slam-toolbox/install/go2_driver/share/go2_driver/package.dsv
[0.184s] -- Installing: /home/q/unitree_ws/unitree-go2-slam-toolbox/install/go2_driver/share/ament_index/resource_index/packages/go2_driver
[0.184s] -- Installing: /home/q/unitree_ws/unitree-go2-slam-toolbox/install/go2_driver/share/go2_driver/cmake/go2_driverConfig.cmake
[0.184s] -- Installing: /home/q/unitree_ws/unitree-go2-slam-toolbox/install/go2_driver/share/go2_driver/cmake/go2_driverConfig-version.cmake
[0.184s] -- Installing: /home/q/unitree_ws/unitree-go2-slam-toolbox/install/go2_driver/share/go2_driver/package.xml
[0.198s] Invoked command in '/home/q/unitree_ws/unitree-go2-slam-toolbox/build/go2_driver' returned '0': CMAKE_PREFIX_PATH=${CMAKE_PREFIX_PATH}:/home/q/ws_moveit2/install/moveit_configs_utils:/home/q/ws_moveit2/install/launch_param_builder:/opt/ros/humble /usr/bin/cmake --install /home/q/unitree_ws/unitree-go2-slam-toolbox/build/go2_driver
