[0.040s] Invoking command in '/home/q/unitree_ws/unitree-go2-slam-toolbox/build/go2_navigation2': CMAKE_PREFIX_PATH=${CMAKE_PREFIX_PATH}:/home/q/ws_moveit2/install/moveit_configs_utils:/home/q/ws_moveit2/install/launch_param_builder:/opt/ros/humble /usr/bin/cmake --build /home/q/unitree_ws/unitree-go2-slam-toolbox/build/go2_navigation2 -- -j20 -l20
[0.109s] [100%] Built target navToPose
[0.144s] Invoked command in '/home/q/unitree_ws/unitree-go2-slam-toolbox/build/go2_navigation2' returned '0': CMAKE_PREFIX_PATH=${CMAKE_PREFIX_PATH}:/home/q/ws_moveit2/install/moveit_configs_utils:/home/q/ws_moveit2/install/launch_param_builder:/opt/ros/humble /usr/bin/cmake --build /home/q/unitree_ws/unitree-go2-slam-toolbox/build/go2_navigation2 -- -j20 -l20
[0.146s] Invoking command in '/home/q/unitree_ws/unitree-go2-slam-toolbox/build/go2_navigation2': CMAKE_PREFIX_PATH=${CMAKE_PREFIX_PATH}:/home/q/ws_moveit2/install/moveit_configs_utils:/home/q/ws_moveit2/install/launch_param_builder:/opt/ros/humble /usr/bin/cmake --install /home/q/unitree_ws/unitree-go2-slam-toolbox/build/go2_navigation2
[0.157s] -- Install configuration: ""
[0.157s] -- Up-to-date: /home/q/unitree_ws/unitree-go2-slam-toolbox/install/go2_navigation2/lib/go2_navigation2/navToPose
[0.157s] -- Up-to-date: /home/q/unitree_ws/unitree-go2-slam-toolbox/install/go2_navigation2/share/go2_navigation2/launch
[0.157s] -- Installing: /home/q/unitree_ws/unitree-go2-slam-toolbox/install/go2_navigation2/share/go2_navigation2/launch/go2_nav2.launch.py
[0.157s] -- Up-to-date: /home/q/unitree_ws/unitree-go2-slam-toolbox/install/go2_navigation2/share/go2_navigation2/config
[0.157s] -- Up-to-date: /home/q/unitree_ws/unitree-go2-slam-toolbox/install/go2_navigation2/share/go2_navigation2/config/nav2_params.yaml
[0.157s] -- Up-to-date: /home/q/unitree_ws/unitree-go2-slam-toolbox/install/go2_navigation2/share/ament_index/resource_index/package_run_dependencies/go2_navigation2
[0.157s] -- Up-to-date: /home/q/unitree_ws/unitree-go2-slam-toolbox/install/go2_navigation2/share/ament_index/resource_index/parent_prefix_path/go2_navigation2
[0.157s] -- Up-to-date: /home/q/unitree_ws/unitree-go2-slam-toolbox/install/go2_navigation2/share/go2_navigation2/environment/ament_prefix_path.sh
[0.157s] -- Up-to-date: /home/q/unitree_ws/unitree-go2-slam-toolbox/install/go2_navigation2/share/go2_navigation2/environment/ament_prefix_path.dsv
[0.157s] -- Up-to-date: /home/q/unitree_ws/unitree-go2-slam-toolbox/install/go2_navigation2/share/go2_navigation2/environment/path.sh
[0.157s] -- Up-to-date: /home/q/unitree_ws/unitree-go2-slam-toolbox/install/go2_navigation2/share/go2_navigation2/environment/path.dsv
[0.157s] -- Up-to-date: /home/q/unitree_ws/unitree-go2-slam-toolbox/install/go2_navigation2/share/go2_navigation2/local_setup.bash
[0.158s] -- Up-to-date: /home/q/unitree_ws/unitree-go2-slam-toolbox/install/go2_navigation2/share/go2_navigation2/local_setup.sh
[0.158s] -- Up-to-date: /home/q/unitree_ws/unitree-go2-slam-toolbox/install/go2_navigation2/share/go2_navigation2/local_setup.zsh
[0.158s] -- Up-to-date: /home/q/unitree_ws/unitree-go2-slam-toolbox/install/go2_navigation2/share/go2_navigation2/local_setup.dsv
[0.158s] -- Installing: /home/q/unitree_ws/unitree-go2-slam-toolbox/install/go2_navigation2/share/go2_navigation2/package.dsv
[0.158s] -- Up-to-date: /home/q/unitree_ws/unitree-go2-slam-toolbox/install/go2_navigation2/share/ament_index/resource_index/packages/go2_navigation2
[0.158s] -- Up-to-date: /home/q/unitree_ws/unitree-go2-slam-toolbox/install/go2_navigation2/share/go2_navigation2/cmake/go2_navigation2Config.cmake
[0.158s] -- Up-to-date: /home/q/unitree_ws/unitree-go2-slam-toolbox/install/go2_navigation2/share/go2_navigation2/cmake/go2_navigation2Config-version.cmake
[0.158s] -- Up-to-date: /home/q/unitree_ws/unitree-go2-slam-toolbox/install/go2_navigation2/share/go2_navigation2/package.xml
[0.178s] Invoked command in '/home/q/unitree_ws/unitree-go2-slam-toolbox/build/go2_navigation2' returned '0': CMAKE_PREFIX_PATH=${CMAKE_PREFIX_PATH}:/home/q/ws_moveit2/install/moveit_configs_utils:/home/q/ws_moveit2/install/launch_param_builder:/opt/ros/humble /usr/bin/cmake --install /home/q/unitree_ws/unitree-go2-slam-toolbox/build/go2_navigation2
